[0.009s] Invoking command in '/home/alves/ros2_ws/build/count_interfaces': CMAKE_PREFIX_PATH=${CMAKE_PREFIX_PATH}:/opt/ros/humble /usr/bin/cmake --build /home/alves/ros2_ws/build/count_interfaces -- -j16 -l16
[0.064s] [  9%] Built target count_interfaces__rosidl_generator_c
[0.067s] [ 12%] Built target count_interfaces__cpp
[0.070s] [ 12%] Built target ament_cmake_python_copy_count_interfaces
[0.106s] [ 22%] Built target count_interfaces__rosidl_typesupport_introspection_c
[0.110s] [ 32%] Built target count_interfaces__rosidl_typesupport_c
[0.111s] [ 41%] Built target count_interfaces__rosidl_typesupport_cpp
[0.113s] [ 61%] Built target count_interfaces__rosidl_typesupport_introspection_cpp
[0.113s] [ 61%] Built target count_interfaces__rosidl_typesupport_fastrtps_c
[0.115s] [ 70%] Built target count_interfaces__rosidl_typesupport_fastrtps_cpp
[0.142s] [ 70%] Built target count_interfaces
[0.160s] [ 74%] Built target count_interfaces__py
[0.175s] [ 80%] Built target count_interfaces__rosidl_generator_py
[0.191s] [ 93%] Built target count_interfaces__rosidl_typesupport_fastrtps_c__pyext
[0.191s] [ 93%] Built target count_interfaces__rosidl_typesupport_c__pyext
[0.193s] [100%] Built target count_interfaces__rosidl_typesupport_introspection_c__pyext
[0.275s] running egg_info
[0.275s] writing count_interfaces.egg-info/PKG-INFO
[0.276s] writing dependency_links to count_interfaces.egg-info/dependency_links.txt
[0.276s] writing top-level names to count_interfaces.egg-info/top_level.txt
[0.277s] reading manifest file 'count_interfaces.egg-info/SOURCES.txt'
[0.277s] writing manifest file 'count_interfaces.egg-info/SOURCES.txt'
[0.294s] [100%] Built target ament_cmake_python_build_count_interfaces_egg
[0.302s] Invoked command in '/home/alves/ros2_ws/build/count_interfaces' returned '0': CMAKE_PREFIX_PATH=${CMAKE_PREFIX_PATH}:/opt/ros/humble /usr/bin/cmake --build /home/alves/ros2_ws/build/count_interfaces -- -j16 -l16
[0.310s] Invoking command in '/home/alves/ros2_ws/build/count_interfaces': CMAKE_PREFIX_PATH=${CMAKE_PREFIX_PATH}:/opt/ros/humble /usr/bin/cmake --install /home/alves/ros2_ws/build/count_interfaces
[0.326s] -- Install configuration: ""
[0.327s] -- Up-to-date: /home/alves/ros2_ws/install/count_interfaces/share/ament_index/resource_index/rosidl_interfaces/count_interfaces
[0.327s] -- Up-to-date: /home/alves/ros2_ws/install/count_interfaces/include/count_interfaces/count_interfaces
[0.327s] -- Up-to-date: /home/alves/ros2_ws/install/count_interfaces/include/count_interfaces/count_interfaces/msg
[0.327s] -- Up-to-date: /home/alves/ros2_ws/install/count_interfaces/include/count_interfaces/count_interfaces/msg/rosidl_generator_c__visibility_control.h
[0.327s] -- Up-to-date: /home/alves/ros2_ws/install/count_interfaces/include/count_interfaces/count_interfaces/action
[0.327s] -- Up-to-date: /home/alves/ros2_ws/install/count_interfaces/include/count_interfaces/count_interfaces/action/count.h
[0.328s] -- Up-to-date: /home/alves/ros2_ws/install/count_interfaces/include/count_interfaces/count_interfaces/action/detail
[0.328s] -- Up-to-date: /home/alves/ros2_ws/install/count_interfaces/include/count_interfaces/count_interfaces/action/detail/count__type_support.h
[0.328s] -- Up-to-date: /home/alves/ros2_ws/install/count_interfaces/include/count_interfaces/count_interfaces/action/detail/count__struct.h
[0.328s] -- Up-to-date: /home/alves/ros2_ws/install/count_interfaces/include/count_interfaces/count_interfaces/action/detail/count__functions.c
[0.328s] -- Up-to-date: /home/alves/ros2_ws/install/count_interfaces/include/count_interfaces/count_interfaces/action/detail/count__functions.h
[0.329s] -- Up-to-date: /home/alves/ros2_ws/install/count_interfaces/share/count_interfaces/environment/library_path.sh
[0.329s] -- Up-to-date: /home/alves/ros2_ws/install/count_interfaces/share/count_interfaces/environment/library_path.dsv
[0.329s] -- Up-to-date: /home/alves/ros2_ws/install/count_interfaces/lib/libcount_interfaces__rosidl_generator_c.so
[0.329s] -- Up-to-date: /home/alves/ros2_ws/install/count_interfaces/include/count_interfaces/count_interfaces
[0.329s] -- Up-to-date: /home/alves/ros2_ws/install/count_interfaces/include/count_interfaces/count_interfaces/msg
[0.329s] -- Up-to-date: /home/alves/ros2_ws/install/count_interfaces/include/count_interfaces/count_interfaces/msg/rosidl_typesupport_fastrtps_c__visibility_control.h
[0.329s] -- Up-to-date: /home/alves/ros2_ws/install/count_interfaces/include/count_interfaces/count_interfaces/action
[0.330s] -- Up-to-date: /home/alves/ros2_ws/install/count_interfaces/include/count_interfaces/count_interfaces/action/detail
[0.330s] -- Up-to-date: /home/alves/ros2_ws/install/count_interfaces/include/count_interfaces/count_interfaces/action/detail/count__rosidl_typesupport_fastrtps_c.h
[0.330s] -- Up-to-date: /home/alves/ros2_ws/install/count_interfaces/lib/libcount_interfaces__rosidl_typesupport_fastrtps_c.so
[0.330s] -- Up-to-date: /home/alves/ros2_ws/install/count_interfaces/include/count_interfaces/count_interfaces
[0.331s] -- Up-to-date: /home/alves/ros2_ws/install/count_interfaces/include/count_interfaces/count_interfaces/msg
[0.331s] -- Up-to-date: /home/alves/ros2_ws/install/count_interfaces/include/count_interfaces/count_interfaces/msg/rosidl_generator_cpp__visibility_control.hpp
[0.332s] -- Up-to-date: /home/alves/ros2_ws/install/count_interfaces/include/count_interfaces/count_interfaces/action
[0.332s] -- Up-to-date: /home/alves/ros2_ws/install/count_interfaces/include/count_interfaces/count_interfaces/action/count.hpp
[0.332s] -- Up-to-date: /home/alves/ros2_ws/install/count_interfaces/include/count_interfaces/count_interfaces/action/detail
[0.332s] -- Up-to-date: /home/alves/ros2_ws/install/count_interfaces/include/count_interfaces/count_interfaces/action/detail/count__struct.hpp
[0.333s] -- Up-to-date: /home/alves/ros2_ws/install/count_interfaces/include/count_interfaces/count_interfaces/action/detail/count__builder.hpp
[0.333s] -- Up-to-date: /home/alves/ros2_ws/install/count_interfaces/include/count_interfaces/count_interfaces/action/detail/count__type_support.hpp
[0.333s] -- Up-to-date: /home/alves/ros2_ws/install/count_interfaces/include/count_interfaces/count_interfaces/action/detail/count__traits.hpp
[0.333s] -- Up-to-date: /home/alves/ros2_ws/install/count_interfaces/include/count_interfaces/count_interfaces
[0.333s] -- Up-to-date: /home/alves/ros2_ws/install/count_interfaces/include/count_interfaces/count_interfaces/msg
[0.334s] -- Up-to-date: /home/alves/ros2_ws/install/count_interfaces/include/count_interfaces/count_interfaces/msg/rosidl_typesupport_fastrtps_cpp__visibility_control.h
[0.334s] -- Up-to-date: /home/alves/ros2_ws/install/count_interfaces/include/count_interfaces/count_interfaces/action
[0.334s] -- Up-to-date: /home/alves/ros2_ws/install/count_interfaces/include/count_interfaces/count_interfaces/action/detail
[0.334s] -- Up-to-date: /home/alves/ros2_ws/install/count_interfaces/include/count_interfaces/count_interfaces/action/detail/dds_fastrtps
[0.335s] -- Up-to-date: /home/alves/ros2_ws/install/count_interfaces/include/count_interfaces/count_interfaces/action/detail/count__rosidl_typesupport_fastrtps_cpp.hpp
[0.335s] -- Up-to-date: /home/alves/ros2_ws/install/count_interfaces/lib/libcount_interfaces__rosidl_typesupport_fastrtps_cpp.so
[0.335s] -- Up-to-date: /home/alves/ros2_ws/install/count_interfaces/include/count_interfaces/count_interfaces
[0.335s] -- Up-to-date: /home/alves/ros2_ws/install/count_interfaces/include/count_interfaces/count_interfaces/msg
[0.335s] -- Up-to-date: /home/alves/ros2_ws/install/count_interfaces/include/count_interfaces/count_interfaces/msg/rosidl_typesupport_introspection_c__visibility_control.h
[0.335s] -- Up-to-date: /home/alves/ros2_ws/install/count_interfaces/include/count_interfaces/count_interfaces/action
[0.336s] -- Up-to-date: /home/alves/ros2_ws/install/count_interfaces/include/count_interfaces/count_interfaces/action/detail
[0.336s] -- Up-to-date: /home/alves/ros2_ws/install/count_interfaces/include/count_interfaces/count_interfaces/action/detail/count__type_support.c
[0.336s] -- Up-to-date: /home/alves/ros2_ws/install/count_interfaces/include/count_interfaces/count_interfaces/action/detail/count__rosidl_typesupport_introspection_c.h
[0.336s] -- Up-to-date: /home/alves/ros2_ws/install/count_interfaces/lib/libcount_interfaces__rosidl_typesupport_introspection_c.so
[0.336s] -- Up-to-date: /home/alves/ros2_ws/install/count_interfaces/lib/libcount_interfaces__rosidl_typesupport_c.so
[0.337s] -- Up-to-date: /home/alves/ros2_ws/install/count_interfaces/include/count_interfaces/count_interfaces
[0.337s] -- Up-to-date: /home/alves/ros2_ws/install/count_interfaces/include/count_interfaces/count_interfaces/action
[0.337s] -- Up-to-date: /home/alves/ros2_ws/install/count_interfaces/include/count_interfaces/count_interfaces/action/detail
[0.337s] -- Up-to-date: /home/alves/ros2_ws/install/count_interfaces/include/count_interfaces/count_interfaces/action/detail/count__rosidl_typesupport_introspection_cpp.hpp
[0.338s] -- Up-to-date: /home/alves/ros2_ws/install/count_interfaces/include/count_interfaces/count_interfaces/action/detail/count__type_support.cpp
[0.338s] -- Up-to-date: /home/alves/ros2_ws/install/count_interfaces/lib/libcount_interfaces__rosidl_typesupport_introspection_cpp.so
[0.338s] -- Up-to-date: /home/alves/ros2_ws/install/count_interfaces/lib/libcount_interfaces__rosidl_typesupport_cpp.so
[0.338s] -- Up-to-date: /home/alves/ros2_ws/install/count_interfaces/share/count_interfaces/environment/pythonpath.sh
[0.338s] -- Up-to-date: /home/alves/ros2_ws/install/count_interfaces/share/count_interfaces/environment/pythonpath.dsv
[0.338s] -- Up-to-date: /home/alves/ros2_ws/install/count_interfaces/local/lib/python3.10/dist-packages/count_interfaces-0.0.0-py3.10.egg-info
[0.339s] -- Installing: /home/alves/ros2_ws/install/count_interfaces/local/lib/python3.10/dist-packages/count_interfaces-0.0.0-py3.10.egg-info/PKG-INFO
[0.339s] -- Installing: /home/alves/ros2_ws/install/count_interfaces/local/lib/python3.10/dist-packages/count_interfaces-0.0.0-py3.10.egg-info/dependency_links.txt
[0.339s] -- Installing: /home/alves/ros2_ws/install/count_interfaces/local/lib/python3.10/dist-packages/count_interfaces-0.0.0-py3.10.egg-info/SOURCES.txt
[0.339s] -- Installing: /home/alves/ros2_ws/install/count_interfaces/local/lib/python3.10/dist-packages/count_interfaces-0.0.0-py3.10.egg-info/top_level.txt
[0.340s] -- Up-to-date: /home/alves/ros2_ws/install/count_interfaces/local/lib/python3.10/dist-packages/count_interfaces
[0.340s] -- Up-to-date: /home/alves/ros2_ws/install/count_interfaces/local/lib/python3.10/dist-packages/count_interfaces/count_interfaces_s__rosidl_typesupport_introspection_c.cpython-310-x86_64-linux-gnu.so
[0.340s] -- Up-to-date: /home/alves/ros2_ws/install/count_interfaces/local/lib/python3.10/dist-packages/count_interfaces/_count_interfaces_s.ep.rosidl_typesupport_introspection_c.c
[0.340s] -- Up-to-date: /home/alves/ros2_ws/install/count_interfaces/local/lib/python3.10/dist-packages/count_interfaces/count_interfaces_s__rosidl_typesupport_fastrtps_c.cpython-310-x86_64-linux-gnu.so
[0.340s] -- Up-to-date: /home/alves/ros2_ws/install/count_interfaces/local/lib/python3.10/dist-packages/count_interfaces/__init__.py
[0.340s] -- Up-to-date: /home/alves/ros2_ws/install/count_interfaces/local/lib/python3.10/dist-packages/count_interfaces/_count_interfaces_s.ep.rosidl_typesupport_fastrtps_c.c
[0.340s] -- Up-to-date: /home/alves/ros2_ws/install/count_interfaces/local/lib/python3.10/dist-packages/count_interfaces/action
[0.341s] -- Up-to-date: /home/alves/ros2_ws/install/count_interfaces/local/lib/python3.10/dist-packages/count_interfaces/action/_count_s.c
[0.341s] -- Up-to-date: /home/alves/ros2_ws/install/count_interfaces/local/lib/python3.10/dist-packages/count_interfaces/action/__init__.py
[0.341s] -- Up-to-date: /home/alves/ros2_ws/install/count_interfaces/local/lib/python3.10/dist-packages/count_interfaces/action/_count.py
[0.341s] -- Up-to-date: /home/alves/ros2_ws/install/count_interfaces/local/lib/python3.10/dist-packages/count_interfaces/libcount_interfaces__rosidl_generator_py.so
[0.341s] -- Up-to-date: /home/alves/ros2_ws/install/count_interfaces/local/lib/python3.10/dist-packages/count_interfaces/count_interfaces_s__rosidl_typesupport_c.cpython-310-x86_64-linux-gnu.so
[0.341s] -- Up-to-date: /home/alves/ros2_ws/install/count_interfaces/local/lib/python3.10/dist-packages/count_interfaces/_count_interfaces_s.ep.rosidl_typesupport_c.c
[0.369s] Listing '/home/alves/ros2_ws/install/count_interfaces/local/lib/python3.10/dist-packages/count_interfaces'...
[0.369s] Listing '/home/alves/ros2_ws/install/count_interfaces/local/lib/python3.10/dist-packages/count_interfaces/action'...
[0.372s] -- Up-to-date: /home/alves/ros2_ws/install/count_interfaces/local/lib/python3.10/dist-packages/count_interfaces/count_interfaces_s__rosidl_typesupport_fastrtps_c.cpython-310-x86_64-linux-gnu.so
[0.372s] -- Up-to-date: /home/alves/ros2_ws/install/count_interfaces/local/lib/python3.10/dist-packages/count_interfaces/count_interfaces_s__rosidl_typesupport_introspection_c.cpython-310-x86_64-linux-gnu.so
[0.372s] -- Up-to-date: /home/alves/ros2_ws/install/count_interfaces/local/lib/python3.10/dist-packages/count_interfaces/count_interfaces_s__rosidl_typesupport_c.cpython-310-x86_64-linux-gnu.so
[0.372s] -- Up-to-date: /home/alves/ros2_ws/install/count_interfaces/lib/libcount_interfaces__rosidl_generator_py.so
[0.372s] -- Up-to-date: /home/alves/ros2_ws/install/count_interfaces/share/count_interfaces/action/Count.idl
[0.372s] -- Up-to-date: /home/alves/ros2_ws/install/count_interfaces/share/count_interfaces/action/Count.action
[0.372s] -- Up-to-date: /home/alves/ros2_ws/install/count_interfaces/share/ament_index/resource_index/package_run_dependencies/count_interfaces
[0.372s] -- Up-to-date: /home/alves/ros2_ws/install/count_interfaces/share/ament_index/resource_index/parent_prefix_path/count_interfaces
[0.372s] -- Up-to-date: /home/alves/ros2_ws/install/count_interfaces/share/count_interfaces/environment/ament_prefix_path.sh
[0.372s] -- Up-to-date: /home/alves/ros2_ws/install/count_interfaces/share/count_interfaces/environment/ament_prefix_path.dsv
[0.372s] -- Up-to-date: /home/alves/ros2_ws/install/count_interfaces/share/count_interfaces/environment/path.sh
[0.373s] -- Up-to-date: /home/alves/ros2_ws/install/count_interfaces/share/count_interfaces/environment/path.dsv
[0.373s] -- Up-to-date: /home/alves/ros2_ws/install/count_interfaces/share/count_interfaces/local_setup.bash
[0.373s] -- Up-to-date: /home/alves/ros2_ws/install/count_interfaces/share/count_interfaces/local_setup.sh
[0.373s] -- Up-to-date: /home/alves/ros2_ws/install/count_interfaces/share/count_interfaces/local_setup.zsh
[0.373s] -- Up-to-date: /home/alves/ros2_ws/install/count_interfaces/share/count_interfaces/local_setup.dsv
[0.373s] -- Installing: /home/alves/ros2_ws/install/count_interfaces/share/count_interfaces/package.dsv
[0.373s] -- Up-to-date: /home/alves/ros2_ws/install/count_interfaces/share/ament_index/resource_index/packages/count_interfaces
[0.373s] -- Up-to-date: /home/alves/ros2_ws/install/count_interfaces/share/count_interfaces/cmake/export_count_interfaces__rosidl_generator_cExport.cmake
[0.373s] -- Up-to-date: /home/alves/ros2_ws/install/count_interfaces/share/count_interfaces/cmake/export_count_interfaces__rosidl_generator_cExport-noconfig.cmake
[0.373s] -- Up-to-date: /home/alves/ros2_ws/install/count_interfaces/share/count_interfaces/cmake/export_count_interfaces__rosidl_typesupport_fastrtps_cExport.cmake
[0.373s] -- Up-to-date: /home/alves/ros2_ws/install/count_interfaces/share/count_interfaces/cmake/export_count_interfaces__rosidl_typesupport_fastrtps_cExport-noconfig.cmake
[0.373s] -- Up-to-date: /home/alves/ros2_ws/install/count_interfaces/share/count_interfaces/cmake/export_count_interfaces__rosidl_generator_cppExport.cmake
[0.373s] -- Up-to-date: /home/alves/ros2_ws/install/count_interfaces/share/count_interfaces/cmake/export_count_interfaces__rosidl_typesupport_fastrtps_cppExport.cmake
[0.373s] -- Up-to-date: /home/alves/ros2_ws/install/count_interfaces/share/count_interfaces/cmake/export_count_interfaces__rosidl_typesupport_fastrtps_cppExport-noconfig.cmake
[0.373s] -- Up-to-date: /home/alves/ros2_ws/install/count_interfaces/share/count_interfaces/cmake/count_interfaces__rosidl_typesupport_introspection_cExport.cmake
[0.373s] -- Up-to-date: /home/alves/ros2_ws/install/count_interfaces/share/count_interfaces/cmake/count_interfaces__rosidl_typesupport_introspection_cExport-noconfig.cmake
[0.373s] -- Up-to-date: /home/alves/ros2_ws/install/count_interfaces/share/count_interfaces/cmake/count_interfaces__rosidl_typesupport_cExport.cmake
[0.373s] -- Up-to-date: /home/alves/ros2_ws/install/count_interfaces/share/count_interfaces/cmake/count_interfaces__rosidl_typesupport_cExport-noconfig.cmake
[0.373s] -- Up-to-date: /home/alves/ros2_ws/install/count_interfaces/share/count_interfaces/cmake/count_interfaces__rosidl_typesupport_introspection_cppExport.cmake
[0.374s] -- Up-to-date: /home/alves/ros2_ws/install/count_interfaces/share/count_interfaces/cmake/count_interfaces__rosidl_typesupport_introspection_cppExport-noconfig.cmake
[0.374s] -- Up-to-date: /home/alves/ros2_ws/install/count_interfaces/share/count_interfaces/cmake/count_interfaces__rosidl_typesupport_cppExport.cmake
[0.374s] -- Up-to-date: /home/alves/ros2_ws/install/count_interfaces/share/count_interfaces/cmake/count_interfaces__rosidl_typesupport_cppExport-noconfig.cmake
[0.374s] -- Up-to-date: /home/alves/ros2_ws/install/count_interfaces/share/count_interfaces/cmake/export_count_interfaces__rosidl_generator_pyExport.cmake
[0.374s] -- Up-to-date: /home/alves/ros2_ws/install/count_interfaces/share/count_interfaces/cmake/export_count_interfaces__rosidl_generator_pyExport-noconfig.cmake
[0.374s] -- Up-to-date: /home/alves/ros2_ws/install/count_interfaces/share/count_interfaces/cmake/rosidl_cmake-extras.cmake
[0.374s] -- Up-to-date: /home/alves/ros2_ws/install/count_interfaces/share/count_interfaces/cmake/ament_cmake_export_dependencies-extras.cmake
[0.374s] -- Up-to-date: /home/alves/ros2_ws/install/count_interfaces/share/count_interfaces/cmake/ament_cmake_export_include_directories-extras.cmake
[0.374s] -- Up-to-date: /home/alves/ros2_ws/install/count_interfaces/share/count_interfaces/cmake/ament_cmake_export_libraries-extras.cmake
[0.374s] -- Up-to-date: /home/alves/ros2_ws/install/count_interfaces/share/count_interfaces/cmake/ament_cmake_export_targets-extras.cmake
[0.374s] -- Up-to-date: /home/alves/ros2_ws/install/count_interfaces/share/count_interfaces/cmake/rosidl_cmake_export_typesupport_targets-extras.cmake
[0.374s] -- Up-to-date: /home/alves/ros2_ws/install/count_interfaces/share/count_interfaces/cmake/rosidl_cmake_export_typesupport_libraries-extras.cmake
[0.374s] -- Up-to-date: /home/alves/ros2_ws/install/count_interfaces/share/count_interfaces/cmake/count_interfacesConfig.cmake
[0.374s] -- Up-to-date: /home/alves/ros2_ws/install/count_interfaces/share/count_interfaces/cmake/count_interfacesConfig-version.cmake
[0.374s] -- Up-to-date: /home/alves/ros2_ws/install/count_interfaces/share/count_interfaces/package.xml
[0.376s] Invoked command in '/home/alves/ros2_ws/build/count_interfaces' returned '0': CMAKE_PREFIX_PATH=${CMAKE_PREFIX_PATH}:/opt/ros/humble /usr/bin/cmake --install /home/alves/ros2_ws/build/count_interfaces
