[35m[1mConsolidate compiler generated dependencies of target MovementControl[0m
[ 50%] [32mBuilding CXX object CMakeFiles/MovementControl.dir/src/movement_control.cpp.o[0m
[01m[K/home/alves/ros2_ws/src/robot_ras_decision/src/movement_control.cpp:[m[K In constructor ‘[01m[KMovementControl::MovementControl()[m[K’:
[01m[K/home/alves/ros2_ws/src/robot_ras_decision/src/movement_control.cpp:20:13:[m[K [01;35m[Kwarning: [m[Kunused variable ‘[01m[Kvel1[m[K’ [[01;35m[K]8;;https://gcc.gnu.org/onlinedocs/gcc/Warning-Options.html#index-Wunused-variable-Wunused-variable]8;;[m[K]
   20 |       float [01;35m[Kvel1[m[K, vel2;
      |             [01;35m[K^~~~[m[K
[01m[K/home/alves/ros2_ws/src/robot_ras_decision/src/movement_control.cpp:20:19:[m[K [01;35m[Kwarning: [m[Kunused variable ‘[01m[Kvel2[m[K’ [[01;35m[K]8;;https://gcc.gnu.org/onlinedocs/gcc/Warning-Options.html#index-Wunused-variable-Wunused-variable]8;;[m[K]
   20 |       float vel1, [01;35m[Kvel2[m[K;
      |                   [01;35m[K^~~~[m[K
[100%] [32m[1mLinking CXX executable MovementControl[0m
[100%] Built target MovementControl
-- Install configuration: ""
-- Installing: /home/alves/ros2_ws/install/robot_ras_decision/lib/robot_ras_decision/MovementControl
-- Set runtime path of "/home/alves/ros2_ws/install/robot_ras_decision/lib/robot_ras_decision/MovementControl" to ""
-- Installing: /home/alves/ros2_ws/install/robot_ras_decision/share/ament_index/resource_index/package_run_dependencies/robot_ras_decision
-- Up-to-date: /home/alves/ros2_ws/install/robot_ras_decision/share/ament_index/resource_index/parent_prefix_path/robot_ras_decision
-- Up-to-date: /home/alves/ros2_ws/install/robot_ras_decision/share/robot_ras_decision/environment/ament_prefix_path.sh
-- Installing: /home/alves/ros2_ws/install/robot_ras_decision/share/robot_ras_decision/environment/ament_prefix_path.dsv
-- Up-to-date: /home/alves/ros2_ws/install/robot_ras_decision/share/robot_ras_decision/environment/path.sh
-- Installing: /home/alves/ros2_ws/install/robot_ras_decision/share/robot_ras_decision/environment/path.dsv
-- Up-to-date: /home/alves/ros2_ws/install/robot_ras_decision/share/robot_ras_decision/local_setup.bash
-- Up-to-date: /home/alves/ros2_ws/install/robot_ras_decision/share/robot_ras_decision/local_setup.sh
-- Up-to-date: /home/alves/ros2_ws/install/robot_ras_decision/share/robot_ras_decision/local_setup.zsh
-- Installing: /home/alves/ros2_ws/install/robot_ras_decision/share/robot_ras_decision/local_setup.dsv
-- Installing: /home/alves/ros2_ws/install/robot_ras_decision/share/robot_ras_decision/package.dsv
-- Up-to-date: /home/alves/ros2_ws/install/robot_ras_decision/share/ament_index/resource_index/packages/robot_ras_decision
-- Up-to-date: /home/alves/ros2_ws/install/robot_ras_decision/share/robot_ras_decision/cmake/robot_ras_decisionConfig.cmake
-- Up-to-date: /home/alves/ros2_ws/install/robot_ras_decision/share/robot_ras_decision/cmake/robot_ras_decisionConfig-version.cmake
-- Installing: /home/alves/ros2_ws/install/robot_ras_decision/share/robot_ras_decision/package.xml
