[0.010s] Invoking command in '/home/alves/ros2_ws/build/robot_ras_decision': CMAKE_PREFIX_PATH=${CMAKE_PREFIX_PATH}:/opt/ros/humble /usr/bin/cmake --build /home/alves/ros2_ws/build/robot_ras_decision -- -j16 -l16
[0.068s] [ 50%] [32mBuilding CXX object CMakeFiles/MovementControl.dir/src/movement_control.cpp.o[0m
[5.909s] [100%] [32m[1mLinking CXX executable MovementControl[0m
[6.209s] [100%] Built target MovementControl
[6.221s] Invoked command in '/home/alves/ros2_ws/build/robot_ras_decision' returned '0': CMAKE_PREFIX_PATH=${CMAKE_PREFIX_PATH}:/opt/ros/humble /usr/bin/cmake --build /home/alves/ros2_ws/build/robot_ras_decision -- -j16 -l16
[6.223s] Invoking command in '/home/alves/ros2_ws/build/robot_ras_decision': CMAKE_PREFIX_PATH=${CMAKE_PREFIX_PATH}:/opt/ros/humble /usr/bin/cmake --install /home/alves/ros2_ws/build/robot_ras_decision
[6.230s] -- Install configuration: ""
[6.230s] -- Installing: /home/alves/ros2_ws/install/robot_ras_decision/lib/robot_ras_decision/MovementControl
[6.232s] -- Set runtime path of "/home/alves/ros2_ws/install/robot_ras_decision/lib/robot_ras_decision/MovementControl" to ""
[6.232s] -- Up-to-date: /home/alves/ros2_ws/install/robot_ras_decision/share/ament_index/resource_index/package_run_dependencies/robot_ras_decision
[6.232s] -- Up-to-date: /home/alves/ros2_ws/install/robot_ras_decision/share/ament_index/resource_index/parent_prefix_path/robot_ras_decision
[6.233s] -- Up-to-date: /home/alves/ros2_ws/install/robot_ras_decision/share/robot_ras_decision/environment/ament_prefix_path.sh
[6.233s] -- Up-to-date: /home/alves/ros2_ws/install/robot_ras_decision/share/robot_ras_decision/environment/ament_prefix_path.dsv
[6.233s] -- Up-to-date: /home/alves/ros2_ws/install/robot_ras_decision/share/robot_ras_decision/environment/path.sh
[6.233s] -- Up-to-date: /home/alves/ros2_ws/install/robot_ras_decision/share/robot_ras_decision/environment/path.dsv
[6.233s] -- Up-to-date: /home/alves/ros2_ws/install/robot_ras_decision/share/robot_ras_decision/local_setup.bash
[6.233s] -- Up-to-date: /home/alves/ros2_ws/install/robot_ras_decision/share/robot_ras_decision/local_setup.sh
[6.233s] -- Up-to-date: /home/alves/ros2_ws/install/robot_ras_decision/share/robot_ras_decision/local_setup.zsh
[6.233s] -- Up-to-date: /home/alves/ros2_ws/install/robot_ras_decision/share/robot_ras_decision/local_setup.dsv
[6.233s] -- Installing: /home/alves/ros2_ws/install/robot_ras_decision/share/robot_ras_decision/package.dsv
[6.233s] -- Up-to-date: /home/alves/ros2_ws/install/robot_ras_decision/share/ament_index/resource_index/packages/robot_ras_decision
[6.233s] -- Up-to-date: /home/alves/ros2_ws/install/robot_ras_decision/share/robot_ras_decision/cmake/robot_ras_decisionConfig.cmake
[6.233s] -- Up-to-date: /home/alves/ros2_ws/install/robot_ras_decision/share/robot_ras_decision/cmake/robot_ras_decisionConfig-version.cmake
[6.234s] -- Up-to-date: /home/alves/ros2_ws/install/robot_ras_decision/share/robot_ras_decision/package.xml
[6.235s] Invoked command in '/home/alves/ros2_ws/build/robot_ras_decision' returned '0': CMAKE_PREFIX_PATH=${CMAKE_PREFIX_PATH}:/opt/ros/humble /usr/bin/cmake --install /home/alves/ros2_ws/build/robot_ras_decision
