[0.011s] Invoking command in '/home/alves/ros2_ws/build/dep_example_cpp': CMAKE_PREFIX_PATH=${CMAKE_PREFIX_PATH}:/opt/ros/humble /usr/bin/cmake --build /home/alves/ros2_ws/build/dep_example_cpp -- -j16 -l16
[0.056s] Invoked command in '/home/alves/ros2_ws/build/dep_example_cpp' returned '0': CMAKE_PREFIX_PATH=${CMAKE_PREFIX_PATH}:/opt/ros/humble /usr/bin/cmake --build /home/alves/ros2_ws/build/dep_example_cpp -- -j16 -l16
[0.064s] Invoking command in '/home/alves/ros2_ws/build/dep_example_cpp': CMAKE_PREFIX_PATH=${CMAKE_PREFIX_PATH}:/opt/ros/humble /usr/bin/cmake --install /home/alves/ros2_ws/build/dep_example_cpp
[0.072s] -- Install configuration: ""
[0.072s] -- Up-to-date: /home/alves/ros2_ws/install/dep_example_cpp/share/ament_index/resource_index/package_run_dependencies/dep_example_cpp
[0.072s] -- Up-to-date: /home/alves/ros2_ws/install/dep_example_cpp/share/ament_index/resource_index/parent_prefix_path/dep_example_cpp
[0.072s] -- Up-to-date: /home/alves/ros2_ws/install/dep_example_cpp/share/dep_example_cpp/environment/ament_prefix_path.sh
[0.072s] -- Up-to-date: /home/alves/ros2_ws/install/dep_example_cpp/share/dep_example_cpp/environment/ament_prefix_path.dsv
[0.072s] -- Up-to-date: /home/alves/ros2_ws/install/dep_example_cpp/share/dep_example_cpp/environment/path.sh
[0.073s] -- Up-to-date: /home/alves/ros2_ws/install/dep_example_cpp/share/dep_example_cpp/environment/path.dsv
[0.073s] -- Up-to-date: /home/alves/ros2_ws/install/dep_example_cpp/share/dep_example_cpp/local_setup.bash
[0.073s] -- Up-to-date: /home/alves/ros2_ws/install/dep_example_cpp/share/dep_example_cpp/local_setup.sh
[0.073s] -- Up-to-date: /home/alves/ros2_ws/install/dep_example_cpp/share/dep_example_cpp/local_setup.zsh
[0.073s] -- Up-to-date: /home/alves/ros2_ws/install/dep_example_cpp/share/dep_example_cpp/local_setup.dsv
[0.073s] -- Installing: /home/alves/ros2_ws/install/dep_example_cpp/share/dep_example_cpp/package.dsv
[0.074s] -- Up-to-date: /home/alves/ros2_ws/install/dep_example_cpp/share/ament_index/resource_index/packages/dep_example_cpp
[0.074s] -- Up-to-date: /home/alves/ros2_ws/install/dep_example_cpp/share/dep_example_cpp/cmake/dep_example_cppConfig.cmake
[0.074s] -- Up-to-date: /home/alves/ros2_ws/install/dep_example_cpp/share/dep_example_cpp/cmake/dep_example_cppConfig-version.cmake
[0.074s] -- Up-to-date: /home/alves/ros2_ws/install/dep_example_cpp/share/dep_example_cpp/package.xml
[0.078s] Invoked command in '/home/alves/ros2_ws/build/dep_example_cpp' returned '0': CMAKE_PREFIX_PATH=${CMAKE_PREFIX_PATH}:/opt/ros/humble /usr/bin/cmake --install /home/alves/ros2_ws/build/dep_example_cpp
