[0.097s] DEBUG:colcon:Command line arguments: ['/usr/bin/colcon', 'build']
[0.097s] DEBUG:colcon:Parsed command line arguments: Namespace(log_base=None, log_level=None, verb_name='build', build_base='build', install_base='install', merge_install=False, symlink_install=False, test_result_base=None, continue_on_error=False, executor='parallel', parallel_workers=16, event_handlers=None, ignore_user_meta=False, metas=['./colcon.meta'], base_paths=['.'], packages_ignore=None, packages_ignore_regex=None, paths=None, packages_up_to=None, packages_up_to_regex=None, packages_above=None, packages_above_and_dependencies=None, packages_above_depth=None, packages_select_by_dep=None, packages_skip_by_dep=None, packages_skip_up_to=None, packages_select_build_failed=False, packages_skip_build_finished=False, packages_select_test_failures=False, packages_skip_test_passed=False, packages_select=None, packages_skip=None, packages_select_regex=None, packages_skip_regex=None, packages_start=None, packages_end=None, allow_overriding=[], cmake_args=None, cmake_target=None, cmake_target_skip_unavailable=False, cmake_clean_cache=False, cmake_clean_first=False, cmake_force_configure=False, ament_cmake_args=None, catkin_cmake_args=None, catkin_skip_building_tests=False, mixin_files=None, mixin=None, verb_parser=<colcon_mixin.mixin.mixin_argument.MixinArgumentDecorator object at 0x7376e5026830>, verb_extension=<colcon_core.verb.build.BuildVerb object at 0x7376e5026320>, main=<bound method BuildVerb.main of <colcon_core.verb.build.BuildVerb object at 0x7376e5026320>>, mixin_verb=('build',))
[0.324s] Level 1:colcon.colcon_core.package_discovery:discover_packages(colcon_meta) check parameters
[0.325s] Level 1:colcon.colcon_core.package_discovery:discover_packages(recursive) check parameters
[0.325s] Level 1:colcon.colcon_core.package_discovery:discover_packages(ignore) check parameters
[0.325s] Level 1:colcon.colcon_core.package_discovery:discover_packages(path) check parameters
[0.325s] Level 1:colcon.colcon_core.package_discovery:discover_packages(colcon_meta) discover
[0.325s] Level 1:colcon.colcon_core.package_discovery:discover_packages(recursive) discover
[0.325s] INFO:colcon.colcon_core.package_discovery:Crawling recursively for packages in '/home/alves/ros2_ws'
[0.325s] Level 1:colcon.colcon_core.package_identification:_identify(.) by extensions ['ignore', 'ignore_ament_install']
[0.325s] Level 1:colcon.colcon_core.package_identification:_identify(.) by extension 'ignore'
[0.325s] Level 1:colcon.colcon_core.package_identification:_identify(.) by extension 'ignore_ament_install'
[0.325s] Level 1:colcon.colcon_core.package_identification:_identify(.) by extensions ['colcon_pkg']
[0.325s] Level 1:colcon.colcon_core.package_identification:_identify(.) by extension 'colcon_pkg'
[0.325s] Level 1:colcon.colcon_core.package_identification:_identify(.) by extensions ['colcon_meta']
[0.325s] Level 1:colcon.colcon_core.package_identification:_identify(.) by extension 'colcon_meta'
[0.325s] Level 1:colcon.colcon_core.package_identification:_identify(.) by extensions ['ros']
[0.325s] Level 1:colcon.colcon_core.package_identification:_identify(.) by extension 'ros'
[0.332s] Level 1:colcon.colcon_core.package_identification:_identify(.) by extensions ['cmake', 'python']
[0.333s] Level 1:colcon.colcon_core.package_identification:_identify(.) by extension 'cmake'
[0.333s] Level 1:colcon.colcon_core.package_identification:_identify(.) by extension 'python'
[0.333s] Level 1:colcon.colcon_core.package_identification:_identify(.) by extensions ['python_setup_py']
[0.333s] Level 1:colcon.colcon_core.package_identification:_identify(.) by extension 'python_setup_py'
[0.333s] Level 1:colcon.colcon_core.package_identification:_identify(build) by extensions ['ignore', 'ignore_ament_install']
[0.333s] Level 1:colcon.colcon_core.package_identification:_identify(build) by extension 'ignore'
[0.333s] Level 1:colcon.colcon_core.package_identification:_identify(build) ignored
[0.333s] Level 1:colcon.colcon_core.package_identification:_identify(install) by extensions ['ignore', 'ignore_ament_install']
[0.333s] Level 1:colcon.colcon_core.package_identification:_identify(install) by extension 'ignore'
[0.333s] Level 1:colcon.colcon_core.package_identification:_identify(install) ignored
[0.333s] Level 1:colcon.colcon_core.package_identification:_identify(log) by extensions ['ignore', 'ignore_ament_install']
[0.333s] Level 1:colcon.colcon_core.package_identification:_identify(log) by extension 'ignore'
[0.333s] Level 1:colcon.colcon_core.package_identification:_identify(log) ignored
[0.333s] Level 1:colcon.colcon_core.package_identification:_identify(src) by extensions ['ignore', 'ignore_ament_install']
[0.333s] Level 1:colcon.colcon_core.package_identification:_identify(src) by extension 'ignore'
[0.333s] Level 1:colcon.colcon_core.package_identification:_identify(src) by extension 'ignore_ament_install'
[0.333s] Level 1:colcon.colcon_core.package_identification:_identify(src) by extensions ['colcon_pkg']
[0.333s] Level 1:colcon.colcon_core.package_identification:_identify(src) by extension 'colcon_pkg'
[0.333s] Level 1:colcon.colcon_core.package_identification:_identify(src) by extensions ['colcon_meta']
[0.333s] Level 1:colcon.colcon_core.package_identification:_identify(src) by extension 'colcon_meta'
[0.333s] Level 1:colcon.colcon_core.package_identification:_identify(src) by extensions ['ros']
[0.334s] Level 1:colcon.colcon_core.package_identification:_identify(src) by extension 'ros'
[0.334s] Level 1:colcon.colcon_core.package_identification:_identify(src) by extensions ['cmake', 'python']
[0.334s] Level 1:colcon.colcon_core.package_identification:_identify(src) by extension 'cmake'
[0.334s] Level 1:colcon.colcon_core.package_identification:_identify(src) by extension 'python'
[0.334s] Level 1:colcon.colcon_core.package_identification:_identify(src) by extensions ['python_setup_py']
[0.334s] Level 1:colcon.colcon_core.package_identification:_identify(src) by extension 'python_setup_py'
[0.334s] Level 1:colcon.colcon_core.package_identification:_identify(src/count_action_cpp) by extensions ['ignore', 'ignore_ament_install']
[0.334s] Level 1:colcon.colcon_core.package_identification:_identify(src/count_action_cpp) by extension 'ignore'
[0.334s] Level 1:colcon.colcon_core.package_identification:_identify(src/count_action_cpp) by extension 'ignore_ament_install'
[0.334s] Level 1:colcon.colcon_core.package_identification:_identify(src/count_action_cpp) by extensions ['colcon_pkg']
[0.334s] Level 1:colcon.colcon_core.package_identification:_identify(src/count_action_cpp) by extension 'colcon_pkg'
[0.334s] Level 1:colcon.colcon_core.package_identification:_identify(src/count_action_cpp) by extensions ['colcon_meta']
[0.334s] Level 1:colcon.colcon_core.package_identification:_identify(src/count_action_cpp) by extension 'colcon_meta'
[0.334s] Level 1:colcon.colcon_core.package_identification:_identify(src/count_action_cpp) by extensions ['ros']
[0.334s] Level 1:colcon.colcon_core.package_identification:_identify(src/count_action_cpp) by extension 'ros'
[0.336s] DEBUG:colcon.colcon_core.package_identification:Package 'src/count_action_cpp' with type 'ros.ament_cmake' and name 'count_action_cpp'
[0.337s] Level 1:colcon.colcon_core.package_identification:_identify(src/count_interfaces) by extensions ['ignore', 'ignore_ament_install']
[0.337s] Level 1:colcon.colcon_core.package_identification:_identify(src/count_interfaces) by extension 'ignore'
[0.337s] Level 1:colcon.colcon_core.package_identification:_identify(src/count_interfaces) by extension 'ignore_ament_install'
[0.337s] Level 1:colcon.colcon_core.package_identification:_identify(src/count_interfaces) by extensions ['colcon_pkg']
[0.337s] Level 1:colcon.colcon_core.package_identification:_identify(src/count_interfaces) by extension 'colcon_pkg'
[0.337s] Level 1:colcon.colcon_core.package_identification:_identify(src/count_interfaces) by extensions ['colcon_meta']
[0.337s] Level 1:colcon.colcon_core.package_identification:_identify(src/count_interfaces) by extension 'colcon_meta'
[0.337s] Level 1:colcon.colcon_core.package_identification:_identify(src/count_interfaces) by extensions ['ros']
[0.337s] Level 1:colcon.colcon_core.package_identification:_identify(src/count_interfaces) by extension 'ros'
[0.338s] DEBUG:colcon.colcon_core.package_identification:Package 'src/count_interfaces' with type 'ros.ament_cmake' and name 'count_interfaces'
[0.338s] Level 1:colcon.colcon_core.package_identification:_identify(src/dep_example_cpp) by extensions ['ignore', 'ignore_ament_install']
[0.338s] Level 1:colcon.colcon_core.package_identification:_identify(src/dep_example_cpp) by extension 'ignore'
[0.338s] Level 1:colcon.colcon_core.package_identification:_identify(src/dep_example_cpp) by extension 'ignore_ament_install'
[0.338s] Level 1:colcon.colcon_core.package_identification:_identify(src/dep_example_cpp) by extensions ['colcon_pkg']
[0.338s] Level 1:colcon.colcon_core.package_identification:_identify(src/dep_example_cpp) by extension 'colcon_pkg'
[0.338s] Level 1:colcon.colcon_core.package_identification:_identify(src/dep_example_cpp) by extensions ['colcon_meta']
[0.338s] Level 1:colcon.colcon_core.package_identification:_identify(src/dep_example_cpp) by extension 'colcon_meta'
[0.338s] Level 1:colcon.colcon_core.package_identification:_identify(src/dep_example_cpp) by extensions ['ros']
[0.338s] Level 1:colcon.colcon_core.package_identification:_identify(src/dep_example_cpp) by extension 'ros'
[0.339s] DEBUG:colcon.colcon_core.package_identification:Package 'src/dep_example_cpp' with type 'ros.ament_cmake' and name 'dep_example_cpp'
[0.339s] Level 1:colcon.colcon_core.package_identification:_identify(src/ras_robot_simulation) by extensions ['ignore', 'ignore_ament_install']
[0.339s] Level 1:colcon.colcon_core.package_identification:_identify(src/ras_robot_simulation) by extension 'ignore'
[0.339s] Level 1:colcon.colcon_core.package_identification:_identify(src/ras_robot_simulation) by extension 'ignore_ament_install'
[0.339s] Level 1:colcon.colcon_core.package_identification:_identify(src/ras_robot_simulation) by extensions ['colcon_pkg']
[0.339s] Level 1:colcon.colcon_core.package_identification:_identify(src/ras_robot_simulation) by extension 'colcon_pkg'
[0.339s] Level 1:colcon.colcon_core.package_identification:_identify(src/ras_robot_simulation) by extensions ['colcon_meta']
[0.339s] Level 1:colcon.colcon_core.package_identification:_identify(src/ras_robot_simulation) by extension 'colcon_meta'
[0.339s] Level 1:colcon.colcon_core.package_identification:_identify(src/ras_robot_simulation) by extensions ['ros']
[0.339s] Level 1:colcon.colcon_core.package_identification:_identify(src/ras_robot_simulation) by extension 'ros'
[0.340s] DEBUG:colcon.colcon_core.package_identification:Package 'src/ras_robot_simulation' with type 'ros.ament_cmake' and name 'robot_ras_ros'
[0.340s] Level 1:colcon.colcon_core.package_identification:_identify(src/robot_ras_decision) by extensions ['ignore', 'ignore_ament_install']
[0.340s] Level 1:colcon.colcon_core.package_identification:_identify(src/robot_ras_decision) by extension 'ignore'
[0.340s] Level 1:colcon.colcon_core.package_identification:_identify(src/robot_ras_decision) by extension 'ignore_ament_install'
[0.340s] Level 1:colcon.colcon_core.package_identification:_identify(src/robot_ras_decision) by extensions ['colcon_pkg']
[0.340s] Level 1:colcon.colcon_core.package_identification:_identify(src/robot_ras_decision) by extension 'colcon_pkg'
[0.340s] Level 1:colcon.colcon_core.package_identification:_identify(src/robot_ras_decision) by extensions ['colcon_meta']
[0.340s] Level 1:colcon.colcon_core.package_identification:_identify(src/robot_ras_decision) by extension 'colcon_meta'
[0.340s] Level 1:colcon.colcon_core.package_identification:_identify(src/robot_ras_decision) by extensions ['ros']
[0.340s] Level 1:colcon.colcon_core.package_identification:_identify(src/robot_ras_decision) by extension 'ros'
[0.340s] DEBUG:colcon.colcon_core.package_identification:Package 'src/robot_ras_decision' with type 'ros.ament_cmake' and name 'robot_ras_decision'
[0.341s] Level 1:colcon.colcon_core.package_discovery:discover_packages(recursive) using defaults
[0.341s] Level 1:colcon.colcon_core.package_discovery:discover_packages(ignore) discover
[0.341s] Level 1:colcon.colcon_core.package_discovery:discover_packages(ignore) using defaults
[0.341s] Level 1:colcon.colcon_core.package_discovery:discover_packages(path) discover
[0.341s] Level 1:colcon.colcon_core.package_discovery:discover_packages(path) using defaults
[0.366s] Level 1:colcon.colcon_core.package_discovery:discover_packages(prefix_path) check parameters
[0.366s] Level 1:colcon.colcon_core.package_discovery:discover_packages(prefix_path) discover
[0.368s] DEBUG:colcon.colcon_installed_package_information.package_discovery:Found 338 installed packages in /opt/ros/humble
[0.369s] Level 1:colcon.colcon_core.package_discovery:discover_packages(prefix_path) using defaults
[0.396s] Level 5:colcon.colcon_core.verb:set package 'count_interfaces' build argument 'cmake_args' from command line to 'None'
[0.396s] Level 5:colcon.colcon_core.verb:set package 'count_interfaces' build argument 'cmake_target' from command line to 'None'
[0.396s] Level 5:colcon.colcon_core.verb:set package 'count_interfaces' build argument 'cmake_target_skip_unavailable' from command line to 'False'
[0.396s] Level 5:colcon.colcon_core.verb:set package 'count_interfaces' build argument 'cmake_clean_cache' from command line to 'False'
[0.396s] Level 5:colcon.colcon_core.verb:set package 'count_interfaces' build argument 'cmake_clean_first' from command line to 'False'
[0.396s] Level 5:colcon.colcon_core.verb:set package 'count_interfaces' build argument 'cmake_force_configure' from command line to 'False'
[0.396s] Level 5:colcon.colcon_core.verb:set package 'count_interfaces' build argument 'ament_cmake_args' from command line to 'None'
[0.396s] Level 5:colcon.colcon_core.verb:set package 'count_interfaces' build argument 'catkin_cmake_args' from command line to 'None'
[0.396s] Level 5:colcon.colcon_core.verb:set package 'count_interfaces' build argument 'catkin_skip_building_tests' from command line to 'False'
[0.396s] DEBUG:colcon.colcon_core.verb:Building package 'count_interfaces' with the following arguments: {'ament_cmake_args': None, 'build_base': '/home/alves/ros2_ws/build/count_interfaces', 'catkin_cmake_args': None, 'catkin_skip_building_tests': False, 'cmake_args': None, 'cmake_clean_cache': False, 'cmake_clean_first': False, 'cmake_force_configure': False, 'cmake_target': None, 'cmake_target_skip_unavailable': False, 'install_base': '/home/alves/ros2_ws/install/count_interfaces', 'merge_install': False, 'path': '/home/alves/ros2_ws/src/count_interfaces', 'symlink_install': False, 'test_result_base': None}
[0.396s] Level 5:colcon.colcon_core.verb:set package 'dep_example_cpp' build argument 'cmake_args' from command line to 'None'
[0.396s] Level 5:colcon.colcon_core.verb:set package 'dep_example_cpp' build argument 'cmake_target' from command line to 'None'
[0.396s] Level 5:colcon.colcon_core.verb:set package 'dep_example_cpp' build argument 'cmake_target_skip_unavailable' from command line to 'False'
[0.397s] Level 5:colcon.colcon_core.verb:set package 'dep_example_cpp' build argument 'cmake_clean_cache' from command line to 'False'
[0.397s] Level 5:colcon.colcon_core.verb:set package 'dep_example_cpp' build argument 'cmake_clean_first' from command line to 'False'
[0.397s] Level 5:colcon.colcon_core.verb:set package 'dep_example_cpp' build argument 'cmake_force_configure' from command line to 'False'
[0.397s] Level 5:colcon.colcon_core.verb:set package 'dep_example_cpp' build argument 'ament_cmake_args' from command line to 'None'
[0.397s] Level 5:colcon.colcon_core.verb:set package 'dep_example_cpp' build argument 'catkin_cmake_args' from command line to 'None'
[0.397s] Level 5:colcon.colcon_core.verb:set package 'dep_example_cpp' build argument 'catkin_skip_building_tests' from command line to 'False'
[0.397s] DEBUG:colcon.colcon_core.verb:Building package 'dep_example_cpp' with the following arguments: {'ament_cmake_args': None, 'build_base': '/home/alves/ros2_ws/build/dep_example_cpp', 'catkin_cmake_args': None, 'catkin_skip_building_tests': False, 'cmake_args': None, 'cmake_clean_cache': False, 'cmake_clean_first': False, 'cmake_force_configure': False, 'cmake_target': None, 'cmake_target_skip_unavailable': False, 'install_base': '/home/alves/ros2_ws/install/dep_example_cpp', 'merge_install': False, 'path': '/home/alves/ros2_ws/src/dep_example_cpp', 'symlink_install': False, 'test_result_base': None}
[0.397s] Level 5:colcon.colcon_core.verb:set package 'robot_ras_decision' build argument 'cmake_args' from command line to 'None'
[0.397s] Level 5:colcon.colcon_core.verb:set package 'robot_ras_decision' build argument 'cmake_target' from command line to 'None'
[0.397s] Level 5:colcon.colcon_core.verb:set package 'robot_ras_decision' build argument 'cmake_target_skip_unavailable' from command line to 'False'
[0.397s] Level 5:colcon.colcon_core.verb:set package 'robot_ras_decision' build argument 'cmake_clean_cache' from command line to 'False'
[0.397s] Level 5:colcon.colcon_core.verb:set package 'robot_ras_decision' build argument 'cmake_clean_first' from command line to 'False'
[0.397s] Level 5:colcon.colcon_core.verb:set package 'robot_ras_decision' build argument 'cmake_force_configure' from command line to 'False'
[0.397s] Level 5:colcon.colcon_core.verb:set package 'robot_ras_decision' build argument 'ament_cmake_args' from command line to 'None'
[0.397s] Level 5:colcon.colcon_core.verb:set package 'robot_ras_decision' build argument 'catkin_cmake_args' from command line to 'None'
[0.397s] Level 5:colcon.colcon_core.verb:set package 'robot_ras_decision' build argument 'catkin_skip_building_tests' from command line to 'False'
[0.397s] DEBUG:colcon.colcon_core.verb:Building package 'robot_ras_decision' with the following arguments: {'ament_cmake_args': None, 'build_base': '/home/alves/ros2_ws/build/robot_ras_decision', 'catkin_cmake_args': None, 'catkin_skip_building_tests': False, 'cmake_args': None, 'cmake_clean_cache': False, 'cmake_clean_first': False, 'cmake_force_configure': False, 'cmake_target': None, 'cmake_target_skip_unavailable': False, 'install_base': '/home/alves/ros2_ws/install/robot_ras_decision', 'merge_install': False, 'path': '/home/alves/ros2_ws/src/robot_ras_decision', 'symlink_install': False, 'test_result_base': None}
[0.397s] Level 5:colcon.colcon_core.verb:set package 'robot_ras_ros' build argument 'cmake_args' from command line to 'None'
[0.397s] Level 5:colcon.colcon_core.verb:set package 'robot_ras_ros' build argument 'cmake_target' from command line to 'None'
[0.397s] Level 5:colcon.colcon_core.verb:set package 'robot_ras_ros' build argument 'cmake_target_skip_unavailable' from command line to 'False'
[0.397s] Level 5:colcon.colcon_core.verb:set package 'robot_ras_ros' build argument 'cmake_clean_cache' from command line to 'False'
[0.397s] Level 5:colcon.colcon_core.verb:set package 'robot_ras_ros' build argument 'cmake_clean_first' from command line to 'False'
[0.397s] Level 5:colcon.colcon_core.verb:set package 'robot_ras_ros' build argument 'cmake_force_configure' from command line to 'False'
[0.397s] Level 5:colcon.colcon_core.verb:set package 'robot_ras_ros' build argument 'ament_cmake_args' from command line to 'None'
[0.397s] Level 5:colcon.colcon_core.verb:set package 'robot_ras_ros' build argument 'catkin_cmake_args' from command line to 'None'
[0.397s] Level 5:colcon.colcon_core.verb:set package 'robot_ras_ros' build argument 'catkin_skip_building_tests' from command line to 'False'
[0.397s] DEBUG:colcon.colcon_core.verb:Building package 'robot_ras_ros' with the following arguments: {'ament_cmake_args': None, 'build_base': '/home/alves/ros2_ws/build/robot_ras_ros', 'catkin_cmake_args': None, 'catkin_skip_building_tests': False, 'cmake_args': None, 'cmake_clean_cache': False, 'cmake_clean_first': False, 'cmake_force_configure': False, 'cmake_target': None, 'cmake_target_skip_unavailable': False, 'install_base': '/home/alves/ros2_ws/install/robot_ras_ros', 'merge_install': False, 'path': '/home/alves/ros2_ws/src/ras_robot_simulation', 'symlink_install': False, 'test_result_base': None}
[0.397s] Level 5:colcon.colcon_core.verb:set package 'count_action_cpp' build argument 'cmake_args' from command line to 'None'
[0.397s] Level 5:colcon.colcon_core.verb:set package 'count_action_cpp' build argument 'cmake_target' from command line to 'None'
[0.397s] Level 5:colcon.colcon_core.verb:set package 'count_action_cpp' build argument 'cmake_target_skip_unavailable' from command line to 'False'
[0.397s] Level 5:colcon.colcon_core.verb:set package 'count_action_cpp' build argument 'cmake_clean_cache' from command line to 'False'
[0.397s] Level 5:colcon.colcon_core.verb:set package 'count_action_cpp' build argument 'cmake_clean_first' from command line to 'False'
[0.397s] Level 5:colcon.colcon_core.verb:set package 'count_action_cpp' build argument 'cmake_force_configure' from command line to 'False'
[0.397s] Level 5:colcon.colcon_core.verb:set package 'count_action_cpp' build argument 'ament_cmake_args' from command line to 'None'
[0.397s] Level 5:colcon.colcon_core.verb:set package 'count_action_cpp' build argument 'catkin_cmake_args' from command line to 'None'
[0.398s] Level 5:colcon.colcon_core.verb:set package 'count_action_cpp' build argument 'catkin_skip_building_tests' from command line to 'False'
[0.398s] DEBUG:colcon.colcon_core.verb:Building package 'count_action_cpp' with the following arguments: {'ament_cmake_args': None, 'build_base': '/home/alves/ros2_ws/build/count_action_cpp', 'catkin_cmake_args': None, 'catkin_skip_building_tests': False, 'cmake_args': None, 'cmake_clean_cache': False, 'cmake_clean_first': False, 'cmake_force_configure': False, 'cmake_target': None, 'cmake_target_skip_unavailable': False, 'install_base': '/home/alves/ros2_ws/install/count_action_cpp', 'merge_install': False, 'path': '/home/alves/ros2_ws/src/count_action_cpp', 'symlink_install': False, 'test_result_base': None}
[0.398s] INFO:colcon.colcon_core.executor:Executing jobs using 'parallel' executor
[0.398s] DEBUG:colcon.colcon_parallel_executor.executor.parallel:run_until_complete
[0.399s] INFO:colcon.colcon_ros.task.ament_cmake.build:Building ROS package in '/home/alves/ros2_ws/src/count_interfaces' with build type 'ament_cmake'
[0.399s] INFO:colcon.colcon_cmake.task.cmake.build:Building CMake package in '/home/alves/ros2_ws/src/count_interfaces'
[0.401s] INFO:colcon.colcon_core.plugin_system:Skipping extension 'colcon_core.shell.bat': Not used on non-Windows systems
[0.401s] INFO:colcon.colcon_core.shell:Skip shell extension 'powershell' for command environment: Not usable outside of PowerShell
[0.401s] DEBUG:colcon.colcon_core.shell:Skip shell extension 'dsv' for command environment
[0.404s] INFO:colcon.colcon_ros.task.ament_cmake.build:Building ROS package in '/home/alves/ros2_ws/src/dep_example_cpp' with build type 'ament_cmake'
[0.404s] INFO:colcon.colcon_cmake.task.cmake.build:Building CMake package in '/home/alves/ros2_ws/src/dep_example_cpp'
[0.404s] INFO:colcon.colcon_core.shell:Skip shell extension 'powershell' for command environment: Not usable outside of PowerShell
[0.404s] DEBUG:colcon.colcon_core.shell:Skip shell extension 'dsv' for command environment
[0.406s] INFO:colcon.colcon_ros.task.ament_cmake.build:Building ROS package in '/home/alves/ros2_ws/src/robot_ras_decision' with build type 'ament_cmake'
[0.406s] INFO:colcon.colcon_cmake.task.cmake.build:Building CMake package in '/home/alves/ros2_ws/src/robot_ras_decision'
[0.406s] INFO:colcon.colcon_core.shell:Skip shell extension 'powershell' for command environment: Not usable outside of PowerShell
[0.406s] DEBUG:colcon.colcon_core.shell:Skip shell extension 'dsv' for command environment
[0.408s] INFO:colcon.colcon_ros.task.ament_cmake.build:Building ROS package in '/home/alves/ros2_ws/src/ras_robot_simulation' with build type 'ament_cmake'
[0.408s] INFO:colcon.colcon_cmake.task.cmake.build:Building CMake package in '/home/alves/ros2_ws/src/ras_robot_simulation'
[0.408s] INFO:colcon.colcon_core.shell:Skip shell extension 'powershell' for command environment: Not usable outside of PowerShell
[0.408s] DEBUG:colcon.colcon_core.shell:Skip shell extension 'dsv' for command environment
[0.413s] DEBUG:colcon.colcon_core.event_handler.log_command:Invoking command in '/home/alves/ros2_ws/build/count_interfaces': CMAKE_PREFIX_PATH=/opt/ros/humble /usr/bin/cmake --build /home/alves/ros2_ws/build/count_interfaces -- -j16 -l16
[0.419s] DEBUG:colcon.colcon_core.event_handler.log_command:Invoking command in '/home/alves/ros2_ws/build/dep_example_cpp': CMAKE_PREFIX_PATH=/opt/ros/humble /usr/bin/cmake --build /home/alves/ros2_ws/build/dep_example_cpp -- -j16 -l16
[0.422s] DEBUG:colcon.colcon_core.event_handler.log_command:Invoking command in '/home/alves/ros2_ws/build/robot_ras_decision': CMAKE_PREFIX_PATH=/opt/ros/humble /usr/bin/cmake --build /home/alves/ros2_ws/build/robot_ras_decision -- -j16 -l16
[0.426s] DEBUG:colcon.colcon_core.event_handler.log_command:Invoking command in '/home/alves/ros2_ws/build/robot_ras_ros': CMAKE_PREFIX_PATH=/opt/ros/humble /usr/bin/cmake --build /home/alves/ros2_ws/build/robot_ras_ros -- -j16 -l16
[0.474s] DEBUG:colcon.colcon_core.event_handler.log_command:Invoked command in '/home/alves/ros2_ws/build/dep_example_cpp' returned '0': CMAKE_PREFIX_PATH=/opt/ros/humble /usr/bin/cmake --build /home/alves/ros2_ws/build/dep_example_cpp -- -j16 -l16
[0.497s] DEBUG:colcon.colcon_core.event_handler.log_command:Invoking command in '/home/alves/ros2_ws/build/dep_example_cpp': CMAKE_PREFIX_PATH=/opt/ros/humble /usr/bin/cmake --install /home/alves/ros2_ws/build/dep_example_cpp
[0.512s] DEBUG:colcon.colcon_core.event_handler.log_command:Invoked command in '/home/alves/ros2_ws/build/robot_ras_ros' returned '0': CMAKE_PREFIX_PATH=/opt/ros/humble /usr/bin/cmake --build /home/alves/ros2_ws/build/robot_ras_ros -- -j16 -l16
[0.516s] DEBUG:colcon.colcon_core.event_handler.log_command:Invoking command in '/home/alves/ros2_ws/build/robot_ras_ros': CMAKE_PREFIX_PATH=/opt/ros/humble /usr/bin/cmake --install /home/alves/ros2_ws/build/robot_ras_ros
[0.517s] Level 1:colcon.colcon_core.environment:create_environment_scripts_only(dep_example_cpp)
[0.518s] DEBUG:colcon.colcon_core.event_handler.log_command:Invoked command in '/home/alves/ros2_ws/build/dep_example_cpp' returned '0': CMAKE_PREFIX_PATH=/opt/ros/humble /usr/bin/cmake --install /home/alves/ros2_ws/build/dep_example_cpp
[0.529s] Level 1:colcon.colcon_core.environment:checking '/home/alves/ros2_ws/install/dep_example_cpp' for CMake module files
[0.531s] Level 1:colcon.colcon_core.environment:checking '/home/alves/ros2_ws/install/dep_example_cpp' for CMake config files
[0.533s] Level 1:colcon.colcon_core.shell:create_environment_hook('dep_example_cpp', 'cmake_prefix_path')
[0.533s] INFO:colcon.colcon_core.shell:Creating environment hook '/home/alves/ros2_ws/install/dep_example_cpp/share/dep_example_cpp/hook/cmake_prefix_path.ps1'
[0.535s] INFO:colcon.colcon_core.shell:Creating environment descriptor '/home/alves/ros2_ws/install/dep_example_cpp/share/dep_example_cpp/hook/cmake_prefix_path.dsv'
[0.536s] INFO:colcon.colcon_core.shell:Creating environment hook '/home/alves/ros2_ws/install/dep_example_cpp/share/dep_example_cpp/hook/cmake_prefix_path.sh'
[0.537s] Level 1:colcon.colcon_core.environment:checking '/home/alves/ros2_ws/install/dep_example_cpp/bin'
[0.537s] Level 1:colcon.colcon_core.environment:checking '/home/alves/ros2_ws/install/dep_example_cpp/lib/pkgconfig/dep_example_cpp.pc'
[0.537s] Level 1:colcon.colcon_core.environment:checking '/home/alves/ros2_ws/install/dep_example_cpp/lib/python3.10/site-packages'
[0.537s] Level 1:colcon.colcon_core.environment:checking '/home/alves/ros2_ws/install/dep_example_cpp/bin'
[0.537s] INFO:colcon.colcon_core.shell:Creating package script '/home/alves/ros2_ws/install/dep_example_cpp/share/dep_example_cpp/package.ps1'
[0.538s] INFO:colcon.colcon_core.shell:Creating package descriptor '/home/alves/ros2_ws/install/dep_example_cpp/share/dep_example_cpp/package.dsv'
[0.538s] INFO:colcon.colcon_core.shell:Creating package script '/home/alves/ros2_ws/install/dep_example_cpp/share/dep_example_cpp/package.sh'
[0.539s] INFO:colcon.colcon_core.shell:Creating package script '/home/alves/ros2_ws/install/dep_example_cpp/share/dep_example_cpp/package.bash'
[0.540s] INFO:colcon.colcon_core.shell:Creating package script '/home/alves/ros2_ws/install/dep_example_cpp/share/dep_example_cpp/package.zsh'
[0.541s] Level 1:colcon.colcon_core.environment:create_file_with_runtime_dependencies(/home/alves/ros2_ws/install/dep_example_cpp/share/colcon-core/packages/dep_example_cpp)
[0.542s] Level 1:colcon.colcon_core.environment:create_environment_scripts_only(dep_example_cpp)
[0.542s] Level 1:colcon.colcon_core.environment:checking '/home/alves/ros2_ws/install/dep_example_cpp' for CMake module files
[0.542s] Level 1:colcon.colcon_core.environment:checking '/home/alves/ros2_ws/install/dep_example_cpp' for CMake config files
[0.542s] Level 1:colcon.colcon_core.shell:create_environment_hook('dep_example_cpp', 'cmake_prefix_path')
[0.542s] INFO:colcon.colcon_core.shell:Creating environment hook '/home/alves/ros2_ws/install/dep_example_cpp/share/dep_example_cpp/hook/cmake_prefix_path.ps1'
[0.543s] INFO:colcon.colcon_core.shell:Creating environment descriptor '/home/alves/ros2_ws/install/dep_example_cpp/share/dep_example_cpp/hook/cmake_prefix_path.dsv'
[0.543s] INFO:colcon.colcon_core.shell:Creating environment hook '/home/alves/ros2_ws/install/dep_example_cpp/share/dep_example_cpp/hook/cmake_prefix_path.sh'
[0.543s] Level 1:colcon.colcon_core.environment:checking '/home/alves/ros2_ws/install/dep_example_cpp/bin'
[0.543s] Level 1:colcon.colcon_core.environment:checking '/home/alves/ros2_ws/install/dep_example_cpp/lib/pkgconfig/dep_example_cpp.pc'
[0.543s] Level 1:colcon.colcon_core.environment:checking '/home/alves/ros2_ws/install/dep_example_cpp/lib/python3.10/site-packages'
[0.544s] Level 1:colcon.colcon_core.environment:checking '/home/alves/ros2_ws/install/dep_example_cpp/bin'
[0.544s] INFO:colcon.colcon_core.shell:Creating package script '/home/alves/ros2_ws/install/dep_example_cpp/share/dep_example_cpp/package.ps1'
[0.544s] INFO:colcon.colcon_core.shell:Creating package descriptor '/home/alves/ros2_ws/install/dep_example_cpp/share/dep_example_cpp/package.dsv'
[0.544s] INFO:colcon.colcon_core.shell:Creating package script '/home/alves/ros2_ws/install/dep_example_cpp/share/dep_example_cpp/package.sh'
[0.545s] INFO:colcon.colcon_core.shell:Creating package script '/home/alves/ros2_ws/install/dep_example_cpp/share/dep_example_cpp/package.bash'
[0.545s] INFO:colcon.colcon_core.shell:Creating package script '/home/alves/ros2_ws/install/dep_example_cpp/share/dep_example_cpp/package.zsh'
[0.545s] Level 1:colcon.colcon_core.environment:create_file_with_runtime_dependencies(/home/alves/ros2_ws/install/dep_example_cpp/share/colcon-core/packages/dep_example_cpp)
[0.546s] Level 1:colcon.colcon_core.environment:create_environment_scripts_only(robot_ras_ros)
[0.546s] Level 1:colcon.colcon_core.environment:checking '/home/alves/ros2_ws/install/robot_ras_ros' for CMake module files
[0.546s] DEBUG:colcon.colcon_core.event_handler.log_command:Invoked command in '/home/alves/ros2_ws/build/robot_ras_ros' returned '0': CMAKE_PREFIX_PATH=/opt/ros/humble /usr/bin/cmake --install /home/alves/ros2_ws/build/robot_ras_ros
[0.547s] Level 1:colcon.colcon_core.environment:checking '/home/alves/ros2_ws/install/robot_ras_ros' for CMake config files
[0.548s] Level 1:colcon.colcon_core.shell:create_environment_hook('robot_ras_ros', 'cmake_prefix_path')
[0.548s] INFO:colcon.colcon_core.shell:Creating environment hook '/home/alves/ros2_ws/install/robot_ras_ros/share/robot_ras_ros/hook/cmake_prefix_path.ps1'
[0.548s] INFO:colcon.colcon_core.shell:Creating environment descriptor '/home/alves/ros2_ws/install/robot_ras_ros/share/robot_ras_ros/hook/cmake_prefix_path.dsv'
[0.549s] INFO:colcon.colcon_core.shell:Creating environment hook '/home/alves/ros2_ws/install/robot_ras_ros/share/robot_ras_ros/hook/cmake_prefix_path.sh'
[0.549s] Level 1:colcon.colcon_core.environment:checking '/home/alves/ros2_ws/install/robot_ras_ros/bin'
[0.549s] Level 1:colcon.colcon_core.environment:checking '/home/alves/ros2_ws/install/robot_ras_ros/lib/pkgconfig/robot_ras_ros.pc'
[0.549s] Level 1:colcon.colcon_core.environment:checking '/home/alves/ros2_ws/install/robot_ras_ros/lib/python3.10/site-packages'
[0.549s] Level 1:colcon.colcon_core.environment:checking '/home/alves/ros2_ws/install/robot_ras_ros/bin'
[0.549s] INFO:colcon.colcon_core.shell:Creating package script '/home/alves/ros2_ws/install/robot_ras_ros/share/robot_ras_ros/package.ps1'
[0.550s] INFO:colcon.colcon_core.shell:Creating package descriptor '/home/alves/ros2_ws/install/robot_ras_ros/share/robot_ras_ros/package.dsv'
[0.550s] INFO:colcon.colcon_core.shell:Creating package script '/home/alves/ros2_ws/install/robot_ras_ros/share/robot_ras_ros/package.sh'
[0.550s] INFO:colcon.colcon_core.shell:Creating package script '/home/alves/ros2_ws/install/robot_ras_ros/share/robot_ras_ros/package.bash'
[0.550s] INFO:colcon.colcon_core.shell:Creating package script '/home/alves/ros2_ws/install/robot_ras_ros/share/robot_ras_ros/package.zsh'
[0.551s] Level 1:colcon.colcon_core.environment:create_file_with_runtime_dependencies(/home/alves/ros2_ws/install/robot_ras_ros/share/colcon-core/packages/robot_ras_ros)
[0.551s] Level 1:colcon.colcon_core.environment:create_environment_scripts_only(robot_ras_ros)
[0.551s] Level 1:colcon.colcon_core.environment:checking '/home/alves/ros2_ws/install/robot_ras_ros' for CMake module files
[0.551s] Level 1:colcon.colcon_core.environment:checking '/home/alves/ros2_ws/install/robot_ras_ros' for CMake config files
[0.552s] Level 1:colcon.colcon_core.shell:create_environment_hook('robot_ras_ros', 'cmake_prefix_path')
[0.552s] INFO:colcon.colcon_core.shell:Creating environment hook '/home/alves/ros2_ws/install/robot_ras_ros/share/robot_ras_ros/hook/cmake_prefix_path.ps1'
[0.552s] INFO:colcon.colcon_core.shell:Creating environment descriptor '/home/alves/ros2_ws/install/robot_ras_ros/share/robot_ras_ros/hook/cmake_prefix_path.dsv'
[0.552s] INFO:colcon.colcon_core.shell:Creating environment hook '/home/alves/ros2_ws/install/robot_ras_ros/share/robot_ras_ros/hook/cmake_prefix_path.sh'
[0.552s] Level 1:colcon.colcon_core.environment:checking '/home/alves/ros2_ws/install/robot_ras_ros/bin'
[0.553s] Level 1:colcon.colcon_core.environment:checking '/home/alves/ros2_ws/install/robot_ras_ros/lib/pkgconfig/robot_ras_ros.pc'
[0.553s] Level 1:colcon.colcon_core.environment:checking '/home/alves/ros2_ws/install/robot_ras_ros/lib/python3.10/site-packages'
[0.553s] Level 1:colcon.colcon_core.environment:checking '/home/alves/ros2_ws/install/robot_ras_ros/bin'
[0.553s] INFO:colcon.colcon_core.shell:Creating package script '/home/alves/ros2_ws/install/robot_ras_ros/share/robot_ras_ros/package.ps1'
[0.553s] INFO:colcon.colcon_core.shell:Creating package descriptor '/home/alves/ros2_ws/install/robot_ras_ros/share/robot_ras_ros/package.dsv'
[0.553s] INFO:colcon.colcon_core.shell:Creating package script '/home/alves/ros2_ws/install/robot_ras_ros/share/robot_ras_ros/package.sh'
[0.554s] INFO:colcon.colcon_core.shell:Creating package script '/home/alves/ros2_ws/install/robot_ras_ros/share/robot_ras_ros/package.bash'
[0.554s] INFO:colcon.colcon_core.shell:Creating package script '/home/alves/ros2_ws/install/robot_ras_ros/share/robot_ras_ros/package.zsh'
[0.554s] Level 1:colcon.colcon_core.environment:create_file_with_runtime_dependencies(/home/alves/ros2_ws/install/robot_ras_ros/share/colcon-core/packages/robot_ras_ros)
[0.712s] DEBUG:colcon.colcon_core.event_handler.log_command:Invoked command in '/home/alves/ros2_ws/build/count_interfaces' returned '0': CMAKE_PREFIX_PATH=/opt/ros/humble /usr/bin/cmake --build /home/alves/ros2_ws/build/count_interfaces -- -j16 -l16
[0.715s] DEBUG:colcon.colcon_core.event_handler.log_command:Invoking command in '/home/alves/ros2_ws/build/count_interfaces': CMAKE_PREFIX_PATH=/opt/ros/humble /usr/bin/cmake --install /home/alves/ros2_ws/build/count_interfaces
[0.758s] Level 1:colcon.colcon_core.environment:create_environment_scripts_only(count_interfaces)
[0.759s] Level 1:colcon.colcon_core.environment:checking '/home/alves/ros2_ws/install/count_interfaces' for CMake module files
[0.759s] DEBUG:colcon.colcon_core.event_handler.log_command:Invoked command in '/home/alves/ros2_ws/build/count_interfaces' returned '0': CMAKE_PREFIX_PATH=/opt/ros/humble /usr/bin/cmake --install /home/alves/ros2_ws/build/count_interfaces
[0.760s] Level 1:colcon.colcon_core.environment:checking '/home/alves/ros2_ws/install/count_interfaces' for CMake config files
[0.761s] Level 1:colcon.colcon_core.shell:create_environment_hook('count_interfaces', 'cmake_prefix_path')
[0.762s] INFO:colcon.colcon_core.shell:Creating environment hook '/home/alves/ros2_ws/install/count_interfaces/share/count_interfaces/hook/cmake_prefix_path.ps1'
[0.762s] INFO:colcon.colcon_core.shell:Creating environment descriptor '/home/alves/ros2_ws/install/count_interfaces/share/count_interfaces/hook/cmake_prefix_path.dsv'
[0.762s] INFO:colcon.colcon_core.shell:Creating environment hook '/home/alves/ros2_ws/install/count_interfaces/share/count_interfaces/hook/cmake_prefix_path.sh'
[0.763s] Level 1:colcon.colcon_core.environment:checking '/home/alves/ros2_ws/install/count_interfaces/lib'
[0.763s] Level 1:colcon.colcon_core.shell:create_environment_hook('count_interfaces', 'ld_library_path_lib')
[0.763s] INFO:colcon.colcon_core.shell:Creating environment hook '/home/alves/ros2_ws/install/count_interfaces/share/count_interfaces/hook/ld_library_path_lib.ps1'
[0.763s] INFO:colcon.colcon_core.shell:Creating environment descriptor '/home/alves/ros2_ws/install/count_interfaces/share/count_interfaces/hook/ld_library_path_lib.dsv'
[0.763s] INFO:colcon.colcon_core.shell:Creating environment hook '/home/alves/ros2_ws/install/count_interfaces/share/count_interfaces/hook/ld_library_path_lib.sh'
[0.763s] Level 1:colcon.colcon_core.environment:checking '/home/alves/ros2_ws/install/count_interfaces/bin'
[0.764s] Level 1:colcon.colcon_core.environment:checking '/home/alves/ros2_ws/install/count_interfaces/lib/pkgconfig/count_interfaces.pc'
[0.764s] Level 1:colcon.colcon_core.environment:checking '/home/alves/ros2_ws/install/count_interfaces/lib/python3.10/site-packages'
[0.764s] Level 1:colcon.colcon_core.environment:checking '/home/alves/ros2_ws/install/count_interfaces/bin'
[0.764s] INFO:colcon.colcon_core.shell:Creating package script '/home/alves/ros2_ws/install/count_interfaces/share/count_interfaces/package.ps1'
[0.764s] INFO:colcon.colcon_core.shell:Creating package descriptor '/home/alves/ros2_ws/install/count_interfaces/share/count_interfaces/package.dsv'
[0.765s] INFO:colcon.colcon_core.shell:Creating package script '/home/alves/ros2_ws/install/count_interfaces/share/count_interfaces/package.sh'
[0.765s] INFO:colcon.colcon_core.shell:Creating package script '/home/alves/ros2_ws/install/count_interfaces/share/count_interfaces/package.bash'
[0.765s] INFO:colcon.colcon_core.shell:Creating package script '/home/alves/ros2_ws/install/count_interfaces/share/count_interfaces/package.zsh'
[0.765s] Level 1:colcon.colcon_core.environment:create_file_with_runtime_dependencies(/home/alves/ros2_ws/install/count_interfaces/share/colcon-core/packages/count_interfaces)
[0.766s] Level 1:colcon.colcon_core.environment:create_environment_scripts_only(count_interfaces)
[0.766s] Level 1:colcon.colcon_core.environment:checking '/home/alves/ros2_ws/install/count_interfaces' for CMake module files
[0.766s] Level 1:colcon.colcon_core.environment:checking '/home/alves/ros2_ws/install/count_interfaces' for CMake config files
[0.766s] Level 1:colcon.colcon_core.shell:create_environment_hook('count_interfaces', 'cmake_prefix_path')
[0.766s] INFO:colcon.colcon_core.shell:Creating environment hook '/home/alves/ros2_ws/install/count_interfaces/share/count_interfaces/hook/cmake_prefix_path.ps1'
[0.767s] INFO:colcon.colcon_core.shell:Creating environment descriptor '/home/alves/ros2_ws/install/count_interfaces/share/count_interfaces/hook/cmake_prefix_path.dsv'
[0.767s] INFO:colcon.colcon_core.shell:Creating environment hook '/home/alves/ros2_ws/install/count_interfaces/share/count_interfaces/hook/cmake_prefix_path.sh'
[0.767s] Level 1:colcon.colcon_core.environment:checking '/home/alves/ros2_ws/install/count_interfaces/lib'
[0.767s] Level 1:colcon.colcon_core.shell:create_environment_hook('count_interfaces', 'ld_library_path_lib')
[0.767s] INFO:colcon.colcon_core.shell:Creating environment hook '/home/alves/ros2_ws/install/count_interfaces/share/count_interfaces/hook/ld_library_path_lib.ps1'
[0.768s] INFO:colcon.colcon_core.shell:Creating environment descriptor '/home/alves/ros2_ws/install/count_interfaces/share/count_interfaces/hook/ld_library_path_lib.dsv'
[0.768s] INFO:colcon.colcon_core.shell:Creating environment hook '/home/alves/ros2_ws/install/count_interfaces/share/count_interfaces/hook/ld_library_path_lib.sh'
[0.768s] Level 1:colcon.colcon_core.environment:checking '/home/alves/ros2_ws/install/count_interfaces/bin'
[0.768s] Level 1:colcon.colcon_core.environment:checking '/home/alves/ros2_ws/install/count_interfaces/lib/pkgconfig/count_interfaces.pc'
[0.768s] Level 1:colcon.colcon_core.environment:checking '/home/alves/ros2_ws/install/count_interfaces/lib/python3.10/site-packages'
[0.768s] Level 1:colcon.colcon_core.environment:checking '/home/alves/ros2_ws/install/count_interfaces/bin'
[0.769s] INFO:colcon.colcon_core.shell:Creating package script '/home/alves/ros2_ws/install/count_interfaces/share/count_interfaces/package.ps1'
[0.769s] INFO:colcon.colcon_core.shell:Creating package descriptor '/home/alves/ros2_ws/install/count_interfaces/share/count_interfaces/package.dsv'
[0.769s] INFO:colcon.colcon_core.shell:Creating package script '/home/alves/ros2_ws/install/count_interfaces/share/count_interfaces/package.sh'
[0.769s] INFO:colcon.colcon_core.shell:Creating package script '/home/alves/ros2_ws/install/count_interfaces/share/count_interfaces/package.bash'
[0.770s] INFO:colcon.colcon_core.shell:Creating package script '/home/alves/ros2_ws/install/count_interfaces/share/count_interfaces/package.zsh'
[0.770s] Level 1:colcon.colcon_core.environment:create_file_with_runtime_dependencies(/home/alves/ros2_ws/install/count_interfaces/share/colcon-core/packages/count_interfaces)
[0.770s] INFO:colcon.colcon_ros.task.ament_cmake.build:Building ROS package in '/home/alves/ros2_ws/src/count_action_cpp' with build type 'ament_cmake'
[0.770s] INFO:colcon.colcon_cmake.task.cmake.build:Building CMake package in '/home/alves/ros2_ws/src/count_action_cpp'
[0.770s] INFO:colcon.colcon_core.shell:Skip shell extension 'powershell' for command environment: Not usable outside of PowerShell
[0.770s] DEBUG:colcon.colcon_core.shell:Skip shell extension 'dsv' for command environment
[0.779s] DEBUG:colcon.colcon_core.event_handler.log_command:Invoking command in '/home/alves/ros2_ws/build/count_action_cpp': AMENT_PREFIX_PATH=/home/alves/ros2_ws/install/count_interfaces:${AMENT_PREFIX_PATH} CMAKE_PREFIX_PATH=/home/alves/ros2_ws/install/count_interfaces:/opt/ros/humble LD_LIBRARY_PATH=/home/alves/ros2_ws/install/count_interfaces/lib:${LD_LIBRARY_PATH} PYTHONPATH=/home/alves/ros2_ws/install/count_interfaces/local/lib/python3.10/dist-packages:${PYTHONPATH} /usr/bin/cmake --build /home/alves/ros2_ws/build/count_action_cpp -- -j16 -l16
[0.838s] DEBUG:colcon.colcon_core.event_handler.log_command:Invoked command in '/home/alves/ros2_ws/build/count_action_cpp' returned '0': AMENT_PREFIX_PATH=/home/alves/ros2_ws/install/count_interfaces:${AMENT_PREFIX_PATH} CMAKE_PREFIX_PATH=/home/alves/ros2_ws/install/count_interfaces:/opt/ros/humble LD_LIBRARY_PATH=/home/alves/ros2_ws/install/count_interfaces/lib:${LD_LIBRARY_PATH} PYTHONPATH=/home/alves/ros2_ws/install/count_interfaces/local/lib/python3.10/dist-packages:${PYTHONPATH} /usr/bin/cmake --build /home/alves/ros2_ws/build/count_action_cpp -- -j16 -l16
[0.839s] DEBUG:colcon.colcon_core.event_handler.log_command:Invoking command in '/home/alves/ros2_ws/build/count_action_cpp': AMENT_PREFIX_PATH=/home/alves/ros2_ws/install/count_interfaces:${AMENT_PREFIX_PATH} CMAKE_PREFIX_PATH=/home/alves/ros2_ws/install/count_interfaces:/opt/ros/humble LD_LIBRARY_PATH=/home/alves/ros2_ws/install/count_interfaces/lib:${LD_LIBRARY_PATH} PYTHONPATH=/home/alves/ros2_ws/install/count_interfaces/local/lib/python3.10/dist-packages:${PYTHONPATH} /usr/bin/cmake --install /home/alves/ros2_ws/build/count_action_cpp
[0.848s] Level 1:colcon.colcon_core.environment:create_environment_scripts_only(count_action_cpp)
[0.848s] Level 1:colcon.colcon_core.environment:checking '/home/alves/ros2_ws/install/count_action_cpp' for CMake module files
[0.849s] DEBUG:colcon.colcon_core.event_handler.log_command:Invoked command in '/home/alves/ros2_ws/build/count_action_cpp' returned '0': AMENT_PREFIX_PATH=/home/alves/ros2_ws/install/count_interfaces:${AMENT_PREFIX_PATH} CMAKE_PREFIX_PATH=/home/alves/ros2_ws/install/count_interfaces:/opt/ros/humble LD_LIBRARY_PATH=/home/alves/ros2_ws/install/count_interfaces/lib:${LD_LIBRARY_PATH} PYTHONPATH=/home/alves/ros2_ws/install/count_interfaces/local/lib/python3.10/dist-packages:${PYTHONPATH} /usr/bin/cmake --install /home/alves/ros2_ws/build/count_action_cpp
[0.849s] Level 1:colcon.colcon_core.environment:checking '/home/alves/ros2_ws/install/count_action_cpp' for CMake config files
[0.850s] Level 1:colcon.colcon_core.shell:create_environment_hook('count_action_cpp', 'cmake_prefix_path')
[0.850s] INFO:colcon.colcon_core.shell:Creating environment hook '/home/alves/ros2_ws/install/count_action_cpp/share/count_action_cpp/hook/cmake_prefix_path.ps1'
[0.851s] INFO:colcon.colcon_core.shell:Creating environment descriptor '/home/alves/ros2_ws/install/count_action_cpp/share/count_action_cpp/hook/cmake_prefix_path.dsv'
[0.851s] INFO:colcon.colcon_core.shell:Creating environment hook '/home/alves/ros2_ws/install/count_action_cpp/share/count_action_cpp/hook/cmake_prefix_path.sh'
[0.851s] Level 1:colcon.colcon_core.environment:checking '/home/alves/ros2_ws/install/count_action_cpp/lib'
[0.851s] Level 1:colcon.colcon_core.shell:create_environment_hook('count_action_cpp', 'ld_library_path_lib')
[0.851s] INFO:colcon.colcon_core.shell:Creating environment hook '/home/alves/ros2_ws/install/count_action_cpp/share/count_action_cpp/hook/ld_library_path_lib.ps1'
[0.852s] INFO:colcon.colcon_core.shell:Creating environment descriptor '/home/alves/ros2_ws/install/count_action_cpp/share/count_action_cpp/hook/ld_library_path_lib.dsv'
[0.852s] INFO:colcon.colcon_core.shell:Creating environment hook '/home/alves/ros2_ws/install/count_action_cpp/share/count_action_cpp/hook/ld_library_path_lib.sh'
[0.852s] Level 1:colcon.colcon_core.environment:checking '/home/alves/ros2_ws/install/count_action_cpp/bin'
[0.852s] Level 1:colcon.colcon_core.environment:checking '/home/alves/ros2_ws/install/count_action_cpp/lib/pkgconfig/count_action_cpp.pc'
[0.852s] Level 1:colcon.colcon_core.environment:checking '/home/alves/ros2_ws/install/count_action_cpp/lib/python3.10/site-packages'
[0.853s] Level 1:colcon.colcon_core.environment:checking '/home/alves/ros2_ws/install/count_action_cpp/bin'
[0.853s] INFO:colcon.colcon_core.shell:Creating package script '/home/alves/ros2_ws/install/count_action_cpp/share/count_action_cpp/package.ps1'
[0.853s] INFO:colcon.colcon_core.shell:Creating package descriptor '/home/alves/ros2_ws/install/count_action_cpp/share/count_action_cpp/package.dsv'
[0.854s] INFO:colcon.colcon_core.shell:Creating package script '/home/alves/ros2_ws/install/count_action_cpp/share/count_action_cpp/package.sh'
[0.854s] INFO:colcon.colcon_core.shell:Creating package script '/home/alves/ros2_ws/install/count_action_cpp/share/count_action_cpp/package.bash'
[0.854s] INFO:colcon.colcon_core.shell:Creating package script '/home/alves/ros2_ws/install/count_action_cpp/share/count_action_cpp/package.zsh'
[0.855s] Level 1:colcon.colcon_core.environment:create_file_with_runtime_dependencies(/home/alves/ros2_ws/install/count_action_cpp/share/colcon-core/packages/count_action_cpp)
[0.855s] Level 1:colcon.colcon_core.environment:create_environment_scripts_only(count_action_cpp)
[0.855s] Level 1:colcon.colcon_core.environment:checking '/home/alves/ros2_ws/install/count_action_cpp' for CMake module files
[0.855s] Level 1:colcon.colcon_core.environment:checking '/home/alves/ros2_ws/install/count_action_cpp' for CMake config files
[0.856s] Level 1:colcon.colcon_core.shell:create_environment_hook('count_action_cpp', 'cmake_prefix_path')
[0.856s] INFO:colcon.colcon_core.shell:Creating environment hook '/home/alves/ros2_ws/install/count_action_cpp/share/count_action_cpp/hook/cmake_prefix_path.ps1'
[0.856s] INFO:colcon.colcon_core.shell:Creating environment descriptor '/home/alves/ros2_ws/install/count_action_cpp/share/count_action_cpp/hook/cmake_prefix_path.dsv'
[0.856s] INFO:colcon.colcon_core.shell:Creating environment hook '/home/alves/ros2_ws/install/count_action_cpp/share/count_action_cpp/hook/cmake_prefix_path.sh'
[0.857s] Level 1:colcon.colcon_core.environment:checking '/home/alves/ros2_ws/install/count_action_cpp/lib'
[0.857s] Level 1:colcon.colcon_core.shell:create_environment_hook('count_action_cpp', 'ld_library_path_lib')
[0.857s] INFO:colcon.colcon_core.shell:Creating environment hook '/home/alves/ros2_ws/install/count_action_cpp/share/count_action_cpp/hook/ld_library_path_lib.ps1'
[0.857s] INFO:colcon.colcon_core.shell:Creating environment descriptor '/home/alves/ros2_ws/install/count_action_cpp/share/count_action_cpp/hook/ld_library_path_lib.dsv'
[0.857s] INFO:colcon.colcon_core.shell:Creating environment hook '/home/alves/ros2_ws/install/count_action_cpp/share/count_action_cpp/hook/ld_library_path_lib.sh'
[0.857s] Level 1:colcon.colcon_core.environment:checking '/home/alves/ros2_ws/install/count_action_cpp/bin'
[0.857s] Level 1:colcon.colcon_core.environment:checking '/home/alves/ros2_ws/install/count_action_cpp/lib/pkgconfig/count_action_cpp.pc'
[0.858s] Level 1:colcon.colcon_core.environment:checking '/home/alves/ros2_ws/install/count_action_cpp/lib/python3.10/site-packages'
[0.858s] Level 1:colcon.colcon_core.environment:checking '/home/alves/ros2_ws/install/count_action_cpp/bin'
[0.858s] INFO:colcon.colcon_core.shell:Creating package script '/home/alves/ros2_ws/install/count_action_cpp/share/count_action_cpp/package.ps1'
[0.858s] INFO:colcon.colcon_core.shell:Creating package descriptor '/home/alves/ros2_ws/install/count_action_cpp/share/count_action_cpp/package.dsv'
[0.859s] INFO:colcon.colcon_core.shell:Creating package script '/home/alves/ros2_ws/install/count_action_cpp/share/count_action_cpp/package.sh'
[0.859s] INFO:colcon.colcon_core.shell:Creating package script '/home/alves/ros2_ws/install/count_action_cpp/share/count_action_cpp/package.bash'
[0.859s] INFO:colcon.colcon_core.shell:Creating package script '/home/alves/ros2_ws/install/count_action_cpp/share/count_action_cpp/package.zsh'
[0.859s] Level 1:colcon.colcon_core.environment:create_file_with_runtime_dependencies(/home/alves/ros2_ws/install/count_action_cpp/share/colcon-core/packages/count_action_cpp)
[0.983s] DEBUG:colcon.colcon_core.event_handler.log_command:Invoked command in '/home/alves/ros2_ws/build/robot_ras_decision' returned '2': CMAKE_PREFIX_PATH=/opt/ros/humble /usr/bin/cmake --build /home/alves/ros2_ws/build/robot_ras_decision -- -j16 -l16
[0.984s] Level 1:colcon.colcon_core.environment:create_environment_scripts_only(robot_ras_decision)
[0.984s] Level 1:colcon.colcon_core.environment:checking '/home/alves/ros2_ws/install/robot_ras_decision' for CMake module files
[0.986s] Level 1:colcon.colcon_core.environment:checking '/home/alves/ros2_ws/install/robot_ras_decision' for CMake config files
[0.987s] Level 1:colcon.colcon_core.shell:create_environment_hook('robot_ras_decision', 'cmake_prefix_path')
[0.987s] INFO:colcon.colcon_core.shell:Creating environment hook '/home/alves/ros2_ws/install/robot_ras_decision/share/robot_ras_decision/hook/cmake_prefix_path.ps1'
[0.988s] INFO:colcon.colcon_core.shell:Creating environment descriptor '/home/alves/ros2_ws/install/robot_ras_decision/share/robot_ras_decision/hook/cmake_prefix_path.dsv'
[0.988s] INFO:colcon.colcon_core.shell:Creating environment hook '/home/alves/ros2_ws/install/robot_ras_decision/share/robot_ras_decision/hook/cmake_prefix_path.sh'
[0.988s] Level 1:colcon.colcon_core.environment:checking '/home/alves/ros2_ws/install/robot_ras_decision/lib'
[0.988s] Level 1:colcon.colcon_core.shell:create_environment_hook('robot_ras_decision', 'ld_library_path_lib')
[0.988s] INFO:colcon.colcon_core.shell:Creating environment hook '/home/alves/ros2_ws/install/robot_ras_decision/share/robot_ras_decision/hook/ld_library_path_lib.ps1'
[0.989s] INFO:colcon.colcon_core.shell:Creating environment descriptor '/home/alves/ros2_ws/install/robot_ras_decision/share/robot_ras_decision/hook/ld_library_path_lib.dsv'
[0.989s] INFO:colcon.colcon_core.shell:Creating environment hook '/home/alves/ros2_ws/install/robot_ras_decision/share/robot_ras_decision/hook/ld_library_path_lib.sh'
[0.989s] Level 1:colcon.colcon_core.environment:checking '/home/alves/ros2_ws/install/robot_ras_decision/bin'
[0.989s] Level 1:colcon.colcon_core.environment:checking '/home/alves/ros2_ws/install/robot_ras_decision/lib/pkgconfig/robot_ras_decision.pc'
[0.989s] Level 1:colcon.colcon_core.environment:checking '/home/alves/ros2_ws/install/robot_ras_decision/lib/python3.10/site-packages'
[0.989s] Level 1:colcon.colcon_core.environment:checking '/home/alves/ros2_ws/install/robot_ras_decision/bin'
[0.990s] INFO:colcon.colcon_core.shell:Creating package script '/home/alves/ros2_ws/install/robot_ras_decision/share/robot_ras_decision/package.ps1'
[0.990s] INFO:colcon.colcon_core.shell:Creating package descriptor '/home/alves/ros2_ws/install/robot_ras_decision/share/robot_ras_decision/package.dsv'
[0.990s] INFO:colcon.colcon_core.shell:Creating package script '/home/alves/ros2_ws/install/robot_ras_decision/share/robot_ras_decision/package.sh'
[0.990s] INFO:colcon.colcon_core.shell:Creating package script '/home/alves/ros2_ws/install/robot_ras_decision/share/robot_ras_decision/package.bash'
[0.991s] INFO:colcon.colcon_core.shell:Creating package script '/home/alves/ros2_ws/install/robot_ras_decision/share/robot_ras_decision/package.zsh'
[0.991s] Level 1:colcon.colcon_core.environment:create_file_with_runtime_dependencies(/home/alves/ros2_ws/install/robot_ras_decision/share/colcon-core/packages/robot_ras_decision)
[1.001s] DEBUG:colcon.colcon_parallel_executor.executor.parallel:closing loop
[1.001s] DEBUG:colcon.colcon_parallel_executor.executor.parallel:loop closed
[1.001s] DEBUG:colcon.colcon_parallel_executor.executor.parallel:run_until_complete finished with '2'
[1.001s] DEBUG:colcon.colcon_core.event_reactor:joining thread
[1.006s] INFO:colcon.colcon_core.plugin_system:Skipping extension 'colcon_notification.desktop_notification.terminal_notifier': Not used on non-Darwin systems
[1.007s] INFO:colcon.colcon_core.plugin_system:Skipping extension 'colcon_notification.desktop_notification.win32': Not used on non-Windows systems
[1.007s] INFO:colcon.colcon_notification.desktop_notification:Sending desktop notification using 'notify2'
[1.019s] DEBUG:colcon.colcon_core.event_reactor:joined thread
[1.019s] INFO:colcon.colcon_core.shell:Creating prefix script '/home/alves/ros2_ws/install/local_setup.ps1'
[1.020s] INFO:colcon.colcon_core.shell:Creating prefix util module '/home/alves/ros2_ws/install/_local_setup_util_ps1.py'
[1.021s] INFO:colcon.colcon_core.shell:Creating prefix chain script '/home/alves/ros2_ws/install/setup.ps1'
[1.023s] INFO:colcon.colcon_core.shell:Creating prefix script '/home/alves/ros2_ws/install/local_setup.sh'
[1.023s] INFO:colcon.colcon_core.shell:Creating prefix util module '/home/alves/ros2_ws/install/_local_setup_util_sh.py'
[1.024s] INFO:colcon.colcon_core.shell:Creating prefix chain script '/home/alves/ros2_ws/install/setup.sh'
[1.024s] INFO:colcon.colcon_core.shell:Creating prefix script '/home/alves/ros2_ws/install/local_setup.bash'
[1.025s] INFO:colcon.colcon_core.shell:Creating prefix chain script '/home/alves/ros2_ws/install/setup.bash'
[1.025s] INFO:colcon.colcon_core.shell:Creating prefix script '/home/alves/ros2_ws/install/local_setup.zsh'
[1.026s] INFO:colcon.colcon_core.shell:Creating prefix chain script '/home/alves/ros2_ws/install/setup.zsh'
