/usr/bin/ld: /usr/lib/gcc/x86_64-linux-gnu/11/../../../x86_64-linux-gnu/Scrt1.o: na função "_start":
(.text+0x1b): referência não definida para "main"
collect2: error: ld returned 1 exit status
gmake[2]: *** [CMakeFiles/CountClient.dir/build.make:177: CountClient] Erro 1
gmake[1]: *** [CMakeFiles/Makefile2:221: CMakeFiles/CountClient.dir/all] Erro 2
gmake[1]: ** Esperando que outros processos terminem.
[01m[K/home/alves/ros2_ws/src/count_action_cpp/src/count_server.cpp:[m[K In lambda function:
[01m[K/home/alves/ros2_ws/src/count_action_cpp/src/count_server.cpp:45:27:[m[K [01;31m[Kerror: [m[Krequest for member ‘[01m[Kclear[m[K’ in ‘[01m[K((std::__shared_ptr_access<count_interfaces::action::Count_Feedback_<std::allocator<void> >, __gnu_cxx::_S_atomic, false, false>*)(& feedback))->std::__shared_ptr_access<count_interfaces::action::Count_Feedback_<std::allocator<void> >, __gnu_cxx::_S_atomic, false, false>::operator->()->count_interfaces::action::Count_Feedback_<std::allocator<void> >::current[m[K’, which is of non-class type ‘[01m[Kcount_interfaces::action::Count_Feedback_<std::allocator<void> >::_current_type[m[K’ {aka ‘[01m[Kint[m[K’}
   45 |         feedback->current.[01;31m[Kclear[m[K();
      |                           [01;31m[K^~~~~[m[K
[01m[K/home/alves/ros2_ws/src/count_action_cpp/src/count_server.cpp:46:27:[m[K [01;31m[Kerror: [m[Krequest for member ‘[01m[Kpush_back[m[K’ in ‘[01m[K((std::__shared_ptr_access<count_interfaces::action::Count_Feedback_<std::allocator<void> >, __gnu_cxx::_S_atomic, false, false>*)(& feedback))->std::__shared_ptr_access<count_interfaces::action::Count_Feedback_<std::allocator<void> >, __gnu_cxx::_S_atomic, false, false>::operator->()->count_interfaces::action::Count_Feedback_<std::allocator<void> >::current[m[K’, which is of non-class type ‘[01m[Kcount_interfaces::action::Count_Feedback_<std::allocator<void> >::_current_type[m[K’ {aka ‘[01m[Kint[m[K’}
   46 |         feedback->current.[01;31m[Kpush_back[m[K(i);
      |                           [01;31m[K^~~~~~~~~[m[K
[01m[K/home/alves/ros2_ws/src/count_action_cpp/src/count_server.cpp:55:21:[m[K [01;31m[Kerror: [m[Krequest for member ‘[01m[Kclear[m[K’ in ‘[01m[K((std::__shared_ptr_access<count_interfaces::action::Count_Result_<std::allocator<void> >, __gnu_cxx::_S_atomic, false, false>*)(& result))->std::__shared_ptr_access<count_interfaces::action::Count_Result_<std::allocator<void> >, __gnu_cxx::_S_atomic, false, false>::operator->()->count_interfaces::action::Count_Result_<std::allocator<void> >::total[m[K’, which is of non-class type ‘[01m[Kcount_interfaces::action::Count_Result_<std::allocator<void> >::_total_type[m[K’ {aka ‘[01m[Kint[m[K’}
   55 |       result->total.[01;31m[Kclear[m[K();
      |                     [01;31m[K^~~~~[m[K
[01m[K/home/alves/ros2_ws/src/count_action_cpp/src/count_server.cpp:56:21:[m[K [01;31m[Kerror: [m[Krequest for member ‘[01m[Kpush_back[m[K’ in ‘[01m[K((std::__shared_ptr_access<count_interfaces::action::Count_Result_<std::allocator<void> >, __gnu_cxx::_S_atomic, false, false>*)(& result))->std::__shared_ptr_access<count_interfaces::action::Count_Result_<std::allocator<void> >, __gnu_cxx::_S_atomic, false, false>::operator->()->count_interfaces::action::Count_Result_<std::allocator<void> >::total[m[K’, which is of non-class type ‘[01m[Kcount_interfaces::action::Count_Result_<std::allocator<void> >::_total_type[m[K’ {aka ‘[01m[Kint[m[K’}
   56 |       result->total.[01;31m[Kpush_back[m[K(sum);
      |                     [01;31m[K^~~~~~~~~[m[K
[01m[K/home/alves/ros2_ws/src/count_action_cpp/src/count_server.cpp:[m[K In lambda function:
[01m[K/home/alves/ros2_ws/src/count_action_cpp/src/count_server.cpp:45:27:[m[K [01;31m[Kerror: [m[Krequest for member ‘[01m[Kclear[m[K’ in ‘[01m[K((std::__shared_ptr_access<count_interfaces::action::Count_Feedback_<std::allocator<void> >, __gnu_cxx::_S_atomic, false, false>*)(& feedback))->std::__shared_ptr_access<count_interfaces::action::Count_Feedback_<std::allocator<void> >, __gnu_cxx::_S_atomic, false, false>::operator->()->count_interfaces::action::Count_Feedback_<std::allocator<void> >::current[m[K’, which is of non-class type ‘[01m[Kcount_interfaces::action::Count_Feedback_<std::allocator<void> >::_current_type[m[K’ {aka ‘[01m[Kint[m[K’}
   45 |         feedback->current.[01;31m[Kclear[m[K();
      |                           [01;31m[K^~~~~[m[K
[01m[K/home/alves/ros2_ws/src/count_action_cpp/src/count_server.cpp:46:27:[m[K [01;31m[Kerror: [m[Krequest for member ‘[01m[Kpush_back[m[K’ in ‘[01m[K((std::__shared_ptr_access<count_interfaces::action::Count_Feedback_<std::allocator<void> >, __gnu_cxx::_S_atomic, false, false>*)(& feedback))->std::__shared_ptr_access<count_interfaces::action::Count_Feedback_<std::allocator<void> >, __gnu_cxx::_S_atomic, false, false>::operator->()->count_interfaces::action::Count_Feedback_<std::allocator<void> >::current[m[K’, which is of non-class type ‘[01m[Kcount_interfaces::action::Count_Feedback_<std::allocator<void> >::_current_type[m[K’ {aka ‘[01m[Kint[m[K’}
   46 |         feedback->current.[01;31m[Kpush_back[m[K(i);
      |                           [01;31m[K^~~~~~~~~[m[K
[01m[K/home/alves/ros2_ws/src/count_action_cpp/src/count_server.cpp:55:21:[m[K [01;31m[Kerror: [m[Krequest for member ‘[01m[Kclear[m[K’ in ‘[01m[K((std::__shared_ptr_access<count_interfaces::action::Count_Result_<std::allocator<void> >, __gnu_cxx::_S_atomic, false, false>*)(& result))->std::__shared_ptr_access<count_interfaces::action::Count_Result_<std::allocator<void> >, __gnu_cxx::_S_atomic, false, false>::operator->()->count_interfaces::action::Count_Result_<std::allocator<void> >::total[m[K’, which is of non-class type ‘[01m[Kcount_interfaces::action::Count_Result_<std::allocator<void> >::_total_type[m[K’ {aka ‘[01m[Kint[m[K’}
   55 |       result->total.[01;31m[Kclear[m[K();
      |                     [01;31m[K^~~~~[m[K
[01m[K/home/alves/ros2_ws/src/count_action_cpp/src/count_server.cpp:56:21:[m[K [01;31m[Kerror: [m[Krequest for member ‘[01m[Kpush_back[m[K’ in ‘[01m[K((std::__shared_ptr_access<count_interfaces::action::Count_Result_<std::allocator<void> >, __gnu_cxx::_S_atomic, false, false>*)(& result))->std::__shared_ptr_access<count_interfaces::action::Count_Result_<std::allocator<void> >, __gnu_cxx::_S_atomic, false, false>::operator->()->count_interfaces::action::Count_Result_<std::allocator<void> >::total[m[K’, which is of non-class type ‘[01m[Kcount_interfaces::action::Count_Result_<std::allocator<void> >::_total_type[m[K’ {aka ‘[01m[Kint[m[K’}
   56 |       result->total.[01;31m[Kpush_back[m[K(sum);
      |                     [01;31m[K^~~~~~~~~[m[K
gmake[2]: *** [CMakeFiles/action_server.dir/build.make:76: CMakeFiles/action_server.dir/src/count_server.cpp.o] Erro 1
gmake[1]: *** [CMakeFiles/Makefile2:143: CMakeFiles/action_server.dir/all] Erro 2
gmake[2]: *** [CMakeFiles/CountServer.dir/build.make:76: CMakeFiles/CountServer.dir/src/count_server.cpp.o] Erro 1
gmake[1]: *** [CMakeFiles/Makefile2:195: CMakeFiles/CountServer.dir/all] Erro 2
gmake: *** [Makefile:146: all] Erro 2
