[ 12%] [32mBuilding CXX object CMakeFiles/CountClient.dir/src/count_client.cpp.o[0m
[ 37%] Built target count_server
[ 62%] Built target action_server
[ 87%] Built target CountServer
[100%] [32m[1mLinking CXX executable CountClient[0m
[100%] Built target CountClient
-- Install configuration: ""
-- Installing: /home/alves/ros2_ws/install/count_action_cpp/lib/count_action_cpp/count_server
-- Set runtime path of "/home/alves/ros2_ws/install/count_action_cpp/lib/count_action_cpp/count_server" to ""
-- Installing: /home/alves/ros2_ws/install/count_action_cpp/lib/libaction_server.so
-- Set runtime path of "/home/alves/ros2_ws/install/count_action_cpp/lib/libaction_server.so" to ""
-- Installing: /home/alves/ros2_ws/install/count_action_cpp/lib/count_action_cpp/CountServer
-- Set runtime path of "/home/alves/ros2_ws/install/count_action_cpp/lib/count_action_cpp/CountServer" to ""
-- Installing: /home/alves/ros2_ws/install/count_action_cpp/lib/count_action_cpp/CountClient
-- Set runtime path of "/home/alves/ros2_ws/install/count_action_cpp/lib/count_action_cpp/CountClient" to ""
-- Installing: /home/alves/ros2_ws/install/count_action_cpp/share/ament_index/resource_index/package_run_dependencies/count_action_cpp
-- Installing: /home/alves/ros2_ws/install/count_action_cpp/share/ament_index/resource_index/parent_prefix_path/count_action_cpp
-- Installing: /home/alves/ros2_ws/install/count_action_cpp/share/count_action_cpp/environment/ament_prefix_path.sh
-- Installing: /home/alves/ros2_ws/install/count_action_cpp/share/count_action_cpp/environment/ament_prefix_path.dsv
-- Installing: /home/alves/ros2_ws/install/count_action_cpp/share/count_action_cpp/environment/path.sh
-- Installing: /home/alves/ros2_ws/install/count_action_cpp/share/count_action_cpp/environment/path.dsv
-- Installing: /home/alves/ros2_ws/install/count_action_cpp/share/count_action_cpp/local_setup.bash
-- Installing: /home/alves/ros2_ws/install/count_action_cpp/share/count_action_cpp/local_setup.sh
-- Installing: /home/alves/ros2_ws/install/count_action_cpp/share/count_action_cpp/local_setup.zsh
-- Installing: /home/alves/ros2_ws/install/count_action_cpp/share/count_action_cpp/local_setup.dsv
-- Installing: /home/alves/ros2_ws/install/count_action_cpp/share/count_action_cpp/package.dsv
-- Installing: /home/alves/ros2_ws/install/count_action_cpp/share/ament_index/resource_index/packages/count_action_cpp
-- Installing: /home/alves/ros2_ws/install/count_action_cpp/share/ament_index/resource_index/rclcpp_components/count_action_cpp
-- Installing: /home/alves/ros2_ws/install/count_action_cpp/share/count_action_cpp/cmake/count_action_cppConfig.cmake
-- Installing: /home/alves/ros2_ws/install/count_action_cpp/share/count_action_cpp/cmake/count_action_cppConfig-version.cmake
-- Installing: /home/alves/ros2_ws/install/count_action_cpp/share/count_action_cpp/package.xml
