[ 25%] Built target CountClient
[ 50%] Built target count_server
[ 75%] Built target CountServer
[100%] Built target action_server
-- Install configuration: ""
-- Up-to-date: /home/alves/ros2_ws/install/count_action_cpp/lib/count_action_cpp/count_server
-- Up-to-date: /home/alves/ros2_ws/install/count_action_cpp/lib/libaction_server.so
-- Up-to-date: /home/alves/ros2_ws/install/count_action_cpp/lib/count_action_cpp/CountServer
-- Up-to-date: /home/alves/ros2_ws/install/count_action_cpp/lib/count_action_cpp/CountClient
-- Up-to-date: /home/alves/ros2_ws/install/count_action_cpp/share/ament_index/resource_index/package_run_dependencies/count_action_cpp
-- Up-to-date: /home/alves/ros2_ws/install/count_action_cpp/share/ament_index/resource_index/parent_prefix_path/count_action_cpp
-- Up-to-date: /home/alves/ros2_ws/install/count_action_cpp/share/count_action_cpp/environment/ament_prefix_path.sh
-- Up-to-date: /home/alves/ros2_ws/install/count_action_cpp/share/count_action_cpp/environment/ament_prefix_path.dsv
-- Up-to-date: /home/alves/ros2_ws/install/count_action_cpp/share/count_action_cpp/environment/path.sh
-- Up-to-date: /home/alves/ros2_ws/install/count_action_cpp/share/count_action_cpp/environment/path.dsv
-- Up-to-date: /home/alves/ros2_ws/install/count_action_cpp/share/count_action_cpp/local_setup.bash
-- Up-to-date: /home/alves/ros2_ws/install/count_action_cpp/share/count_action_cpp/local_setup.sh
-- Up-to-date: /home/alves/ros2_ws/install/count_action_cpp/share/count_action_cpp/local_setup.zsh
-- Up-to-date: /home/alves/ros2_ws/install/count_action_cpp/share/count_action_cpp/local_setup.dsv
-- Installing: /home/alves/ros2_ws/install/count_action_cpp/share/count_action_cpp/package.dsv
-- Up-to-date: /home/alves/ros2_ws/install/count_action_cpp/share/ament_index/resource_index/packages/count_action_cpp
-- Up-to-date: /home/alves/ros2_ws/install/count_action_cpp/share/ament_index/resource_index/rclcpp_components/count_action_cpp
-- Up-to-date: /home/alves/ros2_ws/install/count_action_cpp/share/count_action_cpp/cmake/count_action_cppConfig.cmake
-- Up-to-date: /home/alves/ros2_ws/install/count_action_cpp/share/count_action_cpp/cmake/count_action_cppConfig-version.cmake
-- Up-to-date: /home/alves/ros2_ws/install/count_action_cpp/share/count_action_cpp/package.xml
