[0.075s] DEBUG:colcon:Command line arguments: ['/usr/bin/colcon', 'build', '--symlink-install']
[0.075s] DEBUG:colcon:Parsed command line arguments: Namespace(log_base=None, log_level=None, verb_name='build', build_base='build', install_base='install', merge_install=False, symlink_install=True, test_result_base=None, continue_on_error=False, executor='parallel', parallel_workers=16, event_handlers=None, ignore_user_meta=False, metas=['./colcon.meta'], base_paths=['.'], packages_ignore=None, packages_ignore_regex=None, paths=None, packages_up_to=None, packages_up_to_regex=None, packages_above=None, packages_above_and_dependencies=None, packages_above_depth=None, packages_select_by_dep=None, packages_skip_by_dep=None, packages_skip_up_to=None, packages_select_build_failed=False, packages_skip_build_finished=False, packages_select_test_failures=False, packages_skip_test_passed=False, packages_select=None, packages_skip=None, packages_select_regex=None, packages_skip_regex=None, packages_start=None, packages_end=None, allow_overriding=[], cmake_args=None, cmake_target=None, cmake_target_skip_unavailable=False, cmake_clean_cache=False, cmake_clean_first=False, cmake_force_configure=False, ament_cmake_args=None, catkin_cmake_args=None, catkin_skip_building_tests=False, mixin_files=None, mixin=None, verb_parser=<colcon_mixin.mixin.mixin_argument.MixinArgumentDecorator object at 0x757dbe119ff0>, verb_extension=<colcon_core.verb.build.BuildVerb object at 0x757dbe119ae0>, main=<bound method BuildVerb.main of <colcon_core.verb.build.BuildVerb object at 0x757dbe119ae0>>, mixin_verb=('build',))
[0.182s] Level 1:colcon.colcon_core.package_discovery:discover_packages(colcon_meta) check parameters
[0.182s] Level 1:colcon.colcon_core.package_discovery:discover_packages(recursive) check parameters
[0.182s] Level 1:colcon.colcon_core.package_discovery:discover_packages(ignore) check parameters
[0.182s] Level 1:colcon.colcon_core.package_discovery:discover_packages(path) check parameters
[0.182s] Level 1:colcon.colcon_core.package_discovery:discover_packages(colcon_meta) discover
[0.182s] Level 1:colcon.colcon_core.package_discovery:discover_packages(recursive) discover
[0.182s] INFO:colcon.colcon_core.package_discovery:Crawling recursively for packages in '/home/alves/ros2_ws'
[0.182s] Level 1:colcon.colcon_core.package_identification:_identify(.) by extensions ['ignore', 'ignore_ament_install']
[0.182s] Level 1:colcon.colcon_core.package_identification:_identify(.) by extension 'ignore'
[0.182s] Level 1:colcon.colcon_core.package_identification:_identify(.) by extension 'ignore_ament_install'
[0.182s] Level 1:colcon.colcon_core.package_identification:_identify(.) by extensions ['colcon_pkg']
[0.182s] Level 1:colcon.colcon_core.package_identification:_identify(.) by extension 'colcon_pkg'
[0.182s] Level 1:colcon.colcon_core.package_identification:_identify(.) by extensions ['colcon_meta']
[0.182s] Level 1:colcon.colcon_core.package_identification:_identify(.) by extension 'colcon_meta'
[0.182s] Level 1:colcon.colcon_core.package_identification:_identify(.) by extensions ['ros']
[0.182s] Level 1:colcon.colcon_core.package_identification:_identify(.) by extension 'ros'
[0.190s] Level 1:colcon.colcon_core.package_identification:_identify(.) by extensions ['cmake', 'python']
[0.190s] Level 1:colcon.colcon_core.package_identification:_identify(.) by extension 'cmake'
[0.190s] Level 1:colcon.colcon_core.package_identification:_identify(.) by extension 'python'
[0.190s] Level 1:colcon.colcon_core.package_identification:_identify(.) by extensions ['python_setup_py']
[0.190s] Level 1:colcon.colcon_core.package_identification:_identify(.) by extension 'python_setup_py'
[0.191s] Level 1:colcon.colcon_core.package_identification:_identify(build) by extensions ['ignore', 'ignore_ament_install']
[0.191s] Level 1:colcon.colcon_core.package_identification:_identify(build) by extension 'ignore'
[0.191s] Level 1:colcon.colcon_core.package_identification:_identify(build) ignored
[0.191s] Level 1:colcon.colcon_core.package_identification:_identify(install) by extensions ['ignore', 'ignore_ament_install']
[0.191s] Level 1:colcon.colcon_core.package_identification:_identify(install) by extension 'ignore'
[0.191s] Level 1:colcon.colcon_core.package_identification:_identify(install) ignored
[0.191s] Level 1:colcon.colcon_core.package_identification:_identify(log) by extensions ['ignore', 'ignore_ament_install']
[0.191s] Level 1:colcon.colcon_core.package_identification:_identify(log) by extension 'ignore'
[0.191s] Level 1:colcon.colcon_core.package_identification:_identify(log) ignored
[0.191s] Level 1:colcon.colcon_core.package_identification:_identify(src) by extensions ['ignore', 'ignore_ament_install']
[0.191s] Level 1:colcon.colcon_core.package_identification:_identify(src) by extension 'ignore'
[0.191s] Level 1:colcon.colcon_core.package_identification:_identify(src) by extension 'ignore_ament_install'
[0.191s] Level 1:colcon.colcon_core.package_identification:_identify(src) by extensions ['colcon_pkg']
[0.191s] Level 1:colcon.colcon_core.package_identification:_identify(src) by extension 'colcon_pkg'
[0.191s] Level 1:colcon.colcon_core.package_identification:_identify(src) by extensions ['colcon_meta']
[0.191s] Level 1:colcon.colcon_core.package_identification:_identify(src) by extension 'colcon_meta'
[0.191s] Level 1:colcon.colcon_core.package_identification:_identify(src) by extensions ['ros']
[0.191s] Level 1:colcon.colcon_core.package_identification:_identify(src) by extension 'ros'
[0.191s] Level 1:colcon.colcon_core.package_identification:_identify(src) by extensions ['cmake', 'python']
[0.191s] Level 1:colcon.colcon_core.package_identification:_identify(src) by extension 'cmake'
[0.191s] Level 1:colcon.colcon_core.package_identification:_identify(src) by extension 'python'
[0.191s] Level 1:colcon.colcon_core.package_identification:_identify(src) by extensions ['python_setup_py']
[0.191s] Level 1:colcon.colcon_core.package_identification:_identify(src) by extension 'python_setup_py'
[0.191s] Level 1:colcon.colcon_core.package_identification:_identify(src/ras_robot_simulation) by extensions ['ignore', 'ignore_ament_install']
[0.191s] Level 1:colcon.colcon_core.package_identification:_identify(src/ras_robot_simulation) by extension 'ignore'
[0.192s] Level 1:colcon.colcon_core.package_identification:_identify(src/ras_robot_simulation) by extension 'ignore_ament_install'
[0.192s] Level 1:colcon.colcon_core.package_identification:_identify(src/ras_robot_simulation) by extensions ['colcon_pkg']
[0.192s] Level 1:colcon.colcon_core.package_identification:_identify(src/ras_robot_simulation) by extension 'colcon_pkg'
[0.192s] Level 1:colcon.colcon_core.package_identification:_identify(src/ras_robot_simulation) by extensions ['colcon_meta']
[0.192s] Level 1:colcon.colcon_core.package_identification:_identify(src/ras_robot_simulation) by extension 'colcon_meta'
[0.192s] Level 1:colcon.colcon_core.package_identification:_identify(src/ras_robot_simulation) by extensions ['ros']
[0.192s] Level 1:colcon.colcon_core.package_identification:_identify(src/ras_robot_simulation) by extension 'ros'
[0.194s] DEBUG:colcon.colcon_core.package_identification:Package 'src/ras_robot_simulation' with type 'ros.ament_cmake' and name 'robot_ras_ros'
[0.194s] Level 1:colcon.colcon_core.package_identification:_identify(src/robot_ras_decision) by extensions ['ignore', 'ignore_ament_install']
[0.194s] Level 1:colcon.colcon_core.package_identification:_identify(src/robot_ras_decision) by extension 'ignore'
[0.194s] Level 1:colcon.colcon_core.package_identification:_identify(src/robot_ras_decision) by extension 'ignore_ament_install'
[0.194s] Level 1:colcon.colcon_core.package_identification:_identify(src/robot_ras_decision) by extensions ['colcon_pkg']
[0.194s] Level 1:colcon.colcon_core.package_identification:_identify(src/robot_ras_decision) by extension 'colcon_pkg'
[0.194s] Level 1:colcon.colcon_core.package_identification:_identify(src/robot_ras_decision) by extensions ['colcon_meta']
[0.194s] Level 1:colcon.colcon_core.package_identification:_identify(src/robot_ras_decision) by extension 'colcon_meta'
[0.194s] Level 1:colcon.colcon_core.package_identification:_identify(src/robot_ras_decision) by extensions ['ros']
[0.194s] Level 1:colcon.colcon_core.package_identification:_identify(src/robot_ras_decision) by extension 'ros'
[0.194s] DEBUG:colcon.colcon_core.package_identification:Package 'src/robot_ras_decision' with type 'ros.ament_cmake' and name 'robot_ras_decision'
[0.194s] Level 1:colcon.colcon_core.package_discovery:discover_packages(recursive) using defaults
[0.195s] Level 1:colcon.colcon_core.package_discovery:discover_packages(ignore) discover
[0.195s] Level 1:colcon.colcon_core.package_discovery:discover_packages(ignore) using defaults
[0.195s] Level 1:colcon.colcon_core.package_discovery:discover_packages(path) discover
[0.195s] Level 1:colcon.colcon_core.package_discovery:discover_packages(path) using defaults
[0.216s] Level 1:colcon.colcon_core.package_discovery:discover_packages(prefix_path) check parameters
[0.217s] Level 1:colcon.colcon_core.package_discovery:discover_packages(prefix_path) discover
[0.218s] DEBUG:colcon.colcon_installed_package_information.package_discovery:Found 2 installed packages in /home/alves/ros2_ws/install
[0.220s] DEBUG:colcon.colcon_installed_package_information.package_discovery:Found 338 installed packages in /opt/ros/humble
[0.221s] Level 1:colcon.colcon_core.package_discovery:discover_packages(prefix_path) using defaults
[0.250s] Level 5:colcon.colcon_core.verb:set package 'robot_ras_decision' build argument 'cmake_args' from command line to 'None'
[0.250s] Level 5:colcon.colcon_core.verb:set package 'robot_ras_decision' build argument 'cmake_target' from command line to 'None'
[0.250s] Level 5:colcon.colcon_core.verb:set package 'robot_ras_decision' build argument 'cmake_target_skip_unavailable' from command line to 'False'
[0.250s] Level 5:colcon.colcon_core.verb:set package 'robot_ras_decision' build argument 'cmake_clean_cache' from command line to 'False'
[0.250s] Level 5:colcon.colcon_core.verb:set package 'robot_ras_decision' build argument 'cmake_clean_first' from command line to 'False'
[0.250s] Level 5:colcon.colcon_core.verb:set package 'robot_ras_decision' build argument 'cmake_force_configure' from command line to 'False'
[0.250s] Level 5:colcon.colcon_core.verb:set package 'robot_ras_decision' build argument 'ament_cmake_args' from command line to 'None'
[0.250s] Level 5:colcon.colcon_core.verb:set package 'robot_ras_decision' build argument 'catkin_cmake_args' from command line to 'None'
[0.250s] Level 5:colcon.colcon_core.verb:set package 'robot_ras_decision' build argument 'catkin_skip_building_tests' from command line to 'False'
[0.250s] DEBUG:colcon.colcon_core.verb:Building package 'robot_ras_decision' with the following arguments: {'ament_cmake_args': None, 'build_base': '/home/alves/ros2_ws/build/robot_ras_decision', 'catkin_cmake_args': None, 'catkin_skip_building_tests': False, 'cmake_args': None, 'cmake_clean_cache': False, 'cmake_clean_first': False, 'cmake_force_configure': False, 'cmake_target': None, 'cmake_target_skip_unavailable': False, 'install_base': '/home/alves/ros2_ws/install/robot_ras_decision', 'merge_install': False, 'path': '/home/alves/ros2_ws/src/robot_ras_decision', 'symlink_install': True, 'test_result_base': None}
[0.250s] Level 5:colcon.colcon_core.verb:set package 'robot_ras_ros' build argument 'cmake_args' from command line to 'None'
[0.250s] Level 5:colcon.colcon_core.verb:set package 'robot_ras_ros' build argument 'cmake_target' from command line to 'None'
[0.251s] Level 5:colcon.colcon_core.verb:set package 'robot_ras_ros' build argument 'cmake_target_skip_unavailable' from command line to 'False'
[0.251s] Level 5:colcon.colcon_core.verb:set package 'robot_ras_ros' build argument 'cmake_clean_cache' from command line to 'False'
[0.251s] Level 5:colcon.colcon_core.verb:set package 'robot_ras_ros' build argument 'cmake_clean_first' from command line to 'False'
[0.251s] Level 5:colcon.colcon_core.verb:set package 'robot_ras_ros' build argument 'cmake_force_configure' from command line to 'False'
[0.251s] Level 5:colcon.colcon_core.verb:set package 'robot_ras_ros' build argument 'ament_cmake_args' from command line to 'None'
[0.251s] Level 5:colcon.colcon_core.verb:set package 'robot_ras_ros' build argument 'catkin_cmake_args' from command line to 'None'
[0.251s] Level 5:colcon.colcon_core.verb:set package 'robot_ras_ros' build argument 'catkin_skip_building_tests' from command line to 'False'
[0.251s] DEBUG:colcon.colcon_core.verb:Building package 'robot_ras_ros' with the following arguments: {'ament_cmake_args': None, 'build_base': '/home/alves/ros2_ws/build/robot_ras_ros', 'catkin_cmake_args': None, 'catkin_skip_building_tests': False, 'cmake_args': None, 'cmake_clean_cache': False, 'cmake_clean_first': False, 'cmake_force_configure': False, 'cmake_target': None, 'cmake_target_skip_unavailable': False, 'install_base': '/home/alves/ros2_ws/install/robot_ras_ros', 'merge_install': False, 'path': '/home/alves/ros2_ws/src/ras_robot_simulation', 'symlink_install': True, 'test_result_base': None}
[0.251s] INFO:colcon.colcon_core.executor:Executing jobs using 'parallel' executor
[0.252s] DEBUG:colcon.colcon_parallel_executor.executor.parallel:run_until_complete
[0.252s] INFO:colcon.colcon_ros.task.ament_cmake.build:Building ROS package in '/home/alves/ros2_ws/src/robot_ras_decision' with build type 'ament_cmake'
[0.252s] INFO:colcon.colcon_cmake.task.cmake.build:Building CMake package in '/home/alves/ros2_ws/src/robot_ras_decision'
[0.254s] INFO:colcon.colcon_core.plugin_system:Skipping extension 'colcon_core.shell.bat': Not used on non-Windows systems
[0.254s] INFO:colcon.colcon_core.shell:Skip shell extension 'powershell' for command environment: Not usable outside of PowerShell
[0.254s] DEBUG:colcon.colcon_core.shell:Skip shell extension 'dsv' for command environment
[0.256s] INFO:colcon.colcon_ros.task.ament_cmake.build:Building ROS package in '/home/alves/ros2_ws/src/ras_robot_simulation' with build type 'ament_cmake'
[0.257s] INFO:colcon.colcon_cmake.task.cmake.build:Building CMake package in '/home/alves/ros2_ws/src/ras_robot_simulation'
[0.257s] INFO:colcon.colcon_core.shell:Skip shell extension 'powershell' for command environment: Not usable outside of PowerShell
[0.257s] DEBUG:colcon.colcon_core.shell:Skip shell extension 'dsv' for command environment
[0.263s] DEBUG:colcon.colcon_core.event_handler.log_command:Invoking command in '/home/alves/ros2_ws/build/robot_ras_decision': CMAKE_PREFIX_PATH=${CMAKE_PREFIX_PATH}:/opt/ros/humble /usr/bin/cmake --build /home/alves/ros2_ws/build/robot_ras_decision -- -j16 -l16
[0.267s] DEBUG:colcon.colcon_core.event_handler.log_command:Invoking command in '/home/alves/ros2_ws/build/robot_ras_ros': CMAKE_PREFIX_PATH=${CMAKE_PREFIX_PATH}:/opt/ros/humble /usr/bin/cmake --build /home/alves/ros2_ws/build/robot_ras_ros -- -j16 -l16
[0.330s] DEBUG:colcon.colcon_core.event_handler.log_command:Invoked command in '/home/alves/ros2_ws/build/robot_ras_ros' returned '0': CMAKE_PREFIX_PATH=${CMAKE_PREFIX_PATH}:/opt/ros/humble /usr/bin/cmake --build /home/alves/ros2_ws/build/robot_ras_ros -- -j16 -l16
[0.340s] DEBUG:colcon.colcon_core.event_handler.log_command:Invoking command in '/home/alves/ros2_ws/build/robot_ras_ros': CMAKE_PREFIX_PATH=${CMAKE_PREFIX_PATH}:/opt/ros/humble /usr/bin/cmake --install /home/alves/ros2_ws/build/robot_ras_ros
[0.355s] DEBUG:colcon.colcon_core.event_handler.log_command:Invoked command in '/home/alves/ros2_ws/build/robot_ras_decision' returned '0': CMAKE_PREFIX_PATH=${CMAKE_PREFIX_PATH}:/opt/ros/humble /usr/bin/cmake --build /home/alves/ros2_ws/build/robot_ras_decision -- -j16 -l16
[0.357s] DEBUG:colcon.colcon_core.event_handler.log_command:Invoking command in '/home/alves/ros2_ws/build/robot_ras_decision': CMAKE_PREFIX_PATH=${CMAKE_PREFIX_PATH}:/opt/ros/humble /usr/bin/cmake --install /home/alves/ros2_ws/build/robot_ras_decision
[0.364s] Level 1:colcon.colcon_core.environment:create_environment_scripts_only(robot_ras_ros)
[0.365s] DEBUG:colcon.colcon_core.event_handler.log_command:Invoked command in '/home/alves/ros2_ws/build/robot_ras_ros' returned '0': CMAKE_PREFIX_PATH=${CMAKE_PREFIX_PATH}:/opt/ros/humble /usr/bin/cmake --install /home/alves/ros2_ws/build/robot_ras_ros
[0.367s] Level 1:colcon.colcon_core.environment:checking '/home/alves/ros2_ws/install/robot_ras_ros' for CMake module files
[0.367s] Level 1:colcon.colcon_core.environment:checking '/home/alves/ros2_ws/install/robot_ras_ros' for CMake config files
[0.368s] Level 1:colcon.colcon_core.shell:create_environment_hook('robot_ras_ros', 'cmake_prefix_path')
[0.368s] INFO:colcon.colcon_core.shell:Creating environment hook '/home/alves/ros2_ws/install/robot_ras_ros/share/robot_ras_ros/hook/cmake_prefix_path.ps1'
[0.368s] INFO:colcon.colcon_core.shell:Creating environment descriptor '/home/alves/ros2_ws/install/robot_ras_ros/share/robot_ras_ros/hook/cmake_prefix_path.dsv'
[0.368s] INFO:colcon.colcon_core.shell:Creating environment hook '/home/alves/ros2_ws/install/robot_ras_ros/share/robot_ras_ros/hook/cmake_prefix_path.sh'
[0.369s] Level 1:colcon.colcon_core.environment:checking '/home/alves/ros2_ws/install/robot_ras_ros/bin'
[0.369s] Level 1:colcon.colcon_core.environment:checking '/home/alves/ros2_ws/install/robot_ras_ros/lib/pkgconfig/robot_ras_ros.pc'
[0.369s] Level 1:colcon.colcon_core.environment:checking '/home/alves/ros2_ws/install/robot_ras_ros/lib/python3.10/site-packages'
[0.369s] Level 1:colcon.colcon_core.environment:checking '/home/alves/ros2_ws/install/robot_ras_ros/bin'
[0.370s] INFO:colcon.colcon_core.shell:Creating package script '/home/alves/ros2_ws/install/robot_ras_ros/share/robot_ras_ros/package.ps1'
[0.370s] INFO:colcon.colcon_core.shell:Creating package descriptor '/home/alves/ros2_ws/install/robot_ras_ros/share/robot_ras_ros/package.dsv'
[0.371s] INFO:colcon.colcon_core.shell:Creating package script '/home/alves/ros2_ws/install/robot_ras_ros/share/robot_ras_ros/package.sh'
[0.371s] INFO:colcon.colcon_core.shell:Creating package script '/home/alves/ros2_ws/install/robot_ras_ros/share/robot_ras_ros/package.bash'
[0.372s] INFO:colcon.colcon_core.shell:Creating package script '/home/alves/ros2_ws/install/robot_ras_ros/share/robot_ras_ros/package.zsh'
[0.372s] Level 1:colcon.colcon_core.environment:create_file_with_runtime_dependencies(/home/alves/ros2_ws/install/robot_ras_ros/share/colcon-core/packages/robot_ras_ros)
[0.373s] Level 1:colcon.colcon_core.environment:create_environment_scripts_only(robot_ras_ros)
[0.373s] Level 1:colcon.colcon_core.environment:checking '/home/alves/ros2_ws/install/robot_ras_ros' for CMake module files
[0.374s] Level 1:colcon.colcon_core.environment:checking '/home/alves/ros2_ws/install/robot_ras_ros' for CMake config files
[0.375s] Level 1:colcon.colcon_core.shell:create_environment_hook('robot_ras_ros', 'cmake_prefix_path')
[0.375s] INFO:colcon.colcon_core.shell:Creating environment hook '/home/alves/ros2_ws/install/robot_ras_ros/share/robot_ras_ros/hook/cmake_prefix_path.ps1'
[0.376s] INFO:colcon.colcon_core.shell:Creating environment descriptor '/home/alves/ros2_ws/install/robot_ras_ros/share/robot_ras_ros/hook/cmake_prefix_path.dsv'
[0.377s] INFO:colcon.colcon_core.shell:Creating environment hook '/home/alves/ros2_ws/install/robot_ras_ros/share/robot_ras_ros/hook/cmake_prefix_path.sh'
[0.377s] Level 1:colcon.colcon_core.environment:checking '/home/alves/ros2_ws/install/robot_ras_ros/bin'
[0.378s] Level 1:colcon.colcon_core.environment:checking '/home/alves/ros2_ws/install/robot_ras_ros/lib/pkgconfig/robot_ras_ros.pc'
[0.378s] Level 1:colcon.colcon_core.environment:checking '/home/alves/ros2_ws/install/robot_ras_ros/lib/python3.10/site-packages'
[0.379s] Level 1:colcon.colcon_core.environment:checking '/home/alves/ros2_ws/install/robot_ras_ros/bin'
[0.379s] INFO:colcon.colcon_core.shell:Creating package script '/home/alves/ros2_ws/install/robot_ras_ros/share/robot_ras_ros/package.ps1'
[0.381s] INFO:colcon.colcon_core.shell:Creating package descriptor '/home/alves/ros2_ws/install/robot_ras_ros/share/robot_ras_ros/package.dsv'
[0.382s] INFO:colcon.colcon_core.shell:Creating package script '/home/alves/ros2_ws/install/robot_ras_ros/share/robot_ras_ros/package.sh'
[0.382s] INFO:colcon.colcon_core.shell:Creating package script '/home/alves/ros2_ws/install/robot_ras_ros/share/robot_ras_ros/package.bash'
[0.383s] INFO:colcon.colcon_core.shell:Creating package script '/home/alves/ros2_ws/install/robot_ras_ros/share/robot_ras_ros/package.zsh'
[0.384s] Level 1:colcon.colcon_core.environment:create_file_with_runtime_dependencies(/home/alves/ros2_ws/install/robot_ras_ros/share/colcon-core/packages/robot_ras_ros)
[0.386s] Level 1:colcon.colcon_core.environment:create_environment_scripts_only(robot_ras_decision)
[0.387s] Level 1:colcon.colcon_core.environment:checking '/home/alves/ros2_ws/install/robot_ras_decision' for CMake module files
[0.387s] DEBUG:colcon.colcon_core.event_handler.log_command:Invoked command in '/home/alves/ros2_ws/build/robot_ras_decision' returned '0': CMAKE_PREFIX_PATH=${CMAKE_PREFIX_PATH}:/opt/ros/humble /usr/bin/cmake --install /home/alves/ros2_ws/build/robot_ras_decision
[0.388s] Level 1:colcon.colcon_core.environment:checking '/home/alves/ros2_ws/install/robot_ras_decision' for CMake config files
[0.389s] Level 1:colcon.colcon_core.shell:create_environment_hook('robot_ras_decision', 'cmake_prefix_path')
[0.389s] INFO:colcon.colcon_core.shell:Creating environment hook '/home/alves/ros2_ws/install/robot_ras_decision/share/robot_ras_decision/hook/cmake_prefix_path.ps1'
[0.390s] INFO:colcon.colcon_core.shell:Creating environment descriptor '/home/alves/ros2_ws/install/robot_ras_decision/share/robot_ras_decision/hook/cmake_prefix_path.dsv'
[0.391s] INFO:colcon.colcon_core.shell:Creating environment hook '/home/alves/ros2_ws/install/robot_ras_decision/share/robot_ras_decision/hook/cmake_prefix_path.sh'
[0.392s] Level 1:colcon.colcon_core.environment:checking '/home/alves/ros2_ws/install/robot_ras_decision/lib'
[0.392s] Level 1:colcon.colcon_core.environment:checking '/home/alves/ros2_ws/install/robot_ras_decision/bin'
[0.392s] Level 1:colcon.colcon_core.environment:checking '/home/alves/ros2_ws/install/robot_ras_decision/lib/pkgconfig/robot_ras_decision.pc'
[0.392s] Level 1:colcon.colcon_core.environment:checking '/home/alves/ros2_ws/install/robot_ras_decision/lib/python3.10/site-packages'
[0.393s] Level 1:colcon.colcon_core.environment:checking '/home/alves/ros2_ws/install/robot_ras_decision/bin'
[0.393s] INFO:colcon.colcon_core.shell:Creating package script '/home/alves/ros2_ws/install/robot_ras_decision/share/robot_ras_decision/package.ps1'
[0.394s] INFO:colcon.colcon_core.shell:Creating package descriptor '/home/alves/ros2_ws/install/robot_ras_decision/share/robot_ras_decision/package.dsv'
[0.395s] INFO:colcon.colcon_core.shell:Creating package script '/home/alves/ros2_ws/install/robot_ras_decision/share/robot_ras_decision/package.sh'
[0.395s] INFO:colcon.colcon_core.shell:Creating package script '/home/alves/ros2_ws/install/robot_ras_decision/share/robot_ras_decision/package.bash'
[0.396s] INFO:colcon.colcon_core.shell:Creating package script '/home/alves/ros2_ws/install/robot_ras_decision/share/robot_ras_decision/package.zsh'
[0.396s] Level 1:colcon.colcon_core.environment:create_file_with_runtime_dependencies(/home/alves/ros2_ws/install/robot_ras_decision/share/colcon-core/packages/robot_ras_decision)
[0.397s] Level 1:colcon.colcon_core.environment:create_environment_scripts_only(robot_ras_decision)
[0.397s] Level 1:colcon.colcon_core.environment:checking '/home/alves/ros2_ws/install/robot_ras_decision' for CMake module files
[0.398s] Level 1:colcon.colcon_core.environment:checking '/home/alves/ros2_ws/install/robot_ras_decision' for CMake config files
[0.399s] Level 1:colcon.colcon_core.shell:create_environment_hook('robot_ras_decision', 'cmake_prefix_path')
[0.399s] INFO:colcon.colcon_core.shell:Creating environment hook '/home/alves/ros2_ws/install/robot_ras_decision/share/robot_ras_decision/hook/cmake_prefix_path.ps1'
[0.399s] INFO:colcon.colcon_core.shell:Creating environment descriptor '/home/alves/ros2_ws/install/robot_ras_decision/share/robot_ras_decision/hook/cmake_prefix_path.dsv'
[0.400s] INFO:colcon.colcon_core.shell:Creating environment hook '/home/alves/ros2_ws/install/robot_ras_decision/share/robot_ras_decision/hook/cmake_prefix_path.sh'
[0.400s] Level 1:colcon.colcon_core.environment:checking '/home/alves/ros2_ws/install/robot_ras_decision/lib'
[0.400s] Level 1:colcon.colcon_core.environment:checking '/home/alves/ros2_ws/install/robot_ras_decision/bin'
[0.400s] Level 1:colcon.colcon_core.environment:checking '/home/alves/ros2_ws/install/robot_ras_decision/lib/pkgconfig/robot_ras_decision.pc'
[0.400s] Level 1:colcon.colcon_core.environment:checking '/home/alves/ros2_ws/install/robot_ras_decision/lib/python3.10/site-packages'
[0.400s] Level 1:colcon.colcon_core.environment:checking '/home/alves/ros2_ws/install/robot_ras_decision/bin'
[0.400s] INFO:colcon.colcon_core.shell:Creating package script '/home/alves/ros2_ws/install/robot_ras_decision/share/robot_ras_decision/package.ps1'
[0.401s] INFO:colcon.colcon_core.shell:Creating package descriptor '/home/alves/ros2_ws/install/robot_ras_decision/share/robot_ras_decision/package.dsv'
[0.401s] INFO:colcon.colcon_core.shell:Creating package script '/home/alves/ros2_ws/install/robot_ras_decision/share/robot_ras_decision/package.sh'
[0.401s] INFO:colcon.colcon_core.shell:Creating package script '/home/alves/ros2_ws/install/robot_ras_decision/share/robot_ras_decision/package.bash'
[0.402s] INFO:colcon.colcon_core.shell:Creating package script '/home/alves/ros2_ws/install/robot_ras_decision/share/robot_ras_decision/package.zsh'
[0.402s] Level 1:colcon.colcon_core.environment:create_file_with_runtime_dependencies(/home/alves/ros2_ws/install/robot_ras_decision/share/colcon-core/packages/robot_ras_decision)
[0.402s] DEBUG:colcon.colcon_parallel_executor.executor.parallel:closing loop
[0.402s] DEBUG:colcon.colcon_parallel_executor.executor.parallel:loop closed
[0.402s] DEBUG:colcon.colcon_parallel_executor.executor.parallel:run_until_complete finished with '0'
[0.402s] DEBUG:colcon.colcon_core.event_reactor:joining thread
[0.407s] INFO:colcon.colcon_core.plugin_system:Skipping extension 'colcon_notification.desktop_notification.terminal_notifier': Not used on non-Darwin systems
[0.407s] INFO:colcon.colcon_core.plugin_system:Skipping extension 'colcon_notification.desktop_notification.win32': Not used on non-Windows systems
[0.407s] INFO:colcon.colcon_notification.desktop_notification:Sending desktop notification using 'notify2'
[0.421s] DEBUG:colcon.colcon_core.event_reactor:joined thread
[0.422s] INFO:colcon.colcon_core.shell:Creating prefix script '/home/alves/ros2_ws/install/local_setup.ps1'
[0.423s] INFO:colcon.colcon_core.shell:Creating prefix util module '/home/alves/ros2_ws/install/_local_setup_util_ps1.py'
[0.426s] INFO:colcon.colcon_core.shell:Creating prefix chain script '/home/alves/ros2_ws/install/setup.ps1'
[0.427s] INFO:colcon.colcon_core.shell:Creating prefix script '/home/alves/ros2_ws/install/local_setup.sh'
[0.428s] INFO:colcon.colcon_core.shell:Creating prefix util module '/home/alves/ros2_ws/install/_local_setup_util_sh.py'
[0.429s] INFO:colcon.colcon_core.shell:Creating prefix chain script '/home/alves/ros2_ws/install/setup.sh'
[0.430s] INFO:colcon.colcon_core.shell:Creating prefix script '/home/alves/ros2_ws/install/local_setup.bash'
[0.430s] INFO:colcon.colcon_core.shell:Creating prefix chain script '/home/alves/ros2_ws/install/setup.bash'
[0.432s] INFO:colcon.colcon_core.shell:Creating prefix script '/home/alves/ros2_ws/install/local_setup.zsh'
[0.432s] INFO:colcon.colcon_core.shell:Creating prefix chain script '/home/alves/ros2_ws/install/setup.zsh'
