-- Found ament_cmake: 1.3.11 (/opt/ros/humble/share/ament_cmake/cmake)
-- Found rclcpp: 16.0.12 (/opt/ros/humble/share/rclcpp/cmake)
-- Found rosidl_generator_c: 3.1.6 (/opt/ros/humble/share/rosidl_generator_c/cmake)
-- Found rosidl_adapter: 3.1.6 (/opt/ros/humble/share/rosidl_adapter/cmake)
-- Found rosidl_generator_cpp: 3.1.6 (/opt/ros/humble/share/rosidl_generator_cpp/cmake)
-- Using all available rosidl_typesupport_c: rosidl_typesupport_fastrtps_c;rosidl_typesupport_introspection_c
-- Using all available rosidl_typesupport_cpp: rosidl_typesupport_fastrtps_cpp;rosidl_typesupport_introspection_cpp
-- Found rmw_implementation_cmake: 6.1.2 (/opt/ros/humble/share/rmw_implementation_cmake/cmake)
-- Found rmw_fastrtps_cpp: 6.2.7 (/opt/ros/humble/share/rmw_fastrtps_cpp/cmake)
-- Using RMW implementation 'rmw_fastrtps_cpp' as default
-- Found rosidl_default_generators: 1.2.0 (/opt/ros/humble/share/rosidl_default_generators/cmake)
-- Found ament_cmake_ros: 0.10.0 (/opt/ros/humble/share/ament_cmake_ros/cmake)
-- Using all available rosidl_typesupport_c: rosidl_typesupport_fastrtps_c;rosidl_typesupport_introspection_c
-- Using all available rosidl_typesupport_cpp: rosidl_typesupport_fastrtps_cpp;rosidl_typesupport_introspection_cpp
-- Found python_cmake_module: 0.10.0 (/opt/ros/humble/share/python_cmake_module/cmake)
-- Using PYTHON_EXECUTABLE: /usr/bin/python3
-- Using PYTHON_INCLUDE_DIRS: /usr/include/python3.10
-- Using PYTHON_LIBRARIES: /usr/lib/x86_64-linux-gnu/libpython3.10.so
-- Found ament_lint_auto: 0.12.12 (/opt/ros/humble/share/ament_lint_auto/cmake)
-- Added test 'lint_cmake' to check CMake code style
-- Added test 'xmllint' to check XML markup files
-- Configuring done
-- Generating done
-- Build files have been written to: /home/alves/ros2_ws/build/count_interfaces
[35m[1mConsolidate compiler generated dependencies of target count_interfaces__rosidl_generator_c[0m
[  3%] Built target count_interfaces__cpp
[ 12%] Built target count_interfaces__rosidl_generator_c
[35m[1mConsolidate compiler generated dependencies of target count_interfaces__rosidl_typesupport_fastrtps_cpp[0m
[35m[1mConsolidate compiler generated dependencies of target count_interfaces__rosidl_typesupport_introspection_cpp[0m
[ 12%] Built target ament_cmake_python_copy_count_interfaces
[35m[1mConsolidate compiler generated dependencies of target count_interfaces__rosidl_typesupport_cpp[0m
[35m[1mConsolidate compiler generated dependencies of target count_interfaces__rosidl_typesupport_introspection_c[0m
[35m[1mConsolidate compiler generated dependencies of target count_interfaces__rosidl_typesupport_c[0m
[ 22%] Built target count_interfaces__rosidl_typesupport_fastrtps_cpp
[ 32%] Built target count_interfaces__rosidl_typesupport_introspection_cpp
[35m[1mConsolidate compiler generated dependencies of target count_interfaces__rosidl_typesupport_fastrtps_c[0m
[ 41%] Built target count_interfaces__rosidl_typesupport_introspection_c
[ 51%] Built target count_interfaces__rosidl_typesupport_c
[ 61%] Built target count_interfaces__rosidl_typesupport_cpp
[ 70%] Built target count_interfaces__rosidl_typesupport_fastrtps_c
[ 70%] Built target count_interfaces
[ 74%] Built target count_interfaces__py
[35m[1mConsolidate compiler generated dependencies of target count_interfaces__rosidl_generator_py[0m
[ 80%] Built target count_interfaces__rosidl_generator_py
[35m[1mConsolidate compiler generated dependencies of target count_interfaces__rosidl_typesupport_introspection_c__pyext[0m
[35m[1mConsolidate compiler generated dependencies of target count_interfaces__rosidl_typesupport_c__pyext[0m
[35m[1mConsolidate compiler generated dependencies of target count_interfaces__rosidl_typesupport_fastrtps_c__pyext[0m
[ 87%] Built target count_interfaces__rosidl_typesupport_c__pyext
[ 93%] Built target count_interfaces__rosidl_typesupport_introspection_c__pyext
[100%] Built target count_interfaces__rosidl_typesupport_fastrtps_c__pyext
running egg_info
writing count_interfaces.egg-info/PKG-INFO
writing dependency_links to count_interfaces.egg-info/dependency_links.txt
writing top-level names to count_interfaces.egg-info/top_level.txt
reading manifest file 'count_interfaces.egg-info/SOURCES.txt'
writing manifest file 'count_interfaces.egg-info/SOURCES.txt'
[100%] Built target ament_cmake_python_build_count_interfaces_egg
-- Install configuration: ""
-- Up-to-date: /home/alves/ros2_ws/install/count_interfaces/share/ament_index/resource_index/rosidl_interfaces/count_interfaces
-- Up-to-date: /home/alves/ros2_ws/install/count_interfaces/include/count_interfaces/count_interfaces
-- Up-to-date: /home/alves/ros2_ws/install/count_interfaces/include/count_interfaces/count_interfaces/msg
-- Up-to-date: /home/alves/ros2_ws/install/count_interfaces/include/count_interfaces/count_interfaces/msg/rosidl_generator_c__visibility_control.h
-- Up-to-date: /home/alves/ros2_ws/install/count_interfaces/include/count_interfaces/count_interfaces/action
-- Up-to-date: /home/alves/ros2_ws/install/count_interfaces/include/count_interfaces/count_interfaces/action/count.h
-- Up-to-date: /home/alves/ros2_ws/install/count_interfaces/include/count_interfaces/count_interfaces/action/detail
-- Up-to-date: /home/alves/ros2_ws/install/count_interfaces/include/count_interfaces/count_interfaces/action/detail/count__type_support.h
-- Up-to-date: /home/alves/ros2_ws/install/count_interfaces/include/count_interfaces/count_interfaces/action/detail/count__struct.h
-- Up-to-date: /home/alves/ros2_ws/install/count_interfaces/include/count_interfaces/count_interfaces/action/detail/count__functions.c
-- Up-to-date: /home/alves/ros2_ws/install/count_interfaces/include/count_interfaces/count_interfaces/action/detail/count__functions.h
-- Up-to-date: /home/alves/ros2_ws/install/count_interfaces/share/count_interfaces/environment/library_path.sh
-- Installing: /home/alves/ros2_ws/install/count_interfaces/share/count_interfaces/environment/library_path.dsv
-- Up-to-date: /home/alves/ros2_ws/install/count_interfaces/lib/libcount_interfaces__rosidl_generator_c.so
-- Up-to-date: /home/alves/ros2_ws/install/count_interfaces/include/count_interfaces/count_interfaces
-- Up-to-date: /home/alves/ros2_ws/install/count_interfaces/include/count_interfaces/count_interfaces/msg
-- Up-to-date: /home/alves/ros2_ws/install/count_interfaces/include/count_interfaces/count_interfaces/msg/rosidl_typesupport_fastrtps_c__visibility_control.h
-- Up-to-date: /home/alves/ros2_ws/install/count_interfaces/include/count_interfaces/count_interfaces/action
-- Up-to-date: /home/alves/ros2_ws/install/count_interfaces/include/count_interfaces/count_interfaces/action/detail
-- Up-to-date: /home/alves/ros2_ws/install/count_interfaces/include/count_interfaces/count_interfaces/action/detail/count__rosidl_typesupport_fastrtps_c.h
-- Up-to-date: /home/alves/ros2_ws/install/count_interfaces/lib/libcount_interfaces__rosidl_typesupport_fastrtps_c.so
-- Up-to-date: /home/alves/ros2_ws/install/count_interfaces/include/count_interfaces/count_interfaces
-- Up-to-date: /home/alves/ros2_ws/install/count_interfaces/include/count_interfaces/count_interfaces/msg
-- Up-to-date: /home/alves/ros2_ws/install/count_interfaces/include/count_interfaces/count_interfaces/msg/rosidl_generator_cpp__visibility_control.hpp
-- Up-to-date: /home/alves/ros2_ws/install/count_interfaces/include/count_interfaces/count_interfaces/action
-- Up-to-date: /home/alves/ros2_ws/install/count_interfaces/include/count_interfaces/count_interfaces/action/count.hpp
-- Up-to-date: /home/alves/ros2_ws/install/count_interfaces/include/count_interfaces/count_interfaces/action/detail
-- Up-to-date: /home/alves/ros2_ws/install/count_interfaces/include/count_interfaces/count_interfaces/action/detail/count__struct.hpp
-- Up-to-date: /home/alves/ros2_ws/install/count_interfaces/include/count_interfaces/count_interfaces/action/detail/count__builder.hpp
-- Up-to-date: /home/alves/ros2_ws/install/count_interfaces/include/count_interfaces/count_interfaces/action/detail/count__type_support.hpp
-- Up-to-date: /home/alves/ros2_ws/install/count_interfaces/include/count_interfaces/count_interfaces/action/detail/count__traits.hpp
-- Up-to-date: /home/alves/ros2_ws/install/count_interfaces/include/count_interfaces/count_interfaces
-- Up-to-date: /home/alves/ros2_ws/install/count_interfaces/include/count_interfaces/count_interfaces/msg
-- Up-to-date: /home/alves/ros2_ws/install/count_interfaces/include/count_interfaces/count_interfaces/msg/rosidl_typesupport_fastrtps_cpp__visibility_control.h
-- Up-to-date: /home/alves/ros2_ws/install/count_interfaces/include/count_interfaces/count_interfaces/action
-- Up-to-date: /home/alves/ros2_ws/install/count_interfaces/include/count_interfaces/count_interfaces/action/detail
-- Up-to-date: /home/alves/ros2_ws/install/count_interfaces/include/count_interfaces/count_interfaces/action/detail/dds_fastrtps
-- Up-to-date: /home/alves/ros2_ws/install/count_interfaces/include/count_interfaces/count_interfaces/action/detail/count__rosidl_typesupport_fastrtps_cpp.hpp
-- Up-to-date: /home/alves/ros2_ws/install/count_interfaces/lib/libcount_interfaces__rosidl_typesupport_fastrtps_cpp.so
-- Up-to-date: /home/alves/ros2_ws/install/count_interfaces/include/count_interfaces/count_interfaces
-- Up-to-date: /home/alves/ros2_ws/install/count_interfaces/include/count_interfaces/count_interfaces/msg
-- Up-to-date: /home/alves/ros2_ws/install/count_interfaces/include/count_interfaces/count_interfaces/msg/rosidl_typesupport_introspection_c__visibility_control.h
-- Up-to-date: /home/alves/ros2_ws/install/count_interfaces/include/count_interfaces/count_interfaces/action
-- Up-to-date: /home/alves/ros2_ws/install/count_interfaces/include/count_interfaces/count_interfaces/action/detail
-- Up-to-date: /home/alves/ros2_ws/install/count_interfaces/include/count_interfaces/count_interfaces/action/detail/count__type_support.c
-- Up-to-date: /home/alves/ros2_ws/install/count_interfaces/include/count_interfaces/count_interfaces/action/detail/count__rosidl_typesupport_introspection_c.h
-- Up-to-date: /home/alves/ros2_ws/install/count_interfaces/lib/libcount_interfaces__rosidl_typesupport_introspection_c.so
-- Up-to-date: /home/alves/ros2_ws/install/count_interfaces/lib/libcount_interfaces__rosidl_typesupport_c.so
-- Up-to-date: /home/alves/ros2_ws/install/count_interfaces/include/count_interfaces/count_interfaces
-- Up-to-date: /home/alves/ros2_ws/install/count_interfaces/include/count_interfaces/count_interfaces/action
-- Up-to-date: /home/alves/ros2_ws/install/count_interfaces/include/count_interfaces/count_interfaces/action/detail
-- Up-to-date: /home/alves/ros2_ws/install/count_interfaces/include/count_interfaces/count_interfaces/action/detail/count__rosidl_typesupport_introspection_cpp.hpp
-- Up-to-date: /home/alves/ros2_ws/install/count_interfaces/include/count_interfaces/count_interfaces/action/detail/count__type_support.cpp
-- Up-to-date: /home/alves/ros2_ws/install/count_interfaces/lib/libcount_interfaces__rosidl_typesupport_introspection_cpp.so
-- Up-to-date: /home/alves/ros2_ws/install/count_interfaces/lib/libcount_interfaces__rosidl_typesupport_cpp.so
-- Up-to-date: /home/alves/ros2_ws/install/count_interfaces/share/count_interfaces/environment/pythonpath.sh
-- Installing: /home/alves/ros2_ws/install/count_interfaces/share/count_interfaces/environment/pythonpath.dsv
-- Up-to-date: /home/alves/ros2_ws/install/count_interfaces/local/lib/python3.10/dist-packages/count_interfaces-0.0.0-py3.10.egg-info
-- Installing: /home/alves/ros2_ws/install/count_interfaces/local/lib/python3.10/dist-packages/count_interfaces-0.0.0-py3.10.egg-info/PKG-INFO
-- Installing: /home/alves/ros2_ws/install/count_interfaces/local/lib/python3.10/dist-packages/count_interfaces-0.0.0-py3.10.egg-info/dependency_links.txt
-- Installing: /home/alves/ros2_ws/install/count_interfaces/local/lib/python3.10/dist-packages/count_interfaces-0.0.0-py3.10.egg-info/SOURCES.txt
-- Installing: /home/alves/ros2_ws/install/count_interfaces/local/lib/python3.10/dist-packages/count_interfaces-0.0.0-py3.10.egg-info/top_level.txt
-- Up-to-date: /home/alves/ros2_ws/install/count_interfaces/local/lib/python3.10/dist-packages/count_interfaces
-- Up-to-date: /home/alves/ros2_ws/install/count_interfaces/local/lib/python3.10/dist-packages/count_interfaces/count_interfaces_s__rosidl_typesupport_introspection_c.cpython-310-x86_64-linux-gnu.so
-- Up-to-date: /home/alves/ros2_ws/install/count_interfaces/local/lib/python3.10/dist-packages/count_interfaces/_count_interfaces_s.ep.rosidl_typesupport_introspection_c.c
-- Up-to-date: /home/alves/ros2_ws/install/count_interfaces/local/lib/python3.10/dist-packages/count_interfaces/count_interfaces_s__rosidl_typesupport_fastrtps_c.cpython-310-x86_64-linux-gnu.so
-- Installing: /home/alves/ros2_ws/install/count_interfaces/local/lib/python3.10/dist-packages/count_interfaces/__init__.py
-- Up-to-date: /home/alves/ros2_ws/install/count_interfaces/local/lib/python3.10/dist-packages/count_interfaces/_count_interfaces_s.ep.rosidl_typesupport_fastrtps_c.c
-- Up-to-date: /home/alves/ros2_ws/install/count_interfaces/local/lib/python3.10/dist-packages/count_interfaces/action
-- Up-to-date: /home/alves/ros2_ws/install/count_interfaces/local/lib/python3.10/dist-packages/count_interfaces/action/_count_s.c
-- Up-to-date: /home/alves/ros2_ws/install/count_interfaces/local/lib/python3.10/dist-packages/count_interfaces/action/__init__.py
-- Up-to-date: /home/alves/ros2_ws/install/count_interfaces/local/lib/python3.10/dist-packages/count_interfaces/action/_count.py
-- Up-to-date: /home/alves/ros2_ws/install/count_interfaces/local/lib/python3.10/dist-packages/count_interfaces/libcount_interfaces__rosidl_generator_py.so
-- Up-to-date: /home/alves/ros2_ws/install/count_interfaces/local/lib/python3.10/dist-packages/count_interfaces/count_interfaces_s__rosidl_typesupport_c.cpython-310-x86_64-linux-gnu.so
-- Up-to-date: /home/alves/ros2_ws/install/count_interfaces/local/lib/python3.10/dist-packages/count_interfaces/_count_interfaces_s.ep.rosidl_typesupport_c.c
Listing '/home/alves/ros2_ws/install/count_interfaces/local/lib/python3.10/dist-packages/count_interfaces'...
Compiling '/home/alves/ros2_ws/install/count_interfaces/local/lib/python3.10/dist-packages/count_interfaces/__init__.py'...
Listing '/home/alves/ros2_ws/install/count_interfaces/local/lib/python3.10/dist-packages/count_interfaces/action'...
-- Up-to-date: /home/alves/ros2_ws/install/count_interfaces/local/lib/python3.10/dist-packages/count_interfaces/count_interfaces_s__rosidl_typesupport_fastrtps_c.cpython-310-x86_64-linux-gnu.so
-- Up-to-date: /home/alves/ros2_ws/install/count_interfaces/local/lib/python3.10/dist-packages/count_interfaces/count_interfaces_s__rosidl_typesupport_introspection_c.cpython-310-x86_64-linux-gnu.so
-- Up-to-date: /home/alves/ros2_ws/install/count_interfaces/local/lib/python3.10/dist-packages/count_interfaces/count_interfaces_s__rosidl_typesupport_c.cpython-310-x86_64-linux-gnu.so
-- Up-to-date: /home/alves/ros2_ws/install/count_interfaces/lib/libcount_interfaces__rosidl_generator_py.so
-- Up-to-date: /home/alves/ros2_ws/install/count_interfaces/share/count_interfaces/action/Count.idl
-- Up-to-date: /home/alves/ros2_ws/install/count_interfaces/share/count_interfaces/action/Count.action
-- Installing: /home/alves/ros2_ws/install/count_interfaces/share/ament_index/resource_index/package_run_dependencies/count_interfaces
-- Up-to-date: /home/alves/ros2_ws/install/count_interfaces/share/ament_index/resource_index/parent_prefix_path/count_interfaces
-- Up-to-date: /home/alves/ros2_ws/install/count_interfaces/share/count_interfaces/environment/ament_prefix_path.sh
-- Installing: /home/alves/ros2_ws/install/count_interfaces/share/count_interfaces/environment/ament_prefix_path.dsv
-- Up-to-date: /home/alves/ros2_ws/install/count_interfaces/share/count_interfaces/environment/path.sh
-- Installing: /home/alves/ros2_ws/install/count_interfaces/share/count_interfaces/environment/path.dsv
-- Up-to-date: /home/alves/ros2_ws/install/count_interfaces/share/count_interfaces/local_setup.bash
-- Up-to-date: /home/alves/ros2_ws/install/count_interfaces/share/count_interfaces/local_setup.sh
-- Up-to-date: /home/alves/ros2_ws/install/count_interfaces/share/count_interfaces/local_setup.zsh
-- Installing: /home/alves/ros2_ws/install/count_interfaces/share/count_interfaces/local_setup.dsv
-- Installing: /home/alves/ros2_ws/install/count_interfaces/share/count_interfaces/package.dsv
-- Up-to-date: /home/alves/ros2_ws/install/count_interfaces/share/ament_index/resource_index/packages/count_interfaces
-- Up-to-date: /home/alves/ros2_ws/install/count_interfaces/share/count_interfaces/cmake/export_count_interfaces__rosidl_generator_cExport.cmake
-- Up-to-date: /home/alves/ros2_ws/install/count_interfaces/share/count_interfaces/cmake/export_count_interfaces__rosidl_generator_cExport-noconfig.cmake
-- Up-to-date: /home/alves/ros2_ws/install/count_interfaces/share/count_interfaces/cmake/export_count_interfaces__rosidl_typesupport_fastrtps_cExport.cmake
-- Up-to-date: /home/alves/ros2_ws/install/count_interfaces/share/count_interfaces/cmake/export_count_interfaces__rosidl_typesupport_fastrtps_cExport-noconfig.cmake
-- Up-to-date: /home/alves/ros2_ws/install/count_interfaces/share/count_interfaces/cmake/export_count_interfaces__rosidl_generator_cppExport.cmake
-- Up-to-date: /home/alves/ros2_ws/install/count_interfaces/share/count_interfaces/cmake/export_count_interfaces__rosidl_typesupport_fastrtps_cppExport.cmake
-- Up-to-date: /home/alves/ros2_ws/install/count_interfaces/share/count_interfaces/cmake/export_count_interfaces__rosidl_typesupport_fastrtps_cppExport-noconfig.cmake
-- Up-to-date: /home/alves/ros2_ws/install/count_interfaces/share/count_interfaces/cmake/count_interfaces__rosidl_typesupport_introspection_cExport.cmake
-- Up-to-date: /home/alves/ros2_ws/install/count_interfaces/share/count_interfaces/cmake/count_interfaces__rosidl_typesupport_introspection_cExport-noconfig.cmake
-- Up-to-date: /home/alves/ros2_ws/install/count_interfaces/share/count_interfaces/cmake/count_interfaces__rosidl_typesupport_cExport.cmake
-- Up-to-date: /home/alves/ros2_ws/install/count_interfaces/share/count_interfaces/cmake/count_interfaces__rosidl_typesupport_cExport-noconfig.cmake
-- Up-to-date: /home/alves/ros2_ws/install/count_interfaces/share/count_interfaces/cmake/count_interfaces__rosidl_typesupport_introspection_cppExport.cmake
-- Up-to-date: /home/alves/ros2_ws/install/count_interfaces/share/count_interfaces/cmake/count_interfaces__rosidl_typesupport_introspection_cppExport-noconfig.cmake
-- Up-to-date: /home/alves/ros2_ws/install/count_interfaces/share/count_interfaces/cmake/count_interfaces__rosidl_typesupport_cppExport.cmake
-- Up-to-date: /home/alves/ros2_ws/install/count_interfaces/share/count_interfaces/cmake/count_interfaces__rosidl_typesupport_cppExport-noconfig.cmake
-- Up-to-date: /home/alves/ros2_ws/install/count_interfaces/share/count_interfaces/cmake/export_count_interfaces__rosidl_generator_pyExport.cmake
-- Up-to-date: /home/alves/ros2_ws/install/count_interfaces/share/count_interfaces/cmake/export_count_interfaces__rosidl_generator_pyExport-noconfig.cmake
-- Up-to-date: /home/alves/ros2_ws/install/count_interfaces/share/count_interfaces/cmake/rosidl_cmake-extras.cmake
-- Up-to-date: /home/alves/ros2_ws/install/count_interfaces/share/count_interfaces/cmake/ament_cmake_export_dependencies-extras.cmake
-- Up-to-date: /home/alves/ros2_ws/install/count_interfaces/share/count_interfaces/cmake/ament_cmake_export_include_directories-extras.cmake
-- Up-to-date: /home/alves/ros2_ws/install/count_interfaces/share/count_interfaces/cmake/ament_cmake_export_libraries-extras.cmake
-- Up-to-date: /home/alves/ros2_ws/install/count_interfaces/share/count_interfaces/cmake/ament_cmake_export_targets-extras.cmake
-- Up-to-date: /home/alves/ros2_ws/install/count_interfaces/share/count_interfaces/cmake/rosidl_cmake_export_typesupport_targets-extras.cmake
-- Up-to-date: /home/alves/ros2_ws/install/count_interfaces/share/count_interfaces/cmake/rosidl_cmake_export_typesupport_libraries-extras.cmake
-- Up-to-date: /home/alves/ros2_ws/install/count_interfaces/share/count_interfaces/cmake/count_interfacesConfig.cmake
-- Up-to-date: /home/alves/ros2_ws/install/count_interfaces/share/count_interfaces/cmake/count_interfacesConfig-version.cmake
-- Installing: /home/alves/ros2_ws/install/count_interfaces/share/count_interfaces/package.xml
