[0.016s] Invoking command in '/home/alves/ros2_ws/build/count_interfaces': CMAKE_PREFIX_PATH=${CMAKE_PREFIX_PATH}:/opt/ros/humble /usr/bin/cmake --build /home/alves/ros2_ws/build/count_interfaces -- -j16 -l16
[0.037s] -- Found ament_cmake: 1.3.11 (/opt/ros/humble/share/ament_cmake/cmake)
[0.141s] -- Found rclcpp: 16.0.12 (/opt/ros/humble/share/rclcpp/cmake)
[0.160s] -- Found rosidl_generator_c: 3.1.6 (/opt/ros/humble/share/rosidl_generator_c/cmake)
[0.162s] -- Found rosidl_adapter: 3.1.6 (/opt/ros/humble/share/rosidl_adapter/cmake)
[0.165s] -- Found rosidl_generator_cpp: 3.1.6 (/opt/ros/humble/share/rosidl_generator_cpp/cmake)
[0.172s] -- Using all available rosidl_typesupport_c: rosidl_typesupport_fastrtps_c;rosidl_typesupport_introspection_c
[0.180s] -- Using all available rosidl_typesupport_cpp: rosidl_typesupport_fastrtps_cpp;rosidl_typesupport_introspection_cpp
[0.200s] -- Found rmw_implementation_cmake: 6.1.2 (/opt/ros/humble/share/rmw_implementation_cmake/cmake)
[0.201s] -- Found rmw_fastrtps_cpp: 6.2.7 (/opt/ros/humble/share/rmw_fastrtps_cpp/cmake)
[0.277s] -- Using RMW implementation 'rmw_fastrtps_cpp' as default
[0.309s] -- Found rosidl_default_generators: 1.2.0 (/opt/ros/humble/share/rosidl_default_generators/cmake)
[0.510s] -- Found ament_cmake_ros: 0.10.0 (/opt/ros/humble/share/ament_cmake_ros/cmake)
[0.786s] -- Using all available rosidl_typesupport_c: rosidl_typesupport_fastrtps_c;rosidl_typesupport_introspection_c
[0.894s] -- Using all available rosidl_typesupport_cpp: rosidl_typesupport_fastrtps_cpp;rosidl_typesupport_introspection_cpp
[0.921s] -- Found python_cmake_module: 0.10.0 (/opt/ros/humble/share/python_cmake_module/cmake)
[0.943s] -- Using PYTHON_EXECUTABLE: /usr/bin/python3
[0.943s] -- Using PYTHON_INCLUDE_DIRS: /usr/include/python3.10
[0.943s] -- Using PYTHON_LIBRARIES: /usr/lib/x86_64-linux-gnu/libpython3.10.so
[0.962s] -- Found ament_lint_auto: 0.12.12 (/opt/ros/humble/share/ament_lint_auto/cmake)
[0.967s] -- Added test 'lint_cmake' to check CMake code style
[0.968s] -- Added test 'xmllint' to check XML markup files
[0.969s] -- Configuring done
[0.988s] -- Generating done
[0.995s] -- Build files have been written to: /home/alves/ros2_ws/build/count_interfaces
[1.020s] [35m[1mConsolidate compiler generated dependencies of target count_interfaces__rosidl_generator_c[0m
[1.028s] [  3%] Built target count_interfaces__cpp
[1.029s] [ 12%] Built target count_interfaces__rosidl_generator_c
[1.035s] [35m[1mConsolidate compiler generated dependencies of target count_interfaces__rosidl_typesupport_fastrtps_cpp[0m
[1.035s] [35m[1mConsolidate compiler generated dependencies of target count_interfaces__rosidl_typesupport_introspection_cpp[0m
[1.035s] [ 12%] Built target ament_cmake_python_copy_count_interfaces
[1.040s] [35m[1mConsolidate compiler generated dependencies of target count_interfaces__rosidl_typesupport_cpp[0m
[1.047s] [35m[1mConsolidate compiler generated dependencies of target count_interfaces__rosidl_typesupport_introspection_c[0m
[1.047s] [35m[1mConsolidate compiler generated dependencies of target count_interfaces__rosidl_typesupport_c[0m
[1.049s] [ 22%] Built target count_interfaces__rosidl_typesupport_fastrtps_cpp
[1.050s] [ 32%] Built target count_interfaces__rosidl_typesupport_introspection_cpp
[1.053s] [35m[1mConsolidate compiler generated dependencies of target count_interfaces__rosidl_typesupport_fastrtps_c[0m
[1.059s] [ 41%] Built target count_interfaces__rosidl_typesupport_introspection_c
[1.059s] [ 51%] Built target count_interfaces__rosidl_typesupport_c
[1.062s] [ 61%] Built target count_interfaces__rosidl_typesupport_cpp
[1.068s] [ 70%] Built target count_interfaces__rosidl_typesupport_fastrtps_c
[1.087s] [ 70%] Built target count_interfaces
[1.104s] [ 74%] Built target count_interfaces__py
[1.117s] [35m[1mConsolidate compiler generated dependencies of target count_interfaces__rosidl_generator_py[0m
[1.133s] [ 80%] Built target count_interfaces__rosidl_generator_py
[1.140s] [35m[1mConsolidate compiler generated dependencies of target count_interfaces__rosidl_typesupport_introspection_c__pyext[0m
[1.143s] [35m[1mConsolidate compiler generated dependencies of target count_interfaces__rosidl_typesupport_c__pyext[0m
[1.144s] [35m[1mConsolidate compiler generated dependencies of target count_interfaces__rosidl_typesupport_fastrtps_c__pyext[0m
[1.150s] [ 87%] Built target count_interfaces__rosidl_typesupport_c__pyext
[1.151s] [ 93%] Built target count_interfaces__rosidl_typesupport_introspection_c__pyext
[1.155s] [100%] Built target count_interfaces__rosidl_typesupport_fastrtps_c__pyext
[1.204s] running egg_info
[1.204s] writing count_interfaces.egg-info/PKG-INFO
[1.204s] writing dependency_links to count_interfaces.egg-info/dependency_links.txt
[1.204s] writing top-level names to count_interfaces.egg-info/top_level.txt
[1.205s] reading manifest file 'count_interfaces.egg-info/SOURCES.txt'
[1.206s] writing manifest file 'count_interfaces.egg-info/SOURCES.txt'
[1.224s] [100%] Built target ament_cmake_python_build_count_interfaces_egg
[1.235s] Invoked command in '/home/alves/ros2_ws/build/count_interfaces' returned '0': CMAKE_PREFIX_PATH=${CMAKE_PREFIX_PATH}:/opt/ros/humble /usr/bin/cmake --build /home/alves/ros2_ws/build/count_interfaces -- -j16 -l16
[1.237s] Invoking command in '/home/alves/ros2_ws/build/count_interfaces': CMAKE_PREFIX_PATH=${CMAKE_PREFIX_PATH}:/opt/ros/humble /usr/bin/cmake --install /home/alves/ros2_ws/build/count_interfaces
[1.241s] -- Install configuration: ""
[1.241s] -- Up-to-date: /home/alves/ros2_ws/install/count_interfaces/share/ament_index/resource_index/rosidl_interfaces/count_interfaces
[1.241s] -- Up-to-date: /home/alves/ros2_ws/install/count_interfaces/include/count_interfaces/count_interfaces
[1.241s] -- Up-to-date: /home/alves/ros2_ws/install/count_interfaces/include/count_interfaces/count_interfaces/msg
[1.241s] -- Up-to-date: /home/alves/ros2_ws/install/count_interfaces/include/count_interfaces/count_interfaces/msg/rosidl_generator_c__visibility_control.h
[1.242s] -- Up-to-date: /home/alves/ros2_ws/install/count_interfaces/include/count_interfaces/count_interfaces/action
[1.242s] -- Up-to-date: /home/alves/ros2_ws/install/count_interfaces/include/count_interfaces/count_interfaces/action/count.h
[1.242s] -- Up-to-date: /home/alves/ros2_ws/install/count_interfaces/include/count_interfaces/count_interfaces/action/detail
[1.242s] -- Up-to-date: /home/alves/ros2_ws/install/count_interfaces/include/count_interfaces/count_interfaces/action/detail/count__type_support.h
[1.242s] -- Up-to-date: /home/alves/ros2_ws/install/count_interfaces/include/count_interfaces/count_interfaces/action/detail/count__struct.h
[1.242s] -- Up-to-date: /home/alves/ros2_ws/install/count_interfaces/include/count_interfaces/count_interfaces/action/detail/count__functions.c
[1.242s] -- Up-to-date: /home/alves/ros2_ws/install/count_interfaces/include/count_interfaces/count_interfaces/action/detail/count__functions.h
[1.242s] -- Up-to-date: /home/alves/ros2_ws/install/count_interfaces/share/count_interfaces/environment/library_path.sh
[1.242s] -- Installing: /home/alves/ros2_ws/install/count_interfaces/share/count_interfaces/environment/library_path.dsv
[1.242s] -- Up-to-date: /home/alves/ros2_ws/install/count_interfaces/lib/libcount_interfaces__rosidl_generator_c.so
[1.242s] -- Up-to-date: /home/alves/ros2_ws/install/count_interfaces/include/count_interfaces/count_interfaces
[1.242s] -- Up-to-date: /home/alves/ros2_ws/install/count_interfaces/include/count_interfaces/count_interfaces/msg
[1.242s] -- Up-to-date: /home/alves/ros2_ws/install/count_interfaces/include/count_interfaces/count_interfaces/msg/rosidl_typesupport_fastrtps_c__visibility_control.h
[1.242s] -- Up-to-date: /home/alves/ros2_ws/install/count_interfaces/include/count_interfaces/count_interfaces/action
[1.242s] -- Up-to-date: /home/alves/ros2_ws/install/count_interfaces/include/count_interfaces/count_interfaces/action/detail
[1.242s] -- Up-to-date: /home/alves/ros2_ws/install/count_interfaces/include/count_interfaces/count_interfaces/action/detail/count__rosidl_typesupport_fastrtps_c.h
[1.242s] -- Up-to-date: /home/alves/ros2_ws/install/count_interfaces/lib/libcount_interfaces__rosidl_typesupport_fastrtps_c.so
[1.242s] -- Up-to-date: /home/alves/ros2_ws/install/count_interfaces/include/count_interfaces/count_interfaces
[1.242s] -- Up-to-date: /home/alves/ros2_ws/install/count_interfaces/include/count_interfaces/count_interfaces/msg
[1.242s] -- Up-to-date: /home/alves/ros2_ws/install/count_interfaces/include/count_interfaces/count_interfaces/msg/rosidl_generator_cpp__visibility_control.hpp
[1.242s] -- Up-to-date: /home/alves/ros2_ws/install/count_interfaces/include/count_interfaces/count_interfaces/action
[1.242s] -- Up-to-date: /home/alves/ros2_ws/install/count_interfaces/include/count_interfaces/count_interfaces/action/count.hpp
[1.242s] -- Up-to-date: /home/alves/ros2_ws/install/count_interfaces/include/count_interfaces/count_interfaces/action/detail
[1.242s] -- Up-to-date: /home/alves/ros2_ws/install/count_interfaces/include/count_interfaces/count_interfaces/action/detail/count__struct.hpp
[1.242s] -- Up-to-date: /home/alves/ros2_ws/install/count_interfaces/include/count_interfaces/count_interfaces/action/detail/count__builder.hpp
[1.242s] -- Up-to-date: /home/alves/ros2_ws/install/count_interfaces/include/count_interfaces/count_interfaces/action/detail/count__type_support.hpp
[1.242s] -- Up-to-date: /home/alves/ros2_ws/install/count_interfaces/include/count_interfaces/count_interfaces/action/detail/count__traits.hpp
[1.242s] -- Up-to-date: /home/alves/ros2_ws/install/count_interfaces/include/count_interfaces/count_interfaces
[1.242s] -- Up-to-date: /home/alves/ros2_ws/install/count_interfaces/include/count_interfaces/count_interfaces/msg
[1.243s] -- Up-to-date: /home/alves/ros2_ws/install/count_interfaces/include/count_interfaces/count_interfaces/msg/rosidl_typesupport_fastrtps_cpp__visibility_control.h
[1.243s] -- Up-to-date: /home/alves/ros2_ws/install/count_interfaces/include/count_interfaces/count_interfaces/action
[1.243s] -- Up-to-date: /home/alves/ros2_ws/install/count_interfaces/include/count_interfaces/count_interfaces/action/detail
[1.243s] -- Up-to-date: /home/alves/ros2_ws/install/count_interfaces/include/count_interfaces/count_interfaces/action/detail/dds_fastrtps
[1.243s] -- Up-to-date: /home/alves/ros2_ws/install/count_interfaces/include/count_interfaces/count_interfaces/action/detail/count__rosidl_typesupport_fastrtps_cpp.hpp
[1.243s] -- Up-to-date: /home/alves/ros2_ws/install/count_interfaces/lib/libcount_interfaces__rosidl_typesupport_fastrtps_cpp.so
[1.243s] -- Up-to-date: /home/alves/ros2_ws/install/count_interfaces/include/count_interfaces/count_interfaces
[1.243s] -- Up-to-date: /home/alves/ros2_ws/install/count_interfaces/include/count_interfaces/count_interfaces/msg
[1.243s] -- Up-to-date: /home/alves/ros2_ws/install/count_interfaces/include/count_interfaces/count_interfaces/msg/rosidl_typesupport_introspection_c__visibility_control.h
[1.243s] -- Up-to-date: /home/alves/ros2_ws/install/count_interfaces/include/count_interfaces/count_interfaces/action
[1.243s] -- Up-to-date: /home/alves/ros2_ws/install/count_interfaces/include/count_interfaces/count_interfaces/action/detail
[1.243s] -- Up-to-date: /home/alves/ros2_ws/install/count_interfaces/include/count_interfaces/count_interfaces/action/detail/count__type_support.c
[1.243s] -- Up-to-date: /home/alves/ros2_ws/install/count_interfaces/include/count_interfaces/count_interfaces/action/detail/count__rosidl_typesupport_introspection_c.h
[1.243s] -- Up-to-date: /home/alves/ros2_ws/install/count_interfaces/lib/libcount_interfaces__rosidl_typesupport_introspection_c.so
[1.243s] -- Up-to-date: /home/alves/ros2_ws/install/count_interfaces/lib/libcount_interfaces__rosidl_typesupport_c.so
[1.243s] -- Up-to-date: /home/alves/ros2_ws/install/count_interfaces/include/count_interfaces/count_interfaces
[1.243s] -- Up-to-date: /home/alves/ros2_ws/install/count_interfaces/include/count_interfaces/count_interfaces/action
[1.243s] -- Up-to-date: /home/alves/ros2_ws/install/count_interfaces/include/count_interfaces/count_interfaces/action/detail
[1.243s] -- Up-to-date: /home/alves/ros2_ws/install/count_interfaces/include/count_interfaces/count_interfaces/action/detail/count__rosidl_typesupport_introspection_cpp.hpp
[1.243s] -- Up-to-date: /home/alves/ros2_ws/install/count_interfaces/include/count_interfaces/count_interfaces/action/detail/count__type_support.cpp
[1.243s] -- Up-to-date: /home/alves/ros2_ws/install/count_interfaces/lib/libcount_interfaces__rosidl_typesupport_introspection_cpp.so
[1.243s] -- Up-to-date: /home/alves/ros2_ws/install/count_interfaces/lib/libcount_interfaces__rosidl_typesupport_cpp.so
[1.243s] -- Up-to-date: /home/alves/ros2_ws/install/count_interfaces/share/count_interfaces/environment/pythonpath.sh
[1.243s] -- Installing: /home/alves/ros2_ws/install/count_interfaces/share/count_interfaces/environment/pythonpath.dsv
[1.243s] -- Up-to-date: /home/alves/ros2_ws/install/count_interfaces/local/lib/python3.10/dist-packages/count_interfaces-0.0.0-py3.10.egg-info
[1.243s] -- Installing: /home/alves/ros2_ws/install/count_interfaces/local/lib/python3.10/dist-packages/count_interfaces-0.0.0-py3.10.egg-info/PKG-INFO
[1.243s] -- Installing: /home/alves/ros2_ws/install/count_interfaces/local/lib/python3.10/dist-packages/count_interfaces-0.0.0-py3.10.egg-info/dependency_links.txt
[1.243s] -- Installing: /home/alves/ros2_ws/install/count_interfaces/local/lib/python3.10/dist-packages/count_interfaces-0.0.0-py3.10.egg-info/SOURCES.txt
[1.244s] -- Installing: /home/alves/ros2_ws/install/count_interfaces/local/lib/python3.10/dist-packages/count_interfaces-0.0.0-py3.10.egg-info/top_level.txt
[1.244s] -- Up-to-date: /home/alves/ros2_ws/install/count_interfaces/local/lib/python3.10/dist-packages/count_interfaces
[1.244s] -- Up-to-date: /home/alves/ros2_ws/install/count_interfaces/local/lib/python3.10/dist-packages/count_interfaces/count_interfaces_s__rosidl_typesupport_introspection_c.cpython-310-x86_64-linux-gnu.so
[1.244s] -- Up-to-date: /home/alves/ros2_ws/install/count_interfaces/local/lib/python3.10/dist-packages/count_interfaces/_count_interfaces_s.ep.rosidl_typesupport_introspection_c.c
[1.244s] -- Up-to-date: /home/alves/ros2_ws/install/count_interfaces/local/lib/python3.10/dist-packages/count_interfaces/count_interfaces_s__rosidl_typesupport_fastrtps_c.cpython-310-x86_64-linux-gnu.so
[1.244s] -- Installing: /home/alves/ros2_ws/install/count_interfaces/local/lib/python3.10/dist-packages/count_interfaces/__init__.py
[1.244s] -- Up-to-date: /home/alves/ros2_ws/install/count_interfaces/local/lib/python3.10/dist-packages/count_interfaces/_count_interfaces_s.ep.rosidl_typesupport_fastrtps_c.c
[1.244s] -- Up-to-date: /home/alves/ros2_ws/install/count_interfaces/local/lib/python3.10/dist-packages/count_interfaces/action
[1.244s] -- Up-to-date: /home/alves/ros2_ws/install/count_interfaces/local/lib/python3.10/dist-packages/count_interfaces/action/_count_s.c
[1.244s] -- Up-to-date: /home/alves/ros2_ws/install/count_interfaces/local/lib/python3.10/dist-packages/count_interfaces/action/__init__.py
[1.244s] -- Up-to-date: /home/alves/ros2_ws/install/count_interfaces/local/lib/python3.10/dist-packages/count_interfaces/action/_count.py
[1.244s] -- Up-to-date: /home/alves/ros2_ws/install/count_interfaces/local/lib/python3.10/dist-packages/count_interfaces/libcount_interfaces__rosidl_generator_py.so
[1.244s] -- Up-to-date: /home/alves/ros2_ws/install/count_interfaces/local/lib/python3.10/dist-packages/count_interfaces/count_interfaces_s__rosidl_typesupport_c.cpython-310-x86_64-linux-gnu.so
[1.244s] -- Up-to-date: /home/alves/ros2_ws/install/count_interfaces/local/lib/python3.10/dist-packages/count_interfaces/_count_interfaces_s.ep.rosidl_typesupport_c.c
[1.272s] Listing '/home/alves/ros2_ws/install/count_interfaces/local/lib/python3.10/dist-packages/count_interfaces'...
[1.272s] Compiling '/home/alves/ros2_ws/install/count_interfaces/local/lib/python3.10/dist-packages/count_interfaces/__init__.py'...
[1.272s] Listing '/home/alves/ros2_ws/install/count_interfaces/local/lib/python3.10/dist-packages/count_interfaces/action'...
[1.275s] -- Up-to-date: /home/alves/ros2_ws/install/count_interfaces/local/lib/python3.10/dist-packages/count_interfaces/count_interfaces_s__rosidl_typesupport_fastrtps_c.cpython-310-x86_64-linux-gnu.so
[1.275s] -- Up-to-date: /home/alves/ros2_ws/install/count_interfaces/local/lib/python3.10/dist-packages/count_interfaces/count_interfaces_s__rosidl_typesupport_introspection_c.cpython-310-x86_64-linux-gnu.so
[1.275s] -- Up-to-date: /home/alves/ros2_ws/install/count_interfaces/local/lib/python3.10/dist-packages/count_interfaces/count_interfaces_s__rosidl_typesupport_c.cpython-310-x86_64-linux-gnu.so
[1.275s] -- Up-to-date: /home/alves/ros2_ws/install/count_interfaces/lib/libcount_interfaces__rosidl_generator_py.so
[1.275s] -- Up-to-date: /home/alves/ros2_ws/install/count_interfaces/share/count_interfaces/action/Count.idl
[1.275s] -- Up-to-date: /home/alves/ros2_ws/install/count_interfaces/share/count_interfaces/action/Count.action
[1.275s] -- Installing: /home/alves/ros2_ws/install/count_interfaces/share/ament_index/resource_index/package_run_dependencies/count_interfaces
[1.275s] -- Up-to-date: /home/alves/ros2_ws/install/count_interfaces/share/ament_index/resource_index/parent_prefix_path/count_interfaces
[1.275s] -- Up-to-date: /home/alves/ros2_ws/install/count_interfaces/share/count_interfaces/environment/ament_prefix_path.sh
[1.275s] -- Installing: /home/alves/ros2_ws/install/count_interfaces/share/count_interfaces/environment/ament_prefix_path.dsv
[1.276s] -- Up-to-date: /home/alves/ros2_ws/install/count_interfaces/share/count_interfaces/environment/path.sh
[1.276s] -- Installing: /home/alves/ros2_ws/install/count_interfaces/share/count_interfaces/environment/path.dsv
[1.276s] -- Up-to-date: /home/alves/ros2_ws/install/count_interfaces/share/count_interfaces/local_setup.bash
[1.276s] -- Up-to-date: /home/alves/ros2_ws/install/count_interfaces/share/count_interfaces/local_setup.sh
[1.276s] -- Up-to-date: /home/alves/ros2_ws/install/count_interfaces/share/count_interfaces/local_setup.zsh
[1.276s] -- Installing: /home/alves/ros2_ws/install/count_interfaces/share/count_interfaces/local_setup.dsv
[1.276s] -- Installing: /home/alves/ros2_ws/install/count_interfaces/share/count_interfaces/package.dsv
[1.276s] -- Up-to-date: /home/alves/ros2_ws/install/count_interfaces/share/ament_index/resource_index/packages/count_interfaces
[1.276s] -- Up-to-date: /home/alves/ros2_ws/install/count_interfaces/share/count_interfaces/cmake/export_count_interfaces__rosidl_generator_cExport.cmake
[1.276s] -- Up-to-date: /home/alves/ros2_ws/install/count_interfaces/share/count_interfaces/cmake/export_count_interfaces__rosidl_generator_cExport-noconfig.cmake
[1.276s] -- Up-to-date: /home/alves/ros2_ws/install/count_interfaces/share/count_interfaces/cmake/export_count_interfaces__rosidl_typesupport_fastrtps_cExport.cmake
[1.276s] -- Up-to-date: /home/alves/ros2_ws/install/count_interfaces/share/count_interfaces/cmake/export_count_interfaces__rosidl_typesupport_fastrtps_cExport-noconfig.cmake
[1.276s] -- Up-to-date: /home/alves/ros2_ws/install/count_interfaces/share/count_interfaces/cmake/export_count_interfaces__rosidl_generator_cppExport.cmake
[1.276s] -- Up-to-date: /home/alves/ros2_ws/install/count_interfaces/share/count_interfaces/cmake/export_count_interfaces__rosidl_typesupport_fastrtps_cppExport.cmake
[1.276s] -- Up-to-date: /home/alves/ros2_ws/install/count_interfaces/share/count_interfaces/cmake/export_count_interfaces__rosidl_typesupport_fastrtps_cppExport-noconfig.cmake
[1.276s] -- Up-to-date: /home/alves/ros2_ws/install/count_interfaces/share/count_interfaces/cmake/count_interfaces__rosidl_typesupport_introspection_cExport.cmake
[1.276s] -- Up-to-date: /home/alves/ros2_ws/install/count_interfaces/share/count_interfaces/cmake/count_interfaces__rosidl_typesupport_introspection_cExport-noconfig.cmake
[1.276s] -- Up-to-date: /home/alves/ros2_ws/install/count_interfaces/share/count_interfaces/cmake/count_interfaces__rosidl_typesupport_cExport.cmake
[1.276s] -- Up-to-date: /home/alves/ros2_ws/install/count_interfaces/share/count_interfaces/cmake/count_interfaces__rosidl_typesupport_cExport-noconfig.cmake
[1.276s] -- Up-to-date: /home/alves/ros2_ws/install/count_interfaces/share/count_interfaces/cmake/count_interfaces__rosidl_typesupport_introspection_cppExport.cmake
[1.276s] -- Up-to-date: /home/alves/ros2_ws/install/count_interfaces/share/count_interfaces/cmake/count_interfaces__rosidl_typesupport_introspection_cppExport-noconfig.cmake
[1.276s] -- Up-to-date: /home/alves/ros2_ws/install/count_interfaces/share/count_interfaces/cmake/count_interfaces__rosidl_typesupport_cppExport.cmake
[1.276s] -- Up-to-date: /home/alves/ros2_ws/install/count_interfaces/share/count_interfaces/cmake/count_interfaces__rosidl_typesupport_cppExport-noconfig.cmake
[1.276s] -- Up-to-date: /home/alves/ros2_ws/install/count_interfaces/share/count_interfaces/cmake/export_count_interfaces__rosidl_generator_pyExport.cmake
[1.277s] -- Up-to-date: /home/alves/ros2_ws/install/count_interfaces/share/count_interfaces/cmake/export_count_interfaces__rosidl_generator_pyExport-noconfig.cmake
[1.277s] -- Up-to-date: /home/alves/ros2_ws/install/count_interfaces/share/count_interfaces/cmake/rosidl_cmake-extras.cmake
[1.277s] -- Up-to-date: /home/alves/ros2_ws/install/count_interfaces/share/count_interfaces/cmake/ament_cmake_export_dependencies-extras.cmake
[1.277s] -- Up-to-date: /home/alves/ros2_ws/install/count_interfaces/share/count_interfaces/cmake/ament_cmake_export_include_directories-extras.cmake
[1.277s] -- Up-to-date: /home/alves/ros2_ws/install/count_interfaces/share/count_interfaces/cmake/ament_cmake_export_libraries-extras.cmake
[1.277s] -- Up-to-date: /home/alves/ros2_ws/install/count_interfaces/share/count_interfaces/cmake/ament_cmake_export_targets-extras.cmake
[1.277s] -- Up-to-date: /home/alves/ros2_ws/install/count_interfaces/share/count_interfaces/cmake/rosidl_cmake_export_typesupport_targets-extras.cmake
[1.277s] -- Up-to-date: /home/alves/ros2_ws/install/count_interfaces/share/count_interfaces/cmake/rosidl_cmake_export_typesupport_libraries-extras.cmake
[1.277s] -- Up-to-date: /home/alves/ros2_ws/install/count_interfaces/share/count_interfaces/cmake/count_interfacesConfig.cmake
[1.277s] -- Up-to-date: /home/alves/ros2_ws/install/count_interfaces/share/count_interfaces/cmake/count_interfacesConfig-version.cmake
[1.277s] -- Installing: /home/alves/ros2_ws/install/count_interfaces/share/count_interfaces/package.xml
[1.278s] Invoked command in '/home/alves/ros2_ws/build/count_interfaces' returned '0': CMAKE_PREFIX_PATH=${CMAKE_PREFIX_PATH}:/opt/ros/humble /usr/bin/cmake --install /home/alves/ros2_ws/build/count_interfaces
