[0.011s] Invoking command in '/home/alves/ros2_ws/build/robot_ras_decision': CMAKE_PREFIX_PATH=/opt/ros/humble /usr/bin/cmake --build /home/alves/ros2_ws/build/robot_ras_decision -- -j16 -l16
[0.072s] [  2%] Built target robot_ras_decision__cpp
[0.078s] [ 11%] Built target robot_ras_decision__rosidl_generator_c
[0.091s] [ 11%] Built target ament_cmake_python_symlink_robot_ras_decision
[0.128s] [ 20%] Built target robot_ras_decision__rosidl_typesupport_fastrtps_cpp
[0.128s] [ 37%] Built target robot_ras_decision__rosidl_typesupport_introspection_c
[0.129s] [ 41%] Built target robot_ras_decision__rosidl_typesupport_cpp
[0.129s] [ 48%] Built target robot_ras_decision__rosidl_typesupport_c
[0.129s] [ 58%] Built target robot_ras_decision__rosidl_typesupport_fastrtps_c
[0.129s] [ 67%] Built target robot_ras_decision__rosidl_typesupport_introspection_cpp
[0.148s] [ 67%] Built target robot_ras_decision
[0.157s] [35m[1mConsolidate compiler generated dependencies of target MotorControllerNode[0m
[0.165s] [ 69%] Built target robot_ras_decision__py
[0.168s] [ 74%] Built target DecisionNode
[0.172s] [ 76%] [32mBuilding CXX object CMakeFiles/MotorControllerNode.dir/src/motor_controller_node.cpp.o[0m
[0.185s] [ 83%] Built target robot_ras_decision__rosidl_generator_py
[0.203s] [ 90%] Built target robot_ras_decision__rosidl_typesupport_introspection_c__pyext
[0.203s] [ 93%] Built target robot_ras_decision__rosidl_typesupport_fastrtps_c__pyext
[0.208s] [ 97%] Built target robot_ras_decision__rosidl_typesupport_c__pyext
[0.279s] running egg_info
[0.280s] writing robot_ras_decision.egg-info/PKG-INFO
[0.280s] writing dependency_links to robot_ras_decision.egg-info/dependency_links.txt
[0.280s] writing top-level names to robot_ras_decision.egg-info/top_level.txt
[0.281s] reading manifest file 'robot_ras_decision.egg-info/SOURCES.txt'
[0.282s] writing manifest file 'robot_ras_decision.egg-info/SOURCES.txt'
[0.306s] [ 97%] Built target ament_cmake_python_build_robot_ras_decision_egg
[1.850s] [01m[K/home/alves/ros2_ws/src/robot_ras_decision/src/motor_controller_node.cpp:[m[K In member function ‘[01m[Kvoid MotorControllerNode::movement_callback(const Movement&) const[m[K’:
[1.850s] [01m[K/home/alves/ros2_ws/src/robot_ras_decision/src/motor_controller_node.cpp:32:49:[m[K [01;31m[Kerror: [m[Kconversion from ‘[01m[Kconst _angulo_type[m[K’ {aka ‘[01m[Kconst float[m[K’} to non-scalar type ‘[01m[Kstd_msgs::msg::Float32[m[K’ {aka ‘[01m[Kstd_msgs::msg::Float32_<std::allocator<void> >[m[K’} requested
[1.850s]    32 |       std_msgs::msg::Float32 angulo = [01;31m[Kmovimento.angulo[m[K;
[1.850s]       |                                       [01;31m[K~~~~~~~~~~^~~~~~[m[K
[1.850s] [01m[K/home/alves/ros2_ws/src/robot_ras_decision/src/motor_controller_node.cpp:33:52:[m[K [01;31m[Kerror: [m[Kconversion from ‘[01m[Kconst _distancia_type[m[K’ {aka ‘[01m[Kconst float[m[K’} to non-scalar type ‘[01m[Kstd_msgs::msg::Float32[m[K’ {aka ‘[01m[Kstd_msgs::msg::Float32_<std::allocator<void> >[m[K’} requested
[1.850s]    33 |       std_msgs::msg::Float32 distancia = [01;31m[Kmovimento.distancia[m[K;
[1.850s]       |                                          [01;31m[K~~~~~~~~~~^~~~~~~~~[m[K
[1.850s] [01m[K/home/alves/ros2_ws/src/robot_ras_decision/src/motor_controller_node.cpp:35:45:[m[K [01;31m[Kerror: [m[Kcannot convert ‘[01m[Krclcpp::Time[m[K’ to ‘[01m[Kfloat[m[K’ in initialization
[1.850s]    35 |       float tempoAtual = [01;31m[Krclcpp::Clock().now()[m[K;
[1.850s]       |                          [01;31m[K~~~~~~~~~~~~~~~~~~~^~[m[K
[1.851s]       |                                             [01;31m[K|[m[K
[1.851s]       |                                             [01;31m[Krclcpp::Time[m[K
[1.854s] [01m[K/home/alves/ros2_ws/src/robot_ras_decision/src/motor_controller_node.cpp:38:32:[m[K [01;31m[Kerror: [m[K‘[01m[Kvelocidade_linear[m[K’ was not declared in this scope; did you mean ‘[01m[Kvelocidade_linear_[m[K’?
[1.854s]    38 |       velocidade_angular = 2 * [01;31m[Kvelocidade_linear[m[K;
[1.854s]       |                                [01;31m[K^~~~~~~~~~~~~~~~~[m[K
[1.854s]       |                                [32m[Kvelocidade_linear_[m[K
[1.854s] [01m[K/home/alves/ros2_ws/src/robot_ras_decision/src/motor_controller_node.cpp:41:19:[m[K [01;31m[Kerror: [m[Kbase operand of ‘[01m[K->[m[K’ has non-pointer type ‘[01m[Kconst Movement[m[K’ {aka ‘[01m[Kconst robot_ras_decision::msg::Movement_<std::allocator<void> >[m[K’}
[1.854s]    41 |       if(movimento[01;31m[K->[m[Kdirecao = "front") {
[1.854s]       |                   [01;31m[K^~[m[K
[1.854s] [01m[K/home/alves/ros2_ws/src/robot_ras_decision/src/motor_controller_node.cpp:42:30:[m[K [01;31m[Kerror: [m[Kno match for ‘[01m[Koperator/[m[K’ (operand types are ‘[01m[Kstd_msgs::msg::Float32[m[K’ {aka ‘[01m[Kstd_msgs::msg::Float32_<std::allocator<void> >[m[K’} and ‘[01m[Kconst double[m[K’)
[1.854s]    42 |         tempoExec = [32m[Kdistancia[m[K[01;31m[K/[m[K[34m[Kvelocidade_linear_[m[K;
[1.854s]       |                     [32m[K~~~~~~~~~[m[K[01;31m[K^[m[K[34m[K~~~~~~~~~~~~~~~~~~[m[K
[1.854s]       |                     [32m[K|[m[K         [34m[K|[m[K
[1.854s]       |                     [32m[K|[m[K         [34m[Kconst double[m[K
[1.854s]       |                     [32m[Kstd_msgs::msg::Float32 {aka std_msgs::msg::Float32_<std::allocator<void> >}[m[K
[1.855s] [01m[K/home/alves/ros2_ws/src/robot_ras_decision/src/motor_controller_node.cpp:47:26:[m[K [01;31m[Kerror: [m[Kbase operand of ‘[01m[K->[m[K’ has non-pointer type ‘[01m[Kconst Movement[m[K’ {aka ‘[01m[Kconst robot_ras_decision::msg::Movement_<std::allocator<void> >[m[K’}
[1.855s]    47 |       } else if(movimento[01;31m[K->[m[Kdirecao = "rear") {
[1.855s]       |                          [01;31m[K^~[m[K
[1.855s] [01m[K/home/alves/ros2_ws/src/robot_ras_decision/src/motor_controller_node.cpp:48:30:[m[K [01;31m[Kerror: [m[Kno match for ‘[01m[Koperator/[m[K’ (operand types are ‘[01m[Kstd_msgs::msg::Float32[m[K’ {aka ‘[01m[Kstd_msgs::msg::Float32_<std::allocator<void> >[m[K’} and ‘[01m[Kconst double[m[K’)
[1.855s]    48 |         tempoExec = [32m[Kdistancia[m[K[01;31m[K/[m[K[34m[Kvelocidade_linear_[m[K;
[1.855s]       |                     [32m[K~~~~~~~~~[m[K[01;31m[K^[m[K[34m[K~~~~~~~~~~~~~~~~~~[m[K
[1.855s]       |                     [32m[K|[m[K         [34m[K|[m[K
[1.855s]       |                     [32m[K|[m[K         [34m[Kconst double[m[K
[1.855s]       |                     [32m[Kstd_msgs::msg::Float32 {aka std_msgs::msg::Float32_<std::allocator<void> >}[m[K
[1.855s] [01m[K/home/alves/ros2_ws/src/robot_ras_decision/src/motor_controller_node.cpp:53:26:[m[K [01;31m[Kerror: [m[Kbase operand of ‘[01m[K->[m[K’ has non-pointer type ‘[01m[Kconst Movement[m[K’ {aka ‘[01m[Kconst robot_ras_decision::msg::Movement_<std::allocator<void> >[m[K’}
[1.855s]    53 |       } else if(movimento[01;31m[K->[m[Kdirecao = "left") {
[1.855s]       |                          [01;31m[K^~[m[K
[1.855s] [01m[K/home/alves/ros2_ws/src/robot_ras_decision/src/motor_controller_node.cpp:54:32:[m[K [01;31m[Kerror: [m[Kbase operand of ‘[01m[K->[m[K’ has non-pointer type ‘[01m[Kconst Movement[m[K’ {aka ‘[01m[Kconst robot_ras_decision::msg::Movement_<std::allocator<void> >[m[K’}
[1.855s]    54 |         tempoExec = -(movimento[01;31m[K->[m[Kangulo/velocidade_angular);
[1.855s]       |                                [01;31m[K^~[m[K
[1.855s] [01m[K/home/alves/ros2_ws/src/robot_ras_decision/src/motor_controller_node.cpp:59:21:[m[K [01;31m[Kerror: [m[Kbase operand of ‘[01m[K->[m[K’ has non-pointer type ‘[01m[Kconst Movement[m[K’ {aka ‘[01m[Kconst robot_ras_decision::msg::Movement_<std::allocator<void> >[m[K’}
[1.855s]    59 |       } if(movimento[01;31m[K->[m[Kdirecao = "left") {
[1.855s]       |                     [01;31m[K^~[m[K
[1.855s] [01m[K/home/alves/ros2_ws/src/robot_ras_decision/src/motor_controller_node.cpp:60:32:[m[K [01;31m[Kerror: [m[Kbase operand of ‘[01m[K->[m[K’ has non-pointer type ‘[01m[Kconst Movement[m[K’ {aka ‘[01m[Kconst robot_ras_decision::msg::Movement_<std::allocator<void> >[m[K’}
[1.855s]    60 |         tempoExec = -(movimento[01;31m[K->[m[Kangulo/velocidade_angular);
[1.855s]       |                                [01;31m[K^~[m[K
[1.857s] [01m[K/home/alves/ros2_ws/src/robot_ras_decision/src/motor_controller_node.cpp:[m[K In member function ‘[01m[Kvoid MotorControllerNode::setVelocity(const std::shared_ptr<robot_ras_decision::srv::SetVelocity_Request_<std::allocator<void> > >&, std::shared_ptr<robot_ras_decision::srv::SetVelocity_Response_<std::allocator<void> > >)[m[K’:
[1.857s] [01m[K/home/alves/ros2_ws/src/robot_ras_decision/src/motor_controller_node.cpp:81:80:[m[K [01;35m[Kwarning: [m[Kunused parameter ‘[01m[Kresponse[m[K’ [[01;35m[K]8;;https://gcc.gnu.org/onlinedocs/gcc/Warning-Options.html#index-Wunused-parameter-Wunused-parameter]8;;[m[K]
[1.857s]    81 |           [01;35m[Kstd::shared_ptr<robot_ras_decision::srv::SetVelocity::Response>      response[m[K) {
[1.857s]       |           [01;35m[K~~~~~~~~~~~~~~~~~~~~~~~~~~~~~~~~~~~~~~~~~~~~~~~~~~~~~~~~~~~~~~~~~~~~~^~~~~~~~[m[K
[1.870s] [01m[K/home/alves/ros2_ws/src/robot_ras_decision/src/motor_controller_node.cpp:[m[K In function ‘[01m[Kint main(int, char**)[m[K’:
[1.870s] [01m[K/home/alves/ros2_ws/src/robot_ras_decision/src/motor_controller_node.cpp:102:3:[m[K [01;31m[Kerror: [m[K‘[01m[Knode[m[K’ was not declared in this scope
[1.870s]   102 |   [01;31m[Knode[m[K->create_service<robot_ras_decision::srv::SetVelocity>("mudar_velocidade", &setVelocity);
[1.870s]       |   [01;31m[K^~~~[m[K
[1.870s] [01m[K/home/alves/ros2_ws/src/robot_ras_decision/src/motor_controller_node.cpp:102:60:[m[K [01;31m[Kerror: [m[Kexpected primary-expression before ‘[01m[K>[m[K’ token
[1.870s]   102 |   node->create_service<robot_ras_decision::srv::SetVelocity[01;31m[K>[m[K("mudar_velocidade", &setVelocity);
[1.870s]       |                                                            [01;31m[K^[m[K
[1.870s] [01m[K/home/alves/ros2_ws/src/robot_ras_decision/src/motor_controller_node.cpp:102:62:[m[K [01;35m[Kwarning: [m[Kleft operand of comma operator has no effect [[01;35m[K]8;;https://gcc.gnu.org/onlinedocs/gcc/Warning-Options.html#index-Wunused-value-Wunused-value]8;;[m[K]
[1.870s]   102 |   node->create_service<robot_ras_decision::srv::SetVelocity>([01;35m[K"mudar_velocidade"[m[K, &setVelocity);
[1.870s]       |                                                              [01;35m[K^~~~~~~~~~~~~~~~~~[m[K
[3.723s] gmake[2]: *** [CMakeFiles/MotorControllerNode.dir/build.make:76: CMakeFiles/MotorControllerNode.dir/src/motor_controller_node.cpp.o] Erro 1
[3.723s] gmake[1]: *** [CMakeFiles/Makefile2:596: CMakeFiles/MotorControllerNode.dir/all] Erro 2
[3.723s] gmake: *** [Makefile:146: all] Erro 2
[3.725s] Invoked command in '/home/alves/ros2_ws/build/robot_ras_decision' returned '2': CMAKE_PREFIX_PATH=/opt/ros/humble /usr/bin/cmake --build /home/alves/ros2_ws/build/robot_ras_decision -- -j16 -l16
