[0.067s] DEBUG:colcon:Command line arguments: ['/usr/bin/colcon', 'build']
[0.067s] DEBUG:colcon:Parsed command line arguments: Namespace(log_base=None, log_level=None, verb_name='build', build_base='build', install_base='install', merge_install=False, symlink_install=False, test_result_base=None, continue_on_error=False, executor='parallel', parallel_workers=16, event_handlers=None, ignore_user_meta=False, metas=['./colcon.meta'], base_paths=['.'], packages_ignore=None, packages_ignore_regex=None, paths=None, packages_up_to=None, packages_up_to_regex=None, packages_above=None, packages_above_and_dependencies=None, packages_above_depth=None, packages_select_by_dep=None, packages_skip_by_dep=None, packages_skip_up_to=None, packages_select_build_failed=False, packages_skip_build_finished=False, packages_select_test_failures=False, packages_skip_test_passed=False, packages_select=None, packages_skip=None, packages_select_regex=None, packages_skip_regex=None, packages_start=None, packages_end=None, allow_overriding=[], cmake_args=None, cmake_target=None, cmake_target_skip_unavailable=False, cmake_clean_cache=False, cmake_clean_first=False, cmake_force_configure=False, ament_cmake_args=None, catkin_cmake_args=None, catkin_skip_building_tests=False, mixin_files=None, mixin=None, verb_parser=<colcon_mixin.mixin.mixin_argument.MixinArgumentDecorator object at 0x78f52565a8f0>, verb_extension=<colcon_core.verb.build.BuildVerb object at 0x78f52565a3e0>, main=<bound method BuildVerb.main of <colcon_core.verb.build.BuildVerb object at 0x78f52565a3e0>>, mixin_verb=('build',))
[0.166s] Level 1:colcon.colcon_core.package_discovery:discover_packages(colcon_meta) check parameters
[0.166s] Level 1:colcon.colcon_core.package_discovery:discover_packages(recursive) check parameters
[0.167s] Level 1:colcon.colcon_core.package_discovery:discover_packages(ignore) check parameters
[0.167s] Level 1:colcon.colcon_core.package_discovery:discover_packages(path) check parameters
[0.167s] Level 1:colcon.colcon_core.package_discovery:discover_packages(colcon_meta) discover
[0.167s] Level 1:colcon.colcon_core.package_discovery:discover_packages(recursive) discover
[0.167s] INFO:colcon.colcon_core.package_discovery:Crawling recursively for packages in '/home/alves/ros2_ws'
[0.167s] Level 1:colcon.colcon_core.package_identification:_identify(.) by extensions ['ignore', 'ignore_ament_install']
[0.167s] Level 1:colcon.colcon_core.package_identification:_identify(.) by extension 'ignore'
[0.167s] Level 1:colcon.colcon_core.package_identification:_identify(.) by extension 'ignore_ament_install'
[0.167s] Level 1:colcon.colcon_core.package_identification:_identify(.) by extensions ['colcon_pkg']
[0.167s] Level 1:colcon.colcon_core.package_identification:_identify(.) by extension 'colcon_pkg'
[0.167s] Level 1:colcon.colcon_core.package_identification:_identify(.) by extensions ['colcon_meta']
[0.167s] Level 1:colcon.colcon_core.package_identification:_identify(.) by extension 'colcon_meta'
[0.167s] Level 1:colcon.colcon_core.package_identification:_identify(.) by extensions ['ros']
[0.167s] Level 1:colcon.colcon_core.package_identification:_identify(.) by extension 'ros'
[0.174s] Level 1:colcon.colcon_core.package_identification:_identify(.) by extensions ['cmake', 'python']
[0.174s] Level 1:colcon.colcon_core.package_identification:_identify(.) by extension 'cmake'
[0.174s] Level 1:colcon.colcon_core.package_identification:_identify(.) by extension 'python'
[0.174s] Level 1:colcon.colcon_core.package_identification:_identify(.) by extensions ['python_setup_py']
[0.174s] Level 1:colcon.colcon_core.package_identification:_identify(.) by extension 'python_setup_py'
[0.174s] Level 1:colcon.colcon_core.package_identification:_identify(build) by extensions ['ignore', 'ignore_ament_install']
[0.174s] Level 1:colcon.colcon_core.package_identification:_identify(build) by extension 'ignore'
[0.174s] Level 1:colcon.colcon_core.package_identification:_identify(build) ignored
[0.174s] Level 1:colcon.colcon_core.package_identification:_identify(install) by extensions ['ignore', 'ignore_ament_install']
[0.174s] Level 1:colcon.colcon_core.package_identification:_identify(install) by extension 'ignore'
[0.174s] Level 1:colcon.colcon_core.package_identification:_identify(install) ignored
[0.175s] Level 1:colcon.colcon_core.package_identification:_identify(log) by extensions ['ignore', 'ignore_ament_install']
[0.175s] Level 1:colcon.colcon_core.package_identification:_identify(log) by extension 'ignore'
[0.175s] Level 1:colcon.colcon_core.package_identification:_identify(log) ignored
[0.175s] Level 1:colcon.colcon_core.package_identification:_identify(src) by extensions ['ignore', 'ignore_ament_install']
[0.175s] Level 1:colcon.colcon_core.package_identification:_identify(src) by extension 'ignore'
[0.175s] Level 1:colcon.colcon_core.package_identification:_identify(src) by extension 'ignore_ament_install'
[0.175s] Level 1:colcon.colcon_core.package_identification:_identify(src) by extensions ['colcon_pkg']
[0.175s] Level 1:colcon.colcon_core.package_identification:_identify(src) by extension 'colcon_pkg'
[0.175s] Level 1:colcon.colcon_core.package_identification:_identify(src) by extensions ['colcon_meta']
[0.175s] Level 1:colcon.colcon_core.package_identification:_identify(src) by extension 'colcon_meta'
[0.175s] Level 1:colcon.colcon_core.package_identification:_identify(src) by extensions ['ros']
[0.175s] Level 1:colcon.colcon_core.package_identification:_identify(src) by extension 'ros'
[0.175s] Level 1:colcon.colcon_core.package_identification:_identify(src) by extensions ['cmake', 'python']
[0.175s] Level 1:colcon.colcon_core.package_identification:_identify(src) by extension 'cmake'
[0.175s] Level 1:colcon.colcon_core.package_identification:_identify(src) by extension 'python'
[0.175s] Level 1:colcon.colcon_core.package_identification:_identify(src) by extensions ['python_setup_py']
[0.175s] Level 1:colcon.colcon_core.package_identification:_identify(src) by extension 'python_setup_py'
[0.175s] Level 1:colcon.colcon_core.package_identification:_identify(src/count_action_cpp) by extensions ['ignore', 'ignore_ament_install']
[0.175s] Level 1:colcon.colcon_core.package_identification:_identify(src/count_action_cpp) by extension 'ignore'
[0.175s] Level 1:colcon.colcon_core.package_identification:_identify(src/count_action_cpp) by extension 'ignore_ament_install'
[0.175s] Level 1:colcon.colcon_core.package_identification:_identify(src/count_action_cpp) by extensions ['colcon_pkg']
[0.175s] Level 1:colcon.colcon_core.package_identification:_identify(src/count_action_cpp) by extension 'colcon_pkg'
[0.175s] Level 1:colcon.colcon_core.package_identification:_identify(src/count_action_cpp) by extensions ['colcon_meta']
[0.175s] Level 1:colcon.colcon_core.package_identification:_identify(src/count_action_cpp) by extension 'colcon_meta'
[0.175s] Level 1:colcon.colcon_core.package_identification:_identify(src/count_action_cpp) by extensions ['ros']
[0.175s] Level 1:colcon.colcon_core.package_identification:_identify(src/count_action_cpp) by extension 'ros'
[0.177s] DEBUG:colcon.colcon_core.package_identification:Package 'src/count_action_cpp' with type 'ros.ament_cmake' and name 'count_action_cpp'
[0.177s] Level 1:colcon.colcon_core.package_identification:_identify(src/count_interfaces) by extensions ['ignore', 'ignore_ament_install']
[0.177s] Level 1:colcon.colcon_core.package_identification:_identify(src/count_interfaces) by extension 'ignore'
[0.177s] Level 1:colcon.colcon_core.package_identification:_identify(src/count_interfaces) by extension 'ignore_ament_install'
[0.177s] Level 1:colcon.colcon_core.package_identification:_identify(src/count_interfaces) by extensions ['colcon_pkg']
[0.177s] Level 1:colcon.colcon_core.package_identification:_identify(src/count_interfaces) by extension 'colcon_pkg'
[0.177s] Level 1:colcon.colcon_core.package_identification:_identify(src/count_interfaces) by extensions ['colcon_meta']
[0.177s] Level 1:colcon.colcon_core.package_identification:_identify(src/count_interfaces) by extension 'colcon_meta'
[0.177s] Level 1:colcon.colcon_core.package_identification:_identify(src/count_interfaces) by extensions ['ros']
[0.177s] Level 1:colcon.colcon_core.package_identification:_identify(src/count_interfaces) by extension 'ros'
[0.178s] DEBUG:colcon.colcon_core.package_identification:Package 'src/count_interfaces' with type 'ros.ament_cmake' and name 'count_interfaces'
[0.178s] Level 1:colcon.colcon_core.package_identification:_identify(src/dep_example_cpp) by extensions ['ignore', 'ignore_ament_install']
[0.178s] Level 1:colcon.colcon_core.package_identification:_identify(src/dep_example_cpp) by extension 'ignore'
[0.178s] Level 1:colcon.colcon_core.package_identification:_identify(src/dep_example_cpp) by extension 'ignore_ament_install'
[0.178s] Level 1:colcon.colcon_core.package_identification:_identify(src/dep_example_cpp) by extensions ['colcon_pkg']
[0.178s] Level 1:colcon.colcon_core.package_identification:_identify(src/dep_example_cpp) by extension 'colcon_pkg'
[0.178s] Level 1:colcon.colcon_core.package_identification:_identify(src/dep_example_cpp) by extensions ['colcon_meta']
[0.178s] Level 1:colcon.colcon_core.package_identification:_identify(src/dep_example_cpp) by extension 'colcon_meta'
[0.178s] Level 1:colcon.colcon_core.package_identification:_identify(src/dep_example_cpp) by extensions ['ros']
[0.178s] Level 1:colcon.colcon_core.package_identification:_identify(src/dep_example_cpp) by extension 'ros'
[0.178s] DEBUG:colcon.colcon_core.package_identification:Package 'src/dep_example_cpp' with type 'ros.ament_cmake' and name 'dep_example_cpp'
[0.179s] Level 1:colcon.colcon_core.package_identification:_identify(src/ras_robot_simulation) by extensions ['ignore', 'ignore_ament_install']
[0.179s] Level 1:colcon.colcon_core.package_identification:_identify(src/ras_robot_simulation) by extension 'ignore'
[0.179s] Level 1:colcon.colcon_core.package_identification:_identify(src/ras_robot_simulation) by extension 'ignore_ament_install'
[0.179s] Level 1:colcon.colcon_core.package_identification:_identify(src/ras_robot_simulation) by extensions ['colcon_pkg']
[0.179s] Level 1:colcon.colcon_core.package_identification:_identify(src/ras_robot_simulation) by extension 'colcon_pkg'
[0.179s] Level 1:colcon.colcon_core.package_identification:_identify(src/ras_robot_simulation) by extensions ['colcon_meta']
[0.179s] Level 1:colcon.colcon_core.package_identification:_identify(src/ras_robot_simulation) by extension 'colcon_meta'
[0.179s] Level 1:colcon.colcon_core.package_identification:_identify(src/ras_robot_simulation) by extensions ['ros']
[0.179s] Level 1:colcon.colcon_core.package_identification:_identify(src/ras_robot_simulation) by extension 'ros'
[0.179s] DEBUG:colcon.colcon_core.package_identification:Package 'src/ras_robot_simulation' with type 'ros.ament_cmake' and name 'robot_ras_ros'
[0.179s] Level 1:colcon.colcon_core.package_identification:_identify(src/robot_ras_decision) by extensions ['ignore', 'ignore_ament_install']
[0.179s] Level 1:colcon.colcon_core.package_identification:_identify(src/robot_ras_decision) by extension 'ignore'
[0.179s] Level 1:colcon.colcon_core.package_identification:_identify(src/robot_ras_decision) by extension 'ignore_ament_install'
[0.179s] Level 1:colcon.colcon_core.package_identification:_identify(src/robot_ras_decision) by extensions ['colcon_pkg']
[0.179s] Level 1:colcon.colcon_core.package_identification:_identify(src/robot_ras_decision) by extension 'colcon_pkg'
[0.179s] Level 1:colcon.colcon_core.package_identification:_identify(src/robot_ras_decision) by extensions ['colcon_meta']
[0.179s] Level 1:colcon.colcon_core.package_identification:_identify(src/robot_ras_decision) by extension 'colcon_meta'
[0.180s] Level 1:colcon.colcon_core.package_identification:_identify(src/robot_ras_decision) by extensions ['ros']
[0.180s] Level 1:colcon.colcon_core.package_identification:_identify(src/robot_ras_decision) by extension 'ros'
[0.180s] DEBUG:colcon.colcon_core.package_identification:Package 'src/robot_ras_decision' with type 'ros.ament_cmake' and name 'robot_ras_decision'
[0.180s] Level 1:colcon.colcon_core.package_discovery:discover_packages(recursive) using defaults
[0.180s] Level 1:colcon.colcon_core.package_discovery:discover_packages(ignore) discover
[0.180s] Level 1:colcon.colcon_core.package_discovery:discover_packages(ignore) using defaults
[0.180s] Level 1:colcon.colcon_core.package_discovery:discover_packages(path) discover
[0.180s] Level 1:colcon.colcon_core.package_discovery:discover_packages(path) using defaults
[0.199s] Level 1:colcon.colcon_core.package_discovery:discover_packages(prefix_path) check parameters
[0.199s] Level 1:colcon.colcon_core.package_discovery:discover_packages(prefix_path) discover
[0.200s] DEBUG:colcon.colcon_installed_package_information.package_discovery:Found 5 installed packages in /home/alves/ros2_ws/install
[0.201s] DEBUG:colcon.colcon_installed_package_information.package_discovery:Found 338 installed packages in /opt/ros/humble
[0.202s] Level 1:colcon.colcon_core.package_discovery:discover_packages(prefix_path) using defaults
[0.229s] Level 5:colcon.colcon_core.verb:set package 'count_interfaces' build argument 'cmake_args' from command line to 'None'
[0.229s] Level 5:colcon.colcon_core.verb:set package 'count_interfaces' build argument 'cmake_target' from command line to 'None'
[0.229s] Level 5:colcon.colcon_core.verb:set package 'count_interfaces' build argument 'cmake_target_skip_unavailable' from command line to 'False'
[0.229s] Level 5:colcon.colcon_core.verb:set package 'count_interfaces' build argument 'cmake_clean_cache' from command line to 'False'
[0.229s] Level 5:colcon.colcon_core.verb:set package 'count_interfaces' build argument 'cmake_clean_first' from command line to 'False'
[0.229s] Level 5:colcon.colcon_core.verb:set package 'count_interfaces' build argument 'cmake_force_configure' from command line to 'False'
[0.229s] Level 5:colcon.colcon_core.verb:set package 'count_interfaces' build argument 'ament_cmake_args' from command line to 'None'
[0.229s] Level 5:colcon.colcon_core.verb:set package 'count_interfaces' build argument 'catkin_cmake_args' from command line to 'None'
[0.229s] Level 5:colcon.colcon_core.verb:set package 'count_interfaces' build argument 'catkin_skip_building_tests' from command line to 'False'
[0.229s] DEBUG:colcon.colcon_core.verb:Building package 'count_interfaces' with the following arguments: {'ament_cmake_args': None, 'build_base': '/home/alves/ros2_ws/build/count_interfaces', 'catkin_cmake_args': None, 'catkin_skip_building_tests': False, 'cmake_args': None, 'cmake_clean_cache': False, 'cmake_clean_first': False, 'cmake_force_configure': False, 'cmake_target': None, 'cmake_target_skip_unavailable': False, 'install_base': '/home/alves/ros2_ws/install/count_interfaces', 'merge_install': False, 'path': '/home/alves/ros2_ws/src/count_interfaces', 'symlink_install': False, 'test_result_base': None}
[0.229s] Level 5:colcon.colcon_core.verb:set package 'dep_example_cpp' build argument 'cmake_args' from command line to 'None'
[0.229s] Level 5:colcon.colcon_core.verb:set package 'dep_example_cpp' build argument 'cmake_target' from command line to 'None'
[0.229s] Level 5:colcon.colcon_core.verb:set package 'dep_example_cpp' build argument 'cmake_target_skip_unavailable' from command line to 'False'
[0.229s] Level 5:colcon.colcon_core.verb:set package 'dep_example_cpp' build argument 'cmake_clean_cache' from command line to 'False'
[0.229s] Level 5:colcon.colcon_core.verb:set package 'dep_example_cpp' build argument 'cmake_clean_first' from command line to 'False'
[0.229s] Level 5:colcon.colcon_core.verb:set package 'dep_example_cpp' build argument 'cmake_force_configure' from command line to 'False'
[0.229s] Level 5:colcon.colcon_core.verb:set package 'dep_example_cpp' build argument 'ament_cmake_args' from command line to 'None'
[0.229s] Level 5:colcon.colcon_core.verb:set package 'dep_example_cpp' build argument 'catkin_cmake_args' from command line to 'None'
[0.229s] Level 5:colcon.colcon_core.verb:set package 'dep_example_cpp' build argument 'catkin_skip_building_tests' from command line to 'False'
[0.229s] DEBUG:colcon.colcon_core.verb:Building package 'dep_example_cpp' with the following arguments: {'ament_cmake_args': None, 'build_base': '/home/alves/ros2_ws/build/dep_example_cpp', 'catkin_cmake_args': None, 'catkin_skip_building_tests': False, 'cmake_args': None, 'cmake_clean_cache': False, 'cmake_clean_first': False, 'cmake_force_configure': False, 'cmake_target': None, 'cmake_target_skip_unavailable': False, 'install_base': '/home/alves/ros2_ws/install/dep_example_cpp', 'merge_install': False, 'path': '/home/alves/ros2_ws/src/dep_example_cpp', 'symlink_install': False, 'test_result_base': None}
[0.229s] Level 5:colcon.colcon_core.verb:set package 'robot_ras_decision' build argument 'cmake_args' from command line to 'None'
[0.229s] Level 5:colcon.colcon_core.verb:set package 'robot_ras_decision' build argument 'cmake_target' from command line to 'None'
[0.229s] Level 5:colcon.colcon_core.verb:set package 'robot_ras_decision' build argument 'cmake_target_skip_unavailable' from command line to 'False'
[0.229s] Level 5:colcon.colcon_core.verb:set package 'robot_ras_decision' build argument 'cmake_clean_cache' from command line to 'False'
[0.229s] Level 5:colcon.colcon_core.verb:set package 'robot_ras_decision' build argument 'cmake_clean_first' from command line to 'False'
[0.230s] Level 5:colcon.colcon_core.verb:set package 'robot_ras_decision' build argument 'cmake_force_configure' from command line to 'False'
[0.230s] Level 5:colcon.colcon_core.verb:set package 'robot_ras_decision' build argument 'ament_cmake_args' from command line to 'None'
[0.230s] Level 5:colcon.colcon_core.verb:set package 'robot_ras_decision' build argument 'catkin_cmake_args' from command line to 'None'
[0.230s] Level 5:colcon.colcon_core.verb:set package 'robot_ras_decision' build argument 'catkin_skip_building_tests' from command line to 'False'
[0.230s] DEBUG:colcon.colcon_core.verb:Building package 'robot_ras_decision' with the following arguments: {'ament_cmake_args': None, 'build_base': '/home/alves/ros2_ws/build/robot_ras_decision', 'catkin_cmake_args': None, 'catkin_skip_building_tests': False, 'cmake_args': None, 'cmake_clean_cache': False, 'cmake_clean_first': False, 'cmake_force_configure': False, 'cmake_target': None, 'cmake_target_skip_unavailable': False, 'install_base': '/home/alves/ros2_ws/install/robot_ras_decision', 'merge_install': False, 'path': '/home/alves/ros2_ws/src/robot_ras_decision', 'symlink_install': False, 'test_result_base': None}
[0.230s] Level 5:colcon.colcon_core.verb:set package 'robot_ras_ros' build argument 'cmake_args' from command line to 'None'
[0.230s] Level 5:colcon.colcon_core.verb:set package 'robot_ras_ros' build argument 'cmake_target' from command line to 'None'
[0.230s] Level 5:colcon.colcon_core.verb:set package 'robot_ras_ros' build argument 'cmake_target_skip_unavailable' from command line to 'False'
[0.230s] Level 5:colcon.colcon_core.verb:set package 'robot_ras_ros' build argument 'cmake_clean_cache' from command line to 'False'
[0.230s] Level 5:colcon.colcon_core.verb:set package 'robot_ras_ros' build argument 'cmake_clean_first' from command line to 'False'
[0.230s] Level 5:colcon.colcon_core.verb:set package 'robot_ras_ros' build argument 'cmake_force_configure' from command line to 'False'
[0.230s] Level 5:colcon.colcon_core.verb:set package 'robot_ras_ros' build argument 'ament_cmake_args' from command line to 'None'
[0.230s] Level 5:colcon.colcon_core.verb:set package 'robot_ras_ros' build argument 'catkin_cmake_args' from command line to 'None'
[0.230s] Level 5:colcon.colcon_core.verb:set package 'robot_ras_ros' build argument 'catkin_skip_building_tests' from command line to 'False'
[0.230s] DEBUG:colcon.colcon_core.verb:Building package 'robot_ras_ros' with the following arguments: {'ament_cmake_args': None, 'build_base': '/home/alves/ros2_ws/build/robot_ras_ros', 'catkin_cmake_args': None, 'catkin_skip_building_tests': False, 'cmake_args': None, 'cmake_clean_cache': False, 'cmake_clean_first': False, 'cmake_force_configure': False, 'cmake_target': None, 'cmake_target_skip_unavailable': False, 'install_base': '/home/alves/ros2_ws/install/robot_ras_ros', 'merge_install': False, 'path': '/home/alves/ros2_ws/src/ras_robot_simulation', 'symlink_install': False, 'test_result_base': None}
[0.230s] Level 5:colcon.colcon_core.verb:set package 'count_action_cpp' build argument 'cmake_args' from command line to 'None'
[0.230s] Level 5:colcon.colcon_core.verb:set package 'count_action_cpp' build argument 'cmake_target' from command line to 'None'
[0.230s] Level 5:colcon.colcon_core.verb:set package 'count_action_cpp' build argument 'cmake_target_skip_unavailable' from command line to 'False'
[0.230s] Level 5:colcon.colcon_core.verb:set package 'count_action_cpp' build argument 'cmake_clean_cache' from command line to 'False'
[0.230s] Level 5:colcon.colcon_core.verb:set package 'count_action_cpp' build argument 'cmake_clean_first' from command line to 'False'
[0.230s] Level 5:colcon.colcon_core.verb:set package 'count_action_cpp' build argument 'cmake_force_configure' from command line to 'False'
[0.230s] Level 5:colcon.colcon_core.verb:set package 'count_action_cpp' build argument 'ament_cmake_args' from command line to 'None'
[0.230s] Level 5:colcon.colcon_core.verb:set package 'count_action_cpp' build argument 'catkin_cmake_args' from command line to 'None'
[0.230s] Level 5:colcon.colcon_core.verb:set package 'count_action_cpp' build argument 'catkin_skip_building_tests' from command line to 'False'
[0.230s] DEBUG:colcon.colcon_core.verb:Building package 'count_action_cpp' with the following arguments: {'ament_cmake_args': None, 'build_base': '/home/alves/ros2_ws/build/count_action_cpp', 'catkin_cmake_args': None, 'catkin_skip_building_tests': False, 'cmake_args': None, 'cmake_clean_cache': False, 'cmake_clean_first': False, 'cmake_force_configure': False, 'cmake_target': None, 'cmake_target_skip_unavailable': False, 'install_base': '/home/alves/ros2_ws/install/count_action_cpp', 'merge_install': False, 'path': '/home/alves/ros2_ws/src/count_action_cpp', 'symlink_install': False, 'test_result_base': None}
[0.230s] INFO:colcon.colcon_core.executor:Executing jobs using 'parallel' executor
[0.231s] DEBUG:colcon.colcon_parallel_executor.executor.parallel:run_until_complete
[0.231s] INFO:colcon.colcon_ros.task.ament_cmake.build:Building ROS package in '/home/alves/ros2_ws/src/count_interfaces' with build type 'ament_cmake'
[0.231s] INFO:colcon.colcon_cmake.task.cmake.build:Building CMake package in '/home/alves/ros2_ws/src/count_interfaces'
[0.233s] INFO:colcon.colcon_core.plugin_system:Skipping extension 'colcon_core.shell.bat': Not used on non-Windows systems
[0.233s] INFO:colcon.colcon_core.shell:Skip shell extension 'powershell' for command environment: Not usable outside of PowerShell
[0.233s] DEBUG:colcon.colcon_core.shell:Skip shell extension 'dsv' for command environment
[0.235s] INFO:colcon.colcon_ros.task.ament_cmake.build:Building ROS package in '/home/alves/ros2_ws/src/dep_example_cpp' with build type 'ament_cmake'
[0.235s] INFO:colcon.colcon_cmake.task.cmake.build:Building CMake package in '/home/alves/ros2_ws/src/dep_example_cpp'
[0.235s] INFO:colcon.colcon_core.shell:Skip shell extension 'powershell' for command environment: Not usable outside of PowerShell
[0.236s] DEBUG:colcon.colcon_core.shell:Skip shell extension 'dsv' for command environment
[0.238s] INFO:colcon.colcon_ros.task.ament_cmake.build:Building ROS package in '/home/alves/ros2_ws/src/robot_ras_decision' with build type 'ament_cmake'
[0.238s] INFO:colcon.colcon_cmake.task.cmake.build:Building CMake package in '/home/alves/ros2_ws/src/robot_ras_decision'
[0.238s] INFO:colcon.colcon_core.shell:Skip shell extension 'powershell' for command environment: Not usable outside of PowerShell
[0.238s] DEBUG:colcon.colcon_core.shell:Skip shell extension 'dsv' for command environment
[0.240s] INFO:colcon.colcon_ros.task.ament_cmake.build:Building ROS package in '/home/alves/ros2_ws/src/ras_robot_simulation' with build type 'ament_cmake'
[0.240s] INFO:colcon.colcon_cmake.task.cmake.build:Building CMake package in '/home/alves/ros2_ws/src/ras_robot_simulation'
[0.240s] INFO:colcon.colcon_core.shell:Skip shell extension 'powershell' for command environment: Not usable outside of PowerShell
[0.240s] DEBUG:colcon.colcon_core.shell:Skip shell extension 'dsv' for command environment
[0.246s] DEBUG:colcon.colcon_core.event_handler.log_command:Invoking command in '/home/alves/ros2_ws/build/count_interfaces': CMAKE_PREFIX_PATH=${CMAKE_PREFIX_PATH}:/opt/ros/humble /usr/bin/cmake --build /home/alves/ros2_ws/build/count_interfaces -- -j16 -l16
[0.257s] DEBUG:colcon.colcon_core.event_handler.log_command:Invoking command in '/home/alves/ros2_ws/build/dep_example_cpp': CMAKE_PREFIX_PATH=${CMAKE_PREFIX_PATH}:/opt/ros/humble /usr/bin/cmake --build /home/alves/ros2_ws/build/dep_example_cpp -- -j16 -l16
[0.260s] DEBUG:colcon.colcon_core.event_handler.log_command:Invoking command in '/home/alves/ros2_ws/build/robot_ras_decision': CMAKE_PREFIX_PATH=${CMAKE_PREFIX_PATH}:/opt/ros/humble /usr/bin/cmake --build /home/alves/ros2_ws/build/robot_ras_decision -- -j16 -l16
[0.262s] DEBUG:colcon.colcon_core.event_handler.log_command:Invoking command in '/home/alves/ros2_ws/build/robot_ras_ros': CMAKE_PREFIX_PATH=${CMAKE_PREFIX_PATH}:/opt/ros/humble /usr/bin/cmake --build /home/alves/ros2_ws/build/robot_ras_ros -- -j16 -l16
[0.293s] DEBUG:colcon.colcon_core.event_handler.log_command:Invoked command in '/home/alves/ros2_ws/build/dep_example_cpp' returned '0': CMAKE_PREFIX_PATH=${CMAKE_PREFIX_PATH}:/opt/ros/humble /usr/bin/cmake --build /home/alves/ros2_ws/build/dep_example_cpp -- -j16 -l16
[0.305s] DEBUG:colcon.colcon_core.event_handler.log_command:Invoking command in '/home/alves/ros2_ws/build/dep_example_cpp': CMAKE_PREFIX_PATH=${CMAKE_PREFIX_PATH}:/opt/ros/humble /usr/bin/cmake --install /home/alves/ros2_ws/build/dep_example_cpp
[0.310s] DEBUG:colcon.colcon_core.event_handler.log_command:Invoked command in '/home/alves/ros2_ws/build/robot_ras_ros' returned '0': CMAKE_PREFIX_PATH=${CMAKE_PREFIX_PATH}:/opt/ros/humble /usr/bin/cmake --build /home/alves/ros2_ws/build/robot_ras_ros -- -j16 -l16
[0.311s] DEBUG:colcon.colcon_core.event_handler.log_command:Invoking command in '/home/alves/ros2_ws/build/robot_ras_ros': CMAKE_PREFIX_PATH=${CMAKE_PREFIX_PATH}:/opt/ros/humble /usr/bin/cmake --install /home/alves/ros2_ws/build/robot_ras_ros
[0.314s] Level 1:colcon.colcon_core.environment:create_environment_scripts_only(dep_example_cpp)
[0.315s] DEBUG:colcon.colcon_core.event_handler.log_command:Invoked command in '/home/alves/ros2_ws/build/dep_example_cpp' returned '0': CMAKE_PREFIX_PATH=${CMAKE_PREFIX_PATH}:/opt/ros/humble /usr/bin/cmake --install /home/alves/ros2_ws/build/dep_example_cpp
[0.320s] Level 1:colcon.colcon_core.environment:checking '/home/alves/ros2_ws/install/dep_example_cpp' for CMake module files
[0.320s] Level 1:colcon.colcon_core.environment:checking '/home/alves/ros2_ws/install/dep_example_cpp' for CMake config files
[0.321s] Level 1:colcon.colcon_core.shell:create_environment_hook('dep_example_cpp', 'cmake_prefix_path')
[0.321s] INFO:colcon.colcon_core.shell:Creating environment hook '/home/alves/ros2_ws/install/dep_example_cpp/share/dep_example_cpp/hook/cmake_prefix_path.ps1'
[0.325s] INFO:colcon.colcon_core.shell:Creating environment descriptor '/home/alves/ros2_ws/install/dep_example_cpp/share/dep_example_cpp/hook/cmake_prefix_path.dsv'
[0.326s] INFO:colcon.colcon_core.shell:Creating environment hook '/home/alves/ros2_ws/install/dep_example_cpp/share/dep_example_cpp/hook/cmake_prefix_path.sh'
[0.327s] Level 1:colcon.colcon_core.environment:checking '/home/alves/ros2_ws/install/dep_example_cpp/bin'
[0.327s] Level 1:colcon.colcon_core.environment:checking '/home/alves/ros2_ws/install/dep_example_cpp/lib/pkgconfig/dep_example_cpp.pc'
[0.327s] Level 1:colcon.colcon_core.environment:checking '/home/alves/ros2_ws/install/dep_example_cpp/lib/python3.10/site-packages'
[0.327s] Level 1:colcon.colcon_core.environment:checking '/home/alves/ros2_ws/install/dep_example_cpp/bin'
[0.328s] INFO:colcon.colcon_core.shell:Creating package script '/home/alves/ros2_ws/install/dep_example_cpp/share/dep_example_cpp/package.ps1'
[0.328s] INFO:colcon.colcon_core.shell:Creating package descriptor '/home/alves/ros2_ws/install/dep_example_cpp/share/dep_example_cpp/package.dsv'
[0.329s] INFO:colcon.colcon_core.shell:Creating package script '/home/alves/ros2_ws/install/dep_example_cpp/share/dep_example_cpp/package.sh'
[0.329s] INFO:colcon.colcon_core.shell:Creating package script '/home/alves/ros2_ws/install/dep_example_cpp/share/dep_example_cpp/package.bash'
[0.330s] INFO:colcon.colcon_core.shell:Creating package script '/home/alves/ros2_ws/install/dep_example_cpp/share/dep_example_cpp/package.zsh'
[0.331s] Level 1:colcon.colcon_core.environment:create_file_with_runtime_dependencies(/home/alves/ros2_ws/install/dep_example_cpp/share/colcon-core/packages/dep_example_cpp)
[0.331s] Level 1:colcon.colcon_core.environment:create_environment_scripts_only(dep_example_cpp)
[0.331s] Level 1:colcon.colcon_core.environment:checking '/home/alves/ros2_ws/install/dep_example_cpp' for CMake module files
[0.332s] Level 1:colcon.colcon_core.environment:checking '/home/alves/ros2_ws/install/dep_example_cpp' for CMake config files
[0.332s] Level 1:colcon.colcon_core.shell:create_environment_hook('dep_example_cpp', 'cmake_prefix_path')
[0.332s] INFO:colcon.colcon_core.shell:Creating environment hook '/home/alves/ros2_ws/install/dep_example_cpp/share/dep_example_cpp/hook/cmake_prefix_path.ps1'
[0.332s] INFO:colcon.colcon_core.shell:Creating environment descriptor '/home/alves/ros2_ws/install/dep_example_cpp/share/dep_example_cpp/hook/cmake_prefix_path.dsv'
[0.333s] INFO:colcon.colcon_core.shell:Creating environment hook '/home/alves/ros2_ws/install/dep_example_cpp/share/dep_example_cpp/hook/cmake_prefix_path.sh'
[0.333s] Level 1:colcon.colcon_core.environment:checking '/home/alves/ros2_ws/install/dep_example_cpp/bin'
[0.333s] Level 1:colcon.colcon_core.environment:checking '/home/alves/ros2_ws/install/dep_example_cpp/lib/pkgconfig/dep_example_cpp.pc'
[0.333s] Level 1:colcon.colcon_core.environment:checking '/home/alves/ros2_ws/install/dep_example_cpp/lib/python3.10/site-packages'
[0.333s] Level 1:colcon.colcon_core.environment:checking '/home/alves/ros2_ws/install/dep_example_cpp/bin'
[0.333s] INFO:colcon.colcon_core.shell:Creating package script '/home/alves/ros2_ws/install/dep_example_cpp/share/dep_example_cpp/package.ps1'
[0.334s] INFO:colcon.colcon_core.shell:Creating package descriptor '/home/alves/ros2_ws/install/dep_example_cpp/share/dep_example_cpp/package.dsv'
[0.334s] INFO:colcon.colcon_core.shell:Creating package script '/home/alves/ros2_ws/install/dep_example_cpp/share/dep_example_cpp/package.sh'
[0.334s] INFO:colcon.colcon_core.shell:Creating package script '/home/alves/ros2_ws/install/dep_example_cpp/share/dep_example_cpp/package.bash'
[0.334s] INFO:colcon.colcon_core.shell:Creating package script '/home/alves/ros2_ws/install/dep_example_cpp/share/dep_example_cpp/package.zsh'
[0.335s] Level 1:colcon.colcon_core.environment:create_file_with_runtime_dependencies(/home/alves/ros2_ws/install/dep_example_cpp/share/colcon-core/packages/dep_example_cpp)
[0.335s] Level 1:colcon.colcon_core.environment:create_environment_scripts_only(robot_ras_ros)
[0.335s] Level 1:colcon.colcon_core.environment:checking '/home/alves/ros2_ws/install/robot_ras_ros' for CMake module files
[0.336s] DEBUG:colcon.colcon_core.event_handler.log_command:Invoked command in '/home/alves/ros2_ws/build/robot_ras_ros' returned '0': CMAKE_PREFIX_PATH=${CMAKE_PREFIX_PATH}:/opt/ros/humble /usr/bin/cmake --install /home/alves/ros2_ws/build/robot_ras_ros
[0.336s] Level 1:colcon.colcon_core.environment:checking '/home/alves/ros2_ws/install/robot_ras_ros' for CMake config files
[0.336s] Level 1:colcon.colcon_core.shell:create_environment_hook('robot_ras_ros', 'cmake_prefix_path')
[0.337s] INFO:colcon.colcon_core.shell:Creating environment hook '/home/alves/ros2_ws/install/robot_ras_ros/share/robot_ras_ros/hook/cmake_prefix_path.ps1'
[0.337s] INFO:colcon.colcon_core.shell:Creating environment descriptor '/home/alves/ros2_ws/install/robot_ras_ros/share/robot_ras_ros/hook/cmake_prefix_path.dsv'
[0.337s] INFO:colcon.colcon_core.shell:Creating environment hook '/home/alves/ros2_ws/install/robot_ras_ros/share/robot_ras_ros/hook/cmake_prefix_path.sh'
[0.337s] Level 1:colcon.colcon_core.environment:checking '/home/alves/ros2_ws/install/robot_ras_ros/bin'
[0.338s] Level 1:colcon.colcon_core.environment:checking '/home/alves/ros2_ws/install/robot_ras_ros/lib/pkgconfig/robot_ras_ros.pc'
[0.338s] Level 1:colcon.colcon_core.environment:checking '/home/alves/ros2_ws/install/robot_ras_ros/lib/python3.10/site-packages'
[0.338s] Level 1:colcon.colcon_core.environment:checking '/home/alves/ros2_ws/install/robot_ras_ros/bin'
[0.338s] INFO:colcon.colcon_core.shell:Creating package script '/home/alves/ros2_ws/install/robot_ras_ros/share/robot_ras_ros/package.ps1'
[0.339s] INFO:colcon.colcon_core.shell:Creating package descriptor '/home/alves/ros2_ws/install/robot_ras_ros/share/robot_ras_ros/package.dsv'
[0.340s] INFO:colcon.colcon_core.shell:Creating package script '/home/alves/ros2_ws/install/robot_ras_ros/share/robot_ras_ros/package.sh'
[0.340s] INFO:colcon.colcon_core.shell:Creating package script '/home/alves/ros2_ws/install/robot_ras_ros/share/robot_ras_ros/package.bash'
[0.340s] INFO:colcon.colcon_core.shell:Creating package script '/home/alves/ros2_ws/install/robot_ras_ros/share/robot_ras_ros/package.zsh'
[0.341s] Level 1:colcon.colcon_core.environment:create_file_with_runtime_dependencies(/home/alves/ros2_ws/install/robot_ras_ros/share/colcon-core/packages/robot_ras_ros)
[0.342s] Level 1:colcon.colcon_core.environment:create_environment_scripts_only(robot_ras_ros)
[0.342s] Level 1:colcon.colcon_core.environment:checking '/home/alves/ros2_ws/install/robot_ras_ros' for CMake module files
[0.343s] Level 1:colcon.colcon_core.environment:checking '/home/alves/ros2_ws/install/robot_ras_ros' for CMake config files
[0.344s] Level 1:colcon.colcon_core.shell:create_environment_hook('robot_ras_ros', 'cmake_prefix_path')
[0.344s] INFO:colcon.colcon_core.shell:Creating environment hook '/home/alves/ros2_ws/install/robot_ras_ros/share/robot_ras_ros/hook/cmake_prefix_path.ps1'
[0.345s] INFO:colcon.colcon_core.shell:Creating environment descriptor '/home/alves/ros2_ws/install/robot_ras_ros/share/robot_ras_ros/hook/cmake_prefix_path.dsv'
[0.345s] INFO:colcon.colcon_core.shell:Creating environment hook '/home/alves/ros2_ws/install/robot_ras_ros/share/robot_ras_ros/hook/cmake_prefix_path.sh'
[0.346s] Level 1:colcon.colcon_core.environment:checking '/home/alves/ros2_ws/install/robot_ras_ros/bin'
[0.346s] Level 1:colcon.colcon_core.environment:checking '/home/alves/ros2_ws/install/robot_ras_ros/lib/pkgconfig/robot_ras_ros.pc'
[0.346s] Level 1:colcon.colcon_core.environment:checking '/home/alves/ros2_ws/install/robot_ras_ros/lib/python3.10/site-packages'
[0.346s] Level 1:colcon.colcon_core.environment:checking '/home/alves/ros2_ws/install/robot_ras_ros/bin'
[0.347s] INFO:colcon.colcon_core.shell:Creating package script '/home/alves/ros2_ws/install/robot_ras_ros/share/robot_ras_ros/package.ps1'
[0.348s] INFO:colcon.colcon_core.shell:Creating package descriptor '/home/alves/ros2_ws/install/robot_ras_ros/share/robot_ras_ros/package.dsv'
[0.349s] INFO:colcon.colcon_core.shell:Creating package script '/home/alves/ros2_ws/install/robot_ras_ros/share/robot_ras_ros/package.sh'
[0.350s] INFO:colcon.colcon_core.shell:Creating package script '/home/alves/ros2_ws/install/robot_ras_ros/share/robot_ras_ros/package.bash'
[0.350s] INFO:colcon.colcon_core.shell:Creating package script '/home/alves/ros2_ws/install/robot_ras_ros/share/robot_ras_ros/package.zsh'
[0.351s] Level 1:colcon.colcon_core.environment:create_file_with_runtime_dependencies(/home/alves/ros2_ws/install/robot_ras_ros/share/colcon-core/packages/robot_ras_ros)
[0.520s] DEBUG:colcon.colcon_core.event_handler.log_command:Invoked command in '/home/alves/ros2_ws/build/count_interfaces' returned '0': CMAKE_PREFIX_PATH=${CMAKE_PREFIX_PATH}:/opt/ros/humble /usr/bin/cmake --build /home/alves/ros2_ws/build/count_interfaces -- -j16 -l16
[0.521s] DEBUG:colcon.colcon_core.event_handler.log_command:Invoking command in '/home/alves/ros2_ws/build/count_interfaces': CMAKE_PREFIX_PATH=${CMAKE_PREFIX_PATH}:/opt/ros/humble /usr/bin/cmake --install /home/alves/ros2_ws/build/count_interfaces
[0.526s] DEBUG:colcon.colcon_core.event_handler.log_command:Invoked command in '/home/alves/ros2_ws/build/robot_ras_decision' returned '0': CMAKE_PREFIX_PATH=${CMAKE_PREFIX_PATH}:/opt/ros/humble /usr/bin/cmake --build /home/alves/ros2_ws/build/robot_ras_decision -- -j16 -l16
[0.528s] DEBUG:colcon.colcon_core.event_handler.log_command:Invoking command in '/home/alves/ros2_ws/build/robot_ras_decision': CMAKE_PREFIX_PATH=${CMAKE_PREFIX_PATH}:/opt/ros/humble /usr/bin/cmake --install /home/alves/ros2_ws/build/robot_ras_decision
[0.584s] Level 1:colcon.colcon_core.environment:create_environment_scripts_only(count_interfaces)
[0.584s] Level 1:colcon.colcon_core.environment:checking '/home/alves/ros2_ws/install/count_interfaces' for CMake module files
[0.585s] DEBUG:colcon.colcon_core.event_handler.log_command:Invoked command in '/home/alves/ros2_ws/build/count_interfaces' returned '0': CMAKE_PREFIX_PATH=${CMAKE_PREFIX_PATH}:/opt/ros/humble /usr/bin/cmake --install /home/alves/ros2_ws/build/count_interfaces
[0.586s] Level 1:colcon.colcon_core.environment:checking '/home/alves/ros2_ws/install/count_interfaces' for CMake config files
[0.586s] Level 1:colcon.colcon_core.shell:create_environment_hook('count_interfaces', 'cmake_prefix_path')
[0.586s] INFO:colcon.colcon_core.shell:Creating environment hook '/home/alves/ros2_ws/install/count_interfaces/share/count_interfaces/hook/cmake_prefix_path.ps1'
[0.587s] INFO:colcon.colcon_core.shell:Creating environment descriptor '/home/alves/ros2_ws/install/count_interfaces/share/count_interfaces/hook/cmake_prefix_path.dsv'
[0.587s] INFO:colcon.colcon_core.shell:Creating environment hook '/home/alves/ros2_ws/install/count_interfaces/share/count_interfaces/hook/cmake_prefix_path.sh'
[0.588s] Level 1:colcon.colcon_core.environment:checking '/home/alves/ros2_ws/install/count_interfaces/lib'
[0.588s] Level 1:colcon.colcon_core.shell:create_environment_hook('count_interfaces', 'ld_library_path_lib')
[0.588s] INFO:colcon.colcon_core.shell:Creating environment hook '/home/alves/ros2_ws/install/count_interfaces/share/count_interfaces/hook/ld_library_path_lib.ps1'
[0.589s] INFO:colcon.colcon_core.shell:Creating environment descriptor '/home/alves/ros2_ws/install/count_interfaces/share/count_interfaces/hook/ld_library_path_lib.dsv'
[0.589s] INFO:colcon.colcon_core.shell:Creating environment hook '/home/alves/ros2_ws/install/count_interfaces/share/count_interfaces/hook/ld_library_path_lib.sh'
[0.589s] Level 1:colcon.colcon_core.environment:checking '/home/alves/ros2_ws/install/count_interfaces/bin'
[0.589s] Level 1:colcon.colcon_core.environment:checking '/home/alves/ros2_ws/install/count_interfaces/lib/pkgconfig/count_interfaces.pc'
[0.589s] Level 1:colcon.colcon_core.environment:checking '/home/alves/ros2_ws/install/count_interfaces/lib/python3.10/site-packages'
[0.589s] Level 1:colcon.colcon_core.environment:checking '/home/alves/ros2_ws/install/count_interfaces/bin'
[0.590s] INFO:colcon.colcon_core.shell:Creating package script '/home/alves/ros2_ws/install/count_interfaces/share/count_interfaces/package.ps1'
[0.590s] INFO:colcon.colcon_core.shell:Creating package descriptor '/home/alves/ros2_ws/install/count_interfaces/share/count_interfaces/package.dsv'
[0.590s] INFO:colcon.colcon_core.shell:Creating package script '/home/alves/ros2_ws/install/count_interfaces/share/count_interfaces/package.sh'
[0.590s] INFO:colcon.colcon_core.shell:Creating package script '/home/alves/ros2_ws/install/count_interfaces/share/count_interfaces/package.bash'
[0.591s] INFO:colcon.colcon_core.shell:Creating package script '/home/alves/ros2_ws/install/count_interfaces/share/count_interfaces/package.zsh'
[0.591s] Level 1:colcon.colcon_core.environment:create_file_with_runtime_dependencies(/home/alves/ros2_ws/install/count_interfaces/share/colcon-core/packages/count_interfaces)
[0.591s] Level 1:colcon.colcon_core.environment:create_environment_scripts_only(count_interfaces)
[0.591s] Level 1:colcon.colcon_core.environment:checking '/home/alves/ros2_ws/install/count_interfaces' for CMake module files
[0.592s] Level 1:colcon.colcon_core.environment:checking '/home/alves/ros2_ws/install/count_interfaces' for CMake config files
[0.592s] Level 1:colcon.colcon_core.shell:create_environment_hook('count_interfaces', 'cmake_prefix_path')
[0.592s] INFO:colcon.colcon_core.shell:Creating environment hook '/home/alves/ros2_ws/install/count_interfaces/share/count_interfaces/hook/cmake_prefix_path.ps1'
[0.592s] INFO:colcon.colcon_core.shell:Creating environment descriptor '/home/alves/ros2_ws/install/count_interfaces/share/count_interfaces/hook/cmake_prefix_path.dsv'
[0.592s] INFO:colcon.colcon_core.shell:Creating environment hook '/home/alves/ros2_ws/install/count_interfaces/share/count_interfaces/hook/cmake_prefix_path.sh'
[0.593s] Level 1:colcon.colcon_core.environment:checking '/home/alves/ros2_ws/install/count_interfaces/lib'
[0.593s] Level 1:colcon.colcon_core.shell:create_environment_hook('count_interfaces', 'ld_library_path_lib')
[0.593s] INFO:colcon.colcon_core.shell:Creating environment hook '/home/alves/ros2_ws/install/count_interfaces/share/count_interfaces/hook/ld_library_path_lib.ps1'
[0.593s] INFO:colcon.colcon_core.shell:Creating environment descriptor '/home/alves/ros2_ws/install/count_interfaces/share/count_interfaces/hook/ld_library_path_lib.dsv'
[0.593s] INFO:colcon.colcon_core.shell:Creating environment hook '/home/alves/ros2_ws/install/count_interfaces/share/count_interfaces/hook/ld_library_path_lib.sh'
[0.593s] Level 1:colcon.colcon_core.environment:checking '/home/alves/ros2_ws/install/count_interfaces/bin'
[0.594s] Level 1:colcon.colcon_core.environment:checking '/home/alves/ros2_ws/install/count_interfaces/lib/pkgconfig/count_interfaces.pc'
[0.594s] Level 1:colcon.colcon_core.environment:checking '/home/alves/ros2_ws/install/count_interfaces/lib/python3.10/site-packages'
[0.594s] Level 1:colcon.colcon_core.environment:checking '/home/alves/ros2_ws/install/count_interfaces/bin'
[0.594s] INFO:colcon.colcon_core.shell:Creating package script '/home/alves/ros2_ws/install/count_interfaces/share/count_interfaces/package.ps1'
[0.594s] INFO:colcon.colcon_core.shell:Creating package descriptor '/home/alves/ros2_ws/install/count_interfaces/share/count_interfaces/package.dsv'
[0.595s] INFO:colcon.colcon_core.shell:Creating package script '/home/alves/ros2_ws/install/count_interfaces/share/count_interfaces/package.sh'
[0.595s] INFO:colcon.colcon_core.shell:Creating package script '/home/alves/ros2_ws/install/count_interfaces/share/count_interfaces/package.bash'
[0.595s] INFO:colcon.colcon_core.shell:Creating package script '/home/alves/ros2_ws/install/count_interfaces/share/count_interfaces/package.zsh'
[0.596s] Level 1:colcon.colcon_core.environment:create_file_with_runtime_dependencies(/home/alves/ros2_ws/install/count_interfaces/share/colcon-core/packages/count_interfaces)
[0.596s] INFO:colcon.colcon_ros.task.ament_cmake.build:Building ROS package in '/home/alves/ros2_ws/src/count_action_cpp' with build type 'ament_cmake'
[0.596s] INFO:colcon.colcon_cmake.task.cmake.build:Building CMake package in '/home/alves/ros2_ws/src/count_action_cpp'
[0.596s] INFO:colcon.colcon_core.shell:Skip shell extension 'powershell' for command environment: Not usable outside of PowerShell
[0.596s] DEBUG:colcon.colcon_core.shell:Skip shell extension 'dsv' for command environment
[0.601s] Level 1:colcon.colcon_core.environment:create_environment_scripts_only(robot_ras_decision)
[0.601s] Level 1:colcon.colcon_core.environment:checking '/home/alves/ros2_ws/install/robot_ras_decision' for CMake module files
[0.601s] DEBUG:colcon.colcon_core.event_handler.log_command:Invoked command in '/home/alves/ros2_ws/build/robot_ras_decision' returned '0': CMAKE_PREFIX_PATH=${CMAKE_PREFIX_PATH}:/opt/ros/humble /usr/bin/cmake --install /home/alves/ros2_ws/build/robot_ras_decision
[0.602s] Level 1:colcon.colcon_core.environment:checking '/home/alves/ros2_ws/install/robot_ras_decision' for CMake config files
[0.602s] Level 1:colcon.colcon_core.shell:create_environment_hook('robot_ras_decision', 'cmake_prefix_path')
[0.602s] INFO:colcon.colcon_core.shell:Creating environment hook '/home/alves/ros2_ws/install/robot_ras_decision/share/robot_ras_decision/hook/cmake_prefix_path.ps1'
[0.602s] INFO:colcon.colcon_core.shell:Creating environment descriptor '/home/alves/ros2_ws/install/robot_ras_decision/share/robot_ras_decision/hook/cmake_prefix_path.dsv'
[0.603s] INFO:colcon.colcon_core.shell:Creating environment hook '/home/alves/ros2_ws/install/robot_ras_decision/share/robot_ras_decision/hook/cmake_prefix_path.sh'
[0.603s] Level 1:colcon.colcon_core.environment:checking '/home/alves/ros2_ws/install/robot_ras_decision/lib'
[0.603s] Level 1:colcon.colcon_core.shell:create_environment_hook('robot_ras_decision', 'ld_library_path_lib')
[0.603s] INFO:colcon.colcon_core.shell:Creating environment hook '/home/alves/ros2_ws/install/robot_ras_decision/share/robot_ras_decision/hook/ld_library_path_lib.ps1'
[0.603s] INFO:colcon.colcon_core.shell:Creating environment descriptor '/home/alves/ros2_ws/install/robot_ras_decision/share/robot_ras_decision/hook/ld_library_path_lib.dsv'
[0.604s] INFO:colcon.colcon_core.shell:Creating environment hook '/home/alves/ros2_ws/install/robot_ras_decision/share/robot_ras_decision/hook/ld_library_path_lib.sh'
[0.604s] Level 1:colcon.colcon_core.environment:checking '/home/alves/ros2_ws/install/robot_ras_decision/bin'
[0.604s] Level 1:colcon.colcon_core.environment:checking '/home/alves/ros2_ws/install/robot_ras_decision/lib/pkgconfig/robot_ras_decision.pc'
[0.604s] Level 1:colcon.colcon_core.environment:checking '/home/alves/ros2_ws/install/robot_ras_decision/lib/python3.10/site-packages'
[0.604s] Level 1:colcon.colcon_core.environment:checking '/home/alves/ros2_ws/install/robot_ras_decision/bin'
[0.604s] INFO:colcon.colcon_core.shell:Creating package script '/home/alves/ros2_ws/install/robot_ras_decision/share/robot_ras_decision/package.ps1'
[0.605s] INFO:colcon.colcon_core.shell:Creating package descriptor '/home/alves/ros2_ws/install/robot_ras_decision/share/robot_ras_decision/package.dsv'
[0.605s] INFO:colcon.colcon_core.shell:Creating package script '/home/alves/ros2_ws/install/robot_ras_decision/share/robot_ras_decision/package.sh'
[0.605s] INFO:colcon.colcon_core.shell:Creating package script '/home/alves/ros2_ws/install/robot_ras_decision/share/robot_ras_decision/package.bash'
[0.605s] INFO:colcon.colcon_core.shell:Creating package script '/home/alves/ros2_ws/install/robot_ras_decision/share/robot_ras_decision/package.zsh'
[0.605s] Level 1:colcon.colcon_core.environment:create_file_with_runtime_dependencies(/home/alves/ros2_ws/install/robot_ras_decision/share/colcon-core/packages/robot_ras_decision)
[0.606s] Level 1:colcon.colcon_core.environment:create_environment_scripts_only(robot_ras_decision)
[0.606s] Level 1:colcon.colcon_core.environment:checking '/home/alves/ros2_ws/install/robot_ras_decision' for CMake module files
[0.606s] Level 1:colcon.colcon_core.environment:checking '/home/alves/ros2_ws/install/robot_ras_decision' for CMake config files
[0.606s] Level 1:colcon.colcon_core.shell:create_environment_hook('robot_ras_decision', 'cmake_prefix_path')
[0.607s] INFO:colcon.colcon_core.shell:Creating environment hook '/home/alves/ros2_ws/install/robot_ras_decision/share/robot_ras_decision/hook/cmake_prefix_path.ps1'
[0.607s] INFO:colcon.colcon_core.shell:Creating environment descriptor '/home/alves/ros2_ws/install/robot_ras_decision/share/robot_ras_decision/hook/cmake_prefix_path.dsv'
[0.607s] INFO:colcon.colcon_core.shell:Creating environment hook '/home/alves/ros2_ws/install/robot_ras_decision/share/robot_ras_decision/hook/cmake_prefix_path.sh'
[0.607s] Level 1:colcon.colcon_core.environment:checking '/home/alves/ros2_ws/install/robot_ras_decision/lib'
[0.607s] Level 1:colcon.colcon_core.shell:create_environment_hook('robot_ras_decision', 'ld_library_path_lib')
[0.607s] INFO:colcon.colcon_core.shell:Creating environment hook '/home/alves/ros2_ws/install/robot_ras_decision/share/robot_ras_decision/hook/ld_library_path_lib.ps1'
[0.608s] INFO:colcon.colcon_core.shell:Creating environment descriptor '/home/alves/ros2_ws/install/robot_ras_decision/share/robot_ras_decision/hook/ld_library_path_lib.dsv'
[0.608s] INFO:colcon.colcon_core.shell:Creating environment hook '/home/alves/ros2_ws/install/robot_ras_decision/share/robot_ras_decision/hook/ld_library_path_lib.sh'
[0.608s] Level 1:colcon.colcon_core.environment:checking '/home/alves/ros2_ws/install/robot_ras_decision/bin'
[0.608s] Level 1:colcon.colcon_core.environment:checking '/home/alves/ros2_ws/install/robot_ras_decision/lib/pkgconfig/robot_ras_decision.pc'
[0.608s] Level 1:colcon.colcon_core.environment:checking '/home/alves/ros2_ws/install/robot_ras_decision/lib/python3.10/site-packages'
[0.608s] Level 1:colcon.colcon_core.environment:checking '/home/alves/ros2_ws/install/robot_ras_decision/bin'
[0.609s] INFO:colcon.colcon_core.shell:Creating package script '/home/alves/ros2_ws/install/robot_ras_decision/share/robot_ras_decision/package.ps1'
[0.609s] INFO:colcon.colcon_core.shell:Creating package descriptor '/home/alves/ros2_ws/install/robot_ras_decision/share/robot_ras_decision/package.dsv'
[0.609s] INFO:colcon.colcon_core.shell:Creating package script '/home/alves/ros2_ws/install/robot_ras_decision/share/robot_ras_decision/package.sh'
[0.609s] INFO:colcon.colcon_core.shell:Creating package script '/home/alves/ros2_ws/install/robot_ras_decision/share/robot_ras_decision/package.bash'
[0.610s] INFO:colcon.colcon_core.shell:Creating package script '/home/alves/ros2_ws/install/robot_ras_decision/share/robot_ras_decision/package.zsh'
[0.610s] Level 1:colcon.colcon_core.environment:create_file_with_runtime_dependencies(/home/alves/ros2_ws/install/robot_ras_decision/share/colcon-core/packages/robot_ras_decision)
[0.612s] DEBUG:colcon.colcon_core.event_handler.log_command:Invoking command in '/home/alves/ros2_ws/build/count_action_cpp': CMAKE_PREFIX_PATH=/home/alves/ros2_ws/install/count_interfaces:/home/alves/ros2_ws/install/robot_ras_ros:/home/alves/ros2_ws/install/robot_ras_decision:/home/alves/ros2_ws/install/dep_example_cpp:/opt/ros/humble /usr/bin/cmake --build /home/alves/ros2_ws/build/count_action_cpp -- -j16 -l16
[2.675s] DEBUG:colcon.colcon_core.event_handler.log_command:Invoked command in '/home/alves/ros2_ws/build/count_action_cpp' returned '2': CMAKE_PREFIX_PATH=/home/alves/ros2_ws/install/count_interfaces:/home/alves/ros2_ws/install/robot_ras_ros:/home/alves/ros2_ws/install/robot_ras_decision:/home/alves/ros2_ws/install/dep_example_cpp:/opt/ros/humble /usr/bin/cmake --build /home/alves/ros2_ws/build/count_action_cpp -- -j16 -l16
[2.675s] Level 1:colcon.colcon_core.environment:create_environment_scripts_only(count_action_cpp)
[2.675s] Level 1:colcon.colcon_core.environment:checking '/home/alves/ros2_ws/install/count_action_cpp' for CMake module files
[2.675s] Level 1:colcon.colcon_core.environment:checking '/home/alves/ros2_ws/install/count_action_cpp' for CMake config files
[2.675s] Level 1:colcon.colcon_core.environment:checking '/home/alves/ros2_ws/install/count_action_cpp/bin'
[2.675s] Level 1:colcon.colcon_core.environment:checking '/home/alves/ros2_ws/install/count_action_cpp/lib/pkgconfig/count_action_cpp.pc'
[2.676s] Level 1:colcon.colcon_core.environment:checking '/home/alves/ros2_ws/install/count_action_cpp/lib/python3.10/site-packages'
[2.676s] Level 1:colcon.colcon_core.environment:checking '/home/alves/ros2_ws/install/count_action_cpp/bin'
[2.676s] INFO:colcon.colcon_core.shell:Creating package script '/home/alves/ros2_ws/install/count_action_cpp/share/count_action_cpp/package.ps1'
[2.676s] INFO:colcon.colcon_core.shell:Creating package descriptor '/home/alves/ros2_ws/install/count_action_cpp/share/count_action_cpp/package.dsv'
[2.676s] INFO:colcon.colcon_core.shell:Creating package script '/home/alves/ros2_ws/install/count_action_cpp/share/count_action_cpp/package.sh'
[2.677s] INFO:colcon.colcon_core.shell:Creating package script '/home/alves/ros2_ws/install/count_action_cpp/share/count_action_cpp/package.bash'
[2.677s] INFO:colcon.colcon_core.shell:Creating package script '/home/alves/ros2_ws/install/count_action_cpp/share/count_action_cpp/package.zsh'
[2.677s] Level 1:colcon.colcon_core.environment:create_file_with_runtime_dependencies(/home/alves/ros2_ws/install/count_action_cpp/share/colcon-core/packages/count_action_cpp)
[2.687s] DEBUG:colcon.colcon_parallel_executor.executor.parallel:closing loop
[2.688s] DEBUG:colcon.colcon_parallel_executor.executor.parallel:loop closed
[2.688s] DEBUG:colcon.colcon_parallel_executor.executor.parallel:run_until_complete finished with '2'
[2.688s] DEBUG:colcon.colcon_core.event_reactor:joining thread
[2.692s] INFO:colcon.colcon_core.plugin_system:Skipping extension 'colcon_notification.desktop_notification.terminal_notifier': Not used on non-Darwin systems
[2.692s] INFO:colcon.colcon_core.plugin_system:Skipping extension 'colcon_notification.desktop_notification.win32': Not used on non-Windows systems
[2.692s] INFO:colcon.colcon_notification.desktop_notification:Sending desktop notification using 'notify2'
[2.717s] DEBUG:colcon.colcon_core.event_reactor:joined thread
[2.718s] INFO:colcon.colcon_core.shell:Creating prefix script '/home/alves/ros2_ws/install/local_setup.ps1'
[2.720s] INFO:colcon.colcon_core.shell:Creating prefix util module '/home/alves/ros2_ws/install/_local_setup_util_ps1.py'
[2.724s] INFO:colcon.colcon_core.shell:Creating prefix chain script '/home/alves/ros2_ws/install/setup.ps1'
[2.727s] INFO:colcon.colcon_core.shell:Creating prefix script '/home/alves/ros2_ws/install/local_setup.sh'
[2.728s] INFO:colcon.colcon_core.shell:Creating prefix util module '/home/alves/ros2_ws/install/_local_setup_util_sh.py'
[2.729s] INFO:colcon.colcon_core.shell:Creating prefix chain script '/home/alves/ros2_ws/install/setup.sh'
[2.731s] INFO:colcon.colcon_core.shell:Creating prefix script '/home/alves/ros2_ws/install/local_setup.bash'
[2.732s] INFO:colcon.colcon_core.shell:Creating prefix chain script '/home/alves/ros2_ws/install/setup.bash'
[2.735s] INFO:colcon.colcon_core.shell:Creating prefix script '/home/alves/ros2_ws/install/local_setup.zsh'
[2.736s] INFO:colcon.colcon_core.shell:Creating prefix chain script '/home/alves/ros2_ws/install/setup.zsh'
