[0.011s] Invoking command in '/home/alves/ros2_ws/build/robot_ras_decision': CMAKE_PREFIX_PATH=${CMAKE_PREFIX_PATH}:/opt/ros/humble /usr/bin/cmake --build /home/alves/ros2_ws/build/robot_ras_decision -- -j16 -l16
[0.064s] [35m[1mConsolidate compiler generated dependencies of target Manager[0m
[0.081s] [ 25%] [32mBuilding CXX object CMakeFiles/MovementControl.dir/src/movement_control.cpp.o[0m
[0.081s] [ 50%] [32mBuilding CXX object CMakeFiles/Manager.dir/src/manager.cpp.o[0m
[1.932s] [01m[K/home/alves/ros2_ws/src/robot_ras_decision/src/manager.cpp:[m[K In member function ‘[01m[Kvoid Manager::movement_callback()[m[K’:
[1.932s] [01m[K/home/alves/ros2_ws/src/robot_ras_decision/src/manager.cpp:87:38:[m[K [01;31m[Kerror: [m[Kno match for ‘[01m[Koperator<[m[K’ (operand types are ‘[01m[Ksensor_msgs::msg::Range[m[K’ {aka ‘[01m[Ksensor_msgs::msg::Range_<std::allocator<void> >[m[K’} and ‘[01m[Kdouble[m[K’)
[1.932s]    87 |             } else if ([32m[Kdistancia [0][m[K [01;31m[K<[m[K [34m[K0.1[m[K) {
[1.932s]       |                        [32m[K~~~~~~~~~~~~~[m[K [01;31m[K^[m[K [34m[K~~~[m[K
[1.932s]       |                                    [32m[K|[m[K   [34m[K|[m[K
[1.932s]       |                                    [32m[K|[m[K   [34m[Kdouble[m[K
[1.932s]       |                                    [32m[Ksensor_msgs::msg::Range {aka sensor_msgs::msg::Range_<std::allocator<void> >}[m[K
[1.932s] In file included from [01m[K/usr/include/c++/11/bits/stl_algobase.h:64[m[K,
[1.933s]                  from [01m[K/usr/include/c++/11/memory:63[m[K,
[1.933s]                  from [01m[K/home/alves/ros2_ws/src/robot_ras_decision/src/manager.cpp:3[m[K:
[1.933s] [01m[K/usr/include/c++/11/bits/stl_pair.h:489:5:[m[K [01;36m[Knote: [m[Kcandidate: ‘[01m[Ktemplate<class _T1, class _T2> constexpr bool std::operator<(const std::pair<_T1, _T2>&, const std::pair<_T1, _T2>&)[m[K’
[1.933s]   489 |     [01;36m[Koperator[m[K<(const pair<_T1, _T2>& __x, const pair<_T1, _T2>& __y)
[1.933s]       |     [01;36m[K^~~~~~~~[m[K
[1.933s] [01m[K/usr/include/c++/11/bits/stl_pair.h:489:5:[m[K [01;36m[Knote: [m[K  template argument deduction/substitution failed:
[1.933s] [01m[K/home/alves/ros2_ws/src/robot_ras_decision/src/manager.cpp:87:40:[m[K [01;36m[Knote: [m[K  ‘[01m[Ksensor_msgs::msg::Range[m[K’ {aka ‘[01m[Ksensor_msgs::msg::Range_<std::allocator<void> >[m[K’} is not derived from ‘[01m[Kconst std::pair<_T1, _T2>[m[K’
[1.933s]    87 |             } else if (distancia [0] < [01;36m[K0.1[m[K) {
[1.933s]       |                                        [01;36m[K^~~[m[K
[1.937s] In file included from [01m[K/usr/include/c++/11/bits/stl_algobase.h:67[m[K,
[1.937s]                  from [01m[K/usr/include/c++/11/memory:63[m[K,
[1.937s]                  from [01m[K/home/alves/ros2_ws/src/robot_ras_decision/src/manager.cpp:3[m[K:
[1.937s] [01m[K/usr/include/c++/11/bits/stl_iterator.h:426:5:[m[K [01;36m[Knote: [m[Kcandidate: ‘[01m[Ktemplate<class _Iterator> constexpr bool std::operator<(const std::reverse_iterator<_Iterator>&, const std::reverse_iterator<_Iterator>&)[m[K’
[1.937s]   426 |     [01;36m[Koperator[m[K<(const reverse_iterator<_Iterator>& __x,
[1.938s]       |     [01;36m[K^~~~~~~~[m[K
[1.938s] [01m[K/usr/include/c++/11/bits/stl_iterator.h:426:5:[m[K [01;36m[Knote: [m[K  template argument deduction/substitution failed:
[1.938s] [01m[K/home/alves/ros2_ws/src/robot_ras_decision/src/manager.cpp:87:40:[m[K [01;36m[Knote: [m[K  ‘[01m[Ksensor_msgs::msg::Range[m[K’ {aka ‘[01m[Ksensor_msgs::msg::Range_<std::allocator<void> >[m[K’} is not derived from ‘[01m[Kconst std::reverse_iterator<_Iterator>[m[K’
[1.938s]    87 |             } else if (distancia [0] < [01;36m[K0.1[m[K) {
[1.938s]       |                                        [01;36m[K^~~[m[K
[1.938s] In file included from [01m[K/usr/include/c++/11/bits/stl_algobase.h:67[m[K,
[1.938s]                  from [01m[K/usr/include/c++/11/memory:63[m[K,
[1.938s]                  from [01m[K/home/alves/ros2_ws/src/robot_ras_decision/src/manager.cpp:3[m[K:
[1.938s] [01m[K/usr/include/c++/11/bits/stl_iterator.h:465:5:[m[K [01;36m[Knote: [m[Kcandidate: ‘[01m[Ktemplate<class _IteratorL, class _IteratorR> constexpr bool std::operator<(const std::reverse_iterator<_Iterator>&, const std::reverse_iterator<_IteratorR>&)[m[K’
[1.938s]   465 |     [01;36m[Koperator[m[K<(const reverse_iterator<_IteratorL>& __x,
[1.938s]       |     [01;36m[K^~~~~~~~[m[K
[1.938s] [01m[K/usr/include/c++/11/bits/stl_iterator.h:465:5:[m[K [01;36m[Knote: [m[K  template argument deduction/substitution failed:
[1.938s] [01m[K/home/alves/ros2_ws/src/robot_ras_decision/src/manager.cpp:87:40:[m[K [01;36m[Knote: [m[K  ‘[01m[Ksensor_msgs::msg::Range[m[K’ {aka ‘[01m[Ksensor_msgs::msg::Range_<std::allocator<void> >[m[K’} is not derived from ‘[01m[Kconst std::reverse_iterator<_Iterator>[m[K’
[1.938s]    87 |             } else if (distancia [0] < [01;36m[K0.1[m[K) {
[1.938s]       |                                        [01;36m[K^~~[m[K
[1.938s] In file included from [01m[K/usr/include/c++/11/bits/stl_algobase.h:67[m[K,
[1.938s]                  from [01m[K/usr/include/c++/11/memory:63[m[K,
[1.938s]                  from [01m[K/home/alves/ros2_ws/src/robot_ras_decision/src/manager.cpp:3[m[K:
[1.938s] [01m[K/usr/include/c++/11/bits/stl_iterator.h:1609:5:[m[K [01;36m[Knote: [m[Kcandidate: ‘[01m[Ktemplate<class _IteratorL, class _IteratorR> constexpr bool std::operator<(const std::move_iterator<_IteratorL>&, const std::move_iterator<_IteratorR>&)[m[K’
[1.938s]  1609 |     [01;36m[Koperator[m[K<(const move_iterator<_IteratorL>& __x,
[1.938s]       |     [01;36m[K^~~~~~~~[m[K
[1.938s] [01m[K/usr/include/c++/11/bits/stl_iterator.h:1609:5:[m[K [01;36m[Knote: [m[K  template argument deduction/substitution failed:
[1.938s] [01m[K/home/alves/ros2_ws/src/robot_ras_decision/src/manager.cpp:87:40:[m[K [01;36m[Knote: [m[K  ‘[01m[Ksensor_msgs::msg::Range[m[K’ {aka ‘[01m[Ksensor_msgs::msg::Range_<std::allocator<void> >[m[K’} is not derived from ‘[01m[Kconst std::move_iterator<_IteratorL>[m[K’
[1.938s]    87 |             } else if (distancia [0] < [01;36m[K0.1[m[K) {
[1.938s]       |                                        [01;36m[K^~~[m[K
[1.938s] In file included from [01m[K/usr/include/c++/11/bits/stl_algobase.h:67[m[K,
[1.938s]                  from [01m[K/usr/include/c++/11/memory:63[m[K,
[1.938s]                  from [01m[K/home/alves/ros2_ws/src/robot_ras_decision/src/manager.cpp:3[m[K:
[1.938s] [01m[K/usr/include/c++/11/bits/stl_iterator.h:1667:5:[m[K [01;36m[Knote: [m[Kcandidate: ‘[01m[Ktemplate<class _Iterator> constexpr bool std::operator<(const std::move_iterator<_IteratorL>&, const std::move_iterator<_IteratorL>&)[m[K’
[1.938s]  1667 |     [01;36m[Koperator[m[K<(const move_iterator<_Iterator>& __x,
[1.939s]       |     [01;36m[K^~~~~~~~[m[K
[1.939s] [01m[K/usr/include/c++/11/bits/stl_iterator.h:1667:5:[m[K [01;36m[Knote: [m[K  template argument deduction/substitution failed:
[1.939s] [01m[K/home/alves/ros2_ws/src/robot_ras_decision/src/manager.cpp:87:40:[m[K [01;36m[Knote: [m[K  ‘[01m[Ksensor_msgs::msg::Range[m[K’ {aka ‘[01m[Ksensor_msgs::msg::Range_<std::allocator<void> >[m[K’} is not derived from ‘[01m[Kconst std::move_iterator<_IteratorL>[m[K’
[1.939s]    87 |             } else if (distancia [0] < [01;36m[K0.1[m[K) {
[1.939s]       |                                        [01;36m[K^~~[m[K
[1.939s] In file included from [01m[K/usr/include/c++/11/tuple:39[m[K,
[1.939s]                  from [01m[K/usr/include/c++/11/bits/unique_ptr.h:37[m[K,
[1.939s]                  from [01m[K/usr/include/c++/11/memory:76[m[K,
[1.939s]                  from [01m[K/home/alves/ros2_ws/src/robot_ras_decision/src/manager.cpp:3[m[K:
[1.939s] [01m[K/usr/include/c++/11/array:311:5:[m[K [01;36m[Knote: [m[Kcandidate: ‘[01m[Ktemplate<class _Tp, long unsigned int _Nm> bool std::operator<(const std::array<_Tp, _Nm>&, const std::array<_Tp, _Nm>&)[m[K’
[1.939s]   311 |     [01;36m[Koperator[m[K<(const array<_Tp, _Nm>& __a, const array<_Tp, _Nm>& __b)
[1.939s]       |     [01;36m[K^~~~~~~~[m[K
[1.939s] [01m[K/usr/include/c++/11/array:311:5:[m[K [01;36m[Knote: [m[K  template argument deduction/substitution failed:
[1.939s] [01m[K/home/alves/ros2_ws/src/robot_ras_decision/src/manager.cpp:87:40:[m[K [01;36m[Knote: [m[K  ‘[01m[Ksensor_msgs::msg::Range[m[K’ {aka ‘[01m[Ksensor_msgs::msg::Range_<std::allocator<void> >[m[K’} is not derived from ‘[01m[Kconst std::array<_Tp, _Nm>[m[K’
[1.939s]    87 |             } else if (distancia [0] < [01;36m[K0.1[m[K) {
[1.939s]       |                                        [01;36m[K^~~[m[K
[1.939s] In file included from [01m[K/usr/include/c++/11/bits/unique_ptr.h:37[m[K,
[1.939s]                  from [01m[K/usr/include/c++/11/memory:76[m[K,
[1.939s]                  from [01m[K/home/alves/ros2_ws/src/robot_ras_decision/src/manager.cpp:3[m[K:
[1.939s] [01m[K/usr/include/c++/11/tuple:1566:5:[m[K [01;36m[Knote: [m[Kcandidate: ‘[01m[Ktemplate<class ... _TElements, class ... _UElements> constexpr bool std::operator<(const std::tuple<_Tps ...>&, const std::tuple<_UTypes ...>&)[m[K’
[1.939s]  1566 |     [01;36m[Koperator[m[K<(const tuple<_TElements...>& __t,
[1.939s]       |     [01;36m[K^~~~~~~~[m[K
[1.939s] [01m[K/usr/include/c++/11/tuple:1566:5:[m[K [01;36m[Knote: [m[K  template argument deduction/substitution failed:
[1.939s] [01m[K/home/alves/ros2_ws/src/robot_ras_decision/src/manager.cpp:87:40:[m[K [01;36m[Knote: [m[K  ‘[01m[Ksensor_msgs::msg::Range[m[K’ {aka ‘[01m[Ksensor_msgs::msg::Range_<std::allocator<void> >[m[K’} is not derived from ‘[01m[Kconst std::tuple<_Tps ...>[m[K’
[1.939s]    87 |             } else if (distancia [0] < [01;36m[K0.1[m[K) {
[1.939s]       |                                        [01;36m[K^~~[m[K
[1.940s] In file included from [01m[K/usr/include/c++/11/memory:76[m[K,
[1.940s]                  from [01m[K/home/alves/ros2_ws/src/robot_ras_decision/src/manager.cpp:3[m[K:
[1.940s] [01m[K/usr/include/c++/11/bits/unique_ptr.h:795:5:[m[K [01;36m[Knote: [m[Kcandidate: ‘[01m[Ktemplate<class _Tp, class _Dp, class _Up, class _Ep> bool std::operator<(const std::unique_ptr<_Tp, _Dp>&, const std::unique_ptr<_Up, _Ep>&)[m[K’
[1.940s]   795 |     [01;36m[Koperator[m[K<(const unique_ptr<_Tp, _Dp>& __x,
[1.940s]       |     [01;36m[K^~~~~~~~[m[K
[1.940s] [01m[K/usr/include/c++/11/bits/unique_ptr.h:795:5:[m[K [01;36m[Knote: [m[K  template argument deduction/substitution failed:
[1.940s] [01m[K/home/alves/ros2_ws/src/robot_ras_decision/src/manager.cpp:87:40:[m[K [01;36m[Knote: [m[K  ‘[01m[Ksensor_msgs::msg::Range[m[K’ {aka ‘[01m[Ksensor_msgs::msg::Range_<std::allocator<void> >[m[K’} is not derived from ‘[01m[Kconst std::unique_ptr<_Tp, _Dp>[m[K’
[1.940s]    87 |             } else if (distancia [0] < [01;36m[K0.1[m[K) {
[1.940s]       |                                        [01;36m[K^~~[m[K
[1.940s] In file included from [01m[K/usr/include/c++/11/memory:76[m[K,
[1.940s]                  from [01m[K/home/alves/ros2_ws/src/robot_ras_decision/src/manager.cpp:3[m[K:
[1.940s] [01m[K/usr/include/c++/11/bits/unique_ptr.h:807:5:[m[K [01;36m[Knote: [m[Kcandidate: ‘[01m[Ktemplate<class _Tp, class _Dp> bool std::operator<(const std::unique_ptr<_Tp, _Dp>&, std::nullptr_t)[m[K’
[1.940s]   807 |     [01;36m[Koperator[m[K<(const unique_ptr<_Tp, _Dp>& __x, nullptr_t)
[1.940s]       |     [01;36m[K^~~~~~~~[m[K
[1.940s] [01m[K/usr/include/c++/11/bits/unique_ptr.h:807:5:[m[K [01;36m[Knote: [m[K  template argument deduction/substitution failed:
[1.940s] [01m[K/home/alves/ros2_ws/src/robot_ras_decision/src/manager.cpp:87:40:[m[K [01;36m[Knote: [m[K  ‘[01m[Ksensor_msgs::msg::Range[m[K’ {aka ‘[01m[Ksensor_msgs::msg::Range_<std::allocator<void> >[m[K’} is not derived from ‘[01m[Kconst std::unique_ptr<_Tp, _Dp>[m[K’
[1.940s]    87 |             } else if (distancia [0] < [01;36m[K0.1[m[K) {
[1.940s]       |                                        [01;36m[K^~~[m[K
[1.940s] In file included from [01m[K/usr/include/c++/11/memory:76[m[K,
[1.940s]                  from [01m[K/home/alves/ros2_ws/src/robot_ras_decision/src/manager.cpp:3[m[K:
[1.940s] [01m[K/usr/include/c++/11/bits/unique_ptr.h:816:5:[m[K [01;36m[Knote: [m[Kcandidate: ‘[01m[Ktemplate<class _Tp, class _Dp> bool std::operator<(std::nullptr_t, const std::unique_ptr<_Tp, _Dp>&)[m[K’
[1.940s]   816 |     [01;36m[Koperator[m[K<(nullptr_t, const unique_ptr<_Tp, _Dp>& __x)
[1.941s]       |     [01;36m[K^~~~~~~~[m[K
[1.941s] [01m[K/usr/include/c++/11/bits/unique_ptr.h:816:5:[m[K [01;36m[Knote: [m[K  template argument deduction/substitution failed:
[1.941s] [01m[K/home/alves/ros2_ws/src/robot_ras_decision/src/manager.cpp:87:40:[m[K [01;36m[Knote: [m[K  mismatched types ‘[01m[Kconst std::unique_ptr<_Tp, _Dp>[m[K’ and ‘[01m[Kdouble[m[K’
[1.941s]    87 |             } else if (distancia [0] < [01;36m[K0.1[m[K) {
[1.941s]       |                                        [01;36m[K^~~[m[K
[1.941s] In file included from [01m[K/usr/include/c++/11/bits/shared_ptr.h:53[m[K,
[1.941s]                  from [01m[K/usr/include/c++/11/memory:77[m[K,
[1.941s]                  from [01m[K/home/alves/ros2_ws/src/robot_ras_decision/src/manager.cpp:3[m[K:
[1.941s] [01m[K/usr/include/c++/11/bits/shared_ptr_base.h:1457:5:[m[K [01;36m[Knote: [m[Kcandidate: ‘[01m[Ktemplate<class _Tp, class _Up, __gnu_cxx::_Lock_policy _Lp> bool std::operator<(const std::__shared_ptr<_Tp1, _Lp>&, const std::__shared_ptr<_Tp2, _Lp>&)[m[K’
[1.941s]  1457 |     [01;36m[Koperator[m[K<(const __shared_ptr<_Tp, _Lp>& __a,
[1.941s]       |     [01;36m[K^~~~~~~~[m[K
[1.941s] [01m[K/usr/include/c++/11/bits/shared_ptr_base.h:1457:5:[m[K [01;36m[Knote: [m[K  template argument deduction/substitution failed:
[1.941s] [01m[K/home/alves/ros2_ws/src/robot_ras_decision/src/manager.cpp:87:40:[m[K [01;36m[Knote: [m[K  ‘[01m[Ksensor_msgs::msg::Range[m[K’ {aka ‘[01m[Ksensor_msgs::msg::Range_<std::allocator<void> >[m[K’} is not derived from ‘[01m[Kconst std::__shared_ptr<_Tp1, _Lp>[m[K’
[1.941s]    87 |             } else if (distancia [0] < [01;36m[K0.1[m[K) {
[1.941s]       |                                        [01;36m[K^~~[m[K
[1.941s] In file included from [01m[K/usr/include/c++/11/bits/shared_ptr.h:53[m[K,
[1.941s]                  from [01m[K/usr/include/c++/11/memory:77[m[K,
[1.941s]                  from [01m[K/home/alves/ros2_ws/src/robot_ras_decision/src/manager.cpp:3[m[K:
[1.941s] [01m[K/usr/include/c++/11/bits/shared_ptr_base.h:1468:5:[m[K [01;36m[Knote: [m[Kcandidate: ‘[01m[Ktemplate<class _Tp, __gnu_cxx::_Lock_policy _Lp> bool std::operator<(const std::__shared_ptr<_Tp, _Lp>&, std::nullptr_t)[m[K’
[1.941s]  1468 |     [01;36m[Koperator[m[K<(const __shared_ptr<_Tp, _Lp>& __a, nullptr_t) noexcept
[1.941s]       |     [01;36m[K^~~~~~~~[m[K
[1.941s] [01m[K/usr/include/c++/11/bits/shared_ptr_base.h:1468:5:[m[K [01;36m[Knote: [m[K  template argument deduction/substitution failed:
[1.941s] [01m[K/home/alves/ros2_ws/src/robot_ras_decision/src/manager.cpp:87:40:[m[K [01;36m[Knote: [m[K  ‘[01m[Ksensor_msgs::msg::Range[m[K’ {aka ‘[01m[Ksensor_msgs::msg::Range_<std::allocator<void> >[m[K’} is not derived from ‘[01m[Kconst std::__shared_ptr<_Tp, _Lp>[m[K’
[1.941s]    87 |             } else if (distancia [0] < [01;36m[K0.1[m[K) {
[1.942s]       |                                        [01;36m[K^~~[m[K
[1.942s] In file included from [01m[K/usr/include/c++/11/bits/shared_ptr.h:53[m[K,
[1.942s]                  from [01m[K/usr/include/c++/11/memory:77[m[K,
[1.942s]                  from [01m[K/home/alves/ros2_ws/src/robot_ras_decision/src/manager.cpp:3[m[K:
[1.942s] [01m[K/usr/include/c++/11/bits/shared_ptr_base.h:1476:5:[m[K [01;36m[Knote: [m[Kcandidate: ‘[01m[Ktemplate<class _Tp, __gnu_cxx::_Lock_policy _Lp> bool std::operator<(std::nullptr_t, const std::__shared_ptr<_Tp, _Lp>&)[m[K’
[1.942s]  1476 |     [01;36m[Koperator[m[K<(nullptr_t, const __shared_ptr<_Tp, _Lp>& __a) noexcept
[1.942s]       |     [01;36m[K^~~~~~~~[m[K
[1.942s] [01m[K/usr/include/c++/11/bits/shared_ptr_base.h:1476:5:[m[K [01;36m[Knote: [m[K  template argument deduction/substitution failed:
[1.942s] [01m[K/home/alves/ros2_ws/src/robot_ras_decision/src/manager.cpp:87:40:[m[K [01;36m[Knote: [m[K  mismatched types ‘[01m[Kconst std::__shared_ptr<_Tp, _Lp>[m[K’ and ‘[01m[Kdouble[m[K’
[1.942s]    87 |             } else if (distancia [0] < [01;36m[K0.1[m[K) {
[1.942s]       |                                        [01;36m[K^~~[m[K
[1.942s] In file included from [01m[K/usr/include/c++/11/memory:77[m[K,
[1.942s]                  from [01m[K/home/alves/ros2_ws/src/robot_ras_decision/src/manager.cpp:3[m[K:
[1.942s] [01m[K/usr/include/c++/11/bits/shared_ptr.h:488:5:[m[K [01;36m[Knote: [m[Kcandidate: ‘[01m[Ktemplate<class _Tp, class _Up> bool std::operator<(const std::shared_ptr<_Tp>&, const std::shared_ptr<_Tp>&)[m[K’
[1.942s]   488 |     [01;36m[Koperator[m[K<(const shared_ptr<_Tp>& __a, const shared_ptr<_Up>& __b) noexcept
[1.942s]       |     [01;36m[K^~~~~~~~[m[K
[1.942s] [01m[K/usr/include/c++/11/bits/shared_ptr.h:488:5:[m[K [01;36m[Knote: [m[K  template argument deduction/substitution failed:
[1.942s] [01m[K/home/alves/ros2_ws/src/robot_ras_decision/src/manager.cpp:87:40:[m[K [01;36m[Knote: [m[K  ‘[01m[Ksensor_msgs::msg::Range[m[K’ {aka ‘[01m[Ksensor_msgs::msg::Range_<std::allocator<void> >[m[K’} is not derived from ‘[01m[Kconst std::shared_ptr<_Tp>[m[K’
[1.942s]    87 |             } else if (distancia [0] < [01;36m[K0.1[m[K) {
[1.942s]       |                                        [01;36m[K^~~[m[K
[1.942s] In file included from [01m[K/usr/include/c++/11/memory:77[m[K,
[1.942s]                  from [01m[K/home/alves/ros2_ws/src/robot_ras_decision/src/manager.cpp:3[m[K:
[1.942s] [01m[K/usr/include/c++/11/bits/shared_ptr.h:499:5:[m[K [01;36m[Knote: [m[Kcandidate: ‘[01m[Ktemplate<class _Tp> bool std::operator<(const std::shared_ptr<_Tp>&, std::nullptr_t)[m[K’
[1.942s]   499 |     [01;36m[Koperator[m[K<(const shared_ptr<_Tp>& __a, nullptr_t) noexcept
[1.942s]       |     [01;36m[K^~~~~~~~[m[K
[1.942s] [01m[K/usr/include/c++/11/bits/shared_ptr.h:499:5:[m[K [01;36m[Knote: [m[K  template argument deduction/substitution failed:
[1.943s] [01m[K/home/alves/ros2_ws/src/robot_ras_decision/src/manager.cpp:87:40:[m[K [01;36m[Knote: [m[K  ‘[01m[Ksensor_msgs::msg::Range[m[K’ {aka ‘[01m[Ksensor_msgs::msg::Range_<std::allocator<void> >[m[K’} is not derived from ‘[01m[Kconst std::shared_ptr<_Tp>[m[K’
[1.943s]    87 |             } else if (distancia [0] < [01;36m[K0.1[m[K) {
[1.943s]       |                                        [01;36m[K^~~[m[K
[1.943s] In file included from [01m[K/usr/include/c++/11/memory:77[m[K,
[1.943s]                  from [01m[K/home/alves/ros2_ws/src/robot_ras_decision/src/manager.cpp:3[m[K:
[1.943s] [01m[K/usr/include/c++/11/bits/shared_ptr.h:508:5:[m[K [01;36m[Knote: [m[Kcandidate: ‘[01m[Ktemplate<class _Tp> bool std::operator<(std::nullptr_t, const std::shared_ptr<_Tp>&)[m[K’
[1.943s]   508 |     [01;36m[Koperator[m[K<(nullptr_t, const shared_ptr<_Tp>& __a) noexcept
[1.943s]       |     [01;36m[K^~~~~~~~[m[K
[1.943s] [01m[K/usr/include/c++/11/bits/shared_ptr.h:508:5:[m[K [01;36m[Knote: [m[K  template argument deduction/substitution failed:
[1.943s] [01m[K/home/alves/ros2_ws/src/robot_ras_decision/src/manager.cpp:87:40:[m[K [01;36m[Knote: [m[K  mismatched types ‘[01m[Kconst std::shared_ptr<_Tp>[m[K’ and ‘[01m[Kdouble[m[K’
[1.943s]    87 |             } else if (distancia [0] < [01;36m[K0.1[m[K) {
[1.943s]       |                                        [01;36m[K^~~[m[K
[1.943s] In file included from [01m[K/usr/include/c++/11/bits/basic_string.h:48[m[K,
[1.943s]                  from [01m[K/usr/include/c++/11/string:55[m[K,
[1.943s]                  from [01m[K/home/alves/ros2_ws/src/robot_ras_decision/src/manager.cpp:4[m[K:
[1.943s] [01m[K/usr/include/c++/11/string_view:589:5:[m[K [01;36m[Knote: [m[Kcandidate: ‘[01m[Ktemplate<class _CharT, class _Traits> constexpr bool std::operator<(std::basic_string_view<_CharT, _Traits>, std::basic_string_view<_CharT, _Traits>)[m[K’
[1.943s]   589 |     [01;36m[Koperator[m[K< (basic_string_view<_CharT, _Traits> __x,
[1.943s]       |     [01;36m[K^~~~~~~~[m[K
[1.943s] [01m[K/usr/include/c++/11/string_view:589:5:[m[K [01;36m[Knote: [m[K  template argument deduction/substitution failed:
[1.943s] [01m[K/home/alves/ros2_ws/src/robot_ras_decision/src/manager.cpp:87:40:[m[K [01;36m[Knote: [m[K  ‘[01m[Ksensor_msgs::msg::Range_<std::allocator<void> >[m[K’ is not derived from ‘[01m[Kstd::basic_string_view<_CharT, _Traits>[m[K’
[1.943s]    87 |             } else if (distancia [0] < [01;36m[K0.1[m[K) {
[1.943s]       |                                        [01;36m[K^~~[m[K
[1.943s] In file included from [01m[K/usr/include/c++/11/bits/basic_string.h:48[m[K,
[1.943s]                  from [01m[K/usr/include/c++/11/string:55[m[K,
[1.943s]                  from [01m[K/home/alves/ros2_ws/src/robot_ras_decision/src/manager.cpp:4[m[K:
[1.944s] [01m[K/usr/include/c++/11/string_view:595:5:[m[K [01;36m[Knote: [m[Kcandidate: ‘[01m[Ktemplate<class _CharT, class _Traits> constexpr bool std::operator<(std::basic_string_view<_CharT, _Traits>, std::__type_identity_t<std::basic_string_view<_CharT, _Traits> >)[m[K’
[1.944s]   595 |     [01;36m[Koperator[m[K< (basic_string_view<_CharT, _Traits> __x,
[1.944s]       |     [01;36m[K^~~~~~~~[m[K
[1.944s] [01m[K/usr/include/c++/11/string_view:595:5:[m[K [01;36m[Knote: [m[K  template argument deduction/substitution failed:
[1.944s] [01m[K/home/alves/ros2_ws/src/robot_ras_decision/src/manager.cpp:87:40:[m[K [01;36m[Knote: [m[K  ‘[01m[Ksensor_msgs::msg::Range_<std::allocator<void> >[m[K’ is not derived from ‘[01m[Kstd::basic_string_view<_CharT, _Traits>[m[K’
[1.944s]    87 |             } else if (distancia [0] < [01;36m[K0.1[m[K) {
[1.944s]       |                                        [01;36m[K^~~[m[K
[1.944s] In file included from [01m[K/usr/include/c++/11/bits/basic_string.h:48[m[K,
[1.944s]                  from [01m[K/usr/include/c++/11/string:55[m[K,
[1.944s]                  from [01m[K/home/alves/ros2_ws/src/robot_ras_decision/src/manager.cpp:4[m[K:
[1.944s] [01m[K/usr/include/c++/11/string_view:602:5:[m[K [01;36m[Knote: [m[Kcandidate: ‘[01m[Ktemplate<class _CharT, class _Traits> constexpr bool std::operator<(std::__type_identity_t<std::basic_string_view<_CharT, _Traits> >, std::basic_string_view<_CharT, _Traits>)[m[K’
[1.944s]   602 |     [01;36m[Koperator[m[K< (__type_identity_t<basic_string_view<_CharT, _Traits>> __x,
[1.944s]       |     [01;36m[K^~~~~~~~[m[K
[1.944s] [01m[K/usr/include/c++/11/string_view:602:5:[m[K [01;36m[Knote: [m[K  template argument deduction/substitution failed:
[1.944s] [01m[K/home/alves/ros2_ws/src/robot_ras_decision/src/manager.cpp:87:40:[m[K [01;36m[Knote: [m[K  mismatched types ‘[01m[Kstd::basic_string_view<_CharT, _Traits>[m[K’ and ‘[01m[Kdouble[m[K’
[1.944s]    87 |             } else if (distancia [0] < [01;36m[K0.1[m[K) {
[1.944s]       |                                        [01;36m[K^~~[m[K
[1.944s] In file included from [01m[K/usr/include/c++/11/string:55[m[K,
[1.944s]                  from [01m[K/home/alves/ros2_ws/src/robot_ras_decision/src/manager.cpp:4[m[K:
[1.944s] [01m[K/usr/include/c++/11/bits/basic_string.h:6340:5:[m[K [01;36m[Knote: [m[Kcandidate: ‘[01m[Ktemplate<class _CharT, class _Traits, class _Alloc> bool std::operator<(const std::__cxx11::basic_string<_CharT, _Traits, _Allocator>&, const std::__cxx11::basic_string<_CharT, _Traits, _Allocator>&)[m[K’
[1.944s]  6340 |     [01;36m[Koperator[m[K<(const basic_string<_CharT, _Traits, _Alloc>& __lhs,
[1.944s]       |     [01;36m[K^~~~~~~~[m[K
[1.944s] [01m[K/usr/include/c++/11/bits/basic_string.h:6340:5:[m[K [01;36m[Knote: [m[K  template argument deduction/substitution failed:
[1.944s] [01m[K/home/alves/ros2_ws/src/robot_ras_decision/src/manager.cpp:87:40:[m[K [01;36m[Knote: [m[K  ‘[01m[Ksensor_msgs::msg::Range[m[K’ {aka ‘[01m[Ksensor_msgs::msg::Range_<std::allocator<void> >[m[K’} is not derived from ‘[01m[Kconst std::__cxx11::basic_string<_CharT, _Traits, _Allocator>[m[K’
[1.944s]    87 |             } else if (distancia [0] < [01;36m[K0.1[m[K) {
[1.944s]       |                                        [01;36m[K^~~[m[K
[1.944s] In file included from [01m[K/usr/include/c++/11/string:55[m[K,
[1.944s]                  from [01m[K/home/alves/ros2_ws/src/robot_ras_decision/src/manager.cpp:4[m[K:
[1.944s] [01m[K/usr/include/c++/11/bits/basic_string.h:6353:5:[m[K [01;36m[Knote: [m[Kcandidate: ‘[01m[Ktemplate<class _CharT, class _Traits, class _Alloc> bool std::operator<(const std::__cxx11::basic_string<_CharT, _Traits, _Allocator>&, const _CharT*)[m[K’
[1.945s]  6353 |     [01;36m[Koperator[m[K<(const basic_string<_CharT, _Traits, _Alloc>& __lhs,
[1.945s]       |     [01;36m[K^~~~~~~~[m[K
[1.945s] [01m[K/usr/include/c++/11/bits/basic_string.h:6353:5:[m[K [01;36m[Knote: [m[K  template argument deduction/substitution failed:
[1.945s] [01m[K/home/alves/ros2_ws/src/robot_ras_decision/src/manager.cpp:87:40:[m[K [01;36m[Knote: [m[K  ‘[01m[Ksensor_msgs::msg::Range[m[K’ {aka ‘[01m[Ksensor_msgs::msg::Range_<std::allocator<void> >[m[K’} is not derived from ‘[01m[Kconst std::__cxx11::basic_string<_CharT, _Traits, _Allocator>[m[K’
[1.945s]    87 |             } else if (distancia [0] < [01;36m[K0.1[m[K) {
[1.945s]       |                                        [01;36m[K^~~[m[K
[1.945s] In file included from [01m[K/usr/include/c++/11/string:55[m[K,
[1.945s]                  from [01m[K/home/alves/ros2_ws/src/robot_ras_decision/src/manager.cpp:4[m[K:
[1.945s] [01m[K/usr/include/c++/11/bits/basic_string.h:6365:5:[m[K [01;36m[Knote: [m[Kcandidate: ‘[01m[Ktemplate<class _CharT, class _Traits, class _Alloc> bool std::operator<(const _CharT*, const std::__cxx11::basic_string<_CharT, _Traits, _Allocator>&)[m[K’
[1.945s]  6365 |     [01;36m[Koperator[m[K<(const _CharT* __lhs,
[1.945s]       |     [01;36m[K^~~~~~~~[m[K
[1.945s] [01m[K/usr/include/c++/11/bits/basic_string.h:6365:5:[m[K [01;36m[Knote: [m[K  template argument deduction/substitution failed:
[1.945s] [01m[K/home/alves/ros2_ws/src/robot_ras_decision/src/manager.cpp:87:40:[m[K [01;36m[Knote: [m[K  mismatched types ‘[01m[Kconst _CharT*[m[K’ and ‘[01m[Ksensor_msgs::msg::Range_<std::allocator<void> >[m[K’
[1.945s]    87 |             } else if (distancia [0] < [01;36m[K0.1[m[K) {
[1.945s]       |                                        [01;36m[K^~~[m[K
[1.945s] In file included from [01m[K/usr/include/c++/11/vector:67[m[K,
[1.945s]                  from [01m[K/usr/include/c++/11/functional:62[m[K,
[1.945s]                  from [01m[K/home/alves/ros2_ws/src/robot_ras_decision/src/manager.cpp:5[m[K:
[1.945s] [01m[K/usr/include/c++/11/bits/stl_vector.h:1930:5:[m[K [01;36m[Knote: [m[Kcandidate: ‘[01m[Ktemplate<class _Tp, class _Alloc> bool std::operator<(const std::vector<_Tp, _Alloc>&, const std::vector<_Tp, _Alloc>&)[m[K’
[1.945s]  1930 |     [01;36m[Koperator[m[K<(const vector<_Tp, _Alloc>& __x, const vector<_Tp, _Alloc>& __y)
[1.945s]       |     [01;36m[K^~~~~~~~[m[K
[1.945s] [01m[K/usr/include/c++/11/bits/stl_vector.h:1930:5:[m[K [01;36m[Knote: [m[K  template argument deduction/substitution failed:
[1.945s] [01m[K/home/alves/ros2_ws/src/robot_ras_decision/src/manager.cpp:87:40:[m[K [01;36m[Knote: [m[K  ‘[01m[Ksensor_msgs::msg::Range[m[K’ {aka ‘[01m[Ksensor_msgs::msg::Range_<std::allocator<void> >[m[K’} is not derived from ‘[01m[Kconst std::vector<_Tp, _Alloc>[m[K’
[1.945s]    87 |             } else if (distancia [0] < [01;36m[K0.1[m[K) {
[1.945s]       |                                        [01;36m[K^~~[m[K
[1.945s] In file included from [01m[K/usr/include/c++/11/set:61[m[K,
[1.945s]                  from [01m[K/opt/ros/humble/include/rclcpp/rclcpp/executors/multi_threaded_executor.hpp:21[m[K,
[1.945s]                  from [01m[K/opt/ros/humble/include/rclcpp/rclcpp/executors.hpp:21[m[K,
[1.945s]                  from [01m[K/opt/ros/humble/include/rclcpp/rclcpp/rclcpp.hpp:155[m[K,
[1.945s]                  from [01m[K/home/alves/ros2_ws/src/robot_ras_decision/src/manager.cpp:8[m[K:
[1.945s] [01m[K/usr/include/c++/11/bits/stl_set.h:1023:5:[m[K [01;36m[Knote: [m[Kcandidate: ‘[01m[Ktemplate<class _Key, class _Compare, class _Alloc> bool std::operator<(const std::set<_Key, _Compare, _Allocator>&, const std::set<_Key, _Compare, _Allocator>&)[m[K’
[1.945s]  1023 |     [01;36m[Koperator[m[K<(const set<_Key, _Compare, _Alloc>& __x,
[1.946s]       |     [01;36m[K^~~~~~~~[m[K
[1.946s] [01m[K/usr/include/c++/11/bits/stl_set.h:1023:5:[m[K [01;36m[Knote: [m[K  template argument deduction/substitution failed:
[1.946s] [01m[K/home/alves/ros2_ws/src/robot_ras_decision/src/manager.cpp:87:40:[m[K [01;36m[Knote: [m[K  ‘[01m[Ksensor_msgs::msg::Range[m[K’ {aka ‘[01m[Ksensor_msgs::msg::Range_<std::allocator<void> >[m[K’} is not derived from ‘[01m[Kconst std::set<_Key, _Compare, _Allocator>[m[K’
[1.946s]    87 |             } else if (distancia [0] < [01;36m[K0.1[m[K) {
[1.946s]       |                                        [01;36m[K^~~[m[K
[1.946s] In file included from [01m[K/usr/include/c++/11/set:62[m[K,
[1.946s]                  from [01m[K/opt/ros/humble/include/rclcpp/rclcpp/executors/multi_threaded_executor.hpp:21[m[K,
[1.946s]                  from [01m[K/opt/ros/humble/include/rclcpp/rclcpp/executors.hpp:21[m[K,
[1.946s]                  from [01m[K/opt/ros/humble/include/rclcpp/rclcpp/rclcpp.hpp:155[m[K,
[1.946s]                  from [01m[K/home/alves/ros2_ws/src/robot_ras_decision/src/manager.cpp:8[m[K:
[1.946s] [01m[K/usr/include/c++/11/bits/stl_multiset.h:1009:5:[m[K [01;36m[Knote: [m[Kcandidate: ‘[01m[Ktemplate<class _Key, class _Compare, class _Alloc> bool std::operator<(const std::multiset<_Key, _Compare, _Allocator>&, const std::multiset<_Key, _Compare, _Allocator>&)[m[K’
[1.946s]  1009 |     [01;36m[Koperator[m[K<(const multiset<_Key, _Compare, _Alloc>& __x,
[1.946s]       |     [01;36m[K^~~~~~~~[m[K
[1.946s] [01m[K/usr/include/c++/11/bits/stl_multiset.h:1009:5:[m[K [01;36m[Knote: [m[K  template argument deduction/substitution failed:
[1.946s] [01m[K/home/alves/ros2_ws/src/robot_ras_decision/src/manager.cpp:87:40:[m[K [01;36m[Knote: [m[K  ‘[01m[Ksensor_msgs::msg::Range[m[K’ {aka ‘[01m[Ksensor_msgs::msg::Range_<std::allocator<void> >[m[K’} is not derived from ‘[01m[Kconst std::multiset<_Key, _Compare, _Allocator>[m[K’
[1.946s]    87 |             } else if (distancia [0] < [01;36m[K0.1[m[K) {
[1.946s]       |                                        [01;36m[K^~~[m[K
[1.946s] In file included from [01m[K/usr/include/c++/11/list:63[m[K,
[1.946s]                  from [01m[K/opt/ros/humble/include/rclcpp/rclcpp/executor.hpp:23[m[K,
[1.946s]                  from [01m[K/opt/ros/humble/include/rclcpp/rclcpp/executors/multi_threaded_executor.hpp:25[m[K,
[1.946s]                  from [01m[K/opt/ros/humble/include/rclcpp/rclcpp/executors.hpp:21[m[K,
[1.946s]                  from [01m[K/opt/ros/humble/include/rclcpp/rclcpp/rclcpp.hpp:155[m[K,
[1.946s]                  from [01m[K/home/alves/ros2_ws/src/robot_ras_decision/src/manager.cpp:8[m[K:
[1.946s] [01m[K/usr/include/c++/11/bits/stl_list.h:2085:5:[m[K [01;36m[Knote: [m[Kcandidate: ‘[01m[Ktemplate<class _Tp, class _Alloc> bool std::operator<(const std::__cxx11::list<_Tp, _Alloc>&, const std::__cxx11::list<_Tp, _Alloc>&)[m[K’
[1.946s]  2085 |     [01;36m[Koperator[m[K<(const list<_Tp, _Alloc>& __x, const list<_Tp, _Alloc>& __y)
[1.946s]       |     [01;36m[K^~~~~~~~[m[K
[1.946s] [01m[K/usr/include/c++/11/bits/stl_list.h:2085:5:[m[K [01;36m[Knote: [m[K  template argument deduction/substitution failed:
[1.946s] [01m[K/home/alves/ros2_ws/src/robot_ras_decision/src/manager.cpp:87:40:[m[K [01;36m[Knote: [m[K  ‘[01m[Ksensor_msgs::msg::Range[m[K’ {aka ‘[01m[Ksensor_msgs::msg::Range_<std::allocator<void> >[m[K’} is not derived from ‘[01m[Kconst std::__cxx11::list<_Tp, _Alloc>[m[K’
[1.946s]    87 |             } else if (distancia [0] < [01;36m[K0.1[m[K) {
[1.946s]       |                                        [01;36m[K^~~[m[K
[1.946s] In file included from [01m[K/usr/include/c++/11/map:61[m[K,
[1.946s]                  from [01m[K/opt/ros/humble/include/rclcpp/rclcpp/executor.hpp:24[m[K,
[1.946s]                  from [01m[K/opt/ros/humble/include/rclcpp/rclcpp/executors/multi_threaded_executor.hpp:25[m[K,
[1.946s]                  from [01m[K/opt/ros/humble/include/rclcpp/rclcpp/executors.hpp:21[m[K,
[1.946s]                  from [01m[K/opt/ros/humble/include/rclcpp/rclcpp/rclcpp.hpp:155[m[K,
[1.946s]                  from [01m[K/home/alves/ros2_ws/src/robot_ras_decision/src/manager.cpp:8[m[K:
[1.946s] [01m[K/usr/include/c++/11/bits/stl_map.h:1501:5:[m[K [01;36m[Knote: [m[Kcandidate: ‘[01m[Ktemplate<class _Key, class _Tp, class _Compare, class _Alloc> bool std::operator<(const std::map<_Key, _Tp, _Compare, _Allocator>&, const std::map<_Key, _Tp, _Compare, _Allocator>&)[m[K’
[1.946s]  1501 |     [01;36m[Koperator[m[K<(const map<_Key, _Tp, _Compare, _Alloc>& __x,
[1.947s]       |     [01;36m[K^~~~~~~~[m[K
[1.947s] [01m[K/usr/include/c++/11/bits/stl_map.h:1501:5:[m[K [01;36m[Knote: [m[K  template argument deduction/substitution failed:
[1.947s] [01m[K/home/alves/ros2_ws/src/robot_ras_decision/src/manager.cpp:87:40:[m[K [01;36m[Knote: [m[K  ‘[01m[Ksensor_msgs::msg::Range[m[K’ {aka ‘[01m[Ksensor_msgs::msg::Range_<std::allocator<void> >[m[K’} is not derived from ‘[01m[Kconst std::map<_Key, _Tp, _Compare, _Allocator>[m[K’
[1.947s]    87 |             } else if (distancia [0] < [01;36m[K0.1[m[K) {
[1.947s]       |                                        [01;36m[K^~~[m[K
[1.947s] In file included from [01m[K/usr/include/c++/11/map:62[m[K,
[1.947s]                  from [01m[K/opt/ros/humble/include/rclcpp/rclcpp/executor.hpp:24[m[K,
[1.947s]                  from [01m[K/opt/ros/humble/include/rclcpp/rclcpp/executors/multi_threaded_executor.hpp:25[m[K,
[1.947s]                  from [01m[K/opt/ros/humble/include/rclcpp/rclcpp/executors.hpp:21[m[K,
[1.947s]                  from [01m[K/opt/ros/humble/include/rclcpp/rclcpp/rclcpp.hpp:155[m[K,
[1.947s]                  from [01m[K/home/alves/ros2_ws/src/robot_ras_decision/src/manager.cpp:8[m[K:
[1.947s] [01m[K/usr/include/c++/11/bits/stl_multimap.h:1166:5:[m[K [01;36m[Knote: [m[Kcandidate: ‘[01m[Ktemplate<class _Key, class _Tp, class _Compare, class _Alloc> bool std::operator<(const std::multimap<_Key, _Tp, _Compare, _Allocator>&, const std::multimap<_Key, _Tp, _Compare, _Allocator>&)[m[K’
[1.947s]  1166 |     [01;36m[Koperator[m[K<(const multimap<_Key, _Tp, _Compare, _Alloc>& __x,
[1.947s]       |     [01;36m[K^~~~~~~~[m[K
[1.947s] [01m[K/usr/include/c++/11/bits/stl_multimap.h:1166:5:[m[K [01;36m[Knote: [m[K  template argument deduction/substitution failed:
[1.947s] [01m[K/home/alves/ros2_ws/src/robot_ras_decision/src/manager.cpp:87:40:[m[K [01;36m[Knote: [m[K  ‘[01m[Ksensor_msgs::msg::Range[m[K’ {aka ‘[01m[Ksensor_msgs::msg::Range_<std::allocator<void> >[m[K’} is not derived from ‘[01m[Kconst std::multimap<_Key, _Tp, _Compare, _Allocator>[m[K’
[1.947s]    87 |             } else if (distancia [0] < [01;36m[K0.1[m[K) {
[1.947s]       |                                        [01;36m[K^~~[m[K
[1.947s] In file included from [01m[K/opt/ros/humble/include/rclcpp/rclcpp/client.hpp:23[m[K,
[1.947s]                  from [01m[K/opt/ros/humble/include/rclcpp/rclcpp/callback_group.hpp:24[m[K,
[1.947s]                  from [01m[K/opt/ros/humble/include/rclcpp/rclcpp/any_executable.hpp:20[m[K,
[1.947s]                  from [01m[K/opt/ros/humble/include/rclcpp/rclcpp/memory_strategy.hpp:25[m[K,
[1.947s]                  from [01m[K/opt/ros/humble/include/rclcpp/rclcpp/memory_strategies.hpp:18[m[K,
[1.947s]                  from [01m[K/opt/ros/humble/include/rclcpp/rclcpp/executor_options.hpp:20[m[K,
[1.947s]                  from [01m[K/opt/ros/humble/include/rclcpp/rclcpp/executor.hpp:37[m[K,
[1.947s]                  from [01m[K/opt/ros/humble/include/rclcpp/rclcpp/executors/multi_threaded_executor.hpp:25[m[K,
[1.947s]                  from [01m[K/opt/ros/humble/include/rclcpp/rclcpp/executors.hpp:21[m[K,
[1.947s]                  from [01m[K/opt/ros/humble/include/rclcpp/rclcpp/rclcpp.hpp:155[m[K,
[1.947s]                  from [01m[K/home/alves/ros2_ws/src/robot_ras_decision/src/manager.cpp:8[m[K:
[1.947s] [01m[K/usr/include/c++/11/optional:1063:5:[m[K [01;36m[Knote: [m[Kcandidate: ‘[01m[Ktemplate<class _Tp, class _Up> constexpr std::__optional_lt_t<_Tp, _Up> std::operator<(const std::optional<_Tp>&, const std::optional<_Up>&)[m[K’
[1.947s]  1063 |     [01;36m[Koperator[m[K<(const optional<_Tp>& __lhs, const optional<_Up>& __rhs)
[1.947s]       |     [01;36m[K^~~~~~~~[m[K
[1.947s] [01m[K/usr/include/c++/11/optional:1063:5:[m[K [01;36m[Knote: [m[K  template argument deduction/substitution failed:
[1.947s] [01m[K/home/alves/ros2_ws/src/robot_ras_decision/src/manager.cpp:87:40:[m[K [01;36m[Knote: [m[K  ‘[01m[Ksensor_msgs::msg::Range[m[K’ {aka ‘[01m[Ksensor_msgs::msg::Range_<std::allocator<void> >[m[K’} is not derived from ‘[01m[Kconst std::optional<_Tp>[m[K’
[1.947s]    87 |             } else if (distancia [0] < [01;36m[K0.1[m[K) {
[1.947s]       |                                        [01;36m[K^~~[m[K
[1.947s] In file included from [01m[K/opt/ros/humble/include/rclcpp/rclcpp/client.hpp:23[m[K,
[1.947s]                  from [01m[K/opt/ros/humble/include/rclcpp/rclcpp/callback_group.hpp:24[m[K,
[1.948s]                  from [01m[K/opt/ros/humble/include/rclcpp/rclcpp/any_executable.hpp:20[m[K,
[1.948s]                  from [01m[K/opt/ros/humble/include/rclcpp/rclcpp/memory_strategy.hpp:25[m[K,
[1.948s]                  from [01m[K/opt/ros/humble/include/rclcpp/rclcpp/memory_strategies.hpp:18[m[K,
[1.948s]                  from [01m[K/opt/ros/humble/include/rclcpp/rclcpp/executor_options.hpp:20[m[K,
[1.948s]                  from [01m[K/opt/ros/humble/include/rclcpp/rclcpp/executor.hpp:37[m[K,
[1.948s]                  from [01m[K/opt/ros/humble/include/rclcpp/rclcpp/executors/multi_threaded_executor.hpp:25[m[K,
[1.948s]                  from [01m[K/opt/ros/humble/include/rclcpp/rclcpp/executors.hpp:21[m[K,
[1.948s]                  from [01m[K/opt/ros/humble/include/rclcpp/rclcpp/rclcpp.hpp:155[m[K,
[1.948s]                  from [01m[K/home/alves/ros2_ws/src/robot_ras_decision/src/manager.cpp:8[m[K:
[1.948s] [01m[K/usr/include/c++/11/optional:1131:5:[m[K [01;36m[Knote: [m[Kcandidate: ‘[01m[Ktemplate<class _Tp> constexpr bool std::operator<(const std::optional<_Tp>&, std::nullopt_t)[m[K’
[1.948s]  1131 |     [01;36m[Koperator[m[K<(const optional<_Tp>& /* __lhs */, nullopt_t) noexcept
[1.948s]       |     [01;36m[K^~~~~~~~[m[K
[1.948s] [01m[K/usr/include/c++/11/optional:1131:5:[m[K [01;36m[Knote: [m[K  template argument deduction/substitution failed:
[1.948s] [01m[K/home/alves/ros2_ws/src/robot_ras_decision/src/manager.cpp:87:40:[m[K [01;36m[Knote: [m[K  ‘[01m[Ksensor_msgs::msg::Range[m[K’ {aka ‘[01m[Ksensor_msgs::msg::Range_<std::allocator<void> >[m[K’} is not derived from ‘[01m[Kconst std::optional<_Tp>[m[K’
[1.948s]    87 |             } else if (distancia [0] < [01;36m[K0.1[m[K) {
[1.948s]       |                                        [01;36m[K^~~[m[K
[1.948s] In file included from [01m[K/opt/ros/humble/include/rclcpp/rclcpp/client.hpp:23[m[K,
[1.948s]                  from [01m[K/opt/ros/humble/include/rclcpp/rclcpp/callback_group.hpp:24[m[K,
[1.948s]                  from [01m[K/opt/ros/humble/include/rclcpp/rclcpp/any_executable.hpp:20[m[K,
[1.948s]                  from [01m[K/opt/ros/humble/include/rclcpp/rclcpp/memory_strategy.hpp:25[m[K,
[1.948s]                  from [01m[K/opt/ros/humble/include/rclcpp/rclcpp/memory_strategies.hpp:18[m[K,
[1.948s]                  from [01m[K/opt/ros/humble/include/rclcpp/rclcpp/executor_options.hpp:20[m[K,
[1.948s]                  from [01m[K/opt/ros/humble/include/rclcpp/rclcpp/executor.hpp:37[m[K,
[1.948s]                  from [01m[K/opt/ros/humble/include/rclcpp/rclcpp/executors/multi_threaded_executor.hpp:25[m[K,
[1.948s]                  from [01m[K/opt/ros/humble/include/rclcpp/rclcpp/executors.hpp:21[m[K,
[1.948s]                  from [01m[K/opt/ros/humble/include/rclcpp/rclcpp/rclcpp.hpp:155[m[K,
[1.948s]                  from [01m[K/home/alves/ros2_ws/src/robot_ras_decision/src/manager.cpp:8[m[K:
[1.948s] [01m[K/usr/include/c++/11/optional:1136:5:[m[K [01;36m[Knote: [m[Kcandidate: ‘[01m[Ktemplate<class _Tp> constexpr bool std::operator<(std::nullopt_t, const std::optional<_Tp>&)[m[K’
[1.948s]  1136 |     [01;36m[Koperator[m[K<(nullopt_t, const optional<_Tp>& __rhs) noexcept
[1.948s]       |     [01;36m[K^~~~~~~~[m[K
[1.948s] [01m[K/usr/include/c++/11/optional:1136:5:[m[K [01;36m[Knote: [m[K  template argument deduction/substitution failed:
[1.948s] [01m[K/home/alves/ros2_ws/src/robot_ras_decision/src/manager.cpp:87:40:[m[K [01;36m[Knote: [m[K  mismatched types ‘[01m[Kconst std::optional<_Tp>[m[K’ and ‘[01m[Kdouble[m[K’
[1.948s]    87 |             } else if (distancia [0] < [01;36m[K0.1[m[K) {
[1.948s]       |                                        [01;36m[K^~~[m[K
[1.948s] In file included from [01m[K/opt/ros/humble/include/rclcpp/rclcpp/client.hpp:23[m[K,
[1.948s]                  from [01m[K/opt/ros/humble/include/rclcpp/rclcpp/callback_group.hpp:24[m[K,
[1.948s]                  from [01m[K/opt/ros/humble/include/rclcpp/rclcpp/any_executable.hpp:20[m[K,
[1.948s]                  from [01m[K/opt/ros/humble/include/rclcpp/rclcpp/memory_strategy.hpp:25[m[K,
[1.948s]                  from [01m[K/opt/ros/humble/include/rclcpp/rclcpp/memory_strategies.hpp:18[m[K,
[1.949s]                  from [01m[K/opt/ros/humble/include/rclcpp/rclcpp/executor_options.hpp:20[m[K,
[1.949s]                  from [01m[K/opt/ros/humble/include/rclcpp/rclcpp/executor.hpp:37[m[K,
[1.949s]                  from [01m[K/opt/ros/humble/include/rclcpp/rclcpp/executors/multi_threaded_executor.hpp:25[m[K,
[1.949s]                  from [01m[K/opt/ros/humble/include/rclcpp/rclcpp/executors.hpp:21[m[K,
[1.949s]                  from [01m[K/opt/ros/humble/include/rclcpp/rclcpp/rclcpp.hpp:155[m[K,
[1.949s]                  from [01m[K/home/alves/ros2_ws/src/robot_ras_decision/src/manager.cpp:8[m[K:
[1.949s] [01m[K/usr/include/c++/11/optional:1197:5:[m[K [01;36m[Knote: [m[Kcandidate: ‘[01m[Ktemplate<class _Tp, class _Up> constexpr std::__optional_lt_t<_Tp, _Up> std::operator<(const std::optional<_Tp>&, const _Up&)[m[K’
[1.949s]  1197 |     [01;36m[Koperator[m[K<(const optional<_Tp>& __lhs, const _Up& __rhs)
[1.949s]       |     [01;36m[K^~~~~~~~[m[K
[1.949s] [01m[K/usr/include/c++/11/optional:1197:5:[m[K [01;36m[Knote: [m[K  template argument deduction/substitution failed:
[1.949s] [01m[K/home/alves/ros2_ws/src/robot_ras_decision/src/manager.cpp:87:40:[m[K [01;36m[Knote: [m[K  ‘[01m[Ksensor_msgs::msg::Range[m[K’ {aka ‘[01m[Ksensor_msgs::msg::Range_<std::allocator<void> >[m[K’} is not derived from ‘[01m[Kconst std::optional<_Tp>[m[K’
[1.949s]    87 |             } else if (distancia [0] < [01;36m[K0.1[m[K) {
[1.949s]       |                                        [01;36m[K^~~[m[K
[1.949s] In file included from [01m[K/opt/ros/humble/include/rclcpp/rclcpp/client.hpp:23[m[K,
[1.949s]                  from [01m[K/opt/ros/humble/include/rclcpp/rclcpp/callback_group.hpp:24[m[K,
[1.949s]                  from [01m[K/opt/ros/humble/include/rclcpp/rclcpp/any_executable.hpp:20[m[K,
[1.949s]                  from [01m[K/opt/ros/humble/include/rclcpp/rclcpp/memory_strategy.hpp:25[m[K,
[1.949s]                  from [01m[K/opt/ros/humble/include/rclcpp/rclcpp/memory_strategies.hpp:18[m[K,
[1.949s]                  from [01m[K/opt/ros/humble/include/rclcpp/rclcpp/executor_options.hpp:20[m[K,
[1.949s]                  from [01m[K/opt/ros/humble/include/rclcpp/rclcpp/executor.hpp:37[m[K,
[1.949s]                  from [01m[K/opt/ros/humble/include/rclcpp/rclcpp/executors/multi_threaded_executor.hpp:25[m[K,
[1.949s]                  from [01m[K/opt/ros/humble/include/rclcpp/rclcpp/executors.hpp:21[m[K,
[1.949s]                  from [01m[K/opt/ros/humble/include/rclcpp/rclcpp/rclcpp.hpp:155[m[K,
[1.949s]                  from [01m[K/home/alves/ros2_ws/src/robot_ras_decision/src/manager.cpp:8[m[K:
[1.949s] [01m[K/usr/include/c++/11/optional:1203:5:[m[K [01;36m[Knote: [m[Kcandidate: ‘[01m[Ktemplate<class _Tp, class _Up> constexpr std::__optional_lt_t<_Up, _Tp> std::operator<(const _Up&, const std::optional<_Tp>&)[m[K’
[1.949s]  1203 |     [01;36m[Koperator[m[K<(const _Up& __lhs, const optional<_Tp>& __rhs)
[1.949s]       |     [01;36m[K^~~~~~~~[m[K
[1.949s] [01m[K/usr/include/c++/11/optional:1203:5:[m[K [01;36m[Knote: [m[K  template argument deduction/substitution failed:
[1.949s] [01m[K/home/alves/ros2_ws/src/robot_ras_decision/src/manager.cpp:87:40:[m[K [01;36m[Knote: [m[K  mismatched types ‘[01m[Kconst std::optional<_Tp>[m[K’ and ‘[01m[Kdouble[m[K’
[1.949s]    87 |             } else if (distancia [0] < [01;36m[K0.1[m[K) {
[1.949s]       |                                        [01;36m[K^~~[m[K
[1.949s] In file included from [01m[K/opt/ros/humble/include/rclcpp/rclcpp/client.hpp:28[m[K,
[1.949s]                  from [01m[K/opt/ros/humble/include/rclcpp/rclcpp/callback_group.hpp:24[m[K,
[1.949s]                  from [01m[K/opt/ros/humble/include/rclcpp/rclcpp/any_executable.hpp:20[m[K,
[1.949s]                  from [01m[K/opt/ros/humble/include/rclcpp/rclcpp/memory_strategy.hpp:25[m[K,
[1.950s]                  from [01m[K/opt/ros/humble/include/rclcpp/rclcpp/memory_strategies.hpp:18[m[K,
[1.950s]                  from [01m[K/opt/ros/humble/include/rclcpp/rclcpp/executor_options.hpp:20[m[K,
[1.950s]                  from [01m[K/opt/ros/humble/include/rclcpp/rclcpp/executor.hpp:37[m[K,
[1.950s]                  from [01m[K/opt/ros/humble/include/rclcpp/rclcpp/executors/multi_threaded_executor.hpp:25[m[K,
[1.950s]                  from [01m[K/opt/ros/humble/include/rclcpp/rclcpp/executors.hpp:21[m[K,
[1.950s]                  from [01m[K/opt/ros/humble/include/rclcpp/rclcpp/rclcpp.hpp:155[m[K,
[1.950s]                  from [01m[K/home/alves/ros2_ws/src/robot_ras_decision/src/manager.cpp:8[m[K:
[1.950s] [01m[K/usr/include/c++/11/variant:1230:3:[m[K [01;36m[Knote: [m[Kcandidate: ‘[01m[Ktemplate<class ... _Types> constexpr bool std::operator<(const std::variant<_Types ...>&, const std::variant<_Types ...>&)[m[K’
[1.950s]  1230 |   [01;36m[K_VARIANT_RELATION_FUNCTION_TEMPLATE[m[K(<, less)
[1.950s]       |   [01;36m[K^~~~~~~~~~~~~~~~~~~~~~~~~~~~~~~~~~~[m[K
[1.950s] [01m[K/usr/include/c++/11/variant:1230:3:[m[K [01;36m[Knote: [m[K  template argument deduction/substitution failed:
[1.950s] [01m[K/home/alves/ros2_ws/src/robot_ras_decision/src/manager.cpp:87:40:[m[K [01;36m[Knote: [m[K  ‘[01m[Ksensor_msgs::msg::Range[m[K’ {aka ‘[01m[Ksensor_msgs::msg::Range_<std::allocator<void> >[m[K’} is not derived from ‘[01m[Kconst std::variant<_Types ...>[m[K’
[1.950s]    87 |             } else if (distancia [0] < [01;36m[K0.1[m[K) {
[1.950s]       |                                        [01;36m[K^~~[m[K
[1.950s] In file included from [01m[K/usr/include/c++/11/mutex:42[m[K,
[1.950s]                  from [01m[K/usr/include/c++/11/future:38[m[K,
[1.950s]                  from [01m[K/opt/ros/humble/include/rclcpp/rclcpp/executors.hpp:18[m[K,
[1.950s]                  from [01m[K/opt/ros/humble/include/rclcpp/rclcpp/rclcpp.hpp:155[m[K,
[1.950s]                  from [01m[K/home/alves/ros2_ws/src/robot_ras_decision/src/manager.cpp:8[m[K:
[1.950s] [01m[K/usr/include/c++/11/system_error:269:3:[m[K [01;36m[Knote: [m[Kcandidate: ‘[01m[Kbool std::operator<(const std::error_code&, const std::error_code&)[m[K’
[1.950s]   269 |   [01;36m[Koperator[m[K<(const error_code& __lhs, const error_code& __rhs) noexcept
[1.950s]       |   [01;36m[K^~~~~~~~[m[K
[1.950s] [01m[K/usr/include/c++/11/system_error:269:31:[m[K [01;36m[Knote: [m[K  no known conversion for argument 1 from ‘[01m[Ksensor_msgs::msg::Range[m[K’ {aka ‘[01m[Ksensor_msgs::msg::Range_<std::allocator<void> >[m[K’} to ‘[01m[Kconst std::error_code&[m[K’
[1.950s]   269 |   operator<([01;36m[Kconst error_code& __lhs[m[K, const error_code& __rhs) noexcept
[1.950s]       |             [01;36m[K~~~~~~~~~~~~~~~~~~^~~~~[m[K
[1.950s] [01m[K/usr/include/c++/11/system_error:398:3:[m[K [01;36m[Knote: [m[Kcandidate: ‘[01m[Kbool std::operator<(const std::error_condition&, const std::error_condition&)[m[K’
[1.950s]   398 |   [01;36m[Koperator[m[K<(const error_condition& __lhs,
[1.950s]       |   [01;36m[K^~~~~~~~[m[K
[1.950s] [01m[K/usr/include/c++/11/system_error:398:36:[m[K [01;36m[Knote: [m[K  no known conversion for argument 1 from ‘[01m[Ksensor_msgs::msg::Range[m[K’ {aka ‘[01m[Ksensor_msgs::msg::Range_<std::allocator<void> >[m[K’} to ‘[01m[Kconst std::error_condition&[m[K’
[1.950s]   398 |   operator<([01;36m[Kconst error_condition& __lhs[m[K,
[1.950s]       |             [01;36m[K~~~~~~~~~~~~~~~~~~~~~~~^~~~~[m[K
[1.950s] In file included from [01m[K/opt/ros/humble/include/rclcpp/rclcpp/executors/multi_threaded_executor.hpp:22[m[K,
[1.950s]                  from [01m[K/opt/ros/humble/include/rclcpp/rclcpp/executors.hpp:21[m[K,
[1.950s]                  from [01m[K/opt/ros/humble/include/rclcpp/rclcpp/rclcpp.hpp:155[m[K,
[1.950s]                  from [01m[K/home/alves/ros2_ws/src/robot_ras_decision/src/manager.cpp:8[m[K:
[1.950s] [01m[K/usr/include/c++/11/thread:70:3:[m[K [01;36m[Knote: [m[Kcandidate: ‘[01m[Kbool std::operator<(std::thread::id, std::thread::id)[m[K’
[1.951s]    70 |   [01;36m[Koperator[m[K<(thread::id __x, thread::id __y) noexcept
[1.951s]       |   [01;36m[K^~~~~~~~[m[K
[1.951s] [01m[K/usr/include/c++/11/thread:70:24:[m[K [01;36m[Knote: [m[K  no known conversion for argument 1 from ‘[01m[Ksensor_msgs::msg::Range[m[K’ {aka ‘[01m[Ksensor_msgs::msg::Range_<std::allocator<void> >[m[K’} to ‘[01m[Kstd::thread::id[m[K’
[1.951s]    70 |   operator<([01;36m[Kthread::id __x[m[K, thread::id __y) noexcept
[1.951s]       |             [01;36m[K~~~~~~~~~~~^~~[m[K
[1.951s] In file included from [01m[K/opt/ros/humble/include/rclcpp/rclcpp/client.hpp:28[m[K,
[1.951s]                  from [01m[K/opt/ros/humble/include/rclcpp/rclcpp/callback_group.hpp:24[m[K,
[1.951s]                  from [01m[K/opt/ros/humble/include/rclcpp/rclcpp/any_executable.hpp:20[m[K,
[1.951s]                  from [01m[K/opt/ros/humble/include/rclcpp/rclcpp/memory_strategy.hpp:25[m[K,
[1.951s]                  from [01m[K/opt/ros/humble/include/rclcpp/rclcpp/memory_strategies.hpp:18[m[K,
[1.951s]                  from [01m[K/opt/ros/humble/include/rclcpp/rclcpp/executor_options.hpp:20[m[K,
[1.951s]                  from [01m[K/opt/ros/humble/include/rclcpp/rclcpp/executor.hpp:37[m[K,
[1.951s]                  from [01m[K/opt/ros/humble/include/rclcpp/rclcpp/executors/multi_threaded_executor.hpp:25[m[K,
[1.951s]                  from [01m[K/opt/ros/humble/include/rclcpp/rclcpp/executors.hpp:21[m[K,
[1.951s]                  from [01m[K/opt/ros/humble/include/rclcpp/rclcpp/rclcpp.hpp:155[m[K,
[1.951s]                  from [01m[K/home/alves/ros2_ws/src/robot_ras_decision/src/manager.cpp:8[m[K:
[1.951s] [01m[K/usr/include/c++/11/variant:1272:18:[m[K [01;36m[Knote: [m[Kcandidate: ‘[01m[Kconstexpr bool std::operator<(std::monostate, std::monostate)[m[K’
[1.951s]  1272 |   constexpr bool [01;36m[Koperator[m[K<(monostate, monostate) noexcept { return false; }
[1.951s]       |                  [01;36m[K^~~~~~~~[m[K
[1.951s] [01m[K/usr/include/c++/11/variant:1272:28:[m[K [01;36m[Knote: [m[K  no known conversion for argument 1 from ‘[01m[Ksensor_msgs::msg::Range[m[K’ {aka ‘[01m[Ksensor_msgs::msg::Range_<std::allocator<void> >[m[K’} to ‘[01m[Kstd::monostate[m[K’
[1.951s]  1272 |   constexpr bool operator<([01;36m[Kmonostate[m[K, monostate) noexcept { return false; }
[1.951s]       |                            [01;36m[K^~~~~~~~~[m[K
[3.887s] gmake[2]: *** [CMakeFiles/Manager.dir/build.make:76: CMakeFiles/Manager.dir/src/manager.cpp.o] Error 1
[3.887s] gmake[1]: *** [CMakeFiles/Makefile2:165: CMakeFiles/Manager.dir/all] Error 2
[3.888s] gmake[1]: *** Waiting for unfinished jobs....
[6.454s] [ 75%] [32m[1mLinking CXX executable MovementControl[0m
[6.765s] [ 75%] Built target MovementControl
[6.766s] gmake: *** [Makefile:146: all] Error 2
[6.769s] Invoked command in '/home/alves/ros2_ws/build/robot_ras_decision' returned '2': CMAKE_PREFIX_PATH=${CMAKE_PREFIX_PATH}:/opt/ros/humble /usr/bin/cmake --build /home/alves/ros2_ws/build/robot_ras_decision -- -j16 -l16
