[35m[1mConsolidate compiler generated dependencies of target action_server[0m
[35m[1mConsolidate compiler generated dependencies of target CountServer[0m
[ 25%] [32mBuilding CXX object CMakeFiles/action_server.dir/src/count_server.cpp.o[0m
[ 25%] [32m[1mLinking CXX executable CountClient[0m
[ 50%] Built target count_server
[ 62%] [32mBuilding CXX object CMakeFiles/CountServer.dir/src/count_server.cpp.o[0m
/usr/bin/ld: /usr/lib/gcc/x86_64-linux-gnu/11/../../../x86_64-linux-gnu/Scrt1.o: na função "_start":
(.text+0x1b): referência não definida para "main"
collect2: error: ld returned 1 exit status
gmake[2]: *** [CMakeFiles/CountClient.dir/build.make:177: CountClient] Erro 1
gmake[1]: *** [CMakeFiles/Makefile2:221: CMakeFiles/CountClient.dir/all] Erro 2
gmake[1]: ** Esperando que outros processos terminem.
[01m[K/home/alves/ros2_ws/src/count_action_cpp/src/count_server.cpp:94:69:[m[K [01;31m[Kerror: [m[Kexpected constructor, destructor, or type conversion at end of input
   94 | RCLCPP_COMPONENTS_REGISTER_NODE(count_action_cpp::CountActionServer)
      |                                                                     [01;31m[K^[m[K
[01m[K/home/alves/ros2_ws/src/count_action_cpp/src/count_server.cpp:94:69:[m[K [01;31m[Kerror: [m[Kexpected constructor, destructor, or type conversion at end of input
   94 | RCLCPP_COMPONENTS_REGISTER_NODE(count_action_cpp::CountActionServer)
      |                                                                     [01;31m[K^[m[K
gmake[2]: *** [CMakeFiles/action_server.dir/build.make:76: CMakeFiles/action_server.dir/src/count_server.cpp.o] Erro 1
gmake[1]: *** [CMakeFiles/Makefile2:143: CMakeFiles/action_server.dir/all] Erro 2
gmake[2]: *** [CMakeFiles/CountServer.dir/build.make:76: CMakeFiles/CountServer.dir/src/count_server.cpp.o] Erro 1
gmake[1]: *** [CMakeFiles/Makefile2:195: CMakeFiles/CountServer.dir/all] Erro 2
gmake: *** [Makefile:146: all] Erro 2
