[0.009s] Invoking command in '/home/alves/ros2_ws/build/robot_ras_decision': CMAKE_PREFIX_PATH=/opt/ros/humble /usr/bin/cmake --build /home/alves/ros2_ws/build/robot_ras_decision -- -j16 -l16
[0.053s] [  2%] Built target robot_ras_decision__cpp
[0.059s] [ 11%] Built target robot_ras_decision__rosidl_generator_c
[0.067s] [ 11%] Built target ament_cmake_python_symlink_robot_ras_decision
[0.091s] [ 20%] Built target robot_ras_decision__rosidl_typesupport_introspection_cpp
[0.092s] [ 30%] Built target robot_ras_decision__rosidl_typesupport_cpp
[0.094s] [ 46%] Built target robot_ras_decision__rosidl_typesupport_introspection_c
[0.094s] [ 48%] Built target robot_ras_decision__rosidl_typesupport_fastrtps_cpp
[0.097s] [ 58%] Built target robot_ras_decision__rosidl_typesupport_c
[0.102s] [ 67%] Built target robot_ras_decision__rosidl_typesupport_fastrtps_c
[0.120s] [ 67%] Built target robot_ras_decision
[0.130s] [35m[1mConsolidate compiler generated dependencies of target MotorControllerNode[0m
[0.139s] [ 69%] Built target robot_ras_decision__py
[0.142s] [ 74%] Built target DecisionNode
[0.143s] [ 76%] [32mBuilding CXX object CMakeFiles/MotorControllerNode.dir/src/motor_controller_node.cpp.o[0m
[0.158s] [ 83%] Built target robot_ras_decision__rosidl_generator_py
[0.175s] [ 90%] Built target robot_ras_decision__rosidl_typesupport_fastrtps_c__pyext
[0.175s] [ 93%] Built target robot_ras_decision__rosidl_typesupport_c__pyext
[0.175s] [ 97%] Built target robot_ras_decision__rosidl_typesupport_introspection_c__pyext
[0.247s] running egg_info
[0.247s] writing robot_ras_decision.egg-info/PKG-INFO
[0.247s] writing dependency_links to robot_ras_decision.egg-info/dependency_links.txt
[0.247s] writing top-level names to robot_ras_decision.egg-info/top_level.txt
[0.249s] reading manifest file 'robot_ras_decision.egg-info/SOURCES.txt'
[0.249s] writing manifest file 'robot_ras_decision.egg-info/SOURCES.txt'
[0.271s] [ 97%] Built target ament_cmake_python_build_robot_ras_decision_egg
[1.849s] In file included from [01m[K/usr/include/c++/11/pstl/glue_algorithm_defs.h:13[m[K,
[1.849s]                  from [01m[K/usr/include/c++/11/algorithm:74[m[K,
[1.849s]                  from [01m[K/opt/ros/humble/include/rclcpp/rclcpp/executor.hpp:18[m[K,
[1.849s]                  from [01m[K/opt/ros/humble/include/rclcpp/rclcpp/executors/multi_threaded_executor.hpp:25[m[K,
[1.849s]                  from [01m[K/opt/ros/humble/include/rclcpp/rclcpp/executors.hpp:21[m[K,
[1.849s]                  from [01m[K/opt/ros/humble/include/rclcpp/rclcpp/rclcpp.hpp:155[m[K,
[1.849s]                  from [01m[K/home/alves/ros2_ws/src/robot_ras_decision/src/motor_controller_node.cpp:6[m[K:
[1.849s] /usr/include/c++/11/functional: In instantiation of ‘[01m[Kstruct std::_Bind_check_arity<void (MotorControllerNode::*)(const robot_ras_decision::msg::Movement_<std::allocator<void> >&), MotorControllerNode*>[m[K’:
[1.849s] [01m[K/usr/include/c++/11/functional:768:12:[m[K   required from ‘[01m[Kstruct std::_Bind_helper<false, void (MotorControllerNode::*)(const robot_ras_decision::msg::Movement_<std::allocator<void> >&), MotorControllerNode*>[m[K’
[1.849s] [01m[K/usr/include/c++/11/functional:789:5:[m[K   required by substitution of ‘[01m[Ktemplate<class _Func, class ... _BoundArgs> typename std::_Bind_helper<std::__is_socketlike<_Func>::value, _Func, _BoundArgs ...>::type std::bind(_Func&&, _BoundArgs&& ...) [with _Func = void (MotorControllerNode::*)(const robot_ras_decision::msg::Movement_<std::allocator<void> >&); _BoundArgs = {MotorControllerNode*}][m[K’
[1.849s] [01m[K/home/alves/ros2_ws/src/robot_ras_decision/src/motor_controller_node.cpp:28:54:[m[K   required from here
[1.849s] [01m[K/usr/include/c++/11/functional:756:21:[m[K [01;31m[Kerror: [m[Kstatic assertion failed: Wrong number of arguments for pointer-to-member
[1.849s]   755 |       static_assert(_Varargs::[01;31m[Kvalue[m[K
[1.849s]       |                               [01;31m[K~~~~~[m[K
[1.849s]   756 | [01;31m[K                    ? sizeof...(_BoundArgs) >= _Arity::value + 1[m[K
[1.849s]       |                     [01;31m[K^~~~~~~~~~~~~~~~~~~~~~~~~~~~~~~~~~~~~~~~~~~~[m[K
[1.849s]   757 | [01;31m[K                    : sizeof...(_BoundArgs) == _Arity::value + 1[m[K,
[1.849s]       |                     [01;31m[K~~~~~~~~~~~~~~~~~~~~~~~~~~~~~~~~~~~~~~~~~~~~[m[K
[1.849s] [01m[K/usr/include/c++/11/functional:756:21:[m[K [01;36m[Knote: [m[K‘[01m[K(false ? (1 >= (((long unsigned int)std::integral_constant<long unsigned int, 1>::value) + 1)) : (1 == (((long unsigned int)std::integral_constant<long unsigned int, 1>::value) + 1)))[m[K’ evaluates to false
[1.851s] [01m[K/home/alves/ros2_ws/src/robot_ras_decision/src/motor_controller_node.cpp:[m[K In constructor ‘[01m[KMotorControllerNode::MotorControllerNode()[m[K’:
[1.851s] [01m[K/home/alves/ros2_ws/src/robot_ras_decision/src/motor_controller_node.cpp:27:41:[m[K [01;31m[Kerror: [m[Kno matching function for call to ‘[01m[KMotorControllerNode::create_wall_timer(std::chrono::milliseconds, std::_Bind_helper<false, void (MotorControllerNode::*)(const robot_ras_decision::msg::Movement_<std::allocator<void> >&), MotorControllerNode*>::type)[m[K’
[1.851s]    27 |         timer_ = [01;31m[Kthis->create_wall_timer([m[K
[1.851s]       |                  [01;31m[K~~~~~~~~~~~~~~~~~~~~~~~^[m[K
[1.851s]    28 | [01;31m[K            std::chrono::milliseconds(100), std::bind(&MotorControllerNode::movement_callback, this))[m[K;
[1.852s]       |             [01;31m[K~~~~~~~~~~~~~~~~~~~~~~~~~~~~~~~~~~~~~~~~~~~~~~~~~~~~~~~~~~~~~~~~~~~~~~~~~~~~~~~~~~~~~~~~~[m[K
[1.852s] In file included from [01m[K/opt/ros/humble/include/rclcpp/rclcpp/executors/single_threaded_executor.hpp:28[m[K,
[1.852s]                  from [01m[K/opt/ros/humble/include/rclcpp/rclcpp/executors.hpp:22[m[K,
[1.852s]                  from [01m[K/opt/ros/humble/include/rclcpp/rclcpp/rclcpp.hpp:155[m[K,
[1.852s]                  from [01m[K/home/alves/ros2_ws/src/robot_ras_decision/src/motor_controller_node.cpp:6[m[K:
[1.852s] [01m[K/opt/ros/humble/include/rclcpp/rclcpp/node.hpp:238:3:[m[K [01;36m[Knote: [m[Kcandidate: ‘[01m[Ktemplate<class DurationRepT, class DurationT, class CallbackT> typename rclcpp::WallTimer<CallbackT>::SharedPtr rclcpp::Node::create_wall_timer(std::chrono::duration<_Rep1, _Period1>, CallbackT, rclcpp::CallbackGroup::SharedPtr)[m[K’
[1.852s]   238 |   [01;36m[Kcreate_wall_timer[m[K(
[1.852s]       |   [01;36m[K^~~~~~~~~~~~~~~~~[m[K
[1.852s] [01m[K/opt/ros/humble/include/rclcpp/rclcpp/node.hpp:238:3:[m[K [01;36m[Knote: [m[K  template argument deduction/substitution failed:
[1.852s] In file included from [01m[K/opt/ros/humble/include/rclcpp/rclcpp/node.hpp:1321[m[K,
[1.852s]                  from [01m[K/opt/ros/humble/include/rclcpp/rclcpp/executors/single_threaded_executor.hpp:28[m[K,
[1.852s]                  from [01m[K/opt/ros/humble/include/rclcpp/rclcpp/executors.hpp:22[m[K,
[1.852s]                  from [01m[K/opt/ros/humble/include/rclcpp/rclcpp/rclcpp.hpp:155[m[K,
[1.852s]                  from [01m[K/home/alves/ros2_ws/src/robot_ras_decision/src/motor_controller_node.cpp:6[m[K:
[1.852s] /opt/ros/humble/include/rclcpp/rclcpp/node_impl.hpp: In substitution of ‘[01m[Ktemplate<class DurationRepT, class DurationT, class CallbackT> typename rclcpp::WallTimer<CallbackT>::SharedPtr rclcpp::Node::create_wall_timer(std::chrono::duration<_Rep1, _Period1>, CallbackT, rclcpp::CallbackGroup::SharedPtr) [with DurationRepT = long int; DurationT = std::ratio<1, 1000>; CallbackT = std::_Bind<void (MotorControllerNode::*(MotorControllerNode*))(const robot_ras_decision::msg::Movement_<std::allocator<void> >&)>][m[K’:
[1.852s] [01m[K/home/alves/ros2_ws/src/robot_ras_decision/src/motor_controller_node.cpp:27:41:[m[K   required from here
[1.852s] [01m[K/opt/ros/humble/include/rclcpp/rclcpp/node_impl.hpp:110:1:[m[K [01;31m[Kerror: [m[Kno type named ‘[01m[Ktype[m[K’ in ‘[01m[Kstruct std::enable_if<false, void>[m[K’
[1.852s]   110 | [01;31m[KNode[m[K::create_wall_timer(
[1.852s]       | [01;31m[K^~~~[m[K
[1.852s] [01m[K/opt/ros/humble/include/rclcpp/rclcpp/node_impl.hpp:110:1:[m[K [01;31m[Kerror: [m[Kno type named ‘[01m[Ktype[m[K’ in ‘[01m[Kstruct std::enable_if<false, void>[m[K’
[1.852s] [01m[K/opt/ros/humble/include/rclcpp/rclcpp/node_impl.hpp:110:1:[m[K [01;36m[Knote: [m[Kinvalid template non-type parameter
[1.857s] [01m[K/home/alves/ros2_ws/src/robot_ras_decision/src/motor_controller_node.cpp:[m[K In member function ‘[01m[Kvoid MotorControllerNode::movement_callback(const Movement&)[m[K’:
[1.857s] [01m[K/home/alves/ros2_ws/src/robot_ras_decision/src/motor_controller_node.cpp:40:15:[m[K [01;35m[Kwarning: [m[Kunused variable ‘[01m[KtempoInicial[m[K’ [[01;35m[K]8;;https://gcc.gnu.org/onlinedocs/gcc/Warning-Options.html#index-Wunused-variable-Wunused-variable]8;;[m[K]
[1.857s]    40 |         float [01;35m[KtempoInicial[m[K = 0;
[1.857s]       |               [01;35m[K^~~~~~~~~~~~[m[K
[1.858s] [01m[K/home/alves/ros2_ws/src/robot_ras_decision/src/motor_controller_node.cpp:[m[K In member function ‘[01m[Kvoid MotorControllerNode::setVelocity(const std::shared_ptr<robot_ras_decision::srv::SetVelocity_Request_<std::allocator<void> > >&, std::shared_ptr<robot_ras_decision::srv::SetVelocity_Response_<std::allocator<void> > >&)[m[K’:
[1.858s] [01m[K/home/alves/ros2_ws/src/robot_ras_decision/src/motor_controller_node.cpp:78:83:[m[K [01;35m[Kwarning: [m[Kunused parameter ‘[01m[Kresponse[m[K’ [[01;35m[K]8;;https://gcc.gnu.org/onlinedocs/gcc/Warning-Options.html#index-Wunused-parameter-Wunused-parameter]8;;[m[K]
[1.858s]    78 |             [01;35m[Kstd::shared_ptr<robot_ras_decision::srv::SetVelocity::Response>      &response[m[K) {
[1.858s]       |             [01;35m[K~~~~~~~~~~~~~~~~~~~~~~~~~~~~~~~~~~~~~~~~~~~~~~~~~~~~~~~~~~~~~~~~~~~~~~^~~~~~~~[m[K
[2.092s] In file included from [01m[K/opt/ros/humble/include/rclcpp/rclcpp/service.hpp:36[m[K,
[2.092s]                  from [01m[K/opt/ros/humble/include/rclcpp/rclcpp/callback_group.hpp:28[m[K,
[2.092s]                  from [01m[K/opt/ros/humble/include/rclcpp/rclcpp/any_executable.hpp:20[m[K,
[2.092s]                  from [01m[K/opt/ros/humble/include/rclcpp/rclcpp/memory_strategy.hpp:25[m[K,
[2.092s]                  from [01m[K/opt/ros/humble/include/rclcpp/rclcpp/memory_strategies.hpp:18[m[K,
[2.092s]                  from [01m[K/opt/ros/humble/include/rclcpp/rclcpp/executor_options.hpp:20[m[K,
[2.092s]                  from [01m[K/opt/ros/humble/include/rclcpp/rclcpp/executor.hpp:37[m[K,
[2.092s]                  from [01m[K/opt/ros/humble/include/rclcpp/rclcpp/executors/multi_threaded_executor.hpp:25[m[K,
[2.092s]                  from [01m[K/opt/ros/humble/include/rclcpp/rclcpp/executors.hpp:21[m[K,
[2.092s]                  from [01m[K/opt/ros/humble/include/rclcpp/rclcpp/rclcpp.hpp:155[m[K,
[2.093s]                  from [01m[K/home/alves/ros2_ws/src/robot_ras_decision/src/motor_controller_node.cpp:6[m[K:
[2.093s] /opt/ros/humble/include/rclcpp/rclcpp/any_service_callback.hpp: In instantiation of ‘[01m[Kvoid rclcpp::AnyServiceCallback<ServiceT>::set(CallbackT&&) [with CallbackT = std::_Bind<void (MotorControllerNode::*(MotorControllerNode*, std::_Placeholder<1>, std::_Placeholder<2>))(const std::shared_ptr<robot_ras_decision::srv::SetVelocity_Request_<std::allocator<void> > >&, std::shared_ptr<robot_ras_decision::srv::SetVelocity_Response_<std::allocator<void> > >&)>; typename std::enable_if<(! rclcpp::detail::can_be_nullptr<CallbackT>::value), int>::type <anonymous> = 0; ServiceT = robot_ras_decision::srv::SetVelocity][m[K’:
[2.093s] [01m[K/opt/ros/humble/include/rclcpp/rclcpp/create_service.hpp:43:27:[m[K   required from ‘[01m[Ktypename rclcpp::Service<ServiceT>::SharedPtr rclcpp::create_service(std::shared_ptr<rclcpp::node_interfaces::NodeBaseInterface>, std::shared_ptr<rclcpp::node_interfaces::NodeServicesInterface>, const string&, CallbackT&&, const rmw_qos_profile_t&, rclcpp::CallbackGroup::SharedPtr) [with ServiceT = robot_ras_decision::srv::SetVelocity; CallbackT = std::_Bind<void (MotorControllerNode::*(MotorControllerNode*, std::_Placeholder<1>, std::_Placeholder<2>))(const std::shared_ptr<robot_ras_decision::srv::SetVelocity_Request_<std::allocator<void> > >&, std::shared_ptr<robot_ras_decision::srv::SetVelocity_Response_<std::allocator<void> > >&)>; typename rclcpp::Service<ServiceT>::SharedPtr = std::shared_ptr<rclcpp::Service<robot_ras_decision::srv::SetVelocity> >; std::string = std::__cxx11::basic_string<char>; rmw_qos_profile_t = rmw_qos_profile_s; rclcpp::CallbackGroup::SharedPtr = std::shared_ptr<rclcpp::CallbackGroup>][m[K’
[2.093s] [01m[K/opt/ros/humble/include/rclcpp/rclcpp/node_impl.hpp:147:53:[m[K   required from ‘[01m[Ktypename rclcpp::Service<ServiceT>::SharedPtr rclcpp::Node::create_service(const string&, CallbackT&&, const rmw_qos_profile_t&, rclcpp::CallbackGroup::SharedPtr) [with ServiceT = robot_ras_decision::srv::SetVelocity; CallbackT = std::_Bind<void (MotorControllerNode::*(MotorControllerNode*, std::_Placeholder<1>, std::_Placeholder<2>))(const std::shared_ptr<robot_ras_decision::srv::SetVelocity_Request_<std::allocator<void> > >&, std::shared_ptr<robot_ras_decision::srv::SetVelocity_Response_<std::allocator<void> > >&)>; typename rclcpp::Service<ServiceT>::SharedPtr = std::shared_ptr<rclcpp::Service<robot_ras_decision::srv::SetVelocity> >; std::string = std::__cxx11::basic_string<char>; rmw_qos_profile_t = rmw_qos_profile_s; rclcpp::CallbackGroup::SharedPtr = std::shared_ptr<rclcpp::CallbackGroup>][m[K’
[2.093s] [01m[K/home/alves/ros2_ws/src/robot_ras_decision/src/motor_controller_node.cpp:30:83:[m[K   required from here
[2.093s] [01m[K/opt/ros/humble/include/rclcpp/rclcpp/any_service_callback.hpp:103:17:[m[K [01;31m[Kerror: [m[Kno match for ‘[01m[Koperator=[m[K’ (operand types are ‘[01m[Kstd::variant<std::monostate, std::function<void(std::shared_ptr<robot_ras_decision::srv::SetVelocity_Request_<std::allocator<void> > >, std::shared_ptr<robot_ras_decision::srv::SetVelocity_Response_<std::allocator<void> > >)>, std::function<void(std::shared_ptr<rmw_request_id_s>, std::shared_ptr<robot_ras_decision::srv::SetVelocity_Request_<std::allocator<void> > >, std::shared_ptr<robot_ras_decision::srv::SetVelocity_Response_<std::allocator<void> > >)>, std::function<void(std::shared_ptr<rmw_request_id_s>, std::shared_ptr<robot_ras_decision::srv::SetVelocity_Request_<std::allocator<void> > >)>, std::function<void(std::shared_ptr<rclcpp::Service<robot_ras_decision::srv::SetVelocity> >, std::shared_ptr<rmw_request_id_s>, std::shared_ptr<robot_ras_decision::srv::SetVelocity_Request_<std::allocator<void> > >)> >[m[K’ and ‘[01m[Kstd::_Bind<void (MotorControllerNode::*(MotorControllerNode*, std::_Placeholder<1>, std::_Placeholder<2>))(const std::shared_ptr<robot_ras_decision::srv::SetVelocity_Request_<std::allocator<void> > >&, std::shared_ptr<robot_ras_decision::srv::SetVelocity_Response_<std::allocator<void> > >&)>[m[K’)
[2.093s]   103 |       [01;31m[Kcallback_ = std::forward<CallbackT>(callback)[m[K;
[2.093s]       |       [01;31m[K~~~~~~~~~~^~~~~~~~~~~~~~~~~~~~~~~~~~~~~~~~~~~[m[K
[2.093s] In file included from [01m[K/opt/ros/humble/include/rclcpp/rclcpp/client.hpp:28[m[K,
[2.093s]                  from [01m[K/opt/ros/humble/include/rclcpp/rclcpp/callback_group.hpp:24[m[K,
[2.093s]                  from [01m[K/opt/ros/humble/include/rclcpp/rclcpp/any_executable.hpp:20[m[K,
[2.093s]                  from [01m[K/opt/ros/humble/include/rclcpp/rclcpp/memory_strategy.hpp:25[m[K,
[2.093s]                  from [01m[K/opt/ros/humble/include/rclcpp/rclcpp/memory_strategies.hpp:18[m[K,
[2.093s]                  from [01m[K/opt/ros/humble/include/rclcpp/rclcpp/executor_options.hpp:20[m[K,
[2.093s]                  from [01m[K/opt/ros/humble/include/rclcpp/rclcpp/executor.hpp:37[m[K,
[2.093s]                  from [01m[K/opt/ros/humble/include/rclcpp/rclcpp/executors/multi_threaded_executor.hpp:25[m[K,
[2.093s]                  from [01m[K/opt/ros/humble/include/rclcpp/rclcpp/executors.hpp:21[m[K,
[2.093s]                  from [01m[K/opt/ros/humble/include/rclcpp/rclcpp/rclcpp.hpp:155[m[K,
[2.093s]                  from [01m[K/home/alves/ros2_ws/src/robot_ras_decision/src/motor_controller_node.cpp:6[m[K:
[2.093s] [01m[K/usr/include/c++/11/variant:1461:9:[m[K [01;36m[Knote: [m[Kcandidate: ‘[01m[Ktemplate<class _Tp> std::enable_if_t<((__exactly_once<std::variant<_Types>::__accepted_type<_Tp&&, typename std::enable_if<__not_self<_Tp&&>, void>::type> > && is_constructible_v<std::variant<_Types>::__accepted_type<_Tp&&, typename std::enable_if<__not_self<_Tp&&>, void>::type>, _Tp>) && is_assignable_v<std::variant<_Types>::__accepted_type<_Tp&&, typename std::enable_if<__not_self<_Tp&&>, void>::type>&, _Tp>), std::variant<_Types>&> std::variant<_Types>::operator=(_Tp&&) [with _Tp = _Tp; _Types = {std::monostate, std::function<void(std::shared_ptr<robot_ras_decision::srv::SetVelocity_Request_<std::allocator<void> > >, std::shared_ptr<robot_ras_decision::srv::SetVelocity_Response_<std::allocator<void> > >)>, std::function<void(std::shared_ptr<rmw_request_id_s>, std::shared_ptr<robot_ras_decision::srv::SetVelocity_Request_<std::allocator<void> > >, std::shared_ptr<robot_ras_decision::srv::SetVelocity_Response_<std::allocator<void> > >)>, std::function<void(std::shared_ptr<rmw_request_id_s>, std::shared_ptr<robot_ras_decision::srv::SetVelocity_Request_<std::allocator<void> > >)>, std::function<void(std::shared_ptr<rclcpp::Service<robot_ras_decision::srv::SetVelocity> >, std::shared_ptr<rmw_request_id_s>, std::shared_ptr<robot_ras_decision::srv::SetVelocity_Request_<std::allocator<void> > >)>}][m[K’
[2.093s]  1461 |         [01;36m[Koperator[m[K=(_Tp&& __rhs)
[2.093s]       |         [01;36m[K^~~~~~~~[m[K
[2.093s] [01m[K/usr/include/c++/11/variant:1461:9:[m[K [01;36m[Knote: [m[K  template argument deduction/substitution failed:
[2.093s] /usr/include/c++/11/variant: In substitution of ‘[01m[Ktemplate<class ... _Types> template<class _Tp, class> using __accepted_type = std::variant<_Types>::__to_type<__accepted_index<_Tp> > [with _Tp = std::_Bind<void (MotorControllerNode::*(MotorControllerNode*, std::_Placeholder<1>, std::_Placeholder<2>))(const std::shared_ptr<robot_ras_decision::srv::SetVelocity_Request_<std::allocator<void> > >&, std::shared_ptr<robot_ras_decision::srv::SetVelocity_Response_<std::allocator<void> > >&)>&&; <template-parameter-2-2> = void; _Types = {std::monostate, std::function<void(std::shared_ptr<robot_ras_decision::srv::SetVelocity_Request_<std::allocator<void> > >, std::shared_ptr<robot_ras_decision::srv::SetVelocity_Response_<std::allocator<void> > >)>, std::function<void(std::shared_ptr<rmw_request_id_s>, std::shared_ptr<robot_ras_decision::srv::SetVelocity_Request_<std::allocator<void> > >, std::shared_ptr<robot_ras_decision::srv::SetVelocity_Response_<std::allocator<void> > >)>, std::function<void(std::shared_ptr<rmw_request_id_s>, std::shared_ptr<robot_ras_decision::srv::SetVelocity_Request_<std::allocator<void> > >)>, std::function<void(std::shared_ptr<rclcpp::Service<robot_ras_decision::srv::SetVelocity> >, std::shared_ptr<rmw_request_id_s>, std::shared_ptr<robot_ras_decision::srv::SetVelocity_Request_<std::allocator<void> > >)>}][m[K’:
[2.093s] [01m[K/usr/include/c++/11/variant:1457:14:[m[K   required by substitution of ‘[01m[Ktemplate<class _Tp> std::enable_if_t<((__exactly_once<std::variant<std::monostate, std::function<void(std::shared_ptr<robot_ras_decision::srv::SetVelocity_Request_<std::allocator<void> > >, std::shared_ptr<robot_ras_decision::srv::SetVelocity_Response_<std::allocator<void> > >)>, std::function<void(std::shared_ptr<rmw_request_id_s>, std::shared_ptr<robot_ras_decision::srv::SetVelocity_Request_<std::allocator<void> > >, std::shared_ptr<robot_ras_decision::srv::SetVelocity_Response_<std::allocator<void> > >)>, std::function<void(std::shared_ptr<rmw_request_id_s>, std::shared_ptr<robot_ras_decision::srv::SetVelocity_Request_<std::allocator<void> > >)>, std::function<void(std::shared_ptr<rclcpp::Service<robot_ras_decision::srv::SetVelocity> >, std::shared_ptr<rmw_request_id_s>, std::shared_ptr<robot_ras_decision::srv::SetVelocity_Request_<std::allocator<void> > >)> >::__accepted_type<_Tp&&, typename std::enable_if<__not_self<_Tp&&>, void>::type> > && is_constructible_v<std::variant<std::monostate, std::function<void(std::shared_ptr<robot_ras_decision::srv::SetVelocity_Request_<std::allocator<void> > >, std::shared_ptr<robot_ras_decision::srv::SetVelocity_Response_<std::allocator<void> > >)>, std::function<void(std::shared_ptr<rmw_request_id_s>, std::shared_ptr<robot_ras_decision::srv::SetVelocity_Request_<std::allocator<void> > >, std::shared_ptr<robot_ras_decision::srv::SetVelocity_Response_<std::allocator<void> > >)>, std::function<void(std::shared_ptr<rmw_request_id_s>, std::shared_ptr<robot_ras_decision::srv::SetVelocity_Request_<std::allocator<void> > >)>, std::function<void(std::shared_ptr<rclcpp::Service<robot_ras_decision::srv::SetVelocity> >, std::shared_ptr<rmw_request_id_s>, std::shared_ptr<robot_ras_decision::srv::SetVelocity_Request_<std::allocator<void> > >)> >::__accepted_type<_Tp&&, typename std::enable_if<__not_self<_Tp&&>, void>::type>, _Tp>) && is_assignable_v<std::variant<std::monostate, std::function<void(std::shared_ptr<robot_ras_decision::srv::SetVelocity_Request_<std::allocator<void> > >, std::shared_ptr<robot_ras_decision::srv::SetVelocity_Response_<std::allocator<void> > >)>, std::function<void(std::shared_ptr<rmw_request_id_s>, std::shared_ptr<robot_ras_decision::srv::SetVelocity_Request_<std::allocator<void> > >, std::shared_ptr<robot_ras_decision::srv::SetVelocity_Response_<std::allocator<void> > >)>, std::function<void(std::shared_ptr<rmw_request_id_s>, std::shared_ptr<robot_ras_decision::srv::SetVelocity_Request_<std::allocator<void> > >)>, std::function<void(std::shared_ptr<rclcpp::Service<robot_ras_decision::srv::SetVelocity> >, std::shared_ptr<rmw_request_id_s>, std::shared_ptr<robot_ras_decision::srv::SetVelocity_Request_<std::allocator<void> > >)> >::__accepted_type<_Tp&&, typename std::enable_if<__not_self<_Tp&&>, void>::type>&, _Tp>), std::variant<std::monostate, std::function<void(std::shared_ptr<robot_ras_decision::srv::SetVelocity_Request_<std::allocator<void> > >, std::shared_ptr<robot_ras_decision::srv::SetVelocity_Response_<std::allocator<void> > >)>, std::function<void(std::shared_ptr<rmw_request_id_s>, std::shared_ptr<robot_ras_decision::srv::SetVelocity_Request_<std::allocator<void> > >, std::shared_ptr<robot_ras_decision::srv::SetVelocity_Response_<std::allocator<void> > >)>, std::function<void(std::shared_ptr<rmw_request_id_s>, std::shared_ptr<robot_ras_decision::srv::SetVelocity_Request_<std::allocator<void> > >)>, std::function<void(std::shared_ptr<rclcpp::Service<robot_ras_decision::srv::SetVelocity> >, std::shared_ptr<rmw_request_id_s>, std::shared_ptr<robot_ras_decision::srv::SetVelocity_Request_<std::allocator<void> > >)> >&> std::variant<std::monostate, std::function<void(std::shared_ptr<robot_ras_decision::srv::SetVelocity_Request_<std::allocator<void> > >, std::shared_ptr<robot_ras_decision::srv::SetVelocity_Response_<std::allocator<void> > >)>, std::function<void(std::shared_ptr<rmw_request_id_s>, std::shared_ptr<robot_ras_decision::srv::SetVelocity_Request_<std::allocator<void> > >, std::shared_ptr<robot_ras_decision::srv::SetVelocity_Response_<std::allocator<void> > >)>, std::function<void(std::shared_ptr<rmw_request_id_s>, std::shared_ptr<robot_ras_decision::srv::SetVelocity_Request_<std::allocator<void> > >)>, std::function<void(std::shared_ptr<rclcpp::Service<robot_ras_decision::srv::SetVelocity> >, std::shared_ptr<rmw_request_id_s>, std::shared_ptr<robot_ras_decision::srv::SetVelocity_Request_<std::allocator<void> > >)> >::operator=<_Tp>(_Tp&&) [with _Tp = std::_Bind<void (MotorControllerNode::*(MotorControllerNode*, std::_Placeholder<1>, std::_Placeholder<2>))(const std::shared_ptr<robot_ras_decision::srv::SetVelocity_Request_<std::allocator<void> > >&, std::shared_ptr<robot_ras_decision::srv::SetVelocity_Response_<std::allocator<void> > >&)>][m[K’
[2.093s] [01m[K/opt/ros/humble/include/rclcpp/rclcpp/any_service_callback.hpp:103:17:[m[K   required from ‘[01m[Kvoid rclcpp::AnyServiceCallback<ServiceT>::set(CallbackT&&) [with CallbackT = std::_Bind<void (MotorControllerNode::*(MotorControllerNode*, std::_Placeholder<1>, std::_Placeholder<2>))(const std::shared_ptr<robot_ras_decision::srv::SetVelocity_Request_<std::allocator<void> > >&, std::shared_ptr<robot_ras_decision::srv::SetVelocity_Response_<std::allocator<void> > >&)>; typename std::enable_if<(! rclcpp::detail::can_be_nullptr<CallbackT>::value), int>::type <anonymous> = 0; ServiceT = robot_ras_decision::srv::SetVelocity][m[K’
[2.093s] [01m[K/opt/ros/humble/include/rclcpp/rclcpp/create_service.hpp:43:27:[m[K   required from ‘[01m[Ktypename rclcpp::Service<ServiceT>::SharedPtr rclcpp::create_service(std::shared_ptr<rclcpp::node_interfaces::NodeBaseInterface>, std::shared_ptr<rclcpp::node_interfaces::NodeServicesInterface>, const string&, CallbackT&&, const rmw_qos_profile_t&, rclcpp::CallbackGroup::SharedPtr) [with ServiceT = robot_ras_decision::srv::SetVelocity; CallbackT = std::_Bind<void (MotorControllerNode::*(MotorControllerNode*, std::_Placeholder<1>, std::_Placeholder<2>))(const std::shared_ptr<robot_ras_decision::srv::SetVelocity_Request_<std::allocator<void> > >&, std::shared_ptr<robot_ras_decision::srv::SetVelocity_Response_<std::allocator<void> > >&)>; typename rclcpp::Service<ServiceT>::SharedPtr = std::shared_ptr<rclcpp::Service<robot_ras_decision::srv::SetVelocity> >; std::string = std::__cxx11::basic_string<char>; rmw_qos_profile_t = rmw_qos_profile_s; rclcpp::CallbackGroup::SharedPtr = std::shared_ptr<rclcpp::CallbackGroup>][m[K’
[2.093s] [01m[K/opt/ros/humble/include/rclcpp/rclcpp/node_impl.hpp:147:53:[m[K   required from ‘[01m[Ktypename rclcpp::Service<ServiceT>::SharedPtr rclcpp::Node::create_service(const string&, CallbackT&&, const rmw_qos_profile_t&, rclcpp::CallbackGroup::SharedPtr) [with ServiceT = robot_ras_decision::srv::SetVelocity; CallbackT = std::_Bind<void (MotorControllerNode::*(MotorControllerNode*, std::_Placeholder<1>, std::_Placeholder<2>))(const std::shared_ptr<robot_ras_decision::srv::SetVelocity_Request_<std::allocator<void> > >&, std::shared_ptr<robot_ras_decision::srv::SetVelocity_Response_<std::allocator<void> > >&)>; typename rclcpp::Service<ServiceT>::SharedPtr = std::shared_ptr<rclcpp::Service<robot_ras_decision::srv::SetVelocity> >; std::string = std::__cxx11::basic_string<char>; rmw_qos_profile_t = rmw_qos_profile_s; rclcpp::CallbackGroup::SharedPtr = std::shared_ptr<rclcpp::CallbackGroup>][m[K’
[2.093s] [01m[K/home/alves/ros2_ws/src/robot_ras_decision/src/motor_controller_node.cpp:30:83:[m[K   required from here
[2.093s] [01m[K/usr/include/c++/11/variant:1375:15:[m[K [01;31m[Kerror: [m[Kno type named ‘[01m[Ktype[m[K’ in ‘[01m[Kstruct std::enable_if<false, void>[m[K’
[2.093s]  1375 |         using [01;31m[K__accepted_type[m[K = __to_type<__accepted_index<_Tp>>;
[2.093s]       |               [01;31m[K^~~~~~~~~~~~~~~[m[K
[2.094s] /opt/ros/humble/include/rclcpp/rclcpp/any_service_callback.hpp: In instantiation of ‘[01m[Kvoid rclcpp::AnyServiceCallback<ServiceT>::set(CallbackT&&) [with CallbackT = std::_Bind<void (MotorControllerNode::*(MotorControllerNode*, std::_Placeholder<1>, std::_Placeholder<2>))(const std::shared_ptr<robot_ras_decision::srv::SetVelocity_Request_<std::allocator<void> > >&, std::shared_ptr<robot_ras_decision::srv::SetVelocity_Response_<std::allocator<void> > >&)>; typename std::enable_if<(! rclcpp::detail::can_be_nullptr<CallbackT>::value), int>::type <anonymous> = 0; ServiceT = robot_ras_decision::srv::SetVelocity][m[K’:
[2.094s] [01m[K/opt/ros/humble/include/rclcpp/rclcpp/create_service.hpp:43:27:[m[K   required from ‘[01m[Ktypename rclcpp::Service<ServiceT>::SharedPtr rclcpp::create_service(std::shared_ptr<rclcpp::node_interfaces::NodeBaseInterface>, std::shared_ptr<rclcpp::node_interfaces::NodeServicesInterface>, const string&, CallbackT&&, const rmw_qos_profile_t&, rclcpp::CallbackGroup::SharedPtr) [with ServiceT = robot_ras_decision::srv::SetVelocity; CallbackT = std::_Bind<void (MotorControllerNode::*(MotorControllerNode*, std::_Placeholder<1>, std::_Placeholder<2>))(const std::shared_ptr<robot_ras_decision::srv::SetVelocity_Request_<std::allocator<void> > >&, std::shared_ptr<robot_ras_decision::srv::SetVelocity_Response_<std::allocator<void> > >&)>; typename rclcpp::Service<ServiceT>::SharedPtr = std::shared_ptr<rclcpp::Service<robot_ras_decision::srv::SetVelocity> >; std::string = std::__cxx11::basic_string<char>; rmw_qos_profile_t = rmw_qos_profile_s; rclcpp::CallbackGroup::SharedPtr = std::shared_ptr<rclcpp::CallbackGroup>][m[K’
[2.094s] [01m[K/opt/ros/humble/include/rclcpp/rclcpp/node_impl.hpp:147:53:[m[K   required from ‘[01m[Ktypename rclcpp::Service<ServiceT>::SharedPtr rclcpp::Node::create_service(const string&, CallbackT&&, const rmw_qos_profile_t&, rclcpp::CallbackGroup::SharedPtr) [with ServiceT = robot_ras_decision::srv::SetVelocity; CallbackT = std::_Bind<void (MotorControllerNode::*(MotorControllerNode*, std::_Placeholder<1>, std::_Placeholder<2>))(const std::shared_ptr<robot_ras_decision::srv::SetVelocity_Request_<std::allocator<void> > >&, std::shared_ptr<robot_ras_decision::srv::SetVelocity_Response_<std::allocator<void> > >&)>; typename rclcpp::Service<ServiceT>::SharedPtr = std::shared_ptr<rclcpp::Service<robot_ras_decision::srv::SetVelocity> >; std::string = std::__cxx11::basic_string<char>; rmw_qos_profile_t = rmw_qos_profile_s; rclcpp::CallbackGroup::SharedPtr = std::shared_ptr<rclcpp::CallbackGroup>][m[K’
[2.094s] [01m[K/home/alves/ros2_ws/src/robot_ras_decision/src/motor_controller_node.cpp:30:83:[m[K   required from here
[2.094s] [01m[K/usr/include/c++/11/variant:1398:16:[m[K [01;36m[Knote: [m[Kcandidate: ‘[01m[Kstd::variant<_Types>& std::variant<_Types>::operator=(const std::variant<_Types>&) [with _Types = {std::monostate, std::function<void(std::shared_ptr<robot_ras_decision::srv::SetVelocity_Request_<std::allocator<void> > >, std::shared_ptr<robot_ras_decision::srv::SetVelocity_Response_<std::allocator<void> > >)>, std::function<void(std::shared_ptr<rmw_request_id_s>, std::shared_ptr<robot_ras_decision::srv::SetVelocity_Request_<std::allocator<void> > >, std::shared_ptr<robot_ras_decision::srv::SetVelocity_Response_<std::allocator<void> > >)>, std::function<void(std::shared_ptr<rmw_request_id_s>, std::shared_ptr<robot_ras_decision::srv::SetVelocity_Request_<std::allocator<void> > >)>, std::function<void(std::shared_ptr<rclcpp::Service<robot_ras_decision::srv::SetVelocity> >, std::shared_ptr<rmw_request_id_s>, std::shared_ptr<robot_ras_decision::srv::SetVelocity_Request_<std::allocator<void> > >)>}][m[K’
[2.094s]  1398 |       variant& [01;36m[Koperator[m[K=(const variant&) = default;
[2.094s]       |                [01;36m[K^~~~~~~~[m[K
[2.094s] [01m[K/usr/include/c++/11/variant:1398:26:[m[K [01;36m[Knote: [m[K  no known conversion for argument 1 from ‘[01m[Kstd::_Bind<void (MotorControllerNode::*(MotorControllerNode*, std::_Placeholder<1>, std::_Placeholder<2>))(const std::shared_ptr<robot_ras_decision::srv::SetVelocity_Request_<std::allocator<void> > >&, std::shared_ptr<robot_ras_decision::srv::SetVelocity_Response_<std::allocator<void> > >&)>[m[K’ to ‘[01m[Kconst std::variant<std::monostate, std::function<void(std::shared_ptr<robot_ras_decision::srv::SetVelocity_Request_<std::allocator<void> > >, std::shared_ptr<robot_ras_decision::srv::SetVelocity_Response_<std::allocator<void> > >)>, std::function<void(std::shared_ptr<rmw_request_id_s>, std::shared_ptr<robot_ras_decision::srv::SetVelocity_Request_<std::allocator<void> > >, std::shared_ptr<robot_ras_decision::srv::SetVelocity_Response_<std::allocator<void> > >)>, std::function<void(std::shared_ptr<rmw_request_id_s>, std::shared_ptr<robot_ras_decision::srv::SetVelocity_Request_<std::allocator<void> > >)>, std::function<void(std::shared_ptr<rclcpp::Service<robot_ras_decision::srv::SetVelocity> >, std::shared_ptr<rmw_request_id_s>, std::shared_ptr<robot_ras_decision::srv::SetVelocity_Request_<std::allocator<void> > >)> >&[m[K’
[2.094s]  1398 |       variant& operator=([01;36m[Kconst variant&[m[K) = default;
[2.094s]       |                          [01;36m[K^~~~~~~~~~~~~~[m[K
[2.094s] [01m[K/usr/include/c++/11/variant:1399:16:[m[K [01;36m[Knote: [m[Kcandidate: ‘[01m[Kstd::variant<_Types>& std::variant<_Types>::operator=(std::variant<_Types>&&) [with _Types = {std::monostate, std::function<void(std::shared_ptr<robot_ras_decision::srv::SetVelocity_Request_<std::allocator<void> > >, std::shared_ptr<robot_ras_decision::srv::SetVelocity_Response_<std::allocator<void> > >)>, std::function<void(std::shared_ptr<rmw_request_id_s>, std::shared_ptr<robot_ras_decision::srv::SetVelocity_Request_<std::allocator<void> > >, std::shared_ptr<robot_ras_decision::srv::SetVelocity_Response_<std::allocator<void> > >)>, std::function<void(std::shared_ptr<rmw_request_id_s>, std::shared_ptr<robot_ras_decision::srv::SetVelocity_Request_<std::allocator<void> > >)>, std::function<void(std::shared_ptr<rclcpp::Service<robot_ras_decision::srv::SetVelocity> >, std::shared_ptr<rmw_request_id_s>, std::shared_ptr<robot_ras_decision::srv::SetVelocity_Request_<std::allocator<void> > >)>}][m[K’
[2.094s]  1399 |       variant& [01;36m[Koperator[m[K=(variant&&) = default;
[2.094s]       |                [01;36m[K^~~~~~~~[m[K
[2.094s] [01m[K/usr/include/c++/11/variant:1399:26:[m[K [01;36m[Knote: [m[K  no known conversion for argument 1 from ‘[01m[Kstd::_Bind<void (MotorControllerNode::*(MotorControllerNode*, std::_Placeholder<1>, std::_Placeholder<2>))(const std::shared_ptr<robot_ras_decision::srv::SetVelocity_Request_<std::allocator<void> > >&, std::shared_ptr<robot_ras_decision::srv::SetVelocity_Response_<std::allocator<void> > >&)>[m[K’ to ‘[01m[Kstd::variant<std::monostate, std::function<void(std::shared_ptr<robot_ras_decision::srv::SetVelocity_Request_<std::allocator<void> > >, std::shared_ptr<robot_ras_decision::srv::SetVelocity_Response_<std::allocator<void> > >)>, std::function<void(std::shared_ptr<rmw_request_id_s>, std::shared_ptr<robot_ras_decision::srv::SetVelocity_Request_<std::allocator<void> > >, std::shared_ptr<robot_ras_decision::srv::SetVelocity_Response_<std::allocator<void> > >)>, std::function<void(std::shared_ptr<rmw_request_id_s>, std::shared_ptr<robot_ras_decision::srv::SetVelocity_Request_<std::allocator<void> > >)>, std::function<void(std::shared_ptr<rclcpp::Service<robot_ras_decision::srv::SetVelocity> >, std::shared_ptr<rmw_request_id_s>, std::shared_ptr<robot_ras_decision::srv::SetVelocity_Request_<std::allocator<void> > >)> >&&[m[K’
[2.094s]  1399 |       variant& operator=([01;36m[Kvariant&&[m[K) = default;
[2.094s]       |                          [01;36m[K^~~~~~~~~[m[K
[3.794s] gmake[2]: *** [CMakeFiles/MotorControllerNode.dir/build.make:76: CMakeFiles/MotorControllerNode.dir/src/motor_controller_node.cpp.o] Erro 1
[3.794s] gmake[1]: *** [CMakeFiles/Makefile2:596: CMakeFiles/MotorControllerNode.dir/all] Erro 2
[3.794s] gmake: *** [Makefile:146: all] Erro 2
[3.797s] Invoked command in '/home/alves/ros2_ws/build/robot_ras_decision' returned '2': CMAKE_PREFIX_PATH=/opt/ros/humble /usr/bin/cmake --build /home/alves/ros2_ws/build/robot_ras_decision -- -j16 -l16
