[0.008s] Invoking command in '/home/alves/ros2_ws/build/robot_ras_decision': CMAKE_PREFIX_PATH=${CMAKE_PREFIX_PATH}:/opt/ros/humble /usr/bin/cmake --build /home/alves/ros2_ws/build/robot_ras_decision -- -j16 -l16
[0.049s] [  2%] Built target robot_ras_decision__cpp
[0.049s] [ 11%] Built target robot_ras_decision__rosidl_generator_c
[0.055s] [ 11%] Built target ament_cmake_python_symlink_robot_ras_decision
[0.067s] [ 20%] Built target robot_ras_decision__rosidl_typesupport_c
[0.068s] [ 30%] Built target robot_ras_decision__rosidl_typesupport_fastrtps_c
[0.069s] [ 39%] Built target robot_ras_decision__rosidl_typesupport_cpp
[0.070s] [ 48%] Built target robot_ras_decision__rosidl_typesupport_introspection_c
[0.070s] [ 58%] Built target robot_ras_decision__rosidl_typesupport_introspection_cpp
[0.073s] [ 67%] Built target robot_ras_decision__rosidl_typesupport_fastrtps_cpp
[0.090s] [ 67%] Built target robot_ras_decision
[0.100s] [35m[1mConsolidate compiler generated dependencies of target DecisionNode[0m
[0.109s] [ 72%] Built target MotorControllerNode
[0.110s] [ 74%] Built target robot_ras_decision__py
[0.114s] [ 76%] [32mBuilding CXX object CMakeFiles/DecisionNode.dir/src/decision_node.cpp.o[0m
[0.129s] [ 83%] Built target robot_ras_decision__rosidl_generator_py
[0.144s] [ 88%] Built target robot_ras_decision__rosidl_typesupport_c__pyext
[0.148s] [ 93%] Built target robot_ras_decision__rosidl_typesupport_introspection_c__pyext
[0.148s] [ 97%] Built target robot_ras_decision__rosidl_typesupport_fastrtps_c__pyext
[0.218s] running egg_info
[0.218s] writing robot_ras_decision.egg-info/PKG-INFO
[0.219s] writing dependency_links to robot_ras_decision.egg-info/dependency_links.txt
[0.219s] writing top-level names to robot_ras_decision.egg-info/top_level.txt
[0.220s] reading manifest file 'robot_ras_decision.egg-info/SOURCES.txt'
[0.221s] writing manifest file 'robot_ras_decision.egg-info/SOURCES.txt'
[0.242s] [ 97%] Built target ament_cmake_python_build_robot_ras_decision_egg
[5.923s] [100%] [32m[1mLinking CXX executable DecisionNode[0m
[6.211s] [100%] Built target DecisionNode
[6.226s] Invoked command in '/home/alves/ros2_ws/build/robot_ras_decision' returned '0': CMAKE_PREFIX_PATH=${CMAKE_PREFIX_PATH}:/opt/ros/humble /usr/bin/cmake --build /home/alves/ros2_ws/build/robot_ras_decision -- -j16 -l16
[6.228s] Invoking command in '/home/alves/ros2_ws/build/robot_ras_decision': CMAKE_PREFIX_PATH=${CMAKE_PREFIX_PATH}:/opt/ros/humble /usr/bin/cmake --install /home/alves/ros2_ws/build/robot_ras_decision
[6.236s] -- Install configuration: ""
[6.237s] -- Execute custom install script
[6.238s] -- Up-to-date symlink: /home/alves/ros2_ws/install/robot_ras_decision/share/ament_index/resource_index/rosidl_interfaces/robot_ras_decision
[6.238s] -- Up-to-date symlink: /home/alves/ros2_ws/install/robot_ras_decision/include/robot_ras_decision/robot_ras_decision/msg/detail/movement__functions.h
[6.238s] -- Up-to-date symlink: /home/alves/ros2_ws/install/robot_ras_decision/include/robot_ras_decision/robot_ras_decision/msg/detail/movement__struct.h
[6.239s] -- Up-to-date symlink: /home/alves/ros2_ws/install/robot_ras_decision/include/robot_ras_decision/robot_ras_decision/msg/detail/movement__type_support.h
[6.239s] -- Up-to-date symlink: /home/alves/ros2_ws/install/robot_ras_decision/include/robot_ras_decision/robot_ras_decision/msg/movement.h
[6.239s] -- Up-to-date symlink: /home/alves/ros2_ws/install/robot_ras_decision/include/robot_ras_decision/robot_ras_decision/msg/rosidl_generator_c__visibility_control.h
[6.239s] -- Up-to-date symlink: /home/alves/ros2_ws/install/robot_ras_decision/include/robot_ras_decision/robot_ras_decision/srv/detail/set_velocity__functions.h
[6.239s] -- Up-to-date symlink: /home/alves/ros2_ws/install/robot_ras_decision/include/robot_ras_decision/robot_ras_decision/srv/detail/set_velocity__struct.h
[6.240s] -- Up-to-date symlink: /home/alves/ros2_ws/install/robot_ras_decision/include/robot_ras_decision/robot_ras_decision/srv/detail/set_velocity__type_support.h
[6.240s] -- Up-to-date symlink: /home/alves/ros2_ws/install/robot_ras_decision/include/robot_ras_decision/robot_ras_decision/srv/set_velocity.h
[6.240s] -- Up-to-date symlink: /home/alves/ros2_ws/install/robot_ras_decision/share/robot_ras_decision/environment/library_path.sh
[6.240s] -- Up-to-date symlink: /home/alves/ros2_ws/install/robot_ras_decision/share/robot_ras_decision/environment/library_path.dsv
[6.241s] -- Up-to-date symlink: /home/alves/ros2_ws/install/robot_ras_decision/include/robot_ras_decision/robot_ras_decision/msg/detail/movement__rosidl_typesupport_fastrtps_c.h
[6.242s] -- Up-to-date symlink: /home/alves/ros2_ws/install/robot_ras_decision/include/robot_ras_decision/robot_ras_decision/msg/rosidl_typesupport_fastrtps_c__visibility_control.h
[6.242s] -- Up-to-date symlink: /home/alves/ros2_ws/install/robot_ras_decision/include/robot_ras_decision/robot_ras_decision/srv/detail/set_velocity__rosidl_typesupport_fastrtps_c.h
[6.243s] -- Up-to-date symlink: /home/alves/ros2_ws/install/robot_ras_decision/include/robot_ras_decision/robot_ras_decision/msg/detail/movement__builder.hpp
[6.243s] -- Up-to-date symlink: /home/alves/ros2_ws/install/robot_ras_decision/include/robot_ras_decision/robot_ras_decision/msg/detail/movement__struct.hpp
[6.243s] -- Up-to-date symlink: /home/alves/ros2_ws/install/robot_ras_decision/include/robot_ras_decision/robot_ras_decision/msg/detail/movement__traits.hpp
[6.243s] -- Up-to-date symlink: /home/alves/ros2_ws/install/robot_ras_decision/include/robot_ras_decision/robot_ras_decision/msg/detail/movement__type_support.hpp
[6.243s] -- Up-to-date symlink: /home/alves/ros2_ws/install/robot_ras_decision/include/robot_ras_decision/robot_ras_decision/msg/movement.hpp
[6.243s] -- Up-to-date symlink: /home/alves/ros2_ws/install/robot_ras_decision/include/robot_ras_decision/robot_ras_decision/msg/rosidl_generator_cpp__visibility_control.hpp
[6.243s] -- Up-to-date symlink: /home/alves/ros2_ws/install/robot_ras_decision/include/robot_ras_decision/robot_ras_decision/srv/detail/set_velocity__builder.hpp
[6.244s] -- Up-to-date symlink: /home/alves/ros2_ws/install/robot_ras_decision/include/robot_ras_decision/robot_ras_decision/srv/detail/set_velocity__struct.hpp
[6.244s] -- Up-to-date symlink: /home/alves/ros2_ws/install/robot_ras_decision/include/robot_ras_decision/robot_ras_decision/srv/detail/set_velocity__traits.hpp
[6.244s] -- Up-to-date symlink: /home/alves/ros2_ws/install/robot_ras_decision/include/robot_ras_decision/robot_ras_decision/srv/detail/set_velocity__type_support.hpp
[6.244s] -- Up-to-date symlink: /home/alves/ros2_ws/install/robot_ras_decision/include/robot_ras_decision/robot_ras_decision/srv/set_velocity.hpp
[6.245s] -- Up-to-date symlink: /home/alves/ros2_ws/install/robot_ras_decision/include/robot_ras_decision/robot_ras_decision/msg/detail/movement__rosidl_typesupport_fastrtps_cpp.hpp
[6.245s] -- Up-to-date symlink: /home/alves/ros2_ws/install/robot_ras_decision/include/robot_ras_decision/robot_ras_decision/msg/rosidl_typesupport_fastrtps_cpp__visibility_control.h
[6.245s] -- Up-to-date symlink: /home/alves/ros2_ws/install/robot_ras_decision/include/robot_ras_decision/robot_ras_decision/srv/detail/set_velocity__rosidl_typesupport_fastrtps_cpp.hpp
[6.246s] -- Up-to-date symlink: /home/alves/ros2_ws/install/robot_ras_decision/include/robot_ras_decision/robot_ras_decision/msg/detail/movement__rosidl_typesupport_introspection_c.h
[6.246s] -- Up-to-date symlink: /home/alves/ros2_ws/install/robot_ras_decision/include/robot_ras_decision/robot_ras_decision/msg/rosidl_typesupport_introspection_c__visibility_control.h
[6.246s] -- Up-to-date symlink: /home/alves/ros2_ws/install/robot_ras_decision/include/robot_ras_decision/robot_ras_decision/srv/detail/set_velocity__rosidl_typesupport_introspection_c.h
[6.246s] -- Up-to-date symlink: /home/alves/ros2_ws/install/robot_ras_decision/include/robot_ras_decision/robot_ras_decision/msg/detail/movement__rosidl_typesupport_introspection_cpp.hpp
[6.246s] -- Up-to-date symlink: /home/alves/ros2_ws/install/robot_ras_decision/include/robot_ras_decision/robot_ras_decision/srv/detail/set_velocity__rosidl_typesupport_introspection_cpp.hpp
[6.246s] -- Up-to-date symlink: /home/alves/ros2_ws/install/robot_ras_decision/share/robot_ras_decision/environment/pythonpath.sh
[6.247s] -- Up-to-date symlink: /home/alves/ros2_ws/install/robot_ras_decision/share/robot_ras_decision/environment/pythonpath.dsv
[6.247s] -- Up-to-date symlink: /home/alves/ros2_ws/install/robot_ras_decision/local/lib/python3.10/dist-packages/robot_ras_decision-0.0.0-py3.10.egg-info/PKG-INFO
[6.247s] -- Up-to-date symlink: /home/alves/ros2_ws/install/robot_ras_decision/local/lib/python3.10/dist-packages/robot_ras_decision-0.0.0-py3.10.egg-info/SOURCES.txt
[6.247s] -- Up-to-date symlink: /home/alves/ros2_ws/install/robot_ras_decision/local/lib/python3.10/dist-packages/robot_ras_decision-0.0.0-py3.10.egg-info/dependency_links.txt
[6.247s] -- Up-to-date symlink: /home/alves/ros2_ws/install/robot_ras_decision/local/lib/python3.10/dist-packages/robot_ras_decision-0.0.0-py3.10.egg-info/top_level.txt
[6.247s] -- Up-to-date symlink: /home/alves/ros2_ws/install/robot_ras_decision/local/lib/python3.10/dist-packages/robot_ras_decision/__init__.py
[6.248s] -- Up-to-date symlink: /home/alves/ros2_ws/install/robot_ras_decision/local/lib/python3.10/dist-packages/robot_ras_decision/_robot_ras_decision_s.ep.rosidl_typesupport_c.c
[6.248s] -- Up-to-date symlink: /home/alves/ros2_ws/install/robot_ras_decision/local/lib/python3.10/dist-packages/robot_ras_decision/_robot_ras_decision_s.ep.rosidl_typesupport_fastrtps_c.c
[6.248s] -- Up-to-date symlink: /home/alves/ros2_ws/install/robot_ras_decision/local/lib/python3.10/dist-packages/robot_ras_decision/_robot_ras_decision_s.ep.rosidl_typesupport_introspection_c.c
[6.248s] -- Up-to-date symlink: /home/alves/ros2_ws/install/robot_ras_decision/local/lib/python3.10/dist-packages/robot_ras_decision/librobot_ras_decision__rosidl_generator_py.so
[6.248s] -- Up-to-date symlink: /home/alves/ros2_ws/install/robot_ras_decision/local/lib/python3.10/dist-packages/robot_ras_decision/msg/__init__.py
[6.248s] -- Up-to-date symlink: /home/alves/ros2_ws/install/robot_ras_decision/local/lib/python3.10/dist-packages/robot_ras_decision/msg/_movement.py
[6.248s] -- Up-to-date symlink: /home/alves/ros2_ws/install/robot_ras_decision/local/lib/python3.10/dist-packages/robot_ras_decision/msg/_movement_s.c
[6.248s] -- Up-to-date symlink: /home/alves/ros2_ws/install/robot_ras_decision/local/lib/python3.10/dist-packages/robot_ras_decision/robot_ras_decision_s__rosidl_typesupport_c.cpython-310-x86_64-linux-gnu.so
[6.248s] -- Up-to-date symlink: /home/alves/ros2_ws/install/robot_ras_decision/local/lib/python3.10/dist-packages/robot_ras_decision/robot_ras_decision_s__rosidl_typesupport_fastrtps_c.cpython-310-x86_64-linux-gnu.so
[6.248s] -- Up-to-date symlink: /home/alves/ros2_ws/install/robot_ras_decision/local/lib/python3.10/dist-packages/robot_ras_decision/robot_ras_decision_s__rosidl_typesupport_introspection_c.cpython-310-x86_64-linux-gnu.so
[6.248s] -- Up-to-date symlink: /home/alves/ros2_ws/install/robot_ras_decision/local/lib/python3.10/dist-packages/robot_ras_decision/srv/__init__.py
[6.248s] -- Up-to-date symlink: /home/alves/ros2_ws/install/robot_ras_decision/local/lib/python3.10/dist-packages/robot_ras_decision/srv/_set_velocity.py
[6.248s] -- Up-to-date symlink: /home/alves/ros2_ws/install/robot_ras_decision/local/lib/python3.10/dist-packages/robot_ras_decision/srv/_set_velocity_s.c
[6.249s] -- Up-to-date symlink: /home/alves/ros2_ws/install/robot_ras_decision/local/lib/python3.10/dist-packages/robot_ras_decision/robot_ras_decision_s__rosidl_typesupport_fastrtps_c.cpython-310-x86_64-linux-gnu.so
[6.249s] -- Up-to-date symlink: /home/alves/ros2_ws/install/robot_ras_decision/local/lib/python3.10/dist-packages/robot_ras_decision/robot_ras_decision_s__rosidl_typesupport_introspection_c.cpython-310-x86_64-linux-gnu.so
[6.249s] -- Up-to-date symlink: /home/alves/ros2_ws/install/robot_ras_decision/local/lib/python3.10/dist-packages/robot_ras_decision/robot_ras_decision_s__rosidl_typesupport_c.cpython-310-x86_64-linux-gnu.so
[6.249s] -- Up-to-date symlink: /home/alves/ros2_ws/install/robot_ras_decision/share/robot_ras_decision/msg/Movement.idl
[6.249s] -- Up-to-date symlink: /home/alves/ros2_ws/install/robot_ras_decision/share/robot_ras_decision/srv/SetVelocity.idl
[6.249s] -- Up-to-date symlink: /home/alves/ros2_ws/install/robot_ras_decision/share/robot_ras_decision/msg/Movement.msg
[6.249s] -- Up-to-date symlink: /home/alves/ros2_ws/install/robot_ras_decision/share/robot_ras_decision/srv/SetVelocity.srv
[6.249s] -- Up-to-date symlink: /home/alves/ros2_ws/install/robot_ras_decision/share/robot_ras_decision/srv/SetVelocity_Request.msg
[6.249s] -- Up-to-date symlink: /home/alves/ros2_ws/install/robot_ras_decision/share/robot_ras_decision/srv/SetVelocity_Response.msg
[6.250s] -- Up-to-date symlink: /home/alves/ros2_ws/install/robot_ras_decision/lib/robot_ras_decision/MotorControllerNode
[6.250s] -- Up-to-date symlink: /home/alves/ros2_ws/install/robot_ras_decision/lib/robot_ras_decision/DecisionNode
[6.250s] -- Up-to-date symlink: /home/alves/ros2_ws/install/robot_ras_decision/share/ament_index/resource_index/package_run_dependencies/robot_ras_decision
[6.250s] -- Up-to-date symlink: /home/alves/ros2_ws/install/robot_ras_decision/share/ament_index/resource_index/parent_prefix_path/robot_ras_decision
[6.250s] -- Up-to-date symlink: /home/alves/ros2_ws/install/robot_ras_decision/share/robot_ras_decision/environment/ament_prefix_path.sh
[6.250s] -- Up-to-date symlink: /home/alves/ros2_ws/install/robot_ras_decision/share/robot_ras_decision/environment/ament_prefix_path.dsv
[6.250s] -- Up-to-date symlink: /home/alves/ros2_ws/install/robot_ras_decision/share/robot_ras_decision/environment/path.sh
[6.250s] -- Up-to-date symlink: /home/alves/ros2_ws/install/robot_ras_decision/share/robot_ras_decision/environment/path.dsv
[6.250s] -- Up-to-date symlink: /home/alves/ros2_ws/install/robot_ras_decision/share/robot_ras_decision/local_setup.bash
[6.250s] -- Up-to-date symlink: /home/alves/ros2_ws/install/robot_ras_decision/share/robot_ras_decision/local_setup.sh
[6.251s] -- Up-to-date symlink: /home/alves/ros2_ws/install/robot_ras_decision/share/robot_ras_decision/local_setup.zsh
[6.251s] -- Up-to-date symlink: /home/alves/ros2_ws/install/robot_ras_decision/share/robot_ras_decision/local_setup.dsv
[6.251s] -- Symlinking: /home/alves/ros2_ws/install/robot_ras_decision/share/robot_ras_decision/package.dsv
[6.258s] -- Up-to-date symlink: /home/alves/ros2_ws/install/robot_ras_decision/share/ament_index/resource_index/packages/robot_ras_decision
[6.258s] -- Up-to-date symlink: /home/alves/ros2_ws/install/robot_ras_decision/share/robot_ras_decision/cmake/rosidl_cmake-extras.cmake
[6.258s] -- Up-to-date symlink: /home/alves/ros2_ws/install/robot_ras_decision/share/robot_ras_decision/cmake/ament_cmake_export_include_directories-extras.cmake
[6.258s] -- Up-to-date symlink: /home/alves/ros2_ws/install/robot_ras_decision/share/robot_ras_decision/cmake/ament_cmake_export_libraries-extras.cmake
[6.258s] -- Up-to-date symlink: /home/alves/ros2_ws/install/robot_ras_decision/share/robot_ras_decision/cmake/ament_cmake_export_targets-extras.cmake
[6.258s] -- Up-to-date symlink: /home/alves/ros2_ws/install/robot_ras_decision/share/robot_ras_decision/cmake/rosidl_cmake_export_typesupport_targets-extras.cmake
[6.259s] -- Up-to-date symlink: /home/alves/ros2_ws/install/robot_ras_decision/share/robot_ras_decision/cmake/ament_cmake_export_dependencies-extras.cmake
[6.259s] -- Up-to-date symlink: /home/alves/ros2_ws/install/robot_ras_decision/share/robot_ras_decision/cmake/rosidl_cmake_export_typesupport_libraries-extras.cmake
[6.259s] -- Up-to-date symlink: /home/alves/ros2_ws/install/robot_ras_decision/share/robot_ras_decision/cmake/robot_ras_decisionConfig.cmake
[6.259s] -- Up-to-date symlink: /home/alves/ros2_ws/install/robot_ras_decision/share/robot_ras_decision/cmake/robot_ras_decisionConfig-version.cmake
[6.259s] -- Up-to-date symlink: /home/alves/ros2_ws/install/robot_ras_decision/share/robot_ras_decision/package.xml
[6.259s] -- Up-to-date: /home/alves/ros2_ws/install/robot_ras_decision/lib/librobot_ras_decision__rosidl_generator_c.so
[6.259s] -- Up-to-date: /home/alves/ros2_ws/install/robot_ras_decision/lib/librobot_ras_decision__rosidl_typesupport_fastrtps_c.so
[6.259s] -- Up-to-date: /home/alves/ros2_ws/install/robot_ras_decision/lib/librobot_ras_decision__rosidl_typesupport_fastrtps_cpp.so
[6.259s] -- Up-to-date: /home/alves/ros2_ws/install/robot_ras_decision/lib/librobot_ras_decision__rosidl_typesupport_introspection_c.so
[6.260s] -- Up-to-date: /home/alves/ros2_ws/install/robot_ras_decision/lib/librobot_ras_decision__rosidl_typesupport_c.so
[6.260s] -- Up-to-date: /home/alves/ros2_ws/install/robot_ras_decision/lib/librobot_ras_decision__rosidl_typesupport_introspection_cpp.so
[6.260s] -- Up-to-date: /home/alves/ros2_ws/install/robot_ras_decision/lib/librobot_ras_decision__rosidl_typesupport_cpp.so
[6.283s] Listing '/home/alves/ros2_ws/install/robot_ras_decision/local/lib/python3.10/dist-packages/robot_ras_decision'...
[6.283s] Listing '/home/alves/ros2_ws/install/robot_ras_decision/local/lib/python3.10/dist-packages/robot_ras_decision/msg'...
[6.283s] Listing '/home/alves/ros2_ws/install/robot_ras_decision/local/lib/python3.10/dist-packages/robot_ras_decision/srv'...
[6.287s] -- Up-to-date: /home/alves/ros2_ws/install/robot_ras_decision/lib/librobot_ras_decision__rosidl_generator_py.so
[6.287s] -- Up-to-date: /home/alves/ros2_ws/install/robot_ras_decision/share/robot_ras_decision/cmake/export_robot_ras_decision__rosidl_generator_cExport.cmake
[6.287s] -- Up-to-date: /home/alves/ros2_ws/install/robot_ras_decision/share/robot_ras_decision/cmake/export_robot_ras_decision__rosidl_generator_cExport-noconfig.cmake
[6.287s] -- Up-to-date: /home/alves/ros2_ws/install/robot_ras_decision/share/robot_ras_decision/cmake/export_robot_ras_decision__rosidl_typesupport_fastrtps_cExport.cmake
[6.287s] -- Up-to-date: /home/alves/ros2_ws/install/robot_ras_decision/share/robot_ras_decision/cmake/export_robot_ras_decision__rosidl_typesupport_fastrtps_cExport-noconfig.cmake
[6.287s] -- Up-to-date: /home/alves/ros2_ws/install/robot_ras_decision/share/robot_ras_decision/cmake/export_robot_ras_decision__rosidl_generator_cppExport.cmake
[6.287s] -- Up-to-date: /home/alves/ros2_ws/install/robot_ras_decision/share/robot_ras_decision/cmake/export_robot_ras_decision__rosidl_typesupport_fastrtps_cppExport.cmake
[6.287s] -- Up-to-date: /home/alves/ros2_ws/install/robot_ras_decision/share/robot_ras_decision/cmake/export_robot_ras_decision__rosidl_typesupport_fastrtps_cppExport-noconfig.cmake
[6.287s] -- Up-to-date: /home/alves/ros2_ws/install/robot_ras_decision/share/robot_ras_decision/cmake/robot_ras_decision__rosidl_typesupport_introspection_cExport.cmake
[6.287s] -- Up-to-date: /home/alves/ros2_ws/install/robot_ras_decision/share/robot_ras_decision/cmake/robot_ras_decision__rosidl_typesupport_introspection_cExport-noconfig.cmake
[6.287s] -- Up-to-date: /home/alves/ros2_ws/install/robot_ras_decision/share/robot_ras_decision/cmake/robot_ras_decision__rosidl_typesupport_cExport.cmake
[6.287s] -- Up-to-date: /home/alves/ros2_ws/install/robot_ras_decision/share/robot_ras_decision/cmake/robot_ras_decision__rosidl_typesupport_cExport-noconfig.cmake
[6.287s] -- Up-to-date: /home/alves/ros2_ws/install/robot_ras_decision/share/robot_ras_decision/cmake/robot_ras_decision__rosidl_typesupport_introspection_cppExport.cmake
[6.287s] -- Up-to-date: /home/alves/ros2_ws/install/robot_ras_decision/share/robot_ras_decision/cmake/robot_ras_decision__rosidl_typesupport_introspection_cppExport-noconfig.cmake
[6.287s] -- Up-to-date: /home/alves/ros2_ws/install/robot_ras_decision/share/robot_ras_decision/cmake/robot_ras_decision__rosidl_typesupport_cppExport.cmake
[6.287s] -- Up-to-date: /home/alves/ros2_ws/install/robot_ras_decision/share/robot_ras_decision/cmake/robot_ras_decision__rosidl_typesupport_cppExport-noconfig.cmake
[6.287s] -- Up-to-date: /home/alves/ros2_ws/install/robot_ras_decision/share/robot_ras_decision/cmake/export_robot_ras_decision__rosidl_generator_pyExport.cmake
[6.287s] -- Up-to-date: /home/alves/ros2_ws/install/robot_ras_decision/share/robot_ras_decision/cmake/export_robot_ras_decision__rosidl_generator_pyExport-noconfig.cmake
[6.289s] Invoked command in '/home/alves/ros2_ws/build/robot_ras_decision' returned '0': CMAKE_PREFIX_PATH=${CMAKE_PREFIX_PATH}:/opt/ros/humble /usr/bin/cmake --install /home/alves/ros2_ws/build/robot_ras_decision
