[0.067s] DEBUG:colcon:Command line arguments: ['/usr/bin/colcon', 'build']
[0.067s] DEBUG:colcon:Parsed command line arguments: Namespace(log_base=None, log_level=None, verb_name='build', build_base='build', install_base='install', merge_install=False, symlink_install=False, test_result_base=None, continue_on_error=False, executor='parallel', parallel_workers=16, event_handlers=None, ignore_user_meta=False, metas=['./colcon.meta'], base_paths=['.'], packages_ignore=None, packages_ignore_regex=None, paths=None, packages_up_to=None, packages_up_to_regex=None, packages_above=None, packages_above_and_dependencies=None, packages_above_depth=None, packages_select_by_dep=None, packages_skip_by_dep=None, packages_skip_up_to=None, packages_select_build_failed=False, packages_skip_build_finished=False, packages_select_test_failures=False, packages_skip_test_passed=False, packages_select=None, packages_skip=None, packages_select_regex=None, packages_skip_regex=None, packages_start=None, packages_end=None, allow_overriding=[], cmake_args=None, cmake_target=None, cmake_target_skip_unavailable=False, cmake_clean_cache=False, cmake_clean_first=False, cmake_force_configure=False, ament_cmake_args=None, catkin_cmake_args=None, catkin_skip_building_tests=False, mixin_files=None, mixin=None, verb_parser=<colcon_mixin.mixin.mixin_argument.MixinArgumentDecorator object at 0x73e35375a8f0>, verb_extension=<colcon_core.verb.build.BuildVerb object at 0x73e35375a3e0>, main=<bound method BuildVerb.main of <colcon_core.verb.build.BuildVerb object at 0x73e35375a3e0>>, mixin_verb=('build',))
[0.165s] Level 1:colcon.colcon_core.package_discovery:discover_packages(colcon_meta) check parameters
[0.165s] Level 1:colcon.colcon_core.package_discovery:discover_packages(recursive) check parameters
[0.165s] Level 1:colcon.colcon_core.package_discovery:discover_packages(ignore) check parameters
[0.165s] Level 1:colcon.colcon_core.package_discovery:discover_packages(path) check parameters
[0.165s] Level 1:colcon.colcon_core.package_discovery:discover_packages(colcon_meta) discover
[0.165s] Level 1:colcon.colcon_core.package_discovery:discover_packages(recursive) discover
[0.165s] INFO:colcon.colcon_core.package_discovery:Crawling recursively for packages in '/home/alves/ros2_ws'
[0.165s] Level 1:colcon.colcon_core.package_identification:_identify(.) by extensions ['ignore', 'ignore_ament_install']
[0.165s] Level 1:colcon.colcon_core.package_identification:_identify(.) by extension 'ignore'
[0.165s] Level 1:colcon.colcon_core.package_identification:_identify(.) by extension 'ignore_ament_install'
[0.165s] Level 1:colcon.colcon_core.package_identification:_identify(.) by extensions ['colcon_pkg']
[0.165s] Level 1:colcon.colcon_core.package_identification:_identify(.) by extension 'colcon_pkg'
[0.165s] Level 1:colcon.colcon_core.package_identification:_identify(.) by extensions ['colcon_meta']
[0.165s] Level 1:colcon.colcon_core.package_identification:_identify(.) by extension 'colcon_meta'
[0.165s] Level 1:colcon.colcon_core.package_identification:_identify(.) by extensions ['ros']
[0.165s] Level 1:colcon.colcon_core.package_identification:_identify(.) by extension 'ros'
[0.172s] Level 1:colcon.colcon_core.package_identification:_identify(.) by extensions ['cmake', 'python']
[0.172s] Level 1:colcon.colcon_core.package_identification:_identify(.) by extension 'cmake'
[0.172s] Level 1:colcon.colcon_core.package_identification:_identify(.) by extension 'python'
[0.172s] Level 1:colcon.colcon_core.package_identification:_identify(.) by extensions ['python_setup_py']
[0.172s] Level 1:colcon.colcon_core.package_identification:_identify(.) by extension 'python_setup_py'
[0.172s] Level 1:colcon.colcon_core.package_identification:_identify(build) by extensions ['ignore', 'ignore_ament_install']
[0.172s] Level 1:colcon.colcon_core.package_identification:_identify(build) by extension 'ignore'
[0.172s] Level 1:colcon.colcon_core.package_identification:_identify(build) ignored
[0.172s] Level 1:colcon.colcon_core.package_identification:_identify(install) by extensions ['ignore', 'ignore_ament_install']
[0.173s] Level 1:colcon.colcon_core.package_identification:_identify(install) by extension 'ignore'
[0.173s] Level 1:colcon.colcon_core.package_identification:_identify(install) ignored
[0.173s] Level 1:colcon.colcon_core.package_identification:_identify(log) by extensions ['ignore', 'ignore_ament_install']
[0.173s] Level 1:colcon.colcon_core.package_identification:_identify(log) by extension 'ignore'
[0.173s] Level 1:colcon.colcon_core.package_identification:_identify(log) ignored
[0.173s] Level 1:colcon.colcon_core.package_identification:_identify(src) by extensions ['ignore', 'ignore_ament_install']
[0.173s] Level 1:colcon.colcon_core.package_identification:_identify(src) by extension 'ignore'
[0.173s] Level 1:colcon.colcon_core.package_identification:_identify(src) by extension 'ignore_ament_install'
[0.173s] Level 1:colcon.colcon_core.package_identification:_identify(src) by extensions ['colcon_pkg']
[0.173s] Level 1:colcon.colcon_core.package_identification:_identify(src) by extension 'colcon_pkg'
[0.173s] Level 1:colcon.colcon_core.package_identification:_identify(src) by extensions ['colcon_meta']
[0.173s] Level 1:colcon.colcon_core.package_identification:_identify(src) by extension 'colcon_meta'
[0.173s] Level 1:colcon.colcon_core.package_identification:_identify(src) by extensions ['ros']
[0.173s] Level 1:colcon.colcon_core.package_identification:_identify(src) by extension 'ros'
[0.173s] Level 1:colcon.colcon_core.package_identification:_identify(src) by extensions ['cmake', 'python']
[0.173s] Level 1:colcon.colcon_core.package_identification:_identify(src) by extension 'cmake'
[0.173s] Level 1:colcon.colcon_core.package_identification:_identify(src) by extension 'python'
[0.173s] Level 1:colcon.colcon_core.package_identification:_identify(src) by extensions ['python_setup_py']
[0.173s] Level 1:colcon.colcon_core.package_identification:_identify(src) by extension 'python_setup_py'
[0.173s] Level 1:colcon.colcon_core.package_identification:_identify(src/count_action_cpp) by extensions ['ignore', 'ignore_ament_install']
[0.173s] Level 1:colcon.colcon_core.package_identification:_identify(src/count_action_cpp) by extension 'ignore'
[0.173s] Level 1:colcon.colcon_core.package_identification:_identify(src/count_action_cpp) by extension 'ignore_ament_install'
[0.173s] Level 1:colcon.colcon_core.package_identification:_identify(src/count_action_cpp) by extensions ['colcon_pkg']
[0.173s] Level 1:colcon.colcon_core.package_identification:_identify(src/count_action_cpp) by extension 'colcon_pkg'
[0.173s] Level 1:colcon.colcon_core.package_identification:_identify(src/count_action_cpp) by extensions ['colcon_meta']
[0.173s] Level 1:colcon.colcon_core.package_identification:_identify(src/count_action_cpp) by extension 'colcon_meta'
[0.173s] Level 1:colcon.colcon_core.package_identification:_identify(src/count_action_cpp) by extensions ['ros']
[0.173s] Level 1:colcon.colcon_core.package_identification:_identify(src/count_action_cpp) by extension 'ros'
[0.175s] DEBUG:colcon.colcon_core.package_identification:Package 'src/count_action_cpp' with type 'ros.ament_cmake' and name 'count_action_cpp'
[0.175s] Level 1:colcon.colcon_core.package_identification:_identify(src/count_interfaces) by extensions ['ignore', 'ignore_ament_install']
[0.175s] Level 1:colcon.colcon_core.package_identification:_identify(src/count_interfaces) by extension 'ignore'
[0.175s] Level 1:colcon.colcon_core.package_identification:_identify(src/count_interfaces) by extension 'ignore_ament_install'
[0.175s] Level 1:colcon.colcon_core.package_identification:_identify(src/count_interfaces) by extensions ['colcon_pkg']
[0.175s] Level 1:colcon.colcon_core.package_identification:_identify(src/count_interfaces) by extension 'colcon_pkg'
[0.175s] Level 1:colcon.colcon_core.package_identification:_identify(src/count_interfaces) by extensions ['colcon_meta']
[0.175s] Level 1:colcon.colcon_core.package_identification:_identify(src/count_interfaces) by extension 'colcon_meta'
[0.175s] Level 1:colcon.colcon_core.package_identification:_identify(src/count_interfaces) by extensions ['ros']
[0.175s] Level 1:colcon.colcon_core.package_identification:_identify(src/count_interfaces) by extension 'ros'
[0.176s] DEBUG:colcon.colcon_core.package_identification:Package 'src/count_interfaces' with type 'ros.ament_cmake' and name 'count_interfaces'
[0.176s] Level 1:colcon.colcon_core.package_identification:_identify(src/dep_example_cpp) by extensions ['ignore', 'ignore_ament_install']
[0.176s] Level 1:colcon.colcon_core.package_identification:_identify(src/dep_example_cpp) by extension 'ignore'
[0.176s] Level 1:colcon.colcon_core.package_identification:_identify(src/dep_example_cpp) by extension 'ignore_ament_install'
[0.176s] Level 1:colcon.colcon_core.package_identification:_identify(src/dep_example_cpp) by extensions ['colcon_pkg']
[0.176s] Level 1:colcon.colcon_core.package_identification:_identify(src/dep_example_cpp) by extension 'colcon_pkg'
[0.176s] Level 1:colcon.colcon_core.package_identification:_identify(src/dep_example_cpp) by extensions ['colcon_meta']
[0.176s] Level 1:colcon.colcon_core.package_identification:_identify(src/dep_example_cpp) by extension 'colcon_meta'
[0.176s] Level 1:colcon.colcon_core.package_identification:_identify(src/dep_example_cpp) by extensions ['ros']
[0.176s] Level 1:colcon.colcon_core.package_identification:_identify(src/dep_example_cpp) by extension 'ros'
[0.176s] DEBUG:colcon.colcon_core.package_identification:Package 'src/dep_example_cpp' with type 'ros.ament_cmake' and name 'dep_example_cpp'
[0.177s] Level 1:colcon.colcon_core.package_identification:_identify(src/ras_robot_simulation) by extensions ['ignore', 'ignore_ament_install']
[0.177s] Level 1:colcon.colcon_core.package_identification:_identify(src/ras_robot_simulation) by extension 'ignore'
[0.177s] Level 1:colcon.colcon_core.package_identification:_identify(src/ras_robot_simulation) by extension 'ignore_ament_install'
[0.177s] Level 1:colcon.colcon_core.package_identification:_identify(src/ras_robot_simulation) by extensions ['colcon_pkg']
[0.177s] Level 1:colcon.colcon_core.package_identification:_identify(src/ras_robot_simulation) by extension 'colcon_pkg'
[0.177s] Level 1:colcon.colcon_core.package_identification:_identify(src/ras_robot_simulation) by extensions ['colcon_meta']
[0.177s] Level 1:colcon.colcon_core.package_identification:_identify(src/ras_robot_simulation) by extension 'colcon_meta'
[0.177s] Level 1:colcon.colcon_core.package_identification:_identify(src/ras_robot_simulation) by extensions ['ros']
[0.177s] Level 1:colcon.colcon_core.package_identification:_identify(src/ras_robot_simulation) by extension 'ros'
[0.177s] DEBUG:colcon.colcon_core.package_identification:Package 'src/ras_robot_simulation' with type 'ros.ament_cmake' and name 'robot_ras_ros'
[0.177s] Level 1:colcon.colcon_core.package_identification:_identify(src/robot_ras_decision) by extensions ['ignore', 'ignore_ament_install']
[0.177s] Level 1:colcon.colcon_core.package_identification:_identify(src/robot_ras_decision) by extension 'ignore'
[0.177s] Level 1:colcon.colcon_core.package_identification:_identify(src/robot_ras_decision) by extension 'ignore_ament_install'
[0.177s] Level 1:colcon.colcon_core.package_identification:_identify(src/robot_ras_decision) by extensions ['colcon_pkg']
[0.177s] Level 1:colcon.colcon_core.package_identification:_identify(src/robot_ras_decision) by extension 'colcon_pkg'
[0.177s] Level 1:colcon.colcon_core.package_identification:_identify(src/robot_ras_decision) by extensions ['colcon_meta']
[0.177s] Level 1:colcon.colcon_core.package_identification:_identify(src/robot_ras_decision) by extension 'colcon_meta'
[0.177s] Level 1:colcon.colcon_core.package_identification:_identify(src/robot_ras_decision) by extensions ['ros']
[0.177s] Level 1:colcon.colcon_core.package_identification:_identify(src/robot_ras_decision) by extension 'ros'
[0.178s] DEBUG:colcon.colcon_core.package_identification:Package 'src/robot_ras_decision' with type 'ros.ament_cmake' and name 'robot_ras_decision'
[0.178s] Level 1:colcon.colcon_core.package_discovery:discover_packages(recursive) using defaults
[0.178s] Level 1:colcon.colcon_core.package_discovery:discover_packages(ignore) discover
[0.178s] Level 1:colcon.colcon_core.package_discovery:discover_packages(ignore) using defaults
[0.178s] Level 1:colcon.colcon_core.package_discovery:discover_packages(path) discover
[0.178s] Level 1:colcon.colcon_core.package_discovery:discover_packages(path) using defaults
[0.196s] Level 1:colcon.colcon_core.package_discovery:discover_packages(prefix_path) check parameters
[0.196s] Level 1:colcon.colcon_core.package_discovery:discover_packages(prefix_path) discover
[0.197s] DEBUG:colcon.colcon_installed_package_information.package_discovery:Found 5 installed packages in /home/alves/ros2_ws/install
[0.198s] DEBUG:colcon.colcon_installed_package_information.package_discovery:Found 338 installed packages in /opt/ros/humble
[0.199s] Level 1:colcon.colcon_core.package_discovery:discover_packages(prefix_path) using defaults
[0.225s] Level 5:colcon.colcon_core.verb:set package 'count_interfaces' build argument 'cmake_args' from command line to 'None'
[0.225s] Level 5:colcon.colcon_core.verb:set package 'count_interfaces' build argument 'cmake_target' from command line to 'None'
[0.225s] Level 5:colcon.colcon_core.verb:set package 'count_interfaces' build argument 'cmake_target_skip_unavailable' from command line to 'False'
[0.225s] Level 5:colcon.colcon_core.verb:set package 'count_interfaces' build argument 'cmake_clean_cache' from command line to 'False'
[0.225s] Level 5:colcon.colcon_core.verb:set package 'count_interfaces' build argument 'cmake_clean_first' from command line to 'False'
[0.225s] Level 5:colcon.colcon_core.verb:set package 'count_interfaces' build argument 'cmake_force_configure' from command line to 'False'
[0.225s] Level 5:colcon.colcon_core.verb:set package 'count_interfaces' build argument 'ament_cmake_args' from command line to 'None'
[0.225s] Level 5:colcon.colcon_core.verb:set package 'count_interfaces' build argument 'catkin_cmake_args' from command line to 'None'
[0.225s] Level 5:colcon.colcon_core.verb:set package 'count_interfaces' build argument 'catkin_skip_building_tests' from command line to 'False'
[0.225s] DEBUG:colcon.colcon_core.verb:Building package 'count_interfaces' with the following arguments: {'ament_cmake_args': None, 'build_base': '/home/alves/ros2_ws/build/count_interfaces', 'catkin_cmake_args': None, 'catkin_skip_building_tests': False, 'cmake_args': None, 'cmake_clean_cache': False, 'cmake_clean_first': False, 'cmake_force_configure': False, 'cmake_target': None, 'cmake_target_skip_unavailable': False, 'install_base': '/home/alves/ros2_ws/install/count_interfaces', 'merge_install': False, 'path': '/home/alves/ros2_ws/src/count_interfaces', 'symlink_install': False, 'test_result_base': None}
[0.225s] Level 5:colcon.colcon_core.verb:set package 'dep_example_cpp' build argument 'cmake_args' from command line to 'None'
[0.225s] Level 5:colcon.colcon_core.verb:set package 'dep_example_cpp' build argument 'cmake_target' from command line to 'None'
[0.225s] Level 5:colcon.colcon_core.verb:set package 'dep_example_cpp' build argument 'cmake_target_skip_unavailable' from command line to 'False'
[0.225s] Level 5:colcon.colcon_core.verb:set package 'dep_example_cpp' build argument 'cmake_clean_cache' from command line to 'False'
[0.225s] Level 5:colcon.colcon_core.verb:set package 'dep_example_cpp' build argument 'cmake_clean_first' from command line to 'False'
[0.225s] Level 5:colcon.colcon_core.verb:set package 'dep_example_cpp' build argument 'cmake_force_configure' from command line to 'False'
[0.225s] Level 5:colcon.colcon_core.verb:set package 'dep_example_cpp' build argument 'ament_cmake_args' from command line to 'None'
[0.225s] Level 5:colcon.colcon_core.verb:set package 'dep_example_cpp' build argument 'catkin_cmake_args' from command line to 'None'
[0.225s] Level 5:colcon.colcon_core.verb:set package 'dep_example_cpp' build argument 'catkin_skip_building_tests' from command line to 'False'
[0.225s] DEBUG:colcon.colcon_core.verb:Building package 'dep_example_cpp' with the following arguments: {'ament_cmake_args': None, 'build_base': '/home/alves/ros2_ws/build/dep_example_cpp', 'catkin_cmake_args': None, 'catkin_skip_building_tests': False, 'cmake_args': None, 'cmake_clean_cache': False, 'cmake_clean_first': False, 'cmake_force_configure': False, 'cmake_target': None, 'cmake_target_skip_unavailable': False, 'install_base': '/home/alves/ros2_ws/install/dep_example_cpp', 'merge_install': False, 'path': '/home/alves/ros2_ws/src/dep_example_cpp', 'symlink_install': False, 'test_result_base': None}
[0.225s] Level 5:colcon.colcon_core.verb:set package 'robot_ras_decision' build argument 'cmake_args' from command line to 'None'
[0.225s] Level 5:colcon.colcon_core.verb:set package 'robot_ras_decision' build argument 'cmake_target' from command line to 'None'
[0.225s] Level 5:colcon.colcon_core.verb:set package 'robot_ras_decision' build argument 'cmake_target_skip_unavailable' from command line to 'False'
[0.225s] Level 5:colcon.colcon_core.verb:set package 'robot_ras_decision' build argument 'cmake_clean_cache' from command line to 'False'
[0.225s] Level 5:colcon.colcon_core.verb:set package 'robot_ras_decision' build argument 'cmake_clean_first' from command line to 'False'
[0.225s] Level 5:colcon.colcon_core.verb:set package 'robot_ras_decision' build argument 'cmake_force_configure' from command line to 'False'
[0.225s] Level 5:colcon.colcon_core.verb:set package 'robot_ras_decision' build argument 'ament_cmake_args' from command line to 'None'
[0.225s] Level 5:colcon.colcon_core.verb:set package 'robot_ras_decision' build argument 'catkin_cmake_args' from command line to 'None'
[0.226s] Level 5:colcon.colcon_core.verb:set package 'robot_ras_decision' build argument 'catkin_skip_building_tests' from command line to 'False'
[0.226s] DEBUG:colcon.colcon_core.verb:Building package 'robot_ras_decision' with the following arguments: {'ament_cmake_args': None, 'build_base': '/home/alves/ros2_ws/build/robot_ras_decision', 'catkin_cmake_args': None, 'catkin_skip_building_tests': False, 'cmake_args': None, 'cmake_clean_cache': False, 'cmake_clean_first': False, 'cmake_force_configure': False, 'cmake_target': None, 'cmake_target_skip_unavailable': False, 'install_base': '/home/alves/ros2_ws/install/robot_ras_decision', 'merge_install': False, 'path': '/home/alves/ros2_ws/src/robot_ras_decision', 'symlink_install': False, 'test_result_base': None}
[0.226s] Level 5:colcon.colcon_core.verb:set package 'robot_ras_ros' build argument 'cmake_args' from command line to 'None'
[0.226s] Level 5:colcon.colcon_core.verb:set package 'robot_ras_ros' build argument 'cmake_target' from command line to 'None'
[0.226s] Level 5:colcon.colcon_core.verb:set package 'robot_ras_ros' build argument 'cmake_target_skip_unavailable' from command line to 'False'
[0.226s] Level 5:colcon.colcon_core.verb:set package 'robot_ras_ros' build argument 'cmake_clean_cache' from command line to 'False'
[0.226s] Level 5:colcon.colcon_core.verb:set package 'robot_ras_ros' build argument 'cmake_clean_first' from command line to 'False'
[0.226s] Level 5:colcon.colcon_core.verb:set package 'robot_ras_ros' build argument 'cmake_force_configure' from command line to 'False'
[0.226s] Level 5:colcon.colcon_core.verb:set package 'robot_ras_ros' build argument 'ament_cmake_args' from command line to 'None'
[0.226s] Level 5:colcon.colcon_core.verb:set package 'robot_ras_ros' build argument 'catkin_cmake_args' from command line to 'None'
[0.226s] Level 5:colcon.colcon_core.verb:set package 'robot_ras_ros' build argument 'catkin_skip_building_tests' from command line to 'False'
[0.226s] DEBUG:colcon.colcon_core.verb:Building package 'robot_ras_ros' with the following arguments: {'ament_cmake_args': None, 'build_base': '/home/alves/ros2_ws/build/robot_ras_ros', 'catkin_cmake_args': None, 'catkin_skip_building_tests': False, 'cmake_args': None, 'cmake_clean_cache': False, 'cmake_clean_first': False, 'cmake_force_configure': False, 'cmake_target': None, 'cmake_target_skip_unavailable': False, 'install_base': '/home/alves/ros2_ws/install/robot_ras_ros', 'merge_install': False, 'path': '/home/alves/ros2_ws/src/ras_robot_simulation', 'symlink_install': False, 'test_result_base': None}
[0.226s] Level 5:colcon.colcon_core.verb:set package 'count_action_cpp' build argument 'cmake_args' from command line to 'None'
[0.226s] Level 5:colcon.colcon_core.verb:set package 'count_action_cpp' build argument 'cmake_target' from command line to 'None'
[0.226s] Level 5:colcon.colcon_core.verb:set package 'count_action_cpp' build argument 'cmake_target_skip_unavailable' from command line to 'False'
[0.226s] Level 5:colcon.colcon_core.verb:set package 'count_action_cpp' build argument 'cmake_clean_cache' from command line to 'False'
[0.226s] Level 5:colcon.colcon_core.verb:set package 'count_action_cpp' build argument 'cmake_clean_first' from command line to 'False'
[0.226s] Level 5:colcon.colcon_core.verb:set package 'count_action_cpp' build argument 'cmake_force_configure' from command line to 'False'
[0.226s] Level 5:colcon.colcon_core.verb:set package 'count_action_cpp' build argument 'ament_cmake_args' from command line to 'None'
[0.226s] Level 5:colcon.colcon_core.verb:set package 'count_action_cpp' build argument 'catkin_cmake_args' from command line to 'None'
[0.226s] Level 5:colcon.colcon_core.verb:set package 'count_action_cpp' build argument 'catkin_skip_building_tests' from command line to 'False'
[0.226s] DEBUG:colcon.colcon_core.verb:Building package 'count_action_cpp' with the following arguments: {'ament_cmake_args': None, 'build_base': '/home/alves/ros2_ws/build/count_action_cpp', 'catkin_cmake_args': None, 'catkin_skip_building_tests': False, 'cmake_args': None, 'cmake_clean_cache': False, 'cmake_clean_first': False, 'cmake_force_configure': False, 'cmake_target': None, 'cmake_target_skip_unavailable': False, 'install_base': '/home/alves/ros2_ws/install/count_action_cpp', 'merge_install': False, 'path': '/home/alves/ros2_ws/src/count_action_cpp', 'symlink_install': False, 'test_result_base': None}
[0.226s] INFO:colcon.colcon_core.executor:Executing jobs using 'parallel' executor
[0.227s] DEBUG:colcon.colcon_parallel_executor.executor.parallel:run_until_complete
[0.227s] INFO:colcon.colcon_ros.task.ament_cmake.build:Building ROS package in '/home/alves/ros2_ws/src/count_interfaces' with build type 'ament_cmake'
[0.227s] INFO:colcon.colcon_cmake.task.cmake.build:Building CMake package in '/home/alves/ros2_ws/src/count_interfaces'
[0.228s] INFO:colcon.colcon_core.plugin_system:Skipping extension 'colcon_core.shell.bat': Not used on non-Windows systems
[0.228s] INFO:colcon.colcon_core.shell:Skip shell extension 'powershell' for command environment: Not usable outside of PowerShell
[0.229s] DEBUG:colcon.colcon_core.shell:Skip shell extension 'dsv' for command environment
[0.231s] INFO:colcon.colcon_ros.task.ament_cmake.build:Building ROS package in '/home/alves/ros2_ws/src/dep_example_cpp' with build type 'ament_cmake'
[0.231s] INFO:colcon.colcon_cmake.task.cmake.build:Building CMake package in '/home/alves/ros2_ws/src/dep_example_cpp'
[0.231s] INFO:colcon.colcon_core.shell:Skip shell extension 'powershell' for command environment: Not usable outside of PowerShell
[0.231s] DEBUG:colcon.colcon_core.shell:Skip shell extension 'dsv' for command environment
[0.233s] INFO:colcon.colcon_ros.task.ament_cmake.build:Building ROS package in '/home/alves/ros2_ws/src/robot_ras_decision' with build type 'ament_cmake'
[0.233s] INFO:colcon.colcon_cmake.task.cmake.build:Building CMake package in '/home/alves/ros2_ws/src/robot_ras_decision'
[0.233s] INFO:colcon.colcon_core.shell:Skip shell extension 'powershell' for command environment: Not usable outside of PowerShell
[0.233s] DEBUG:colcon.colcon_core.shell:Skip shell extension 'dsv' for command environment
[0.235s] INFO:colcon.colcon_ros.task.ament_cmake.build:Building ROS package in '/home/alves/ros2_ws/src/ras_robot_simulation' with build type 'ament_cmake'
[0.235s] INFO:colcon.colcon_cmake.task.cmake.build:Building CMake package in '/home/alves/ros2_ws/src/ras_robot_simulation'
[0.236s] INFO:colcon.colcon_core.shell:Skip shell extension 'powershell' for command environment: Not usable outside of PowerShell
[0.236s] DEBUG:colcon.colcon_core.shell:Skip shell extension 'dsv' for command environment
[0.243s] DEBUG:colcon.colcon_core.event_handler.log_command:Invoking command in '/home/alves/ros2_ws/build/count_interfaces': CMAKE_PREFIX_PATH=${CMAKE_PREFIX_PATH}:/opt/ros/humble /usr/bin/cmake --build /home/alves/ros2_ws/build/count_interfaces -- -j16 -l16
[0.248s] DEBUG:colcon.colcon_core.event_handler.log_command:Invoking command in '/home/alves/ros2_ws/build/dep_example_cpp': CMAKE_PREFIX_PATH=${CMAKE_PREFIX_PATH}:/opt/ros/humble /usr/bin/cmake --build /home/alves/ros2_ws/build/dep_example_cpp -- -j16 -l16
[0.250s] DEBUG:colcon.colcon_core.event_handler.log_command:Invoking command in '/home/alves/ros2_ws/build/robot_ras_decision': CMAKE_PREFIX_PATH=${CMAKE_PREFIX_PATH}:/opt/ros/humble /usr/bin/cmake --build /home/alves/ros2_ws/build/robot_ras_decision -- -j16 -l16
[0.253s] DEBUG:colcon.colcon_core.event_handler.log_command:Invoking command in '/home/alves/ros2_ws/build/robot_ras_ros': CMAKE_PREFIX_PATH=${CMAKE_PREFIX_PATH}:/opt/ros/humble /usr/bin/cmake --build /home/alves/ros2_ws/build/robot_ras_ros -- -j16 -l16
[0.276s] DEBUG:colcon.colcon_core.event_handler.log_command:Invoked command in '/home/alves/ros2_ws/build/dep_example_cpp' returned '0': CMAKE_PREFIX_PATH=${CMAKE_PREFIX_PATH}:/opt/ros/humble /usr/bin/cmake --build /home/alves/ros2_ws/build/dep_example_cpp -- -j16 -l16
[0.286s] DEBUG:colcon.colcon_core.event_handler.log_command:Invoking command in '/home/alves/ros2_ws/build/dep_example_cpp': CMAKE_PREFIX_PATH=${CMAKE_PREFIX_PATH}:/opt/ros/humble /usr/bin/cmake --install /home/alves/ros2_ws/build/dep_example_cpp
[0.287s] DEBUG:colcon.colcon_core.event_handler.log_command:Invoked command in '/home/alves/ros2_ws/build/robot_ras_ros' returned '0': CMAKE_PREFIX_PATH=${CMAKE_PREFIX_PATH}:/opt/ros/humble /usr/bin/cmake --build /home/alves/ros2_ws/build/robot_ras_ros -- -j16 -l16
[0.289s] DEBUG:colcon.colcon_core.event_handler.log_command:Invoking command in '/home/alves/ros2_ws/build/robot_ras_ros': CMAKE_PREFIX_PATH=${CMAKE_PREFIX_PATH}:/opt/ros/humble /usr/bin/cmake --install /home/alves/ros2_ws/build/robot_ras_ros
[0.294s] Level 1:colcon.colcon_core.environment:create_environment_scripts_only(dep_example_cpp)
[0.295s] DEBUG:colcon.colcon_core.event_handler.log_command:Invoked command in '/home/alves/ros2_ws/build/dep_example_cpp' returned '0': CMAKE_PREFIX_PATH=${CMAKE_PREFIX_PATH}:/opt/ros/humble /usr/bin/cmake --install /home/alves/ros2_ws/build/dep_example_cpp
[0.298s] Level 1:colcon.colcon_core.environment:checking '/home/alves/ros2_ws/install/dep_example_cpp' for CMake module files
[0.300s] Level 1:colcon.colcon_core.environment:checking '/home/alves/ros2_ws/install/dep_example_cpp' for CMake config files
[0.301s] Level 1:colcon.colcon_core.shell:create_environment_hook('dep_example_cpp', 'cmake_prefix_path')
[0.302s] INFO:colcon.colcon_core.shell:Creating environment hook '/home/alves/ros2_ws/install/dep_example_cpp/share/dep_example_cpp/hook/cmake_prefix_path.ps1'
[0.303s] INFO:colcon.colcon_core.shell:Creating environment descriptor '/home/alves/ros2_ws/install/dep_example_cpp/share/dep_example_cpp/hook/cmake_prefix_path.dsv'
[0.304s] INFO:colcon.colcon_core.shell:Creating environment hook '/home/alves/ros2_ws/install/dep_example_cpp/share/dep_example_cpp/hook/cmake_prefix_path.sh'
[0.305s] Level 1:colcon.colcon_core.environment:checking '/home/alves/ros2_ws/install/dep_example_cpp/bin'
[0.305s] Level 1:colcon.colcon_core.environment:checking '/home/alves/ros2_ws/install/dep_example_cpp/lib/pkgconfig/dep_example_cpp.pc'
[0.305s] Level 1:colcon.colcon_core.environment:checking '/home/alves/ros2_ws/install/dep_example_cpp/lib/python3.10/site-packages'
[0.305s] Level 1:colcon.colcon_core.environment:checking '/home/alves/ros2_ws/install/dep_example_cpp/bin'
[0.305s] INFO:colcon.colcon_core.shell:Creating package script '/home/alves/ros2_ws/install/dep_example_cpp/share/dep_example_cpp/package.ps1'
[0.306s] INFO:colcon.colcon_core.shell:Creating package descriptor '/home/alves/ros2_ws/install/dep_example_cpp/share/dep_example_cpp/package.dsv'
[0.306s] INFO:colcon.colcon_core.shell:Creating package script '/home/alves/ros2_ws/install/dep_example_cpp/share/dep_example_cpp/package.sh'
[0.307s] INFO:colcon.colcon_core.shell:Creating package script '/home/alves/ros2_ws/install/dep_example_cpp/share/dep_example_cpp/package.bash'
[0.307s] INFO:colcon.colcon_core.shell:Creating package script '/home/alves/ros2_ws/install/dep_example_cpp/share/dep_example_cpp/package.zsh'
[0.308s] Level 1:colcon.colcon_core.environment:create_file_with_runtime_dependencies(/home/alves/ros2_ws/install/dep_example_cpp/share/colcon-core/packages/dep_example_cpp)
[0.308s] Level 1:colcon.colcon_core.environment:create_environment_scripts_only(dep_example_cpp)
[0.308s] Level 1:colcon.colcon_core.environment:checking '/home/alves/ros2_ws/install/dep_example_cpp' for CMake module files
[0.308s] Level 1:colcon.colcon_core.environment:checking '/home/alves/ros2_ws/install/dep_example_cpp' for CMake config files
[0.308s] Level 1:colcon.colcon_core.shell:create_environment_hook('dep_example_cpp', 'cmake_prefix_path')
[0.309s] INFO:colcon.colcon_core.shell:Creating environment hook '/home/alves/ros2_ws/install/dep_example_cpp/share/dep_example_cpp/hook/cmake_prefix_path.ps1'
[0.309s] INFO:colcon.colcon_core.shell:Creating environment descriptor '/home/alves/ros2_ws/install/dep_example_cpp/share/dep_example_cpp/hook/cmake_prefix_path.dsv'
[0.309s] INFO:colcon.colcon_core.shell:Creating environment hook '/home/alves/ros2_ws/install/dep_example_cpp/share/dep_example_cpp/hook/cmake_prefix_path.sh'
[0.309s] Level 1:colcon.colcon_core.environment:checking '/home/alves/ros2_ws/install/dep_example_cpp/bin'
[0.309s] Level 1:colcon.colcon_core.environment:checking '/home/alves/ros2_ws/install/dep_example_cpp/lib/pkgconfig/dep_example_cpp.pc'
[0.310s] Level 1:colcon.colcon_core.environment:checking '/home/alves/ros2_ws/install/dep_example_cpp/lib/python3.10/site-packages'
[0.310s] Level 1:colcon.colcon_core.environment:checking '/home/alves/ros2_ws/install/dep_example_cpp/bin'
[0.310s] INFO:colcon.colcon_core.shell:Creating package script '/home/alves/ros2_ws/install/dep_example_cpp/share/dep_example_cpp/package.ps1'
[0.310s] INFO:colcon.colcon_core.shell:Creating package descriptor '/home/alves/ros2_ws/install/dep_example_cpp/share/dep_example_cpp/package.dsv'
[0.311s] INFO:colcon.colcon_core.shell:Creating package script '/home/alves/ros2_ws/install/dep_example_cpp/share/dep_example_cpp/package.sh'
[0.311s] INFO:colcon.colcon_core.shell:Creating package script '/home/alves/ros2_ws/install/dep_example_cpp/share/dep_example_cpp/package.bash'
[0.311s] INFO:colcon.colcon_core.shell:Creating package script '/home/alves/ros2_ws/install/dep_example_cpp/share/dep_example_cpp/package.zsh'
[0.312s] Level 1:colcon.colcon_core.environment:create_file_with_runtime_dependencies(/home/alves/ros2_ws/install/dep_example_cpp/share/colcon-core/packages/dep_example_cpp)
[0.312s] Level 1:colcon.colcon_core.environment:create_environment_scripts_only(robot_ras_ros)
[0.313s] Level 1:colcon.colcon_core.environment:checking '/home/alves/ros2_ws/install/robot_ras_ros' for CMake module files
[0.314s] DEBUG:colcon.colcon_core.event_handler.log_command:Invoked command in '/home/alves/ros2_ws/build/robot_ras_ros' returned '0': CMAKE_PREFIX_PATH=${CMAKE_PREFIX_PATH}:/opt/ros/humble /usr/bin/cmake --install /home/alves/ros2_ws/build/robot_ras_ros
[0.314s] Level 1:colcon.colcon_core.environment:checking '/home/alves/ros2_ws/install/robot_ras_ros' for CMake config files
[0.314s] Level 1:colcon.colcon_core.shell:create_environment_hook('robot_ras_ros', 'cmake_prefix_path')
[0.315s] INFO:colcon.colcon_core.shell:Creating environment hook '/home/alves/ros2_ws/install/robot_ras_ros/share/robot_ras_ros/hook/cmake_prefix_path.ps1'
[0.315s] INFO:colcon.colcon_core.shell:Creating environment descriptor '/home/alves/ros2_ws/install/robot_ras_ros/share/robot_ras_ros/hook/cmake_prefix_path.dsv'
[0.315s] INFO:colcon.colcon_core.shell:Creating environment hook '/home/alves/ros2_ws/install/robot_ras_ros/share/robot_ras_ros/hook/cmake_prefix_path.sh'
[0.315s] Level 1:colcon.colcon_core.environment:checking '/home/alves/ros2_ws/install/robot_ras_ros/bin'
[0.315s] Level 1:colcon.colcon_core.environment:checking '/home/alves/ros2_ws/install/robot_ras_ros/lib/pkgconfig/robot_ras_ros.pc'
[0.316s] Level 1:colcon.colcon_core.environment:checking '/home/alves/ros2_ws/install/robot_ras_ros/lib/python3.10/site-packages'
[0.316s] Level 1:colcon.colcon_core.environment:checking '/home/alves/ros2_ws/install/robot_ras_ros/bin'
[0.316s] INFO:colcon.colcon_core.shell:Creating package script '/home/alves/ros2_ws/install/robot_ras_ros/share/robot_ras_ros/package.ps1'
[0.316s] INFO:colcon.colcon_core.shell:Creating package descriptor '/home/alves/ros2_ws/install/robot_ras_ros/share/robot_ras_ros/package.dsv'
[0.316s] INFO:colcon.colcon_core.shell:Creating package script '/home/alves/ros2_ws/install/robot_ras_ros/share/robot_ras_ros/package.sh'
[0.317s] INFO:colcon.colcon_core.shell:Creating package script '/home/alves/ros2_ws/install/robot_ras_ros/share/robot_ras_ros/package.bash'
[0.317s] INFO:colcon.colcon_core.shell:Creating package script '/home/alves/ros2_ws/install/robot_ras_ros/share/robot_ras_ros/package.zsh'
[0.317s] Level 1:colcon.colcon_core.environment:create_file_with_runtime_dependencies(/home/alves/ros2_ws/install/robot_ras_ros/share/colcon-core/packages/robot_ras_ros)
[0.317s] Level 1:colcon.colcon_core.environment:create_environment_scripts_only(robot_ras_ros)
[0.317s] Level 1:colcon.colcon_core.environment:checking '/home/alves/ros2_ws/install/robot_ras_ros' for CMake module files
[0.318s] Level 1:colcon.colcon_core.environment:checking '/home/alves/ros2_ws/install/robot_ras_ros' for CMake config files
[0.318s] Level 1:colcon.colcon_core.shell:create_environment_hook('robot_ras_ros', 'cmake_prefix_path')
[0.318s] INFO:colcon.colcon_core.shell:Creating environment hook '/home/alves/ros2_ws/install/robot_ras_ros/share/robot_ras_ros/hook/cmake_prefix_path.ps1'
[0.318s] INFO:colcon.colcon_core.shell:Creating environment descriptor '/home/alves/ros2_ws/install/robot_ras_ros/share/robot_ras_ros/hook/cmake_prefix_path.dsv'
[0.318s] INFO:colcon.colcon_core.shell:Creating environment hook '/home/alves/ros2_ws/install/robot_ras_ros/share/robot_ras_ros/hook/cmake_prefix_path.sh'
[0.319s] Level 1:colcon.colcon_core.environment:checking '/home/alves/ros2_ws/install/robot_ras_ros/bin'
[0.319s] Level 1:colcon.colcon_core.environment:checking '/home/alves/ros2_ws/install/robot_ras_ros/lib/pkgconfig/robot_ras_ros.pc'
[0.319s] Level 1:colcon.colcon_core.environment:checking '/home/alves/ros2_ws/install/robot_ras_ros/lib/python3.10/site-packages'
[0.319s] Level 1:colcon.colcon_core.environment:checking '/home/alves/ros2_ws/install/robot_ras_ros/bin'
[0.319s] INFO:colcon.colcon_core.shell:Creating package script '/home/alves/ros2_ws/install/robot_ras_ros/share/robot_ras_ros/package.ps1'
[0.320s] INFO:colcon.colcon_core.shell:Creating package descriptor '/home/alves/ros2_ws/install/robot_ras_ros/share/robot_ras_ros/package.dsv'
[0.320s] INFO:colcon.colcon_core.shell:Creating package script '/home/alves/ros2_ws/install/robot_ras_ros/share/robot_ras_ros/package.sh'
[0.321s] INFO:colcon.colcon_core.shell:Creating package script '/home/alves/ros2_ws/install/robot_ras_ros/share/robot_ras_ros/package.bash'
[0.321s] INFO:colcon.colcon_core.shell:Creating package script '/home/alves/ros2_ws/install/robot_ras_ros/share/robot_ras_ros/package.zsh'
[0.321s] Level 1:colcon.colcon_core.environment:create_file_with_runtime_dependencies(/home/alves/ros2_ws/install/robot_ras_ros/share/colcon-core/packages/robot_ras_ros)
[0.490s] DEBUG:colcon.colcon_core.event_handler.log_command:Invoked command in '/home/alves/ros2_ws/build/robot_ras_decision' returned '0': CMAKE_PREFIX_PATH=${CMAKE_PREFIX_PATH}:/opt/ros/humble /usr/bin/cmake --build /home/alves/ros2_ws/build/robot_ras_decision -- -j16 -l16
[0.492s] DEBUG:colcon.colcon_core.event_handler.log_command:Invoking command in '/home/alves/ros2_ws/build/robot_ras_decision': CMAKE_PREFIX_PATH=${CMAKE_PREFIX_PATH}:/opt/ros/humble /usr/bin/cmake --install /home/alves/ros2_ws/build/robot_ras_decision
[0.539s] Level 1:colcon.colcon_core.environment:create_environment_scripts_only(robot_ras_decision)
[0.539s] Level 1:colcon.colcon_core.environment:checking '/home/alves/ros2_ws/install/robot_ras_decision' for CMake module files
[0.540s] DEBUG:colcon.colcon_core.event_handler.log_command:Invoked command in '/home/alves/ros2_ws/build/robot_ras_decision' returned '0': CMAKE_PREFIX_PATH=${CMAKE_PREFIX_PATH}:/opt/ros/humble /usr/bin/cmake --install /home/alves/ros2_ws/build/robot_ras_decision
[0.540s] Level 1:colcon.colcon_core.environment:checking '/home/alves/ros2_ws/install/robot_ras_decision' for CMake config files
[0.541s] Level 1:colcon.colcon_core.shell:create_environment_hook('robot_ras_decision', 'cmake_prefix_path')
[0.541s] INFO:colcon.colcon_core.shell:Creating environment hook '/home/alves/ros2_ws/install/robot_ras_decision/share/robot_ras_decision/hook/cmake_prefix_path.ps1'
[0.541s] INFO:colcon.colcon_core.shell:Creating environment descriptor '/home/alves/ros2_ws/install/robot_ras_decision/share/robot_ras_decision/hook/cmake_prefix_path.dsv'
[0.541s] INFO:colcon.colcon_core.shell:Creating environment hook '/home/alves/ros2_ws/install/robot_ras_decision/share/robot_ras_decision/hook/cmake_prefix_path.sh'
[0.542s] Level 1:colcon.colcon_core.environment:checking '/home/alves/ros2_ws/install/robot_ras_decision/lib'
[0.542s] Level 1:colcon.colcon_core.shell:create_environment_hook('robot_ras_decision', 'ld_library_path_lib')
[0.542s] INFO:colcon.colcon_core.shell:Creating environment hook '/home/alves/ros2_ws/install/robot_ras_decision/share/robot_ras_decision/hook/ld_library_path_lib.ps1'
[0.543s] INFO:colcon.colcon_core.shell:Creating environment descriptor '/home/alves/ros2_ws/install/robot_ras_decision/share/robot_ras_decision/hook/ld_library_path_lib.dsv'
[0.543s] INFO:colcon.colcon_core.shell:Creating environment hook '/home/alves/ros2_ws/install/robot_ras_decision/share/robot_ras_decision/hook/ld_library_path_lib.sh'
[0.543s] Level 1:colcon.colcon_core.environment:checking '/home/alves/ros2_ws/install/robot_ras_decision/bin'
[0.543s] Level 1:colcon.colcon_core.environment:checking '/home/alves/ros2_ws/install/robot_ras_decision/lib/pkgconfig/robot_ras_decision.pc'
[0.543s] Level 1:colcon.colcon_core.environment:checking '/home/alves/ros2_ws/install/robot_ras_decision/lib/python3.10/site-packages'
[0.544s] Level 1:colcon.colcon_core.environment:checking '/home/alves/ros2_ws/install/robot_ras_decision/bin'
[0.544s] INFO:colcon.colcon_core.shell:Creating package script '/home/alves/ros2_ws/install/robot_ras_decision/share/robot_ras_decision/package.ps1'
[0.544s] INFO:colcon.colcon_core.shell:Creating package descriptor '/home/alves/ros2_ws/install/robot_ras_decision/share/robot_ras_decision/package.dsv'
[0.545s] INFO:colcon.colcon_core.shell:Creating package script '/home/alves/ros2_ws/install/robot_ras_decision/share/robot_ras_decision/package.sh'
[0.545s] INFO:colcon.colcon_core.shell:Creating package script '/home/alves/ros2_ws/install/robot_ras_decision/share/robot_ras_decision/package.bash'
[0.545s] INFO:colcon.colcon_core.shell:Creating package script '/home/alves/ros2_ws/install/robot_ras_decision/share/robot_ras_decision/package.zsh'
[0.546s] Level 1:colcon.colcon_core.environment:create_file_with_runtime_dependencies(/home/alves/ros2_ws/install/robot_ras_decision/share/colcon-core/packages/robot_ras_decision)
[0.546s] Level 1:colcon.colcon_core.environment:create_environment_scripts_only(robot_ras_decision)
[0.546s] Level 1:colcon.colcon_core.environment:checking '/home/alves/ros2_ws/install/robot_ras_decision' for CMake module files
[0.546s] Level 1:colcon.colcon_core.environment:checking '/home/alves/ros2_ws/install/robot_ras_decision' for CMake config files
[0.547s] Level 1:colcon.colcon_core.shell:create_environment_hook('robot_ras_decision', 'cmake_prefix_path')
[0.547s] INFO:colcon.colcon_core.shell:Creating environment hook '/home/alves/ros2_ws/install/robot_ras_decision/share/robot_ras_decision/hook/cmake_prefix_path.ps1'
[0.547s] INFO:colcon.colcon_core.shell:Creating environment descriptor '/home/alves/ros2_ws/install/robot_ras_decision/share/robot_ras_decision/hook/cmake_prefix_path.dsv'
[0.547s] INFO:colcon.colcon_core.shell:Creating environment hook '/home/alves/ros2_ws/install/robot_ras_decision/share/robot_ras_decision/hook/cmake_prefix_path.sh'
[0.548s] Level 1:colcon.colcon_core.environment:checking '/home/alves/ros2_ws/install/robot_ras_decision/lib'
[0.548s] Level 1:colcon.colcon_core.shell:create_environment_hook('robot_ras_decision', 'ld_library_path_lib')
[0.548s] INFO:colcon.colcon_core.shell:Creating environment hook '/home/alves/ros2_ws/install/robot_ras_decision/share/robot_ras_decision/hook/ld_library_path_lib.ps1'
[0.548s] INFO:colcon.colcon_core.shell:Creating environment descriptor '/home/alves/ros2_ws/install/robot_ras_decision/share/robot_ras_decision/hook/ld_library_path_lib.dsv'
[0.548s] INFO:colcon.colcon_core.shell:Creating environment hook '/home/alves/ros2_ws/install/robot_ras_decision/share/robot_ras_decision/hook/ld_library_path_lib.sh'
[0.548s] Level 1:colcon.colcon_core.environment:checking '/home/alves/ros2_ws/install/robot_ras_decision/bin'
[0.549s] Level 1:colcon.colcon_core.environment:checking '/home/alves/ros2_ws/install/robot_ras_decision/lib/pkgconfig/robot_ras_decision.pc'
[0.549s] Level 1:colcon.colcon_core.environment:checking '/home/alves/ros2_ws/install/robot_ras_decision/lib/python3.10/site-packages'
[0.549s] Level 1:colcon.colcon_core.environment:checking '/home/alves/ros2_ws/install/robot_ras_decision/bin'
[0.549s] INFO:colcon.colcon_core.shell:Creating package script '/home/alves/ros2_ws/install/robot_ras_decision/share/robot_ras_decision/package.ps1'
[0.549s] INFO:colcon.colcon_core.shell:Creating package descriptor '/home/alves/ros2_ws/install/robot_ras_decision/share/robot_ras_decision/package.dsv'
[0.550s] INFO:colcon.colcon_core.shell:Creating package script '/home/alves/ros2_ws/install/robot_ras_decision/share/robot_ras_decision/package.sh'
[0.550s] INFO:colcon.colcon_core.shell:Creating package script '/home/alves/ros2_ws/install/robot_ras_decision/share/robot_ras_decision/package.bash'
[0.550s] INFO:colcon.colcon_core.shell:Creating package script '/home/alves/ros2_ws/install/robot_ras_decision/share/robot_ras_decision/package.zsh'
[0.550s] Level 1:colcon.colcon_core.environment:create_file_with_runtime_dependencies(/home/alves/ros2_ws/install/robot_ras_decision/share/colcon-core/packages/robot_ras_decision)
[1.463s] DEBUG:colcon.colcon_core.event_handler.log_command:Invoked command in '/home/alves/ros2_ws/build/count_interfaces' returned '0': CMAKE_PREFIX_PATH=${CMAKE_PREFIX_PATH}:/opt/ros/humble /usr/bin/cmake --build /home/alves/ros2_ws/build/count_interfaces -- -j16 -l16
[1.464s] DEBUG:colcon.colcon_core.event_handler.log_command:Invoking command in '/home/alves/ros2_ws/build/count_interfaces': CMAKE_PREFIX_PATH=${CMAKE_PREFIX_PATH}:/opt/ros/humble /usr/bin/cmake --install /home/alves/ros2_ws/build/count_interfaces
[1.506s] Level 1:colcon.colcon_core.environment:create_environment_scripts_only(count_interfaces)
[1.506s] DEBUG:colcon.colcon_core.event_handler.log_command:Invoked command in '/home/alves/ros2_ws/build/count_interfaces' returned '0': CMAKE_PREFIX_PATH=${CMAKE_PREFIX_PATH}:/opt/ros/humble /usr/bin/cmake --install /home/alves/ros2_ws/build/count_interfaces
[1.506s] Level 1:colcon.colcon_core.environment:checking '/home/alves/ros2_ws/install/count_interfaces' for CMake module files
[1.507s] Level 1:colcon.colcon_core.environment:checking '/home/alves/ros2_ws/install/count_interfaces' for CMake config files
[1.508s] Level 1:colcon.colcon_core.shell:create_environment_hook('count_interfaces', 'cmake_prefix_path')
[1.508s] INFO:colcon.colcon_core.shell:Creating environment hook '/home/alves/ros2_ws/install/count_interfaces/share/count_interfaces/hook/cmake_prefix_path.ps1'
[1.509s] INFO:colcon.colcon_core.shell:Creating environment descriptor '/home/alves/ros2_ws/install/count_interfaces/share/count_interfaces/hook/cmake_prefix_path.dsv'
[1.509s] INFO:colcon.colcon_core.shell:Creating environment hook '/home/alves/ros2_ws/install/count_interfaces/share/count_interfaces/hook/cmake_prefix_path.sh'
[1.510s] Level 1:colcon.colcon_core.environment:checking '/home/alves/ros2_ws/install/count_interfaces/lib'
[1.510s] Level 1:colcon.colcon_core.shell:create_environment_hook('count_interfaces', 'ld_library_path_lib')
[1.510s] INFO:colcon.colcon_core.shell:Creating environment hook '/home/alves/ros2_ws/install/count_interfaces/share/count_interfaces/hook/ld_library_path_lib.ps1'
[1.510s] INFO:colcon.colcon_core.shell:Creating environment descriptor '/home/alves/ros2_ws/install/count_interfaces/share/count_interfaces/hook/ld_library_path_lib.dsv'
[1.511s] INFO:colcon.colcon_core.shell:Creating environment hook '/home/alves/ros2_ws/install/count_interfaces/share/count_interfaces/hook/ld_library_path_lib.sh'
[1.511s] Level 1:colcon.colcon_core.environment:checking '/home/alves/ros2_ws/install/count_interfaces/bin'
[1.511s] Level 1:colcon.colcon_core.environment:checking '/home/alves/ros2_ws/install/count_interfaces/lib/pkgconfig/count_interfaces.pc'
[1.512s] Level 1:colcon.colcon_core.environment:checking '/home/alves/ros2_ws/install/count_interfaces/lib/python3.10/site-packages'
[1.512s] Level 1:colcon.colcon_core.environment:checking '/home/alves/ros2_ws/install/count_interfaces/bin'
[1.512s] INFO:colcon.colcon_core.shell:Creating package script '/home/alves/ros2_ws/install/count_interfaces/share/count_interfaces/package.ps1'
[1.513s] INFO:colcon.colcon_core.shell:Creating package descriptor '/home/alves/ros2_ws/install/count_interfaces/share/count_interfaces/package.dsv'
[1.514s] INFO:colcon.colcon_core.shell:Creating package script '/home/alves/ros2_ws/install/count_interfaces/share/count_interfaces/package.sh'
[1.514s] INFO:colcon.colcon_core.shell:Creating package script '/home/alves/ros2_ws/install/count_interfaces/share/count_interfaces/package.bash'
[1.514s] INFO:colcon.colcon_core.shell:Creating package script '/home/alves/ros2_ws/install/count_interfaces/share/count_interfaces/package.zsh'
[1.514s] Level 1:colcon.colcon_core.environment:create_file_with_runtime_dependencies(/home/alves/ros2_ws/install/count_interfaces/share/colcon-core/packages/count_interfaces)
[1.515s] Level 1:colcon.colcon_core.environment:create_environment_scripts_only(count_interfaces)
[1.515s] Level 1:colcon.colcon_core.environment:checking '/home/alves/ros2_ws/install/count_interfaces' for CMake module files
[1.516s] Level 1:colcon.colcon_core.environment:checking '/home/alves/ros2_ws/install/count_interfaces' for CMake config files
[1.516s] Level 1:colcon.colcon_core.shell:create_environment_hook('count_interfaces', 'cmake_prefix_path')
[1.516s] INFO:colcon.colcon_core.shell:Creating environment hook '/home/alves/ros2_ws/install/count_interfaces/share/count_interfaces/hook/cmake_prefix_path.ps1'
[1.517s] INFO:colcon.colcon_core.shell:Creating environment descriptor '/home/alves/ros2_ws/install/count_interfaces/share/count_interfaces/hook/cmake_prefix_path.dsv'
[1.517s] INFO:colcon.colcon_core.shell:Creating environment hook '/home/alves/ros2_ws/install/count_interfaces/share/count_interfaces/hook/cmake_prefix_path.sh'
[1.518s] Level 1:colcon.colcon_core.environment:checking '/home/alves/ros2_ws/install/count_interfaces/lib'
[1.518s] Level 1:colcon.colcon_core.shell:create_environment_hook('count_interfaces', 'ld_library_path_lib')
[1.518s] INFO:colcon.colcon_core.shell:Creating environment hook '/home/alves/ros2_ws/install/count_interfaces/share/count_interfaces/hook/ld_library_path_lib.ps1'
[1.518s] INFO:colcon.colcon_core.shell:Creating environment descriptor '/home/alves/ros2_ws/install/count_interfaces/share/count_interfaces/hook/ld_library_path_lib.dsv'
[1.519s] INFO:colcon.colcon_core.shell:Creating environment hook '/home/alves/ros2_ws/install/count_interfaces/share/count_interfaces/hook/ld_library_path_lib.sh'
[1.519s] Level 1:colcon.colcon_core.environment:checking '/home/alves/ros2_ws/install/count_interfaces/bin'
[1.519s] Level 1:colcon.colcon_core.environment:checking '/home/alves/ros2_ws/install/count_interfaces/lib/pkgconfig/count_interfaces.pc'
[1.519s] Level 1:colcon.colcon_core.environment:checking '/home/alves/ros2_ws/install/count_interfaces/lib/python3.10/site-packages'
[1.519s] Level 1:colcon.colcon_core.environment:checking '/home/alves/ros2_ws/install/count_interfaces/bin'
[1.520s] INFO:colcon.colcon_core.shell:Creating package script '/home/alves/ros2_ws/install/count_interfaces/share/count_interfaces/package.ps1'
[1.520s] INFO:colcon.colcon_core.shell:Creating package descriptor '/home/alves/ros2_ws/install/count_interfaces/share/count_interfaces/package.dsv'
[1.520s] INFO:colcon.colcon_core.shell:Creating package script '/home/alves/ros2_ws/install/count_interfaces/share/count_interfaces/package.sh'
[1.521s] INFO:colcon.colcon_core.shell:Creating package script '/home/alves/ros2_ws/install/count_interfaces/share/count_interfaces/package.bash'
[1.521s] INFO:colcon.colcon_core.shell:Creating package script '/home/alves/ros2_ws/install/count_interfaces/share/count_interfaces/package.zsh'
[1.521s] Level 1:colcon.colcon_core.environment:create_file_with_runtime_dependencies(/home/alves/ros2_ws/install/count_interfaces/share/colcon-core/packages/count_interfaces)
[1.522s] INFO:colcon.colcon_ros.task.ament_cmake.build:Building ROS package in '/home/alves/ros2_ws/src/count_action_cpp' with build type 'ament_cmake'
[1.522s] INFO:colcon.colcon_cmake.task.cmake.build:Building CMake package in '/home/alves/ros2_ws/src/count_action_cpp'
[1.522s] INFO:colcon.colcon_core.shell:Skip shell extension 'powershell' for command environment: Not usable outside of PowerShell
[1.522s] DEBUG:colcon.colcon_core.shell:Skip shell extension 'dsv' for command environment
[1.532s] DEBUG:colcon.colcon_core.event_handler.log_command:Invoking command in '/home/alves/ros2_ws/build/count_action_cpp': CMAKE_PREFIX_PATH=/home/alves/ros2_ws/install/count_interfaces:/home/alves/ros2_ws/install/robot_ras_ros:/home/alves/ros2_ws/install/robot_ras_decision:/home/alves/ros2_ws/install/dep_example_cpp:/opt/ros/humble /usr/bin/cmake --build /home/alves/ros2_ws/build/count_action_cpp -- -j16 -l16
[1.672s] DEBUG:colcon.colcon_core.event_handler.log_command:Invoked command in '/home/alves/ros2_ws/build/count_action_cpp' returned '2': CMAKE_PREFIX_PATH=/home/alves/ros2_ws/install/count_interfaces:/home/alves/ros2_ws/install/robot_ras_ros:/home/alves/ros2_ws/install/robot_ras_decision:/home/alves/ros2_ws/install/dep_example_cpp:/opt/ros/humble /usr/bin/cmake --build /home/alves/ros2_ws/build/count_action_cpp -- -j16 -l16
[1.673s] Level 1:colcon.colcon_core.environment:create_environment_scripts_only(count_action_cpp)
[1.673s] Level 1:colcon.colcon_core.environment:checking '/home/alves/ros2_ws/install/count_action_cpp' for CMake module files
[1.674s] Level 1:colcon.colcon_core.environment:checking '/home/alves/ros2_ws/install/count_action_cpp' for CMake config files
[1.674s] Level 1:colcon.colcon_core.environment:checking '/home/alves/ros2_ws/install/count_action_cpp/bin'
[1.674s] Level 1:colcon.colcon_core.environment:checking '/home/alves/ros2_ws/install/count_action_cpp/lib/pkgconfig/count_action_cpp.pc'
[1.674s] Level 1:colcon.colcon_core.environment:checking '/home/alves/ros2_ws/install/count_action_cpp/lib/python3.10/site-packages'
[1.674s] Level 1:colcon.colcon_core.environment:checking '/home/alves/ros2_ws/install/count_action_cpp/bin'
[1.675s] INFO:colcon.colcon_core.shell:Creating package script '/home/alves/ros2_ws/install/count_action_cpp/share/count_action_cpp/package.ps1'
[1.675s] INFO:colcon.colcon_core.shell:Creating package descriptor '/home/alves/ros2_ws/install/count_action_cpp/share/count_action_cpp/package.dsv'
[1.676s] INFO:colcon.colcon_core.shell:Creating package script '/home/alves/ros2_ws/install/count_action_cpp/share/count_action_cpp/package.sh'
[1.676s] INFO:colcon.colcon_core.shell:Creating package script '/home/alves/ros2_ws/install/count_action_cpp/share/count_action_cpp/package.bash'
[1.677s] INFO:colcon.colcon_core.shell:Creating package script '/home/alves/ros2_ws/install/count_action_cpp/share/count_action_cpp/package.zsh'
[1.677s] Level 1:colcon.colcon_core.environment:create_file_with_runtime_dependencies(/home/alves/ros2_ws/install/count_action_cpp/share/colcon-core/packages/count_action_cpp)
[1.689s] DEBUG:colcon.colcon_parallel_executor.executor.parallel:closing loop
[1.689s] DEBUG:colcon.colcon_parallel_executor.executor.parallel:loop closed
[1.689s] DEBUG:colcon.colcon_parallel_executor.executor.parallel:run_until_complete finished with '2'
[1.689s] DEBUG:colcon.colcon_core.event_reactor:joining thread
[1.701s] INFO:colcon.colcon_core.plugin_system:Skipping extension 'colcon_notification.desktop_notification.terminal_notifier': Not used on non-Darwin systems
[1.701s] INFO:colcon.colcon_core.plugin_system:Skipping extension 'colcon_notification.desktop_notification.win32': Not used on non-Windows systems
[1.702s] INFO:colcon.colcon_notification.desktop_notification:Sending desktop notification using 'notify2'
[1.733s] DEBUG:colcon.colcon_core.event_reactor:joined thread
[1.733s] INFO:colcon.colcon_core.shell:Creating prefix script '/home/alves/ros2_ws/install/local_setup.ps1'
[1.734s] INFO:colcon.colcon_core.shell:Creating prefix util module '/home/alves/ros2_ws/install/_local_setup_util_ps1.py'
[1.734s] INFO:colcon.colcon_core.shell:Creating prefix chain script '/home/alves/ros2_ws/install/setup.ps1'
[1.735s] INFO:colcon.colcon_core.shell:Creating prefix script '/home/alves/ros2_ws/install/local_setup.sh'
[1.736s] INFO:colcon.colcon_core.shell:Creating prefix util module '/home/alves/ros2_ws/install/_local_setup_util_sh.py'
[1.736s] INFO:colcon.colcon_core.shell:Creating prefix chain script '/home/alves/ros2_ws/install/setup.sh'
[1.737s] INFO:colcon.colcon_core.shell:Creating prefix script '/home/alves/ros2_ws/install/local_setup.bash'
[1.737s] INFO:colcon.colcon_core.shell:Creating prefix chain script '/home/alves/ros2_ws/install/setup.bash'
[1.737s] INFO:colcon.colcon_core.shell:Creating prefix script '/home/alves/ros2_ws/install/local_setup.zsh'
[1.738s] INFO:colcon.colcon_core.shell:Creating prefix chain script '/home/alves/ros2_ws/install/setup.zsh'
