[0.008s] Invoking command in '/home/alves/ros2_ws/build/count_action_cpp': AMENT_PREFIX_PATH=/home/alves/ros2_ws/install/count_interfaces:${AMENT_PREFIX_PATH} CMAKE_PREFIX_PATH=/home/alves/ros2_ws/install/count_interfaces:/opt/ros/humble LD_LIBRARY_PATH=/home/alves/ros2_ws/install/count_interfaces/lib:${LD_LIBRARY_PATH} PYTHONPATH=/home/alves/ros2_ws/install/count_interfaces/local/lib/python3.10/dist-packages:${PYTHONPATH} /usr/bin/cmake --build /home/alves/ros2_ws/build/count_action_cpp -- -j16 -l16
[0.041s] [35m[1mConsolidate compiler generated dependencies of target CountClient[0m
[0.050s] [ 25%] Built target CountClient
[0.058s] [ 50%] Built target action_server
[0.058s] [ 75%] Built target CountServer
[0.058s] [100%] Built target count_server
[0.067s] Invoked command in '/home/alves/ros2_ws/build/count_action_cpp' returned '0': AMENT_PREFIX_PATH=/home/alves/ros2_ws/install/count_interfaces:${AMENT_PREFIX_PATH} CMAKE_PREFIX_PATH=/home/alves/ros2_ws/install/count_interfaces:/opt/ros/humble LD_LIBRARY_PATH=/home/alves/ros2_ws/install/count_interfaces/lib:${LD_LIBRARY_PATH} PYTHONPATH=/home/alves/ros2_ws/install/count_interfaces/local/lib/python3.10/dist-packages:${PYTHONPATH} /usr/bin/cmake --build /home/alves/ros2_ws/build/count_action_cpp -- -j16 -l16
[0.068s] Invoking command in '/home/alves/ros2_ws/build/count_action_cpp': AMENT_PREFIX_PATH=/home/alves/ros2_ws/install/count_interfaces:${AMENT_PREFIX_PATH} CMAKE_PREFIX_PATH=/home/alves/ros2_ws/install/count_interfaces:/opt/ros/humble LD_LIBRARY_PATH=/home/alves/ros2_ws/install/count_interfaces/lib:${LD_LIBRARY_PATH} PYTHONPATH=/home/alves/ros2_ws/install/count_interfaces/local/lib/python3.10/dist-packages:${PYTHONPATH} /usr/bin/cmake --install /home/alves/ros2_ws/build/count_action_cpp
[0.074s] -- Install configuration: ""
[0.074s] -- Up-to-date: /home/alves/ros2_ws/install/count_action_cpp/lib/count_action_cpp/count_server
[0.074s] -- Up-to-date: /home/alves/ros2_ws/install/count_action_cpp/lib/libaction_server.so
[0.075s] -- Up-to-date: /home/alves/ros2_ws/install/count_action_cpp/lib/count_action_cpp/CountServer
[0.075s] -- Up-to-date: /home/alves/ros2_ws/install/count_action_cpp/lib/count_action_cpp/CountClient
[0.075s] -- Up-to-date: /home/alves/ros2_ws/install/count_action_cpp/share/ament_index/resource_index/package_run_dependencies/count_action_cpp
[0.075s] -- Up-to-date: /home/alves/ros2_ws/install/count_action_cpp/share/ament_index/resource_index/parent_prefix_path/count_action_cpp
[0.075s] -- Up-to-date: /home/alves/ros2_ws/install/count_action_cpp/share/count_action_cpp/environment/ament_prefix_path.sh
[0.075s] -- Up-to-date: /home/alves/ros2_ws/install/count_action_cpp/share/count_action_cpp/environment/ament_prefix_path.dsv
[0.076s] -- Up-to-date: /home/alves/ros2_ws/install/count_action_cpp/share/count_action_cpp/environment/path.sh
[0.076s] -- Up-to-date: /home/alves/ros2_ws/install/count_action_cpp/share/count_action_cpp/environment/path.dsv
[0.076s] -- Up-to-date: /home/alves/ros2_ws/install/count_action_cpp/share/count_action_cpp/local_setup.bash
[0.076s] -- Up-to-date: /home/alves/ros2_ws/install/count_action_cpp/share/count_action_cpp/local_setup.sh
[0.076s] -- Up-to-date: /home/alves/ros2_ws/install/count_action_cpp/share/count_action_cpp/local_setup.zsh
[0.076s] -- Up-to-date: /home/alves/ros2_ws/install/count_action_cpp/share/count_action_cpp/local_setup.dsv
[0.076s] -- Installing: /home/alves/ros2_ws/install/count_action_cpp/share/count_action_cpp/package.dsv
[0.076s] -- Up-to-date: /home/alves/ros2_ws/install/count_action_cpp/share/ament_index/resource_index/packages/count_action_cpp
[0.076s] -- Up-to-date: /home/alves/ros2_ws/install/count_action_cpp/share/ament_index/resource_index/rclcpp_components/count_action_cpp
[0.076s] -- Up-to-date: /home/alves/ros2_ws/install/count_action_cpp/share/count_action_cpp/cmake/count_action_cppConfig.cmake
[0.076s] -- Up-to-date: /home/alves/ros2_ws/install/count_action_cpp/share/count_action_cpp/cmake/count_action_cppConfig-version.cmake
[0.076s] -- Up-to-date: /home/alves/ros2_ws/install/count_action_cpp/share/count_action_cpp/package.xml
[0.078s] Invoked command in '/home/alves/ros2_ws/build/count_action_cpp' returned '0': AMENT_PREFIX_PATH=/home/alves/ros2_ws/install/count_interfaces:${AMENT_PREFIX_PATH} CMAKE_PREFIX_PATH=/home/alves/ros2_ws/install/count_interfaces:/opt/ros/humble LD_LIBRARY_PATH=/home/alves/ros2_ws/install/count_interfaces/lib:${LD_LIBRARY_PATH} PYTHONPATH=/home/alves/ros2_ws/install/count_interfaces/local/lib/python3.10/dist-packages:${PYTHONPATH} /usr/bin/cmake --install /home/alves/ros2_ws/build/count_action_cpp
