-- Found ament_cmake: 1.3.11 (/opt/ros/humble/share/ament_cmake/cmake)
-- Override CMake install command with custom implementation using symlinks instead of copying resources
-- Found rclcpp: 16.0.12 (/opt/ros/humble/share/rclcpp/cmake)
-- Found rosidl_generator_c: 3.1.6 (/opt/ros/humble/share/rosidl_generator_c/cmake)
-- Found rosidl_adapter: 3.1.6 (/opt/ros/humble/share/rosidl_adapter/cmake)
-- Found rosidl_generator_cpp: 3.1.6 (/opt/ros/humble/share/rosidl_generator_cpp/cmake)
-- Using all available rosidl_typesupport_c: rosidl_typesupport_fastrtps_c;rosidl_typesupport_introspection_c
-- Using all available rosidl_typesupport_cpp: rosidl_typesupport_fastrtps_cpp;rosidl_typesupport_introspection_cpp
-- Found rmw_implementation_cmake: 6.1.2 (/opt/ros/humble/share/rmw_implementation_cmake/cmake)
-- Found rmw_fastrtps_cpp: 6.2.7 (/opt/ros/humble/share/rmw_fastrtps_cpp/cmake)
-- Using RMW implementation 'rmw_fastrtps_cpp' as default
-- Found sensor_msgs: 4.8.0 (/opt/ros/humble/share/sensor_msgs/cmake)
-- Configuring done
-- Generating done
-- Build files have been written to: /home/alves/ros2_ws/build/robot_ras_decision
[35m[1mConsolidate compiler generated dependencies of target Manager[0m
[35m[1mConsolidate compiler generated dependencies of target MovementControl[0m
[ 25%] [32m[1mLinking CXX executable MovementControl[0m
[ 50%] [32m[1mLinking CXX executable Manager[0m
[ 75%] Built target Manager
[100%] Built target MovementControl
-- Install configuration: ""
-- Execute custom install script
-- Symlinking: /home/alves/ros2_ws/install/robot_ras_decision/lib/robot_ras_decision/MovementControl
-- Symlinking: /home/alves/ros2_ws/install/robot_ras_decision/lib/robot_ras_decision/Manager
-- Symlinking: /home/alves/ros2_ws/install/robot_ras_decision/share/ament_index/resource_index/package_run_dependencies/robot_ras_decision
-- Symlinking: /home/alves/ros2_ws/install/robot_ras_decision/share/ament_index/resource_index/parent_prefix_path/robot_ras_decision
-- Symlinking: /home/alves/ros2_ws/install/robot_ras_decision/share/robot_ras_decision/environment/ament_prefix_path.sh
-- Symlinking: /home/alves/ros2_ws/install/robot_ras_decision/share/robot_ras_decision/environment/ament_prefix_path.dsv
-- Symlinking: /home/alves/ros2_ws/install/robot_ras_decision/share/robot_ras_decision/environment/path.sh
-- Symlinking: /home/alves/ros2_ws/install/robot_ras_decision/share/robot_ras_decision/environment/path.dsv
-- Symlinking: /home/alves/ros2_ws/install/robot_ras_decision/share/robot_ras_decision/local_setup.bash
-- Symlinking: /home/alves/ros2_ws/install/robot_ras_decision/share/robot_ras_decision/local_setup.sh
-- Symlinking: /home/alves/ros2_ws/install/robot_ras_decision/share/robot_ras_decision/local_setup.zsh
-- Symlinking: /home/alves/ros2_ws/install/robot_ras_decision/share/robot_ras_decision/local_setup.dsv
-- Symlinking: /home/alves/ros2_ws/install/robot_ras_decision/share/robot_ras_decision/package.dsv
-- Symlinking: /home/alves/ros2_ws/install/robot_ras_decision/share/ament_index/resource_index/packages/robot_ras_decision
-- Symlinking: /home/alves/ros2_ws/install/robot_ras_decision/share/robot_ras_decision/cmake/robot_ras_decisionConfig.cmake
-- Symlinking: /home/alves/ros2_ws/install/robot_ras_decision/share/robot_ras_decision/cmake/robot_ras_decisionConfig-version.cmake
-- Symlinking: /home/alves/ros2_ws/install/robot_ras_decision/share/robot_ras_decision/package.xml
