-- Found ament_cmake: 1.3.11 (/opt/ros/humble/share/ament_cmake/cmake)
-- Found rclcpp: 16.0.12 (/opt/ros/humble/share/rclcpp/cmake)
-- Found rosidl_generator_c: 3.1.6 (/opt/ros/humble/share/rosidl_generator_c/cmake)
-- Found rosidl_adapter: 3.1.6 (/opt/ros/humble/share/rosidl_adapter/cmake)
-- Found rosidl_generator_cpp: 3.1.6 (/opt/ros/humble/share/rosidl_generator_cpp/cmake)
-- Using all available rosidl_typesupport_c: rosidl_typesupport_fastrtps_c;rosidl_typesupport_introspection_c
-- Using all available rosidl_typesupport_cpp: rosidl_typesupport_fastrtps_cpp;rosidl_typesupport_introspection_cpp
-- Found rmw_implementation_cmake: 6.1.2 (/opt/ros/humble/share/rmw_implementation_cmake/cmake)
-- Found rmw_fastrtps_cpp: 6.2.7 (/opt/ros/humble/share/rmw_fastrtps_cpp/cmake)
-- Using RMW implementation 'rmw_fastrtps_cpp' as default
-- Found rclcpp_action: 16.0.12 (/opt/ros/humble/share/rclcpp_action/cmake)
-- Found count_interfaces: 0.0.0 (/home/alves/ros2_ws/install/count_interfaces/share/count_interfaces/cmake)
-- Found rclcpp_components: 16.0.12 (/opt/ros/humble/share/rclcpp_components/cmake)
-- Found rosidl_default_generators: 1.2.0 (/opt/ros/humble/share/rosidl_default_generators/cmake)
-- Found ament_lint_auto: 0.12.12 (/opt/ros/humble/share/ament_lint_auto/cmake)
-- Added test 'cppcheck' to perform static code analysis on C / C++ code
-- Configured cppcheck include dirs: /home/alves/ros2_ws/src/count_action_cpp/include;$<BUILD_INTERFACE:/home/alves/ros2_ws/src/count_action_cpp/include>
-- Configured cppcheck exclude dirs and/or files: 
-- Added test 'lint_cmake' to check CMake code style
-- Added test 'uncrustify' to check C / C++ code style
-- Configured uncrustify additional arguments: 
-- Added test 'xmllint' to check XML markup files
-- Configuring done
-- Generating done
-- Build files have been written to: /home/alves/ros2_ws/build/count_action_cpp
[35m[1mConsolidate compiler generated dependencies of target action_server[0m
[35m[1mConsolidate compiler generated dependencies of target CountServer[0m
[35m[1mConsolidate compiler generated dependencies of target CountClient[0m
[35m[1mConsolidate compiler generated dependencies of target count_server[0m
[ 12%] [32mBuilding CXX object CMakeFiles/CountServer.dir/src/count_server.cpp.o[0m
[ 25%] [32mBuilding CXX object CMakeFiles/action_server.dir/src/count_server.cpp.o[0m
[ 37%] [32m[1mLinking CXX executable CountClient[0m
[ 62%] Built target count_server
/usr/bin/ld: /usr/lib/gcc/x86_64-linux-gnu/11/../../../x86_64-linux-gnu/Scrt1.o: na função "_start":
(.text+0x1b): referência não definida para "main"
collect2: error: ld returned 1 exit status
gmake[2]: *** [CMakeFiles/CountClient.dir/build.make:177: CountClient] Erro 1
gmake[1]: *** [CMakeFiles/Makefile2:221: CMakeFiles/CountClient.dir/all] Erro 2
gmake[1]: ** Esperando que outros processos terminem.
[01m[K/home/alves/ros2_ws/src/count_action_cpp/src/count_server.cpp:94:69:[m[K [01;31m[Kerror: [m[Kexpected constructor, destructor, or type conversion at end of input
   94 | RCLCPP_COMPONENTS_REGISTER_NODE(count_action_cpp::CountActionServer)
      |                                                                     [01;31m[K^[m[K
[01m[K/home/alves/ros2_ws/src/count_action_cpp/src/count_server.cpp:94:69:[m[K [01;31m[Kerror: [m[Kexpected constructor, destructor, or type conversion at end of input
   94 | RCLCPP_COMPONENTS_REGISTER_NODE(count_action_cpp::CountActionServer)
      |                                                                     [01;31m[K^[m[K
gmake[2]: *** [CMakeFiles/action_server.dir/build.make:76: CMakeFiles/action_server.dir/src/count_server.cpp.o] Erro 1
gmake[1]: *** [CMakeFiles/Makefile2:143: CMakeFiles/action_server.dir/all] Erro 2
gmake[2]: *** [CMakeFiles/CountServer.dir/build.make:76: CMakeFiles/CountServer.dir/src/count_server.cpp.o] Erro 1
gmake[1]: *** [CMakeFiles/Makefile2:195: CMakeFiles/CountServer.dir/all] Erro 2
gmake: *** [Makefile:146: all] Erro 2
