[0.009s] Invoking command in '/home/alves/ros2_ws/build/robot_ras_decision': CMAKE_PREFIX_PATH=/opt/ros/humble /usr/bin/cmake --build /home/alves/ros2_ws/build/robot_ras_decision -- -j16 -l16
[0.069s] [  2%] Built target robot_ras_decision__cpp
[0.076s] [ 11%] Built target robot_ras_decision__rosidl_generator_c
[0.077s] [ 11%] Built target ament_cmake_python_symlink_robot_ras_decision
[0.107s] [ 20%] Built target robot_ras_decision__rosidl_typesupport_c
[0.108s] [ 37%] Built target robot_ras_decision__rosidl_typesupport_cpp
[0.108s] [ 39%] Built target robot_ras_decision__rosidl_typesupport_introspection_c
[0.108s] [ 48%] Built target robot_ras_decision__rosidl_typesupport_introspection_cpp
[0.108s] [ 58%] Built target robot_ras_decision__rosidl_typesupport_fastrtps_cpp
[0.112s] [ 67%] Built target robot_ras_decision__rosidl_typesupport_fastrtps_c
[0.131s] [ 67%] Built target robot_ras_decision
[0.143s] [35m[1mConsolidate compiler generated dependencies of target DecisionNode[0m
[0.150s] [ 69%] Built target robot_ras_decision__py
[0.159s] [ 74%] Built target MotorControllerNode
[0.162s] [ 79%] Built target DecisionNode
[0.170s] [ 86%] Built target robot_ras_decision__rosidl_generator_py
[0.185s] [ 90%] Built target robot_ras_decision__rosidl_typesupport_introspection_c__pyext
[0.189s] [ 95%] Built target robot_ras_decision__rosidl_typesupport_fastrtps_c__pyext
[0.190s] [100%] Built target robot_ras_decision__rosidl_typesupport_c__pyext
[0.255s] running egg_info
[0.255s] writing robot_ras_decision.egg-info/PKG-INFO
[0.256s] writing dependency_links to robot_ras_decision.egg-info/dependency_links.txt
[0.256s] writing top-level names to robot_ras_decision.egg-info/top_level.txt
[0.257s] reading manifest file 'robot_ras_decision.egg-info/SOURCES.txt'
[0.258s] writing manifest file 'robot_ras_decision.egg-info/SOURCES.txt'
[0.275s] [100%] Built target ament_cmake_python_build_robot_ras_decision_egg
[0.286s] Invoked command in '/home/alves/ros2_ws/build/robot_ras_decision' returned '0': CMAKE_PREFIX_PATH=/opt/ros/humble /usr/bin/cmake --build /home/alves/ros2_ws/build/robot_ras_decision -- -j16 -l16
[0.287s] Invoking command in '/home/alves/ros2_ws/build/robot_ras_decision': CMAKE_PREFIX_PATH=/opt/ros/humble /usr/bin/cmake --install /home/alves/ros2_ws/build/robot_ras_decision
[0.294s] -- Install configuration: ""
[0.294s] -- Execute custom install script
[0.294s] -- Up-to-date symlink: /home/alves/ros2_ws/install/robot_ras_decision/share/ament_index/resource_index/rosidl_interfaces/robot_ras_decision
[0.295s] -- Up-to-date symlink: /home/alves/ros2_ws/install/robot_ras_decision/include/robot_ras_decision/robot_ras_decision/msg/detail/movement__functions.h
[0.295s] -- Up-to-date symlink: /home/alves/ros2_ws/install/robot_ras_decision/include/robot_ras_decision/robot_ras_decision/msg/detail/movement__struct.h
[0.295s] -- Up-to-date symlink: /home/alves/ros2_ws/install/robot_ras_decision/include/robot_ras_decision/robot_ras_decision/msg/detail/movement__type_support.h
[0.295s] -- Up-to-date symlink: /home/alves/ros2_ws/install/robot_ras_decision/include/robot_ras_decision/robot_ras_decision/msg/movement.h
[0.295s] -- Up-to-date symlink: /home/alves/ros2_ws/install/robot_ras_decision/include/robot_ras_decision/robot_ras_decision/msg/rosidl_generator_c__visibility_control.h
[0.295s] -- Up-to-date symlink: /home/alves/ros2_ws/install/robot_ras_decision/include/robot_ras_decision/robot_ras_decision/srv/detail/set_velocity__functions.h
[0.295s] -- Up-to-date symlink: /home/alves/ros2_ws/install/robot_ras_decision/include/robot_ras_decision/robot_ras_decision/srv/detail/set_velocity__struct.h
[0.295s] -- Up-to-date symlink: /home/alves/ros2_ws/install/robot_ras_decision/include/robot_ras_decision/robot_ras_decision/srv/detail/set_velocity__type_support.h
[0.296s] -- Up-to-date symlink: /home/alves/ros2_ws/install/robot_ras_decision/include/robot_ras_decision/robot_ras_decision/srv/set_velocity.h
[0.296s] -- Up-to-date symlink: /home/alves/ros2_ws/install/robot_ras_decision/share/robot_ras_decision/environment/library_path.sh
[0.296s] -- Up-to-date symlink: /home/alves/ros2_ws/install/robot_ras_decision/share/robot_ras_decision/environment/library_path.dsv
[0.296s] -- Up-to-date symlink: /home/alves/ros2_ws/install/robot_ras_decision/include/robot_ras_decision/robot_ras_decision/msg/detail/movement__rosidl_typesupport_fastrtps_c.h
[0.296s] -- Up-to-date symlink: /home/alves/ros2_ws/install/robot_ras_decision/include/robot_ras_decision/robot_ras_decision/msg/rosidl_typesupport_fastrtps_c__visibility_control.h
[0.296s] -- Up-to-date symlink: /home/alves/ros2_ws/install/robot_ras_decision/include/robot_ras_decision/robot_ras_decision/srv/detail/set_velocity__rosidl_typesupport_fastrtps_c.h
[0.296s] -- Up-to-date symlink: /home/alves/ros2_ws/install/robot_ras_decision/include/robot_ras_decision/robot_ras_decision/msg/detail/movement__builder.hpp
[0.296s] -- Up-to-date symlink: /home/alves/ros2_ws/install/robot_ras_decision/include/robot_ras_decision/robot_ras_decision/msg/detail/movement__struct.hpp
[0.297s] -- Up-to-date symlink: /home/alves/ros2_ws/install/robot_ras_decision/include/robot_ras_decision/robot_ras_decision/msg/detail/movement__traits.hpp
[0.297s] -- Up-to-date symlink: /home/alves/ros2_ws/install/robot_ras_decision/include/robot_ras_decision/robot_ras_decision/msg/detail/movement__type_support.hpp
[0.297s] -- Up-to-date symlink: /home/alves/ros2_ws/install/robot_ras_decision/include/robot_ras_decision/robot_ras_decision/msg/movement.hpp
[0.297s] -- Up-to-date symlink: /home/alves/ros2_ws/install/robot_ras_decision/include/robot_ras_decision/robot_ras_decision/msg/rosidl_generator_cpp__visibility_control.hpp
[0.297s] -- Up-to-date symlink: /home/alves/ros2_ws/install/robot_ras_decision/include/robot_ras_decision/robot_ras_decision/srv/detail/set_velocity__builder.hpp
[0.297s] -- Up-to-date symlink: /home/alves/ros2_ws/install/robot_ras_decision/include/robot_ras_decision/robot_ras_decision/srv/detail/set_velocity__struct.hpp
[0.297s] -- Up-to-date symlink: /home/alves/ros2_ws/install/robot_ras_decision/include/robot_ras_decision/robot_ras_decision/srv/detail/set_velocity__traits.hpp
[0.297s] -- Up-to-date symlink: /home/alves/ros2_ws/install/robot_ras_decision/include/robot_ras_decision/robot_ras_decision/srv/detail/set_velocity__type_support.hpp
[0.297s] -- Up-to-date symlink: /home/alves/ros2_ws/install/robot_ras_decision/include/robot_ras_decision/robot_ras_decision/srv/set_velocity.hpp
[0.297s] -- Up-to-date symlink: /home/alves/ros2_ws/install/robot_ras_decision/include/robot_ras_decision/robot_ras_decision/msg/detail/movement__rosidl_typesupport_fastrtps_cpp.hpp
[0.297s] -- Up-to-date symlink: /home/alves/ros2_ws/install/robot_ras_decision/include/robot_ras_decision/robot_ras_decision/msg/rosidl_typesupport_fastrtps_cpp__visibility_control.h
[0.298s] -- Up-to-date symlink: /home/alves/ros2_ws/install/robot_ras_decision/include/robot_ras_decision/robot_ras_decision/srv/detail/set_velocity__rosidl_typesupport_fastrtps_cpp.hpp
[0.298s] -- Up-to-date symlink: /home/alves/ros2_ws/install/robot_ras_decision/include/robot_ras_decision/robot_ras_decision/msg/detail/movement__rosidl_typesupport_introspection_c.h
[0.298s] -- Up-to-date symlink: /home/alves/ros2_ws/install/robot_ras_decision/include/robot_ras_decision/robot_ras_decision/msg/rosidl_typesupport_introspection_c__visibility_control.h
[0.298s] -- Up-to-date symlink: /home/alves/ros2_ws/install/robot_ras_decision/include/robot_ras_decision/robot_ras_decision/srv/detail/set_velocity__rosidl_typesupport_introspection_c.h
[0.298s] -- Up-to-date symlink: /home/alves/ros2_ws/install/robot_ras_decision/include/robot_ras_decision/robot_ras_decision/msg/detail/movement__rosidl_typesupport_introspection_cpp.hpp
[0.298s] -- Up-to-date symlink: /home/alves/ros2_ws/install/robot_ras_decision/include/robot_ras_decision/robot_ras_decision/srv/detail/set_velocity__rosidl_typesupport_introspection_cpp.hpp
[0.298s] -- Up-to-date symlink: /home/alves/ros2_ws/install/robot_ras_decision/share/robot_ras_decision/environment/pythonpath.sh
[0.298s] -- Up-to-date symlink: /home/alves/ros2_ws/install/robot_ras_decision/share/robot_ras_decision/environment/pythonpath.dsv
[0.299s] -- Up-to-date symlink: /home/alves/ros2_ws/install/robot_ras_decision/local/lib/python3.10/dist-packages/robot_ras_decision-0.0.0-py3.10.egg-info/PKG-INFO
[0.299s] -- Up-to-date symlink: /home/alves/ros2_ws/install/robot_ras_decision/local/lib/python3.10/dist-packages/robot_ras_decision-0.0.0-py3.10.egg-info/SOURCES.txt
[0.299s] -- Up-to-date symlink: /home/alves/ros2_ws/install/robot_ras_decision/local/lib/python3.10/dist-packages/robot_ras_decision-0.0.0-py3.10.egg-info/dependency_links.txt
[0.299s] -- Up-to-date symlink: /home/alves/ros2_ws/install/robot_ras_decision/local/lib/python3.10/dist-packages/robot_ras_decision-0.0.0-py3.10.egg-info/top_level.txt
[0.299s] -- Up-to-date symlink: /home/alves/ros2_ws/install/robot_ras_decision/local/lib/python3.10/dist-packages/robot_ras_decision/__init__.py
[0.300s] -- Up-to-date symlink: /home/alves/ros2_ws/install/robot_ras_decision/local/lib/python3.10/dist-packages/robot_ras_decision/_robot_ras_decision_s.ep.rosidl_typesupport_c.c
[0.300s] -- Up-to-date symlink: /home/alves/ros2_ws/install/robot_ras_decision/local/lib/python3.10/dist-packages/robot_ras_decision/_robot_ras_decision_s.ep.rosidl_typesupport_fastrtps_c.c
[0.300s] -- Up-to-date symlink: /home/alves/ros2_ws/install/robot_ras_decision/local/lib/python3.10/dist-packages/robot_ras_decision/_robot_ras_decision_s.ep.rosidl_typesupport_introspection_c.c
[0.300s] -- Up-to-date symlink: /home/alves/ros2_ws/install/robot_ras_decision/local/lib/python3.10/dist-packages/robot_ras_decision/librobot_ras_decision__rosidl_generator_py.so
[0.300s] -- Up-to-date symlink: /home/alves/ros2_ws/install/robot_ras_decision/local/lib/python3.10/dist-packages/robot_ras_decision/msg/__init__.py
[0.300s] -- Up-to-date symlink: /home/alves/ros2_ws/install/robot_ras_decision/local/lib/python3.10/dist-packages/robot_ras_decision/msg/_movement.py
[0.300s] -- Up-to-date symlink: /home/alves/ros2_ws/install/robot_ras_decision/local/lib/python3.10/dist-packages/robot_ras_decision/msg/_movement_s.c
[0.300s] -- Up-to-date symlink: /home/alves/ros2_ws/install/robot_ras_decision/local/lib/python3.10/dist-packages/robot_ras_decision/robot_ras_decision_s__rosidl_typesupport_c.cpython-310-x86_64-linux-gnu.so
[0.300s] -- Up-to-date symlink: /home/alves/ros2_ws/install/robot_ras_decision/local/lib/python3.10/dist-packages/robot_ras_decision/robot_ras_decision_s__rosidl_typesupport_fastrtps_c.cpython-310-x86_64-linux-gnu.so
[0.300s] -- Up-to-date symlink: /home/alves/ros2_ws/install/robot_ras_decision/local/lib/python3.10/dist-packages/robot_ras_decision/robot_ras_decision_s__rosidl_typesupport_introspection_c.cpython-310-x86_64-linux-gnu.so
[0.301s] -- Up-to-date symlink: /home/alves/ros2_ws/install/robot_ras_decision/local/lib/python3.10/dist-packages/robot_ras_decision/srv/__init__.py
[0.301s] -- Up-to-date symlink: /home/alves/ros2_ws/install/robot_ras_decision/local/lib/python3.10/dist-packages/robot_ras_decision/srv/_set_velocity.py
[0.301s] -- Up-to-date symlink: /home/alves/ros2_ws/install/robot_ras_decision/local/lib/python3.10/dist-packages/robot_ras_decision/srv/_set_velocity_s.c
[0.301s] -- Up-to-date symlink: /home/alves/ros2_ws/install/robot_ras_decision/local/lib/python3.10/dist-packages/robot_ras_decision/robot_ras_decision_s__rosidl_typesupport_fastrtps_c.cpython-310-x86_64-linux-gnu.so
[0.301s] -- Up-to-date symlink: /home/alves/ros2_ws/install/robot_ras_decision/local/lib/python3.10/dist-packages/robot_ras_decision/robot_ras_decision_s__rosidl_typesupport_introspection_c.cpython-310-x86_64-linux-gnu.so
[0.301s] -- Up-to-date symlink: /home/alves/ros2_ws/install/robot_ras_decision/local/lib/python3.10/dist-packages/robot_ras_decision/robot_ras_decision_s__rosidl_typesupport_c.cpython-310-x86_64-linux-gnu.so
[0.302s] -- Up-to-date symlink: /home/alves/ros2_ws/install/robot_ras_decision/share/robot_ras_decision/msg/Movement.idl
[0.302s] -- Up-to-date symlink: /home/alves/ros2_ws/install/robot_ras_decision/share/robot_ras_decision/srv/SetVelocity.idl
[0.302s] -- Up-to-date symlink: /home/alves/ros2_ws/install/robot_ras_decision/share/robot_ras_decision/msg/Movement.msg
[0.302s] -- Up-to-date symlink: /home/alves/ros2_ws/install/robot_ras_decision/share/robot_ras_decision/srv/SetVelocity.srv
[0.302s] -- Up-to-date symlink: /home/alves/ros2_ws/install/robot_ras_decision/share/robot_ras_decision/srv/SetVelocity_Request.msg
[0.302s] -- Up-to-date symlink: /home/alves/ros2_ws/install/robot_ras_decision/share/robot_ras_decision/srv/SetVelocity_Response.msg
[0.302s] -- Up-to-date symlink: /home/alves/ros2_ws/install/robot_ras_decision/lib/robot_ras_decision/MotorControllerNode
[0.302s] -- Up-to-date symlink: /home/alves/ros2_ws/install/robot_ras_decision/lib/robot_ras_decision/DecisionNode
[0.303s] -- Up-to-date symlink: /home/alves/ros2_ws/install/robot_ras_decision/share/ament_index/resource_index/package_run_dependencies/robot_ras_decision
[0.303s] -- Up-to-date symlink: /home/alves/ros2_ws/install/robot_ras_decision/share/ament_index/resource_index/parent_prefix_path/robot_ras_decision
[0.303s] -- Up-to-date symlink: /home/alves/ros2_ws/install/robot_ras_decision/share/robot_ras_decision/environment/ament_prefix_path.sh
[0.303s] -- Up-to-date symlink: /home/alves/ros2_ws/install/robot_ras_decision/share/robot_ras_decision/environment/ament_prefix_path.dsv
[0.303s] -- Up-to-date symlink: /home/alves/ros2_ws/install/robot_ras_decision/share/robot_ras_decision/environment/path.sh
[0.303s] -- Up-to-date symlink: /home/alves/ros2_ws/install/robot_ras_decision/share/robot_ras_decision/environment/path.dsv
[0.303s] -- Up-to-date symlink: /home/alves/ros2_ws/install/robot_ras_decision/share/robot_ras_decision/local_setup.bash
[0.303s] -- Up-to-date symlink: /home/alves/ros2_ws/install/robot_ras_decision/share/robot_ras_decision/local_setup.sh
[0.303s] -- Up-to-date symlink: /home/alves/ros2_ws/install/robot_ras_decision/share/robot_ras_decision/local_setup.zsh
[0.303s] -- Up-to-date symlink: /home/alves/ros2_ws/install/robot_ras_decision/share/robot_ras_decision/local_setup.dsv
[0.303s] -- Symlinking: /home/alves/ros2_ws/install/robot_ras_decision/share/robot_ras_decision/package.dsv
[0.310s] -- Up-to-date symlink: /home/alves/ros2_ws/install/robot_ras_decision/share/ament_index/resource_index/packages/robot_ras_decision
[0.310s] -- Up-to-date symlink: /home/alves/ros2_ws/install/robot_ras_decision/share/robot_ras_decision/cmake/rosidl_cmake-extras.cmake
[0.310s] -- Up-to-date symlink: /home/alves/ros2_ws/install/robot_ras_decision/share/robot_ras_decision/cmake/ament_cmake_export_include_directories-extras.cmake
[0.310s] -- Up-to-date symlink: /home/alves/ros2_ws/install/robot_ras_decision/share/robot_ras_decision/cmake/ament_cmake_export_libraries-extras.cmake
[0.310s] -- Up-to-date symlink: /home/alves/ros2_ws/install/robot_ras_decision/share/robot_ras_decision/cmake/ament_cmake_export_targets-extras.cmake
[0.310s] -- Up-to-date symlink: /home/alves/ros2_ws/install/robot_ras_decision/share/robot_ras_decision/cmake/rosidl_cmake_export_typesupport_targets-extras.cmake
[0.310s] -- Up-to-date symlink: /home/alves/ros2_ws/install/robot_ras_decision/share/robot_ras_decision/cmake/ament_cmake_export_dependencies-extras.cmake
[0.310s] -- Up-to-date symlink: /home/alves/ros2_ws/install/robot_ras_decision/share/robot_ras_decision/cmake/rosidl_cmake_export_typesupport_libraries-extras.cmake
[0.311s] -- Up-to-date symlink: /home/alves/ros2_ws/install/robot_ras_decision/share/robot_ras_decision/cmake/robot_ras_decisionConfig.cmake
[0.311s] -- Up-to-date symlink: /home/alves/ros2_ws/install/robot_ras_decision/share/robot_ras_decision/cmake/robot_ras_decisionConfig-version.cmake
[0.311s] -- Up-to-date symlink: /home/alves/ros2_ws/install/robot_ras_decision/share/robot_ras_decision/package.xml
[0.311s] -- Up-to-date: /home/alves/ros2_ws/install/robot_ras_decision/lib/librobot_ras_decision__rosidl_generator_c.so
[0.311s] -- Up-to-date: /home/alves/ros2_ws/install/robot_ras_decision/lib/librobot_ras_decision__rosidl_typesupport_fastrtps_c.so
[0.311s] -- Up-to-date: /home/alves/ros2_ws/install/robot_ras_decision/lib/librobot_ras_decision__rosidl_typesupport_fastrtps_cpp.so
[0.312s] -- Up-to-date: /home/alves/ros2_ws/install/robot_ras_decision/lib/librobot_ras_decision__rosidl_typesupport_introspection_c.so
[0.312s] -- Up-to-date: /home/alves/ros2_ws/install/robot_ras_decision/lib/librobot_ras_decision__rosidl_typesupport_c.so
[0.312s] -- Up-to-date: /home/alves/ros2_ws/install/robot_ras_decision/lib/librobot_ras_decision__rosidl_typesupport_introspection_cpp.so
[0.312s] -- Up-to-date: /home/alves/ros2_ws/install/robot_ras_decision/lib/librobot_ras_decision__rosidl_typesupport_cpp.so
[0.333s] Listing '/home/alves/ros2_ws/install/robot_ras_decision/local/lib/python3.10/dist-packages/robot_ras_decision'...
[0.333s] Listing '/home/alves/ros2_ws/install/robot_ras_decision/local/lib/python3.10/dist-packages/robot_ras_decision/msg'...
[0.333s] Listing '/home/alves/ros2_ws/install/robot_ras_decision/local/lib/python3.10/dist-packages/robot_ras_decision/srv'...
[0.336s] -- Up-to-date: /home/alves/ros2_ws/install/robot_ras_decision/lib/librobot_ras_decision__rosidl_generator_py.so
[0.336s] -- Up-to-date: /home/alves/ros2_ws/install/robot_ras_decision/share/robot_ras_decision/cmake/export_robot_ras_decision__rosidl_generator_cExport.cmake
[0.336s] -- Up-to-date: /home/alves/ros2_ws/install/robot_ras_decision/share/robot_ras_decision/cmake/export_robot_ras_decision__rosidl_generator_cExport-noconfig.cmake
[0.336s] -- Up-to-date: /home/alves/ros2_ws/install/robot_ras_decision/share/robot_ras_decision/cmake/export_robot_ras_decision__rosidl_typesupport_fastrtps_cExport.cmake
[0.336s] -- Up-to-date: /home/alves/ros2_ws/install/robot_ras_decision/share/robot_ras_decision/cmake/export_robot_ras_decision__rosidl_typesupport_fastrtps_cExport-noconfig.cmake
[0.336s] -- Up-to-date: /home/alves/ros2_ws/install/robot_ras_decision/share/robot_ras_decision/cmake/export_robot_ras_decision__rosidl_generator_cppExport.cmake
[0.337s] -- Up-to-date: /home/alves/ros2_ws/install/robot_ras_decision/share/robot_ras_decision/cmake/export_robot_ras_decision__rosidl_typesupport_fastrtps_cppExport.cmake
[0.337s] -- Up-to-date: /home/alves/ros2_ws/install/robot_ras_decision/share/robot_ras_decision/cmake/export_robot_ras_decision__rosidl_typesupport_fastrtps_cppExport-noconfig.cmake
[0.337s] -- Up-to-date: /home/alves/ros2_ws/install/robot_ras_decision/share/robot_ras_decision/cmake/robot_ras_decision__rosidl_typesupport_introspection_cExport.cmake
[0.337s] -- Up-to-date: /home/alves/ros2_ws/install/robot_ras_decision/share/robot_ras_decision/cmake/robot_ras_decision__rosidl_typesupport_introspection_cExport-noconfig.cmake
[0.337s] -- Up-to-date: /home/alves/ros2_ws/install/robot_ras_decision/share/robot_ras_decision/cmake/robot_ras_decision__rosidl_typesupport_cExport.cmake
[0.337s] -- Up-to-date: /home/alves/ros2_ws/install/robot_ras_decision/share/robot_ras_decision/cmake/robot_ras_decision__rosidl_typesupport_cExport-noconfig.cmake
[0.337s] -- Up-to-date: /home/alves/ros2_ws/install/robot_ras_decision/share/robot_ras_decision/cmake/robot_ras_decision__rosidl_typesupport_introspection_cppExport.cmake
[0.337s] -- Up-to-date: /home/alves/ros2_ws/install/robot_ras_decision/share/robot_ras_decision/cmake/robot_ras_decision__rosidl_typesupport_introspection_cppExport-noconfig.cmake
[0.337s] -- Up-to-date: /home/alves/ros2_ws/install/robot_ras_decision/share/robot_ras_decision/cmake/robot_ras_decision__rosidl_typesupport_cppExport.cmake
[0.337s] -- Up-to-date: /home/alves/ros2_ws/install/robot_ras_decision/share/robot_ras_decision/cmake/robot_ras_decision__rosidl_typesupport_cppExport-noconfig.cmake
[0.337s] -- Up-to-date: /home/alves/ros2_ws/install/robot_ras_decision/share/robot_ras_decision/cmake/export_robot_ras_decision__rosidl_generator_pyExport.cmake
[0.337s] -- Up-to-date: /home/alves/ros2_ws/install/robot_ras_decision/share/robot_ras_decision/cmake/export_robot_ras_decision__rosidl_generator_pyExport-noconfig.cmake
[0.340s] Invoked command in '/home/alves/ros2_ws/build/robot_ras_decision' returned '0': CMAKE_PREFIX_PATH=/opt/ros/humble /usr/bin/cmake --install /home/alves/ros2_ws/build/robot_ras_decision
