[0.010s] Invoking command in '/home/alves/ros2_ws/build/robot_ras_ros': CMAKE_PREFIX_PATH=/opt/ros/humble /usr/bin/cmake /home/alves/ros2_ws/src/ras_robot_simulation -DCMAKE_INSTALL_PREFIX=/home/alves/ros2_ws/install/robot_ras_ros
[0.024s] -- Found ament_cmake: 1.3.11 (/opt/ros/humble/share/ament_cmake/cmake)
[0.119s] -- Override CMake install command with custom implementation using symlinks instead of copying resources
[0.131s] -- Found rosidl_default_generators: 1.2.0 (/opt/ros/humble/share/rosidl_default_generators/cmake)
[0.133s] -- Using all available rosidl_typesupport_c: rosidl_typesupport_fastrtps_c;rosidl_typesupport_introspection_c
[0.135s] -- Found rosidl_adapter: 3.1.6 (/opt/ros/humble/share/rosidl_adapter/cmake)
[0.160s] -- Using all available rosidl_typesupport_cpp: rosidl_typesupport_fastrtps_cpp;rosidl_typesupport_introspection_cpp
[0.180s] -- Found gazebo_ros: 3.9.0 (/opt/ros/humble/share/gazebo_ros/cmake)
[0.208s] -- Found rmw_implementation_cmake: 6.1.2 (/opt/ros/humble/share/rmw_implementation_cmake/cmake)
[0.209s] -- Found rmw_fastrtps_cpp: 6.2.7 (/opt/ros/humble/share/rmw_fastrtps_cpp/cmake)
[0.290s] -- Using RMW implementation 'rmw_fastrtps_cpp' as default
[0.361s] -- Found DART: /usr/include (Required is at least version "6.6") found components: dart 
[0.387s] -- Found Protobuf: /usr/lib/x86_64-linux-gnu/libprotobuf.so (found version "3.12.4") 
[0.389s] -- Looking for ignition-math6 -- found version 6.15.1
[0.394s] -- Searching for dependencies of ignition-math6
[0.395s] -- Looking for OGRE...
[0.400s] -- Found Ogre Ghadamon (1.9.0)
[0.400s] -- Found OGRE: optimized;/usr/lib/x86_64-linux-gnu/libOgreMain.so;debug;/usr/lib/x86_64-linux-gnu/libOgreMain.so
[0.407s] -- Looking for OGRE_Paging...
[0.408s] -- Found OGRE_Paging: optimized;/usr/lib/x86_64-linux-gnu/libOgrePaging.so;debug;/usr/lib/x86_64-linux-gnu/libOgrePaging.so
[0.408s] -- Looking for OGRE_Terrain...
[0.408s] -- Found OGRE_Terrain: optimized;/usr/lib/x86_64-linux-gnu/libOgreTerrain.so;debug;/usr/lib/x86_64-linux-gnu/libOgreTerrain.so
[0.408s] -- Looking for OGRE_Property...
[0.408s] -- Found OGRE_Property: optimized;/usr/lib/x86_64-linux-gnu/libOgreProperty.so;debug;/usr/lib/x86_64-linux-gnu/libOgreProperty.so
[0.408s] -- Looking for OGRE_RTShaderSystem...
[0.408s] -- Found OGRE_RTShaderSystem: optimized;/usr/lib/x86_64-linux-gnu/libOgreRTShaderSystem.so;debug;/usr/lib/x86_64-linux-gnu/libOgreRTShaderSystem.so
[0.408s] -- Looking for OGRE_Volume...
[0.408s] -- Found OGRE_Volume: optimized;/usr/lib/x86_64-linux-gnu/libOgreVolume.so;debug;/usr/lib/x86_64-linux-gnu/libOgreVolume.so
[0.408s] -- Looking for OGRE_Overlay...
[0.409s] -- Found OGRE_Overlay: optimized;/usr/lib/x86_64-linux-gnu/libOgreOverlay.so;debug;/usr/lib/x86_64-linux-gnu/libOgreOverlay.so
[0.471s] -- Looking for ignition-math6 -- found version 6.15.1
[0.472s] -- Looking for ignition-transport8 -- found version 8.2.1
[0.472s] -- Searching for dependencies of ignition-transport8
[0.484s] -- Found Protobuf: /usr/lib/x86_64-linux-gnu/libprotobuf.so (found suitable version "3.12.4", minimum required is "3") 
[0.490s] -- Config-file not installed for ZeroMQ -- checking for pkg-config
[0.494s] -- Checking for module 'libzmq >= 4'
[0.505s] --   Found libzmq , version 4.3.4
[0.543s] -- Checking for module 'uuid'
[0.553s] --   Found uuid, version 2.37.2
[0.582s] -- Looking for ignition-msgs5 -- found version 5.8.1
[0.582s] -- Searching for dependencies of ignition-msgs5
[0.596s] -- Looking for ignition-math6 -- found version 6.15.1
[0.600s] -- Checking for module 'tinyxml2'
[0.611s] --   Found tinyxml2, version 9.0.0
[0.659s] -- Looking for ignition-msgs5 -- found version 5.8.1
[0.660s] -- Looking for ignition-common3 -- found version 3.14.0
[0.660s] -- Searching for dependencies of ignition-common3
[0.660s] -- Looking for dlfcn.h - found
[0.660s] -- Looking for libdl - found
[0.669s] -- Searching for <ignition-common3> component [graphics]
[0.670s] -- Looking for ignition-common3-graphics -- found version 3.14.0
[0.670s] -- Searching for dependencies of ignition-common3-graphics
[0.670s] -- Looking for ignition-math6 -- found version 6.15.1
[0.671s] -- Looking for ignition-fuel_tools4 -- found version 4.4.0
[0.671s] -- Searching for dependencies of ignition-fuel_tools4
[0.702s] -- Checking for module 'jsoncpp'
[0.718s] --   Found jsoncpp, version 1.9.5
[0.769s] -- Checking for module 'libzip'
[0.779s] --   Found libzip, version 1.7.3
[0.805s] -- Looking for ignition-common3 -- found version 3.14.0
[0.805s] -- Looking for ignition-math6 -- found version 6.15.1
[0.805s] -- Looking for ignition-msgs5 -- found version 5.8.1
[0.808s] -- Gazebo version: 11.10
[0.809s] -- Found robot_state_publisher: 3.0.3 (/opt/ros/humble/share/robot_state_publisher/cmake)
[0.843s] -- Found eigen3_cmake_module: 0.1.1 (/opt/ros/humble/share/eigen3_cmake_module/cmake)
[0.844s] -- Ensuring Eigen3 include directory is part of orocos-kdl CMake target
[0.951s] -- Found xacro: 2.0.13 (/opt/ros/humble/share/xacro/cmake)
[0.951s] -- Found ros2_control: 2.50.0 (/opt/ros/humble/share/ros2_control/cmake)
[0.952s] -- Found ros2_controllers: 2.45.0 (/opt/ros/humble/share/ros2_controllers/cmake)
[0.952s] -- Found gazebo_ros2_control: 0.4.10 (/opt/ros/humble/share/gazebo_ros2_control/cmake)
[1.041s] -- Found ament_lint_auto: 0.12.12 (/opt/ros/humble/share/ament_lint_auto/cmake)
[1.113s] -- Added test 'copyright' to check source files copyright and LICENSE
[1.124s] -- Added test 'flake8' to check Python code syntax and style conventions
[1.125s] -- Added test 'lint_cmake' to check CMake code style
[1.125s] -- Added test 'pep257' to check Python code against some of the docstring style conventions in PEP 257
[1.129s] -- Added test 'xmllint' to check XML markup files
[1.129s] -- Configuring done
[1.134s] -- Generating done
[1.136s] -- Build files have been written to: /home/alves/ros2_ws/build/robot_ras_ros
[1.144s] Invoked command in '/home/alves/ros2_ws/build/robot_ras_ros' returned '0': CMAKE_PREFIX_PATH=/opt/ros/humble /usr/bin/cmake /home/alves/ros2_ws/src/ras_robot_simulation -DCMAKE_INSTALL_PREFIX=/home/alves/ros2_ws/install/robot_ras_ros
[1.146s] Invoking command in '/home/alves/ros2_ws/build/robot_ras_ros': CMAKE_PREFIX_PATH=/opt/ros/humble /usr/bin/cmake --build /home/alves/ros2_ws/build/robot_ras_ros -- -j16 -l16
[1.179s] Invoked command in '/home/alves/ros2_ws/build/robot_ras_ros' returned '0': CMAKE_PREFIX_PATH=/opt/ros/humble /usr/bin/cmake --build /home/alves/ros2_ws/build/robot_ras_ros -- -j16 -l16
[1.187s] Invoking command in '/home/alves/ros2_ws/build/robot_ras_ros': CMAKE_PREFIX_PATH=/opt/ros/humble /usr/bin/cmake --install /home/alves/ros2_ws/build/robot_ras_ros
[1.193s] -- Install configuration: ""
[1.194s] -- Execute custom install script
[1.194s] -- Up-to-date symlink: /home/alves/ros2_ws/install/robot_ras_ros/share/robot_ras_ros/urdf/chassis.xacro
[1.194s] -- Up-to-date symlink: /home/alves/ros2_ws/install/robot_ras_ros/share/robot_ras_ros/urdf/gazebo_elementos.xacro
[1.194s] -- Up-to-date symlink: /home/alves/ros2_ws/install/robot_ras_ros/share/robot_ras_ros/urdf/lidar.xacro
[1.194s] -- Up-to-date symlink: /home/alves/ros2_ws/install/robot_ras_ros/share/robot_ras_ros/urdf/materiais.xacro
[1.194s] -- Up-to-date symlink: /home/alves/ros2_ws/install/robot_ras_ros/share/robot_ras_ros/urdf/propriedades.xacro
[1.194s] -- Up-to-date symlink: /home/alves/ros2_ws/install/robot_ras_ros/share/robot_ras_ros/urdf/robot.urdf.xacro
[1.194s] -- Up-to-date symlink: /home/alves/ros2_ws/install/robot_ras_ros/share/robot_ras_ros/urdf/roda.xacro
[1.194s] -- Up-to-date symlink: /home/alves/ros2_ws/install/robot_ras_ros/share/robot_ras_ros/urdf/roda_boba.xacro
[1.195s] -- Up-to-date symlink: /home/alves/ros2_ws/install/robot_ras_ros/share/robot_ras_ros/launch/gazebo.launch.py
[1.195s] -- Up-to-date symlink: /home/alves/ros2_ws/install/robot_ras_ros/share/robot_ras_ros/launch/spawn.launch.py
[1.195s] -- Up-to-date symlink: /home/alves/ros2_ws/install/robot_ras_ros/share/robot_ras_ros/worlds/hacka_labirinth.world
[1.195s] -- Up-to-date symlink: /home/alves/ros2_ws/install/robot_ras_ros/share/robot_ras_ros/worlds/labirinth.world
[1.195s] -- Up-to-date symlink: /home/alves/ros2_ws/install/robot_ras_ros/share/robot_ras_ros/params/ros2_control.yaml
[1.195s] -- Up-to-date symlink: /home/alves/ros2_ws/install/robot_ras_ros/share/robot_ras_ros/rviz/default.rviz
[1.195s] -- Up-to-date symlink: /home/alves/ros2_ws/install/robot_ras_ros/share/robot_ras_ros/models/hacka_labirinth/model.config
[1.195s] -- Up-to-date symlink: /home/alves/ros2_ws/install/robot_ras_ros/share/robot_ras_ros/models/hacka_labirinth/model.sdf
[1.195s] -- Up-to-date symlink: /home/alves/ros2_ws/install/robot_ras_ros/share/robot_ras_ros/models/hacka_wall/model.config
[1.195s] -- Up-to-date symlink: /home/alves/ros2_ws/install/robot_ras_ros/share/robot_ras_ros/models/hacka_wall/model.sdf
[1.195s] -- Up-to-date symlink: /home/alves/ros2_ws/install/robot_ras_ros/share/robot_ras_ros/models/labirinth/model.config
[1.195s] -- Up-to-date symlink: /home/alves/ros2_ws/install/robot_ras_ros/share/robot_ras_ros/models/labirinth/model.sdf
[1.196s] -- Up-to-date symlink: /home/alves/ros2_ws/install/robot_ras_ros/share/robot_ras_ros/models/walls/model.config
[1.196s] -- Up-to-date symlink: /home/alves/ros2_ws/install/robot_ras_ros/share/robot_ras_ros/models/walls/model.sdf
[1.196s] -- Up-to-date symlink: /home/alves/ros2_ws/install/robot_ras_ros/share/robot_ras_ros/package.xml
[1.196s] -- Up-to-date symlink: /home/alves/ros2_ws/install/robot_ras_ros/share/ament_index/resource_index/package_run_dependencies/robot_ras_ros
[1.196s] -- Up-to-date symlink: /home/alves/ros2_ws/install/robot_ras_ros/share/ament_index/resource_index/parent_prefix_path/robot_ras_ros
[1.196s] -- Up-to-date symlink: /home/alves/ros2_ws/install/robot_ras_ros/share/robot_ras_ros/environment/ament_prefix_path.sh
[1.196s] -- Up-to-date symlink: /home/alves/ros2_ws/install/robot_ras_ros/share/robot_ras_ros/environment/ament_prefix_path.dsv
[1.196s] -- Up-to-date symlink: /home/alves/ros2_ws/install/robot_ras_ros/share/robot_ras_ros/environment/path.sh
[1.196s] -- Up-to-date symlink: /home/alves/ros2_ws/install/robot_ras_ros/share/robot_ras_ros/environment/path.dsv
[1.196s] -- Up-to-date symlink: /home/alves/ros2_ws/install/robot_ras_ros/share/robot_ras_ros/local_setup.bash
[1.196s] -- Up-to-date symlink: /home/alves/ros2_ws/install/robot_ras_ros/share/robot_ras_ros/local_setup.sh
[1.196s] -- Up-to-date symlink: /home/alves/ros2_ws/install/robot_ras_ros/share/robot_ras_ros/local_setup.zsh
[1.196s] -- Up-to-date symlink: /home/alves/ros2_ws/install/robot_ras_ros/share/robot_ras_ros/local_setup.dsv
[1.197s] -- Symlinking: /home/alves/ros2_ws/install/robot_ras_ros/share/robot_ras_ros/package.dsv
[1.204s] -- Up-to-date symlink: /home/alves/ros2_ws/install/robot_ras_ros/share/ament_index/resource_index/packages/robot_ras_ros
[1.204s] -- Up-to-date symlink: /home/alves/ros2_ws/install/robot_ras_ros/share/robot_ras_ros/cmake/robot_ras_rosConfig.cmake
[1.204s] -- Up-to-date symlink: /home/alves/ros2_ws/install/robot_ras_ros/share/robot_ras_ros/cmake/robot_ras_rosConfig-version.cmake
[1.204s] -- Up-to-date symlink: /home/alves/ros2_ws/install/robot_ras_ros/share/robot_ras_ros/package.xml
[1.206s] Invoked command in '/home/alves/ros2_ws/build/robot_ras_ros' returned '0': CMAKE_PREFIX_PATH=/opt/ros/humble /usr/bin/cmake --install /home/alves/ros2_ws/build/robot_ras_ros
