[0.009s] Invoking command in '/home/alves/ros2_ws/build/robot_ras_ros': CMAKE_PREFIX_PATH=${CMAKE_PREFIX_PATH}:/opt/ros/humble /usr/bin/cmake /home/alves/ros2_ws/src/ras_robot_simulation -DAMENT_CMAKE_SYMLINK_INSTALL=1 -DCMAKE_INSTALL_PREFIX=/home/alves/ros2_ws/install/robot_ras_ros
[0.025s] -- Found ament_cmake: 1.3.11 (/opt/ros/humble/share/ament_cmake/cmake)
[0.145s] -- Override CMake install command with custom implementation using symlinks instead of copying resources
[0.155s] -- Found rosidl_default_generators: 1.2.0 (/opt/ros/humble/share/rosidl_default_generators/cmake)
[0.157s] -- Using all available rosidl_typesupport_c: rosidl_typesupport_fastrtps_c;rosidl_typesupport_introspection_c
[0.160s] -- Found rosidl_adapter: 3.1.6 (/opt/ros/humble/share/rosidl_adapter/cmake)
[0.189s] -- Using all available rosidl_typesupport_cpp: rosidl_typesupport_fastrtps_cpp;rosidl_typesupport_introspection_cpp
[0.210s] -- Found gazebo_ros: 3.9.0 (/opt/ros/humble/share/gazebo_ros/cmake)
[0.249s] -- Found rmw_implementation_cmake: 6.1.2 (/opt/ros/humble/share/rmw_implementation_cmake/cmake)
[0.250s] -- Found rmw_fastrtps_cpp: 6.2.7 (/opt/ros/humble/share/rmw_fastrtps_cpp/cmake)
[0.337s] -- Using RMW implementation 'rmw_fastrtps_cpp' as default
[0.413s] -- Found DART: /usr/include (Required is at least version "6.6") found components: dart 
[0.463s] -- Found Protobuf: /usr/lib/x86_64-linux-gnu/libprotobuf.so (found version "3.12.4") 
[0.464s] -- Looking for ignition-math6 -- found version 6.15.1
[0.470s] -- Searching for dependencies of ignition-math6
[0.471s] -- Looking for OGRE...
[0.477s] -- Found Ogre Ghadamon (1.9.0)
[0.477s] -- Found OGRE: optimized;/usr/lib/x86_64-linux-gnu/libOgreMain.so;debug;/usr/lib/x86_64-linux-gnu/libOgreMain.so
[0.485s] -- Looking for OGRE_Paging...
[0.485s] -- Found OGRE_Paging: optimized;/usr/lib/x86_64-linux-gnu/libOgrePaging.so;debug;/usr/lib/x86_64-linux-gnu/libOgrePaging.so
[0.486s] -- Looking for OGRE_Terrain...
[0.486s] -- Found OGRE_Terrain: optimized;/usr/lib/x86_64-linux-gnu/libOgreTerrain.so;debug;/usr/lib/x86_64-linux-gnu/libOgreTerrain.so
[0.486s] -- Looking for OGRE_Property...
[0.486s] -- Found OGRE_Property: optimized;/usr/lib/x86_64-linux-gnu/libOgreProperty.so;debug;/usr/lib/x86_64-linux-gnu/libOgreProperty.so
[0.486s] -- Looking for OGRE_RTShaderSystem...
[0.486s] -- Found OGRE_RTShaderSystem: optimized;/usr/lib/x86_64-linux-gnu/libOgreRTShaderSystem.so;debug;/usr/lib/x86_64-linux-gnu/libOgreRTShaderSystem.so
[0.486s] -- Looking for OGRE_Volume...
[0.486s] -- Found OGRE_Volume: optimized;/usr/lib/x86_64-linux-gnu/libOgreVolume.so;debug;/usr/lib/x86_64-linux-gnu/libOgreVolume.so
[0.486s] -- Looking for OGRE_Overlay...
[0.487s] -- Found OGRE_Overlay: optimized;/usr/lib/x86_64-linux-gnu/libOgreOverlay.so;debug;/usr/lib/x86_64-linux-gnu/libOgreOverlay.so
[0.568s] -- Looking for ignition-math6 -- found version 6.15.1
[0.569s] -- Looking for ignition-transport8 -- found version 8.2.1
[0.570s] -- Searching for dependencies of ignition-transport8
[0.583s] -- Found Protobuf: /usr/lib/x86_64-linux-gnu/libprotobuf.so (found suitable version "3.12.4", minimum required is "3") 
[0.592s] -- Config-file not installed for ZeroMQ -- checking for pkg-config
[0.598s] -- Checking for module 'libzmq >= 4'
[0.614s] --   Found libzmq , version 4.3.4
[0.661s] -- Checking for module 'uuid'
[0.675s] --   Found uuid, version 2.37.2
[0.710s] -- Looking for ignition-msgs5 -- found version 5.8.1
[0.710s] -- Searching for dependencies of ignition-msgs5
[0.730s] -- Looking for ignition-math6 -- found version 6.15.1
[0.735s] -- Checking for module 'tinyxml2'
[0.749s] --   Found tinyxml2, version 9.0.0
[0.779s] -- Looking for ignition-msgs5 -- found version 5.8.1
[0.779s] -- Looking for ignition-common3 -- found version 3.14.0
[0.780s] -- Searching for dependencies of ignition-common3
[0.780s] -- Looking for dlfcn.h - found
[0.780s] -- Looking for libdl - found
[0.790s] -- Searching for <ignition-common3> component [graphics]
[0.791s] -- Looking for ignition-common3-graphics -- found version 3.14.0
[0.792s] -- Searching for dependencies of ignition-common3-graphics
[0.792s] -- Looking for ignition-math6 -- found version 6.15.1
[0.793s] -- Looking for ignition-fuel_tools4 -- found version 4.4.0
[0.793s] -- Searching for dependencies of ignition-fuel_tools4
[0.830s] -- Checking for module 'jsoncpp'
[0.844s] --   Found jsoncpp, version 1.9.5
[0.886s] -- Checking for module 'libzip'
[0.900s] --   Found libzip, version 1.7.3
[0.931s] -- Looking for ignition-common3 -- found version 3.14.0
[0.931s] -- Looking for ignition-math6 -- found version 6.15.1
[0.932s] -- Looking for ignition-msgs5 -- found version 5.8.1
[0.933s] -- Gazebo version: 11.10
[0.935s] -- Found robot_state_publisher: 3.0.3 (/opt/ros/humble/share/robot_state_publisher/cmake)
[0.951s] -- Found eigen3_cmake_module: 0.1.1 (/opt/ros/humble/share/eigen3_cmake_module/cmake)
[0.953s] -- Ensuring Eigen3 include directory is part of orocos-kdl CMake target
[1.076s] -- Found xacro: 2.0.13 (/opt/ros/humble/share/xacro/cmake)
[1.077s] -- Found ros2_control: 2.50.0 (/opt/ros/humble/share/ros2_control/cmake)
[1.078s] -- Found ros2_controllers: 2.45.0 (/opt/ros/humble/share/ros2_controllers/cmake)
[1.078s] -- Found gazebo_ros2_control: 0.4.10 (/opt/ros/humble/share/gazebo_ros2_control/cmake)
[1.185s] -- Found ament_lint_auto: 0.12.12 (/opt/ros/humble/share/ament_lint_auto/cmake)
[1.252s] -- Added test 'copyright' to check source files copyright and LICENSE
[1.258s] -- Added test 'flake8' to check Python code syntax and style conventions
[1.259s] -- Added test 'lint_cmake' to check CMake code style
[1.260s] -- Added test 'pep257' to check Python code against some of the docstring style conventions in PEP 257
[1.263s] -- Added test 'xmllint' to check XML markup files
[1.264s] -- Configuring done
[1.269s] -- Generating done
[1.271s] -- Build files have been written to: /home/alves/ros2_ws/build/robot_ras_ros
[1.281s] Invoked command in '/home/alves/ros2_ws/build/robot_ras_ros' returned '0': CMAKE_PREFIX_PATH=${CMAKE_PREFIX_PATH}:/opt/ros/humble /usr/bin/cmake /home/alves/ros2_ws/src/ras_robot_simulation -DAMENT_CMAKE_SYMLINK_INSTALL=1 -DCMAKE_INSTALL_PREFIX=/home/alves/ros2_ws/install/robot_ras_ros
[1.283s] Invoking command in '/home/alves/ros2_ws/build/robot_ras_ros': CMAKE_PREFIX_PATH=${CMAKE_PREFIX_PATH}:/opt/ros/humble /usr/bin/cmake --build /home/alves/ros2_ws/build/robot_ras_ros -- -j16 -l16
[1.324s] Invoked command in '/home/alves/ros2_ws/build/robot_ras_ros' returned '0': CMAKE_PREFIX_PATH=${CMAKE_PREFIX_PATH}:/opt/ros/humble /usr/bin/cmake --build /home/alves/ros2_ws/build/robot_ras_ros -- -j16 -l16
[1.328s] Invoking command in '/home/alves/ros2_ws/build/robot_ras_ros': CMAKE_PREFIX_PATH=${CMAKE_PREFIX_PATH}:/opt/ros/humble /usr/bin/cmake --install /home/alves/ros2_ws/build/robot_ras_ros
[1.340s] -- Install configuration: ""
[1.341s] -- Execute custom install script
[1.342s] -- Symlinking: /home/alves/ros2_ws/install/robot_ras_ros/share/robot_ras_ros/urdf/chassis.xacro
[1.350s] -- Symlinking: /home/alves/ros2_ws/install/robot_ras_ros/share/robot_ras_ros/urdf/gazebo_elementos.xacro
[1.356s] -- Symlinking: /home/alves/ros2_ws/install/robot_ras_ros/share/robot_ras_ros/urdf/lidar.xacro
[1.363s] -- Symlinking: /home/alves/ros2_ws/install/robot_ras_ros/share/robot_ras_ros/urdf/materiais.xacro
[1.373s] -- Symlinking: /home/alves/ros2_ws/install/robot_ras_ros/share/robot_ras_ros/urdf/propriedades.xacro
[1.384s] -- Symlinking: /home/alves/ros2_ws/install/robot_ras_ros/share/robot_ras_ros/urdf/robot.urdf.xacro
[1.394s] -- Symlinking: /home/alves/ros2_ws/install/robot_ras_ros/share/robot_ras_ros/urdf/roda.xacro
[1.403s] -- Symlinking: /home/alves/ros2_ws/install/robot_ras_ros/share/robot_ras_ros/urdf/roda_boba.xacro
[1.412s] -- Symlinking: /home/alves/ros2_ws/install/robot_ras_ros/share/robot_ras_ros/launch/gazebo.launch.py
[1.427s] -- Symlinking: /home/alves/ros2_ws/install/robot_ras_ros/share/robot_ras_ros/launch/spawn.launch.py
[1.448s] -- Symlinking: /home/alves/ros2_ws/install/robot_ras_ros/share/robot_ras_ros/worlds/hacka_labirinth.world
[1.458s] -- Symlinking: /home/alves/ros2_ws/install/robot_ras_ros/share/robot_ras_ros/worlds/labirinth.world
[1.464s] -- Symlinking: /home/alves/ros2_ws/install/robot_ras_ros/share/robot_ras_ros/params/ros2_control.yaml
[1.471s] -- Symlinking: /home/alves/ros2_ws/install/robot_ras_ros/share/robot_ras_ros/rviz/default.rviz
[1.480s] -- Symlinking: /home/alves/ros2_ws/install/robot_ras_ros/share/robot_ras_ros/models/hacka_labirinth/model.config
[1.490s] -- Symlinking: /home/alves/ros2_ws/install/robot_ras_ros/share/robot_ras_ros/models/hacka_labirinth/model.sdf
[1.501s] -- Symlinking: /home/alves/ros2_ws/install/robot_ras_ros/share/robot_ras_ros/models/hacka_wall/model.config
[1.509s] -- Symlinking: /home/alves/ros2_ws/install/robot_ras_ros/share/robot_ras_ros/models/hacka_wall/model.sdf
[1.517s] -- Symlinking: /home/alves/ros2_ws/install/robot_ras_ros/share/robot_ras_ros/models/labirinth/model.config
[1.535s] -- Symlinking: /home/alves/ros2_ws/install/robot_ras_ros/share/robot_ras_ros/models/labirinth/model.sdf
[1.546s] -- Symlinking: /home/alves/ros2_ws/install/robot_ras_ros/share/robot_ras_ros/models/walls/model.config
[1.556s] -- Symlinking: /home/alves/ros2_ws/install/robot_ras_ros/share/robot_ras_ros/models/walls/model.sdf
[1.563s] -- Symlinking: /home/alves/ros2_ws/install/robot_ras_ros/share/robot_ras_ros/package.xml
[1.568s] -- Symlinking: /home/alves/ros2_ws/install/robot_ras_ros/share/ament_index/resource_index/package_run_dependencies/robot_ras_ros
[1.577s] -- Symlinking: /home/alves/ros2_ws/install/robot_ras_ros/share/ament_index/resource_index/parent_prefix_path/robot_ras_ros
[1.589s] -- Symlinking: /home/alves/ros2_ws/install/robot_ras_ros/share/robot_ras_ros/environment/ament_prefix_path.sh
[1.602s] -- Symlinking: /home/alves/ros2_ws/install/robot_ras_ros/share/robot_ras_ros/environment/ament_prefix_path.dsv
[1.616s] -- Symlinking: /home/alves/ros2_ws/install/robot_ras_ros/share/robot_ras_ros/environment/path.sh
[1.638s] -- Symlinking: /home/alves/ros2_ws/install/robot_ras_ros/share/robot_ras_ros/environment/path.dsv
[1.659s] -- Symlinking: /home/alves/ros2_ws/install/robot_ras_ros/share/robot_ras_ros/local_setup.bash
[1.665s] -- Symlinking: /home/alves/ros2_ws/install/robot_ras_ros/share/robot_ras_ros/local_setup.sh
[1.673s] -- Symlinking: /home/alves/ros2_ws/install/robot_ras_ros/share/robot_ras_ros/local_setup.zsh
[1.680s] -- Symlinking: /home/alves/ros2_ws/install/robot_ras_ros/share/robot_ras_ros/local_setup.dsv
[1.687s] -- Symlinking: /home/alves/ros2_ws/install/robot_ras_ros/share/robot_ras_ros/package.dsv
[1.697s] -- Symlinking: /home/alves/ros2_ws/install/robot_ras_ros/share/ament_index/resource_index/packages/robot_ras_ros
[1.712s] -- Symlinking: /home/alves/ros2_ws/install/robot_ras_ros/share/robot_ras_ros/cmake/robot_ras_rosConfig.cmake
[1.735s] -- Symlinking: /home/alves/ros2_ws/install/robot_ras_ros/share/robot_ras_ros/cmake/robot_ras_rosConfig-version.cmake
[1.758s] -- Up-to-date symlink: /home/alves/ros2_ws/install/robot_ras_ros/share/robot_ras_ros/package.xml
[1.763s] Invoked command in '/home/alves/ros2_ws/build/robot_ras_ros' returned '0': CMAKE_PREFIX_PATH=${CMAKE_PREFIX_PATH}:/opt/ros/humble /usr/bin/cmake --install /home/alves/ros2_ws/build/robot_ras_ros
