[0.009s] Invoking command in '/home/alves/ros2_ws/build/robot_ras_decision': CMAKE_PREFIX_PATH=/opt/ros/humble /usr/bin/cmake --build /home/alves/ros2_ws/build/robot_ras_decision -- -j16 -l16
[0.081s] [  9%] Built target robot_ras_decision__rosidl_generator_c
[0.083s] [ 11%] Built target robot_ras_decision__cpp
[0.098s] [ 11%] Built target ament_cmake_python_symlink_robot_ras_decision
[0.119s] [ 27%] Built target robot_ras_decision__rosidl_typesupport_fastrtps_c
[0.119s] [ 30%] Built target robot_ras_decision__rosidl_typesupport_introspection_c
[0.119s] [ 39%] Built target robot_ras_decision__rosidl_typesupport_c
[0.123s] [ 48%] Built target robot_ras_decision__rosidl_typesupport_introspection_cpp
[0.124s] [ 58%] Built target robot_ras_decision__rosidl_typesupport_fastrtps_cpp
[0.124s] [ 67%] Built target robot_ras_decision__rosidl_typesupport_cpp
[0.141s] [ 67%] Built target robot_ras_decision
[0.150s] [35m[1mConsolidate compiler generated dependencies of target MotorControllerNode[0m
[0.155s] [35m[1mConsolidate compiler generated dependencies of target DecisionNode[0m
[0.157s] [ 69%] Built target robot_ras_decision__py
[0.164s] [ 72%] [32mBuilding CXX object CMakeFiles/MotorControllerNode.dir/src/motor_controller_node.cpp.o[0m
[0.168s] [ 74%] [32mBuilding CXX object CMakeFiles/DecisionNode.dir/src/decision_node.cpp.o[0m
[0.176s] [ 81%] Built target robot_ras_decision__rosidl_generator_py
[0.194s] [ 86%] Built target robot_ras_decision__rosidl_typesupport_fastrtps_c__pyext
[0.194s] [ 90%] Built target robot_ras_decision__rosidl_typesupport_introspection_c__pyext
[0.198s] [ 95%] Built target robot_ras_decision__rosidl_typesupport_c__pyext
[0.278s] running egg_info
[0.278s] writing robot_ras_decision.egg-info/PKG-INFO
[0.278s] writing dependency_links to robot_ras_decision.egg-info/dependency_links.txt
[0.278s] writing top-level names to robot_ras_decision.egg-info/top_level.txt
[0.280s] reading manifest file 'robot_ras_decision.egg-info/SOURCES.txt'
[0.281s] writing manifest file 'robot_ras_decision.egg-info/SOURCES.txt'
[0.306s] [ 95%] Built target ament_cmake_python_build_robot_ras_decision_egg
[1.958s] [01m[K/home/alves/ros2_ws/src/robot_ras_decision/src/decision_node.cpp:[m[K In member function ‘[01m[Kvoid DecisionNode::movement_callback()[m[K’:
[1.958s] [01m[K/home/alves/ros2_ws/src/robot_ras_decision/src/decision_node.cpp:97:34:[m[K [01;31m[Kerror: [m[Kno matching function for call to ‘[01m[Krclcpp::Publisher<std_msgs::msg::String_<std::allocator<void> > >::publish(robot_ras_decision::msg::Movement_<std::allocator<void> >&)[m[K’
[1.959s]    97 |             [01;31m[Kpub_manager_->publish(instruction)[m[K;
[1.959s]       |             [01;31m[K~~~~~~~~~~~~~~~~~~~~~^~~~~~~~~~~~~[m[K
[1.959s] In file included from [01m[K/opt/ros/humble/include/rclcpp/rclcpp/topic_statistics/subscription_topic_statistics.hpp:31[m[K,
[1.959s]                  from [01m[K/opt/ros/humble/include/rclcpp/rclcpp/subscription.hpp:50[m[K,
[1.959s]                  from [01m[K/opt/ros/humble/include/rclcpp/rclcpp/any_executable.hpp:25[m[K,
[1.959s]                  from [01m[K/opt/ros/humble/include/rclcpp/rclcpp/memory_strategy.hpp:25[m[K,
[1.959s]                  from [01m[K/opt/ros/humble/include/rclcpp/rclcpp/memory_strategies.hpp:18[m[K,
[1.959s]                  from [01m[K/opt/ros/humble/include/rclcpp/rclcpp/executor_options.hpp:20[m[K,
[1.959s]                  from [01m[K/opt/ros/humble/include/rclcpp/rclcpp/executor.hpp:37[m[K,
[1.959s]                  from [01m[K/opt/ros/humble/include/rclcpp/rclcpp/executors/multi_threaded_executor.hpp:25[m[K,
[1.959s]                  from [01m[K/opt/ros/humble/include/rclcpp/rclcpp/executors.hpp:21[m[K,
[1.959s]                  from [01m[K/opt/ros/humble/include/rclcpp/rclcpp/rclcpp.hpp:155[m[K,
[1.959s]                  from [01m[K/home/alves/ros2_ws/src/robot_ras_decision/src/decision_node.cpp:8[m[K:
[1.960s] [01m[K/opt/ros/humble/include/rclcpp/rclcpp/publisher.hpp:254:3:[m[K [01;36m[Knote: [m[Kcandidate: ‘[01m[Ktemplate<class T> std::enable_if_t<(rosidl_generator_traits::is_message<T>::value && std::is_same<T, typename rclcpp::TypeAdapter<MessageT>::ros_message_type>::value)> rclcpp::Publisher<MessageT, AllocatorT>::publish(std::unique_ptr<T, typename std::conditional<std::is_same<typename std::allocator_traits<typename std::allocator_traits<_Allocator>::rebind_traits<typename rclcpp::TypeAdapter<MessageT, void, void>::ros_message_type>::allocator_type>::rebind_alloc<typename rclcpp::TypeAdapter<MessageT, void, void>::ros_message_type>, std::allocator<typename rclcpp::TypeAdapter<MessageT>::ros_message_type> >::value, std::default_delete<typename rclcpp::TypeAdapter<MessageT>::ros_message_type>, rclcpp::allocator::AllocatorDeleter<typename std::allocator_traits<_Allocator>::rebind_traits<typename rclcpp::TypeAdapter<MessageT, void, void>::ros_message_type>::allocator_type> >::type>) [with T = T; MessageT = std_msgs::msg::String_<std::allocator<void> >; AllocatorT = std::allocator<void>][m[K’
[1.960s]   254 |   [01;36m[Kpublish[m[K(std::unique_ptr<T, ROSMessageTypeDeleter> msg)
[1.960s]       |   [01;36m[K^~~~~~~[m[K
[1.960s] [01m[K/opt/ros/humble/include/rclcpp/rclcpp/publisher.hpp:254:3:[m[K [01;36m[Knote: [m[K  template argument deduction/substitution failed:
[1.960s] [01m[K/home/alves/ros2_ws/src/robot_ras_decision/src/decision_node.cpp:97:34:[m[K [01;36m[Knote: [m[K  ‘[01m[Krobot_ras_decision::msg::Movement_<std::allocator<void> >[m[K’ is not derived from ‘[01m[Kstd::unique_ptr<T, std::default_delete<std_msgs::msg::String_<std::allocator<void> > > >[m[K’
[1.960s]    97 |             [01;36m[Kpub_manager_->publish(instruction)[m[K;
[1.960s]       |             [01;36m[K~~~~~~~~~~~~~~~~~~~~~^~~~~~~~~~~~~[m[K
[1.960s] In file included from [01m[K/opt/ros/humble/include/rclcpp/rclcpp/topic_statistics/subscription_topic_statistics.hpp:31[m[K,
[1.960s]                  from [01m[K/opt/ros/humble/include/rclcpp/rclcpp/subscription.hpp:50[m[K,
[1.960s]                  from [01m[K/opt/ros/humble/include/rclcpp/rclcpp/any_executable.hpp:25[m[K,
[1.960s]                  from [01m[K/opt/ros/humble/include/rclcpp/rclcpp/memory_strategy.hpp:25[m[K,
[1.960s]                  from [01m[K/opt/ros/humble/include/rclcpp/rclcpp/memory_strategies.hpp:18[m[K,
[1.960s]                  from [01m[K/opt/ros/humble/include/rclcpp/rclcpp/executor_options.hpp:20[m[K,
[1.960s]                  from [01m[K/opt/ros/humble/include/rclcpp/rclcpp/executor.hpp:37[m[K,
[1.960s]                  from [01m[K/opt/ros/humble/include/rclcpp/rclcpp/executors/multi_threaded_executor.hpp:25[m[K,
[1.960s]                  from [01m[K/opt/ros/humble/include/rclcpp/rclcpp/executors.hpp:21[m[K,
[1.960s]                  from [01m[K/opt/ros/humble/include/rclcpp/rclcpp/rclcpp.hpp:155[m[K,
[1.960s]                  from [01m[K/home/alves/ros2_ws/src/robot_ras_decision/src/decision_node.cpp:8[m[K:
[1.960s] [01m[K/opt/ros/humble/include/rclcpp/rclcpp/publisher.hpp:295:3:[m[K [01;36m[Knote: [m[Kcandidate: ‘[01m[Ktemplate<class T> std::enable_if_t<(rosidl_generator_traits::is_message<T>::value && std::is_same<T, typename rclcpp::TypeAdapter<MessageT>::ros_message_type>::value)> rclcpp::Publisher<MessageT, AllocatorT>::publish(const T&) [with T = T; MessageT = std_msgs::msg::String_<std::allocator<void> >; AllocatorT = std::allocator<void>][m[K’
[1.960s]   295 |   [01;36m[Kpublish[m[K(const T & msg)
[1.961s]       |   [01;36m[K^~~~~~~[m[K
[1.961s] [01m[K/opt/ros/humble/include/rclcpp/rclcpp/publisher.hpp:295:3:[m[K [01;36m[Knote: [m[K  template argument deduction/substitution failed:
[1.961s] In file included from [01m[K/usr/include/c++/11/ratio:39[m[K,
[1.961s]                  from [01m[K/usr/include/c++/11/chrono:39[m[K,
[1.961s]                  from [01m[K/home/alves/ros2_ws/src/robot_ras_decision/src/decision_node.cpp:2[m[K:
[1.961s] /usr/include/c++/11/type_traits: In substitution of ‘[01m[Ktemplate<bool _Cond, class _Tp> using enable_if_t = typename std::enable_if::type [with bool _Cond = false; _Tp = void][m[K’:
[1.961s] [01m[K/opt/ros/humble/include/rclcpp/rclcpp/publisher.hpp:295:3:[m[K   required by substitution of ‘[01m[Ktemplate<class T> std::enable_if_t<(rosidl_generator_traits::is_message<T>::value && std::is_same<T, std_msgs::msg::String_<std::allocator<void> > >::value), void> rclcpp::Publisher<std_msgs::msg::String_<std::allocator<void> > >::publish<T>(const T&) [with T = robot_ras_decision::msg::Movement_<std::allocator<void> >][m[K’
[1.961s] [01m[K/home/alves/ros2_ws/src/robot_ras_decision/src/decision_node.cpp:97:34:[m[K   required from here
[1.961s] [01m[K/usr/include/c++/11/type_traits:2579:11:[m[K [01;31m[Kerror: [m[Kno type named ‘[01m[Ktype[m[K’ in ‘[01m[Kstruct std::enable_if<false, void>[m[K’
[1.961s]  2579 |     using [01;31m[Kenable_if_t[m[K = typename enable_if<_Cond, _Tp>::type;
[1.961s]       |           [01;31m[K^~~~~~~~~~~[m[K
[1.961s] In file included from [01m[K/opt/ros/humble/include/rclcpp/rclcpp/topic_statistics/subscription_topic_statistics.hpp:31[m[K,
[1.961s]                  from [01m[K/opt/ros/humble/include/rclcpp/rclcpp/subscription.hpp:50[m[K,
[1.961s]                  from [01m[K/opt/ros/humble/include/rclcpp/rclcpp/any_executable.hpp:25[m[K,
[1.961s]                  from [01m[K/opt/ros/humble/include/rclcpp/rclcpp/memory_strategy.hpp:25[m[K,
[1.961s]                  from [01m[K/opt/ros/humble/include/rclcpp/rclcpp/memory_strategies.hpp:18[m[K,
[1.961s]                  from [01m[K/opt/ros/humble/include/rclcpp/rclcpp/executor_options.hpp:20[m[K,
[1.961s]                  from [01m[K/opt/ros/humble/include/rclcpp/rclcpp/executor.hpp:37[m[K,
[1.961s]                  from [01m[K/opt/ros/humble/include/rclcpp/rclcpp/executors/multi_threaded_executor.hpp:25[m[K,
[1.961s]                  from [01m[K/opt/ros/humble/include/rclcpp/rclcpp/executors.hpp:21[m[K,
[1.961s]                  from [01m[K/opt/ros/humble/include/rclcpp/rclcpp/rclcpp.hpp:155[m[K,
[1.961s]                  from [01m[K/home/alves/ros2_ws/src/robot_ras_decision/src/decision_node.cpp:8[m[K:
[1.961s] [01m[K/opt/ros/humble/include/rclcpp/rclcpp/publisher.hpp:325:3:[m[K [01;36m[Knote: [m[Kcandidate: ‘[01m[Ktemplate<class T> std::enable_if_t<(typename rclcpp::TypeAdapter<MessageT>::is_specialized::value && std::is_same<T, typename rclcpp::TypeAdapter<MessageT>::custom_type>::value)> rclcpp::Publisher<MessageT, AllocatorT>::publish(std::unique_ptr<T, typename std::conditional<std::is_same<typename std::allocator_traits<typename std::allocator_traits<_Allocator>::rebind_traits<typename rclcpp::TypeAdapter<MessageT, void, void>::custom_type>::allocator_type>::rebind_alloc<typename rclcpp::TypeAdapter<MessageT, void, void>::custom_type>, std::allocator<typename rclcpp::TypeAdapter<MessageT>::custom_type> >::value, std::default_delete<typename rclcpp::TypeAdapter<MessageT>::custom_type>, rclcpp::allocator::AllocatorDeleter<typename std::allocator_traits<_Allocator>::rebind_traits<typename rclcpp::TypeAdapter<MessageT, void, void>::custom_type>::allocator_type> >::type>) [with T = T; MessageT = std_msgs::msg::String_<std::allocator<void> >; AllocatorT = std::allocator<void>][m[K’
[1.961s]   325 |   [01;36m[Kpublish[m[K(std::unique_ptr<T, PublishedTypeDeleter> msg)
[1.961s]       |   [01;36m[K^~~~~~~[m[K
[1.961s] [01m[K/opt/ros/humble/include/rclcpp/rclcpp/publisher.hpp:325:3:[m[K [01;36m[Knote: [m[K  template argument deduction/substitution failed:
[1.962s] [01m[K/home/alves/ros2_ws/src/robot_ras_decision/src/decision_node.cpp:97:34:[m[K [01;36m[Knote: [m[K  ‘[01m[Krobot_ras_decision::msg::Movement_<std::allocator<void> >[m[K’ is not derived from ‘[01m[Kstd::unique_ptr<T, std::default_delete<std_msgs::msg::String_<std::allocator<void> > > >[m[K’
[1.962s]    97 |             [01;36m[Kpub_manager_->publish(instruction)[m[K;
[1.962s]       |             [01;36m[K~~~~~~~~~~~~~~~~~~~~~^~~~~~~~~~~~~[m[K
[1.962s] In file included from [01m[K/opt/ros/humble/include/rclcpp/rclcpp/topic_statistics/subscription_topic_statistics.hpp:31[m[K,
[1.962s]                  from [01m[K/opt/ros/humble/include/rclcpp/rclcpp/subscription.hpp:50[m[K,
[1.962s]                  from [01m[K/opt/ros/humble/include/rclcpp/rclcpp/any_executable.hpp:25[m[K,
[1.962s]                  from [01m[K/opt/ros/humble/include/rclcpp/rclcpp/memory_strategy.hpp:25[m[K,
[1.962s]                  from [01m[K/opt/ros/humble/include/rclcpp/rclcpp/memory_strategies.hpp:18[m[K,
[1.962s]                  from [01m[K/opt/ros/humble/include/rclcpp/rclcpp/executor_options.hpp:20[m[K,
[1.962s]                  from [01m[K/opt/ros/humble/include/rclcpp/rclcpp/executor.hpp:37[m[K,
[1.962s]                  from [01m[K/opt/ros/humble/include/rclcpp/rclcpp/executors/multi_threaded_executor.hpp:25[m[K,
[1.962s]                  from [01m[K/opt/ros/humble/include/rclcpp/rclcpp/executors.hpp:21[m[K,
[1.962s]                  from [01m[K/opt/ros/humble/include/rclcpp/rclcpp/rclcpp.hpp:155[m[K,
[1.962s]                  from [01m[K/home/alves/ros2_ws/src/robot_ras_decision/src/decision_node.cpp:8[m[K:
[1.962s] [01m[K/opt/ros/humble/include/rclcpp/rclcpp/publisher.hpp:367:3:[m[K [01;36m[Knote: [m[Kcandidate: ‘[01m[Ktemplate<class T> std::enable_if_t<(typename rclcpp::TypeAdapter<MessageT>::is_specialized::value && std::is_same<T, typename rclcpp::TypeAdapter<MessageT>::custom_type>::value)> rclcpp::Publisher<MessageT, AllocatorT>::publish(const T&) [with T = T; MessageT = std_msgs::msg::String_<std::allocator<void> >; AllocatorT = std::allocator<void>][m[K’
[1.962s]   367 |   [01;36m[Kpublish[m[K(const T & msg)
[1.962s]       |   [01;36m[K^~~~~~~[m[K
[1.962s] [01m[K/opt/ros/humble/include/rclcpp/rclcpp/publisher.hpp:367:3:[m[K [01;36m[Knote: [m[K  template argument deduction/substitution failed:
[1.962s] [01m[K/opt/ros/humble/include/rclcpp/rclcpp/publisher.hpp:386:3:[m[K [01;36m[Knote: [m[Kcandidate: ‘[01m[Kvoid rclcpp::Publisher<MessageT, AllocatorT>::publish(const rcl_serialized_message_t&) [with MessageT = std_msgs::msg::String_<std::allocator<void> >; AllocatorT = std::allocator<void>; rcl_serialized_message_t = rcutils_uint8_array_s][m[K’
[1.962s]   386 |   [01;36m[Kpublish[m[K(const rcl_serialized_message_t & serialized_msg)
[1.962s]       |   [01;36m[K^~~~~~~[m[K
[1.962s] [01m[K/opt/ros/humble/include/rclcpp/rclcpp/publisher.hpp:386:44:[m[K [01;36m[Knote: [m[K  no known conversion for argument 1 from ‘[01m[Krobot_ras_decision::msg::Movement_<std::allocator<void> >[m[K’ to ‘[01m[Kconst rcl_serialized_message_t&[m[K’ {aka ‘[01m[Kconst rcutils_uint8_array_s&[m[K’}
[1.962s]   386 |   publish([01;36m[Kconst rcl_serialized_message_t & serialized_msg[m[K)
[1.962s]       |           [01;36m[K~~~~~~~~~~~~~~~~~~~~~~~~~~~~~~~~~^~~~~~~~~~~~~~[m[K
[1.962s] [01m[K/opt/ros/humble/include/rclcpp/rclcpp/publisher.hpp:392:3:[m[K [01;36m[Knote: [m[Kcandidate: ‘[01m[Kvoid rclcpp::Publisher<MessageT, AllocatorT>::publish(const rclcpp::SerializedMessage&) [with MessageT = std_msgs::msg::String_<std::allocator<void> >; AllocatorT = std::allocator<void>][m[K’
[1.962s]   392 |   [01;36m[Kpublish[m[K(const SerializedMessage & serialized_msg)
[1.962s]       |   [01;36m[K^~~~~~~[m[K
[1.963s] [01m[K/opt/ros/humble/include/rclcpp/rclcpp/publisher.hpp:392:37:[m[K [01;36m[Knote: [m[K  no known conversion for argument 1 from ‘[01m[Krobot_ras_decision::msg::Movement_<std::allocator<void> >[m[K’ to ‘[01m[Kconst rclcpp::SerializedMessage&[m[K’
[1.963s]   392 |   publish([01;36m[Kconst SerializedMessage & serialized_msg[m[K)
[1.963s]       |           [01;36m[K~~~~~~~~~~~~~~~~~~~~~~~~~~^~~~~~~~~~~~~~[m[K
[1.963s] [01m[K/opt/ros/humble/include/rclcpp/rclcpp/publisher.hpp:406:3:[m[K [01;36m[Knote: [m[Kcandidate: ‘[01m[Kvoid rclcpp::Publisher<MessageT, AllocatorT>::publish(rclcpp::LoanedMessage<typename rclcpp::TypeAdapter<MessageT>::ros_message_type, AllocatorT>&&) [with MessageT = std_msgs::msg::String_<std::allocator<void> >; AllocatorT = std::allocator<void>; typename rclcpp::TypeAdapter<MessageT>::ros_message_type = std_msgs::msg::String_<std::allocator<void> >][m[K’
[1.963s]   406 |   [01;36m[Kpublish[m[K(rclcpp::LoanedMessage<ROSMessageType, AllocatorT> && loaned_msg)
[1.963s]       |   [01;36m[K^~~~~~~[m[K
[1.963s] [01m[K/opt/ros/humble/include/rclcpp/rclcpp/publisher.hpp:406:64:[m[K [01;36m[Knote: [m[K  no known conversion for argument 1 from ‘[01m[Krobot_ras_decision::msg::Movement_<std::allocator<void> >[m[K’ to ‘[01m[Krclcpp::LoanedMessage<std_msgs::msg::String_<std::allocator<void> >, std::allocator<void> >&&[m[K’
[1.963s]   406 |   publish([01;36m[Krclcpp::LoanedMessage<ROSMessageType, AllocatorT> && loaned_msg[m[K)
[1.963s]       |           [01;36m[K~~~~~~~~~~~~~~~~~~~~~~~~~~~~~~~~~~~~~~~~~~~~~~~~~~~~~^~~~~~~~~~[m[K
[3.984s] gmake[2]: *** [CMakeFiles/DecisionNode.dir/build.make:76: CMakeFiles/DecisionNode.dir/src/decision_node.cpp.o] Erro 1
[3.984s] gmake[1]: *** [CMakeFiles/Makefile2:624: CMakeFiles/DecisionNode.dir/all] Erro 2
[3.984s] gmake[1]: ** Esperando que outros processos terminem.
[6.374s] [ 97%] [32m[1mLinking CXX executable MotorControllerNode[0m
[6.703s] [ 97%] Built target MotorControllerNode
[6.705s] gmake: *** [Makefile:146: all] Erro 2
[6.708s] Invoked command in '/home/alves/ros2_ws/build/robot_ras_decision' returned '2': CMAKE_PREFIX_PATH=/opt/ros/humble /usr/bin/cmake --build /home/alves/ros2_ws/build/robot_ras_decision -- -j16 -l16
