[35m[1mConsolidate compiler generated dependencies of target action_server[0m
[ 12%] [32mBuilding CXX object CMakeFiles/CountServer.dir/src/count_server.cpp.o[0m
[ 25%] [32m[1mLinking CXX executable CountClient[0m
[ 37%] [32mBuilding CXX object CMakeFiles/action_server.dir/src/count_server.cpp.o[0m
[ 62%] Built target count_server
/usr/bin/ld: /usr/lib/gcc/x86_64-linux-gnu/11/../../../x86_64-linux-gnu/Scrt1.o: na função "_start":
(.text+0x1b): referência não definida para "main"
collect2: error: ld returned 1 exit status
gmake[2]: *** [CMakeFiles/CountClient.dir/build.make:177: CountClient] Erro 1
gmake[1]: *** [CMakeFiles/Makefile2:221: CMakeFiles/CountClient.dir/all] Erro 2
gmake[1]: ** Esperando que outros processos terminem.
[01m[K/home/alves/ros2_ws/src/count_action_cpp/src/count_server.cpp:8:10:[m[K [01;31m[Kfatal error: [m[Krclcpp_components/register_node_macro.hpp: Arquivo ou diretório inexistente
    8 | #include [01;31m[K"rclcpp_components/register_node_macro.hpp"[m[K
      |          [01;31m[K^~~~~~~~~~~~~~~~~~~~~~~~~~~~~~~~~~~~~~~~~~~[m[K
compilation terminated.
gmake[2]: *** [CMakeFiles/CountServer.dir/build.make:76: CMakeFiles/CountServer.dir/src/count_server.cpp.o] Erro 1
gmake[1]: *** [CMakeFiles/Makefile2:195: CMakeFiles/CountServer.dir/all] Erro 2
[ 75%] [32m[1mLinking CXX shared library libaction_server.so[0m
[ 75%] Built target action_server
gmake: *** [Makefile:146: all] Erro 2
