[  2%] Built target robot_ras_decision__cpp
[ 11%] Built target robot_ras_decision__rosidl_generator_c
[ 11%] Built target ament_cmake_python_symlink_robot_ras_decision
[ 20%] Built target robot_ras_decision__rosidl_typesupport_fastrtps_cpp
[ 37%] Built target robot_ras_decision__rosidl_typesupport_cpp
[ 39%] Built target robot_ras_decision__rosidl_typesupport_c
[ 48%] Built target robot_ras_decision__rosidl_typesupport_introspection_c
[ 58%] Built target robot_ras_decision__rosidl_typesupport_introspection_cpp
[ 67%] Built target robot_ras_decision__rosidl_typesupport_fastrtps_c
[ 67%] Built target robot_ras_decision
[35m[1mConsolidate compiler generated dependencies of target DecisionNode[0m
[35m[1mConsolidate compiler generated dependencies of target MotorControllerNode[0m
[ 69%] Built target robot_ras_decision__py
[ 72%] [32mBuilding CXX object CMakeFiles/DecisionNode.dir/src/decision_node.cpp.o[0m
[ 74%] [32mBuilding CXX object CMakeFiles/MotorControllerNode.dir/src/motor_controller_node.cpp.o[0m
[ 81%] Built target robot_ras_decision__rosidl_generator_py
[ 86%] Built target robot_ras_decision__rosidl_typesupport_fastrtps_c__pyext
[ 90%] Built target robot_ras_decision__rosidl_typesupport_c__pyext
[ 95%] Built target robot_ras_decision__rosidl_typesupport_introspection_c__pyext
running egg_info
writing robot_ras_decision.egg-info/PKG-INFO
writing dependency_links to robot_ras_decision.egg-info/dependency_links.txt
writing top-level names to robot_ras_decision.egg-info/top_level.txt
reading manifest file 'robot_ras_decision.egg-info/SOURCES.txt'
writing manifest file 'robot_ras_decision.egg-info/SOURCES.txt'
[ 95%] Built target ament_cmake_python_build_robot_ras_decision_egg
[ 97%] [32m[1mLinking CXX executable MotorControllerNode[0m
[ 97%] Built target MotorControllerNode
