[0.017s] Invoking command in '/home/alves/ros2_ws/build/dep_example_cpp': CMAKE_PREFIX_PATH=/opt/ros/humble /usr/bin/cmake /home/alves/ros2_ws/src/dep_example_cpp -DCMAKE_INSTALL_PREFIX=/home/alves/ros2_ws/install/dep_example_cpp
[0.113s] -- The C compiler identification is GNU 11.4.0
[0.187s] -- The CXX compiler identification is GNU 11.4.0
[0.195s] -- Detecting C compiler ABI info
[0.245s] -- Detecting C compiler ABI info - done
[0.250s] -- Check for working C compiler: /usr/bin/cc - skipped
[0.251s] -- Detecting C compile features
[0.252s] -- Detecting C compile features - done
[0.254s] -- Detecting CXX compiler ABI info
[0.325s] -- Detecting CXX compiler ABI info - done
[0.330s] -- Check for working CXX compiler: /usr/bin/c++ - skipped
[0.330s] -- Detecting CXX compile features
[0.330s] -- Detecting CXX compile features - done
[0.332s] -- Found ament_cmake: 1.3.11 (/opt/ros/humble/share/ament_cmake/cmake)
[0.461s] -- Found Python3: /usr/bin/python3 (found version "3.10.12") found components: Interpreter 
[0.531s] -- Found rclcpp: 16.0.12 (/opt/ros/humble/share/rclcpp/cmake)
[0.564s] -- Found rosidl_generator_c: 3.1.6 (/opt/ros/humble/share/rosidl_generator_c/cmake)
[0.567s] -- Found rosidl_adapter: 3.1.6 (/opt/ros/humble/share/rosidl_adapter/cmake)
[0.574s] -- Found rosidl_generator_cpp: 3.1.6 (/opt/ros/humble/share/rosidl_generator_cpp/cmake)
[0.582s] -- Using all available rosidl_typesupport_c: rosidl_typesupport_fastrtps_c;rosidl_typesupport_introspection_c
[0.594s] -- Using all available rosidl_typesupport_cpp: rosidl_typesupport_fastrtps_cpp;rosidl_typesupport_introspection_cpp
[0.630s] -- Found rmw_implementation_cmake: 6.1.2 (/opt/ros/humble/share/rmw_implementation_cmake/cmake)
[0.632s] -- Found rmw_fastrtps_cpp: 6.2.7 (/opt/ros/humble/share/rmw_fastrtps_cpp/cmake)
[0.714s] -- Found OpenSSL: /usr/lib/x86_64-linux-gnu/libcrypto.so (found version "3.0.2")  
[0.738s] -- Found FastRTPS: /opt/ros/humble/include  
[0.774s] -- Using RMW implementation 'rmw_fastrtps_cpp' as default
[0.782s] -- Looking for pthread.h
[0.863s] -- Looking for pthread.h - found
[0.864s] -- Performing Test CMAKE_HAVE_LIBC_PTHREAD
[0.972s] -- Performing Test CMAKE_HAVE_LIBC_PTHREAD - Success
[0.973s] -- Found Threads: TRUE  
[1.013s] -- Found ament_lint_auto: 0.12.12 (/opt/ros/humble/share/ament_lint_auto/cmake)
[1.074s] -- Added test 'lint_cmake' to check CMake code style
[1.075s] -- Added test 'xmllint' to check XML markup files
[1.075s] -- Configuring done
[1.078s] -- Generating done
[1.079s] -- Build files have been written to: /home/alves/ros2_ws/build/dep_example_cpp
[1.085s] Invoked command in '/home/alves/ros2_ws/build/dep_example_cpp' returned '0': CMAKE_PREFIX_PATH=/opt/ros/humble /usr/bin/cmake /home/alves/ros2_ws/src/dep_example_cpp -DCMAKE_INSTALL_PREFIX=/home/alves/ros2_ws/install/dep_example_cpp
[1.086s] Invoking command in '/home/alves/ros2_ws/build/dep_example_cpp': CMAKE_PREFIX_PATH=/opt/ros/humble /usr/bin/cmake --build /home/alves/ros2_ws/build/dep_example_cpp -- -j16 -l16
[1.138s] Invoked command in '/home/alves/ros2_ws/build/dep_example_cpp' returned '0': CMAKE_PREFIX_PATH=/opt/ros/humble /usr/bin/cmake --build /home/alves/ros2_ws/build/dep_example_cpp -- -j16 -l16
[1.139s] Invoking command in '/home/alves/ros2_ws/build/dep_example_cpp': CMAKE_PREFIX_PATH=/opt/ros/humble /usr/bin/cmake --install /home/alves/ros2_ws/build/dep_example_cpp
[1.146s] -- Install configuration: ""
[1.146s] -- Installing: /home/alves/ros2_ws/install/dep_example_cpp/share/ament_index/resource_index/package_run_dependencies/dep_example_cpp
[1.147s] -- Installing: /home/alves/ros2_ws/install/dep_example_cpp/share/ament_index/resource_index/parent_prefix_path/dep_example_cpp
[1.147s] -- Installing: /home/alves/ros2_ws/install/dep_example_cpp/share/dep_example_cpp/environment/ament_prefix_path.sh
[1.147s] -- Installing: /home/alves/ros2_ws/install/dep_example_cpp/share/dep_example_cpp/environment/ament_prefix_path.dsv
[1.147s] -- Installing: /home/alves/ros2_ws/install/dep_example_cpp/share/dep_example_cpp/environment/path.sh
[1.147s] -- Installing: /home/alves/ros2_ws/install/dep_example_cpp/share/dep_example_cpp/environment/path.dsv
[1.147s] -- Installing: /home/alves/ros2_ws/install/dep_example_cpp/share/dep_example_cpp/local_setup.bash
[1.147s] -- Installing: /home/alves/ros2_ws/install/dep_example_cpp/share/dep_example_cpp/local_setup.sh
[1.147s] -- Installing: /home/alves/ros2_ws/install/dep_example_cpp/share/dep_example_cpp/local_setup.zsh
[1.147s] -- Installing: /home/alves/ros2_ws/install/dep_example_cpp/share/dep_example_cpp/local_setup.dsv
[1.147s] -- Installing: /home/alves/ros2_ws/install/dep_example_cpp/share/dep_example_cpp/package.dsv
[1.147s] -- Installing: /home/alves/ros2_ws/install/dep_example_cpp/share/ament_index/resource_index/packages/dep_example_cpp
[1.148s] -- Installing: /home/alves/ros2_ws/install/dep_example_cpp/share/dep_example_cpp/cmake/dep_example_cppConfig.cmake
[1.148s] -- Installing: /home/alves/ros2_ws/install/dep_example_cpp/share/dep_example_cpp/cmake/dep_example_cppConfig-version.cmake
[1.148s] -- Installing: /home/alves/ros2_ws/install/dep_example_cpp/share/dep_example_cpp/package.xml
[1.149s] Invoked command in '/home/alves/ros2_ws/build/dep_example_cpp' returned '0': CMAKE_PREFIX_PATH=/opt/ros/humble /usr/bin/cmake --install /home/alves/ros2_ws/build/dep_example_cpp
