[0.021s] Invoking command in '/home/alves/ros2_ws/build/count_action_cpp': CMAKE_PREFIX_PATH=/home/alves/ros2_ws/install/count_interfaces:/home/alves/ros2_ws/install/robot_ras_ros:/home/alves/ros2_ws/install/robot_ras_decision:/home/alves/ros2_ws/install/dep_example_cpp:/opt/ros/humble /usr/bin/cmake /home/alves/ros2_ws/src/count_action_cpp -DCMAKE_INSTALL_PREFIX=/home/alves/ros2_ws/install/count_action_cpp
[0.030s] -- Found ament_cmake: 1.3.11 (/opt/ros/humble/share/ament_cmake/cmake)
[0.140s] -- Found rclcpp: 16.0.12 (/opt/ros/humble/share/rclcpp/cmake)
[0.158s] -- Found rosidl_generator_c: 3.1.6 (/opt/ros/humble/share/rosidl_generator_c/cmake)
[0.160s] -- Found rosidl_adapter: 3.1.6 (/opt/ros/humble/share/rosidl_adapter/cmake)
[0.164s] -- Found rosidl_generator_cpp: 3.1.6 (/opt/ros/humble/share/rosidl_generator_cpp/cmake)
[0.170s] -- Using all available rosidl_typesupport_c: rosidl_typesupport_fastrtps_c;rosidl_typesupport_introspection_c
[0.178s] -- Using all available rosidl_typesupport_cpp: rosidl_typesupport_fastrtps_cpp;rosidl_typesupport_introspection_cpp
[0.199s] -- Found rmw_implementation_cmake: 6.1.2 (/opt/ros/humble/share/rmw_implementation_cmake/cmake)
[0.200s] -- Found rmw_fastrtps_cpp: 6.2.7 (/opt/ros/humble/share/rmw_fastrtps_cpp/cmake)
[0.273s] -- Using RMW implementation 'rmw_fastrtps_cpp' as default
[0.306s] -- Found rclcpp_action: 16.0.12 (/opt/ros/humble/share/rclcpp_action/cmake)
[0.327s] -- Found count_interfaces: 0.0.0 (/home/alves/ros2_ws/install/count_interfaces/share/count_interfaces/cmake)
[0.339s] -- Found rclcpp_components: 16.0.12 (/opt/ros/humble/share/rclcpp_components/cmake)
[0.362s] -- Found ament_lint_auto: 0.12.12 (/opt/ros/humble/share/ament_lint_auto/cmake)
[0.417s] -- Added test 'cppcheck' to perform static code analysis on C / C++ code
[0.418s] -- Configured cppcheck include dirs: $<BUILD_INTERFACE:/home/alves/ros2_ws/src/count_action_cpp/include>
[0.418s] -- Configured cppcheck exclude dirs and/or files: 
[0.418s] -- Added test 'lint_cmake' to check CMake code style
[0.419s] -- Added test 'uncrustify' to check C / C++ code style
[0.419s] -- Configured uncrustify additional arguments: 
[0.419s] -- Added test 'xmllint' to check XML markup files
[0.420s] -- Configuring done
[0.422s] [31mCMake Error at CMakeLists.txt:37 (add_executable):
[0.422s]   Cannot find source file:
[0.422s] 
[0.422s]     src/count_client.cpp
[0.422s] 
[0.422s]   Tried extensions .c .C .c++ .cc .cpp .cxx .cu .mpp .m .M .mm .ixx .cppm .h
[0.422s]   .hh .h++ .hm .hpp .hxx .in .txx .f .F .for .f77 .f90 .f95 .f03 .hip .ispc
[0.422s] 
[0.422s] [0m
[0.422s] [31mCMake Error at CMakeLists.txt:37 (add_executable):
[0.422s]   No SOURCES given to target: CountClient
[0.422s] 
[0.422s] [0m
[0.422s] [0mCMake Generate step failed.  Build files cannot be regenerated correctly.[0m
[0.427s] Invoked command in '/home/alves/ros2_ws/build/count_action_cpp' returned '1': CMAKE_PREFIX_PATH=/home/alves/ros2_ws/install/count_interfaces:/home/alves/ros2_ws/install/robot_ras_ros:/home/alves/ros2_ws/install/robot_ras_decision:/home/alves/ros2_ws/install/dep_example_cpp:/opt/ros/humble /usr/bin/cmake /home/alves/ros2_ws/src/count_action_cpp -DCMAKE_INSTALL_PREFIX=/home/alves/ros2_ws/install/count_action_cpp
