[0.009s] Invoking command in '/home/alves/ros2_ws/build/robot_ras_decision': CMAKE_PREFIX_PATH=/opt/ros/humble /usr/bin/cmake --build /home/alves/ros2_ws/build/robot_ras_decision -- -j16 -l16
[0.047s] [35m[1mConsolidate compiler generated dependencies of target robot_ras_decision__rosidl_generator_c[0m
[0.072s] [  2%] Built target robot_ras_decision__cpp
[0.075s] [ 11%] Built target robot_ras_decision__rosidl_generator_c
[0.087s] [ 11%] Built target ament_cmake_python_symlink_robot_ras_decision
[0.097s] [35m[1mConsolidate compiler generated dependencies of target robot_ras_decision__rosidl_typesupport_cpp[0m
[0.097s] [35m[1mConsolidate compiler generated dependencies of target robot_ras_decision__rosidl_typesupport_c[0m
[0.098s] [35m[1mConsolidate compiler generated dependencies of target robot_ras_decision__rosidl_typesupport_fastrtps_cpp[0m
[0.098s] [35m[1mConsolidate compiler generated dependencies of target robot_ras_decision__rosidl_typesupport_introspection_c[0m
[0.101s] [35m[1mConsolidate compiler generated dependencies of target robot_ras_decision__rosidl_typesupport_introspection_cpp[0m
[0.103s] [35m[1mConsolidate compiler generated dependencies of target robot_ras_decision__rosidl_typesupport_fastrtps_c[0m
[0.113s] [ 20%] Built target robot_ras_decision__rosidl_typesupport_c
[0.118s] [ 30%] Built target robot_ras_decision__rosidl_typesupport_fastrtps_cpp
[0.119s] [ 39%] Built target robot_ras_decision__rosidl_typesupport_cpp
[0.119s] [ 48%] Built target robot_ras_decision__rosidl_typesupport_introspection_c
[0.126s] [ 58%] Built target robot_ras_decision__rosidl_typesupport_fastrtps_c
[0.127s] [ 67%] Built target robot_ras_decision__rosidl_typesupport_introspection_cpp
[0.146s] [ 67%] Built target robot_ras_decision
[0.155s] [35m[1mConsolidate compiler generated dependencies of target MotorControllerNode[0m
[0.155s] [35m[1mConsolidate compiler generated dependencies of target DecisionNode[0m
[0.163s] [ 69%] Built target robot_ras_decision__py
[0.168s] [ 74%] [32mBuilding CXX object CMakeFiles/DecisionNode.dir/src/decision_node.cpp.o[0m
[0.168s] [ 74%] [32mBuilding CXX object CMakeFiles/MotorControllerNode.dir/src/motor_controller_node.cpp.o[0m
[0.175s] [35m[1mConsolidate compiler generated dependencies of target robot_ras_decision__rosidl_generator_py[0m
[0.186s] [ 81%] Built target robot_ras_decision__rosidl_generator_py
[0.195s] [35m[1mConsolidate compiler generated dependencies of target robot_ras_decision__rosidl_typesupport_introspection_c__pyext[0m
[0.195s] [35m[1mConsolidate compiler generated dependencies of target robot_ras_decision__rosidl_typesupport_c__pyext[0m
[0.198s] [35m[1mConsolidate compiler generated dependencies of target robot_ras_decision__rosidl_typesupport_fastrtps_c__pyext[0m
[0.204s] [ 90%] Built target robot_ras_decision__rosidl_typesupport_introspection_c__pyext
[0.204s] [ 90%] Built target robot_ras_decision__rosidl_typesupport_c__pyext
[0.212s] [ 95%] Built target robot_ras_decision__rosidl_typesupport_fastrtps_c__pyext
[0.282s] running egg_info
[0.283s] writing robot_ras_decision.egg-info/PKG-INFO
[0.283s] writing dependency_links to robot_ras_decision.egg-info/dependency_links.txt
[0.283s] writing top-level names to robot_ras_decision.egg-info/top_level.txt
[0.285s] reading manifest file 'robot_ras_decision.egg-info/SOURCES.txt'
[0.285s] writing manifest file 'robot_ras_decision.egg-info/SOURCES.txt'
[0.308s] [ 95%] Built target ament_cmake_python_build_robot_ras_decision_egg
[2.145s] [01m[K/home/alves/ros2_ws/src/robot_ras_decision/src/decision_node.cpp:30:9:[m[K [01;31m[Kerror: [m[KISO C++ forbids declaration of ‘[01m[KDecision[m[K’ with no type [[01;31m[K]8;;https://gcc.gnu.org/onlinedocs/gcc/Warning-Options.html#index-fpermissive-fpermissive]8;;[m[K]
[2.145s]    30 |         [01;31m[KDecision[m[K() : Node ("decision") {
[2.145s]       |         [01;31m[K^~~~~~~~[m[K
[2.145s] [01m[K/home/alves/ros2_ws/src/robot_ras_decision/src/decision_node.cpp:[m[K In member function ‘[01m[Kint DecisionNode::Decision()[m[K’:
[2.145s] [01m[K/home/alves/ros2_ws/src/robot_ras_decision/src/decision_node.cpp:30:22:[m[K [01;31m[Kerror: [m[Konly constructors take member initializers
[2.146s]    30 |         Decision() : [01;31m[KNode[m[K ("decision") {
[2.146s]       |                      [01;31m[K^~~~[m[K
[2.160s] [01m[K/home/alves/ros2_ws/src/robot_ras_decision/src/decision_node.cpp:44:9:[m[K [01;35m[Kwarning: [m[Kno return statement in function returning non-void [[01;35m[K]8;;https://gcc.gnu.org/onlinedocs/gcc/Warning-Options.html#index-Wreturn-type-Wreturn-type]8;;[m[K]
[2.160s]    44 |         [01;35m[K}[m[K
[2.160s]       |         [01;35m[K^[m[K
[2.160s] [01m[K/home/alves/ros2_ws/src/robot_ras_decision/src/decision_node.cpp:[m[K In member function ‘[01m[Kvoid DecisionNode::movement_callback()[m[K’:
[2.160s] [01m[K/home/alves/ros2_ws/src/robot_ras_decision/src/decision_node.cpp:97:34:[m[K [01;31m[Kerror: [m[Kno matching function for call to ‘[01m[Krclcpp::Publisher<std_msgs::msg::String_<std::allocator<void> > >::publish(robot_ras_decision::msg::Movement_<std::allocator<void> >&)[m[K’
[2.160s]    97 |             [01;31m[Kpub_manager_->publish(instruction)[m[K;
[2.160s]       |             [01;31m[K~~~~~~~~~~~~~~~~~~~~~^~~~~~~~~~~~~[m[K
[2.161s] In file included from [01m[K/opt/ros/humble/include/rclcpp/rclcpp/topic_statistics/subscription_topic_statistics.hpp:31[m[K,
[2.161s]                  from [01m[K/opt/ros/humble/include/rclcpp/rclcpp/subscription.hpp:50[m[K,
[2.161s]                  from [01m[K/opt/ros/humble/include/rclcpp/rclcpp/any_executable.hpp:25[m[K,
[2.161s]                  from [01m[K/opt/ros/humble/include/rclcpp/rclcpp/memory_strategy.hpp:25[m[K,
[2.161s]                  from [01m[K/opt/ros/humble/include/rclcpp/rclcpp/memory_strategies.hpp:18[m[K,
[2.161s]                  from [01m[K/opt/ros/humble/include/rclcpp/rclcpp/executor_options.hpp:20[m[K,
[2.161s]                  from [01m[K/opt/ros/humble/include/rclcpp/rclcpp/executor.hpp:37[m[K,
[2.161s]                  from [01m[K/opt/ros/humble/include/rclcpp/rclcpp/executors/multi_threaded_executor.hpp:25[m[K,
[2.161s]                  from [01m[K/opt/ros/humble/include/rclcpp/rclcpp/executors.hpp:21[m[K,
[2.161s]                  from [01m[K/opt/ros/humble/include/rclcpp/rclcpp/rclcpp.hpp:155[m[K,
[2.161s]                  from [01m[K/home/alves/ros2_ws/src/robot_ras_decision/src/decision_node.cpp:8[m[K:
[2.161s] [01m[K/opt/ros/humble/include/rclcpp/rclcpp/publisher.hpp:254:3:[m[K [01;36m[Knote: [m[Kcandidate: ‘[01m[Ktemplate<class T> std::enable_if_t<(rosidl_generator_traits::is_message<T>::value && std::is_same<T, typename rclcpp::TypeAdapter<MessageT>::ros_message_type>::value)> rclcpp::Publisher<MessageT, AllocatorT>::publish(std::unique_ptr<T, typename std::conditional<std::is_same<typename std::allocator_traits<typename std::allocator_traits<_Allocator>::rebind_traits<typename rclcpp::TypeAdapter<MessageT, void, void>::ros_message_type>::allocator_type>::rebind_alloc<typename rclcpp::TypeAdapter<MessageT, void, void>::ros_message_type>, std::allocator<typename rclcpp::TypeAdapter<MessageT>::ros_message_type> >::value, std::default_delete<typename rclcpp::TypeAdapter<MessageT>::ros_message_type>, rclcpp::allocator::AllocatorDeleter<typename std::allocator_traits<_Allocator>::rebind_traits<typename rclcpp::TypeAdapter<MessageT, void, void>::ros_message_type>::allocator_type> >::type>) [with T = T; MessageT = std_msgs::msg::String_<std::allocator<void> >; AllocatorT = std::allocator<void>][m[K’
[2.161s]   254 |   [01;36m[Kpublish[m[K(std::unique_ptr<T, ROSMessageTypeDeleter> msg)
[2.161s]       |   [01;36m[K^~~~~~~[m[K
[2.161s] [01m[K/opt/ros/humble/include/rclcpp/rclcpp/publisher.hpp:254:3:[m[K [01;36m[Knote: [m[K  template argument deduction/substitution failed:
[2.161s] [01m[K/home/alves/ros2_ws/src/robot_ras_decision/src/decision_node.cpp:97:34:[m[K [01;36m[Knote: [m[K  ‘[01m[Krobot_ras_decision::msg::Movement_<std::allocator<void> >[m[K’ is not derived from ‘[01m[Kstd::unique_ptr<T, std::default_delete<std_msgs::msg::String_<std::allocator<void> > > >[m[K’
[2.161s]    97 |             [01;36m[Kpub_manager_->publish(instruction)[m[K;
[2.161s]       |             [01;36m[K~~~~~~~~~~~~~~~~~~~~~^~~~~~~~~~~~~[m[K
[2.161s] In file included from [01m[K/opt/ros/humble/include/rclcpp/rclcpp/topic_statistics/subscription_topic_statistics.hpp:31[m[K,
[2.162s]                  from [01m[K/opt/ros/humble/include/rclcpp/rclcpp/subscription.hpp:50[m[K,
[2.162s]                  from [01m[K/opt/ros/humble/include/rclcpp/rclcpp/any_executable.hpp:25[m[K,
[2.162s]                  from [01m[K/opt/ros/humble/include/rclcpp/rclcpp/memory_strategy.hpp:25[m[K,
[2.162s]                  from [01m[K/opt/ros/humble/include/rclcpp/rclcpp/memory_strategies.hpp:18[m[K,
[2.162s]                  from [01m[K/opt/ros/humble/include/rclcpp/rclcpp/executor_options.hpp:20[m[K,
[2.162s]                  from [01m[K/opt/ros/humble/include/rclcpp/rclcpp/executor.hpp:37[m[K,
[2.162s]                  from [01m[K/opt/ros/humble/include/rclcpp/rclcpp/executors/multi_threaded_executor.hpp:25[m[K,
[2.162s]                  from [01m[K/opt/ros/humble/include/rclcpp/rclcpp/executors.hpp:21[m[K,
[2.162s]                  from [01m[K/opt/ros/humble/include/rclcpp/rclcpp/rclcpp.hpp:155[m[K,
[2.162s]                  from [01m[K/home/alves/ros2_ws/src/robot_ras_decision/src/decision_node.cpp:8[m[K:
[2.162s] [01m[K/opt/ros/humble/include/rclcpp/rclcpp/publisher.hpp:295:3:[m[K [01;36m[Knote: [m[Kcandidate: ‘[01m[Ktemplate<class T> std::enable_if_t<(rosidl_generator_traits::is_message<T>::value && std::is_same<T, typename rclcpp::TypeAdapter<MessageT>::ros_message_type>::value)> rclcpp::Publisher<MessageT, AllocatorT>::publish(const T&) [with T = T; MessageT = std_msgs::msg::String_<std::allocator<void> >; AllocatorT = std::allocator<void>][m[K’
[2.162s]   295 |   [01;36m[Kpublish[m[K(const T & msg)
[2.162s]       |   [01;36m[K^~~~~~~[m[K
[2.162s] [01m[K/opt/ros/humble/include/rclcpp/rclcpp/publisher.hpp:295:3:[m[K [01;36m[Knote: [m[K  template argument deduction/substitution failed:
[2.162s] In file included from [01m[K/usr/include/c++/11/ratio:39[m[K,
[2.163s]                  from [01m[K/usr/include/c++/11/chrono:39[m[K,
[2.163s]                  from [01m[K/home/alves/ros2_ws/src/robot_ras_decision/src/decision_node.cpp:2[m[K:
[2.163s] /usr/include/c++/11/type_traits: In substitution of ‘[01m[Ktemplate<bool _Cond, class _Tp> using enable_if_t = typename std::enable_if::type [with bool _Cond = false; _Tp = void][m[K’:
[2.163s] [01m[K/opt/ros/humble/include/rclcpp/rclcpp/publisher.hpp:295:3:[m[K   required by substitution of ‘[01m[Ktemplate<class T> std::enable_if_t<(rosidl_generator_traits::is_message<T>::value && std::is_same<T, std_msgs::msg::String_<std::allocator<void> > >::value), void> rclcpp::Publisher<std_msgs::msg::String_<std::allocator<void> > >::publish<T>(const T&) [with T = robot_ras_decision::msg::Movement_<std::allocator<void> >][m[K’
[2.163s] [01m[K/home/alves/ros2_ws/src/robot_ras_decision/src/decision_node.cpp:97:34:[m[K   required from here
[2.163s] [01m[K/usr/include/c++/11/type_traits:2579:11:[m[K [01;31m[Kerror: [m[Kno type named ‘[01m[Ktype[m[K’ in ‘[01m[Kstruct std::enable_if<false, void>[m[K’
[2.163s]  2579 |     using [01;31m[Kenable_if_t[m[K = typename enable_if<_Cond, _Tp>::type;
[2.163s]       |           [01;31m[K^~~~~~~~~~~[m[K
[2.163s] In file included from [01m[K/opt/ros/humble/include/rclcpp/rclcpp/topic_statistics/subscription_topic_statistics.hpp:31[m[K,
[2.163s]                  from [01m[K/opt/ros/humble/include/rclcpp/rclcpp/subscription.hpp:50[m[K,
[2.163s]                  from [01m[K/opt/ros/humble/include/rclcpp/rclcpp/any_executable.hpp:25[m[K,
[2.163s]                  from [01m[K/opt/ros/humble/include/rclcpp/rclcpp/memory_strategy.hpp:25[m[K,
[2.163s]                  from [01m[K/opt/ros/humble/include/rclcpp/rclcpp/memory_strategies.hpp:18[m[K,
[2.163s]                  from [01m[K/opt/ros/humble/include/rclcpp/rclcpp/executor_options.hpp:20[m[K,
[2.163s]                  from [01m[K/opt/ros/humble/include/rclcpp/rclcpp/executor.hpp:37[m[K,
[2.163s]                  from [01m[K/opt/ros/humble/include/rclcpp/rclcpp/executors/multi_threaded_executor.hpp:25[m[K,
[2.163s]                  from [01m[K/opt/ros/humble/include/rclcpp/rclcpp/executors.hpp:21[m[K,
[2.163s]                  from [01m[K/opt/ros/humble/include/rclcpp/rclcpp/rclcpp.hpp:155[m[K,
[2.163s]                  from [01m[K/home/alves/ros2_ws/src/robot_ras_decision/src/decision_node.cpp:8[m[K:
[2.163s] [01m[K/opt/ros/humble/include/rclcpp/rclcpp/publisher.hpp:325:3:[m[K [01;36m[Knote: [m[Kcandidate: ‘[01m[Ktemplate<class T> std::enable_if_t<(typename rclcpp::TypeAdapter<MessageT>::is_specialized::value && std::is_same<T, typename rclcpp::TypeAdapter<MessageT>::custom_type>::value)> rclcpp::Publisher<MessageT, AllocatorT>::publish(std::unique_ptr<T, typename std::conditional<std::is_same<typename std::allocator_traits<typename std::allocator_traits<_Allocator>::rebind_traits<typename rclcpp::TypeAdapter<MessageT, void, void>::custom_type>::allocator_type>::rebind_alloc<typename rclcpp::TypeAdapter<MessageT, void, void>::custom_type>, std::allocator<typename rclcpp::TypeAdapter<MessageT>::custom_type> >::value, std::default_delete<typename rclcpp::TypeAdapter<MessageT>::custom_type>, rclcpp::allocator::AllocatorDeleter<typename std::allocator_traits<_Allocator>::rebind_traits<typename rclcpp::TypeAdapter<MessageT, void, void>::custom_type>::allocator_type> >::type>) [with T = T; MessageT = std_msgs::msg::String_<std::allocator<void> >; AllocatorT = std::allocator<void>][m[K’
[2.163s]   325 |   [01;36m[Kpublish[m[K(std::unique_ptr<T, PublishedTypeDeleter> msg)
[2.163s]       |   [01;36m[K^~~~~~~[m[K
[2.163s] [01m[K/opt/ros/humble/include/rclcpp/rclcpp/publisher.hpp:325:3:[m[K [01;36m[Knote: [m[K  template argument deduction/substitution failed:
[2.163s] [01m[K/home/alves/ros2_ws/src/robot_ras_decision/src/decision_node.cpp:97:34:[m[K [01;36m[Knote: [m[K  ‘[01m[Krobot_ras_decision::msg::Movement_<std::allocator<void> >[m[K’ is not derived from ‘[01m[Kstd::unique_ptr<T, std::default_delete<std_msgs::msg::String_<std::allocator<void> > > >[m[K’
[2.164s]    97 |             [01;36m[Kpub_manager_->publish(instruction)[m[K;
[2.164s]       |             [01;36m[K~~~~~~~~~~~~~~~~~~~~~^~~~~~~~~~~~~[m[K
[2.164s] In file included from [01m[K/opt/ros/humble/include/rclcpp/rclcpp/topic_statistics/subscription_topic_statistics.hpp:31[m[K,
[2.164s]                  from [01m[K/opt/ros/humble/include/rclcpp/rclcpp/subscription.hpp:50[m[K,
[2.164s]                  from [01m[K/opt/ros/humble/include/rclcpp/rclcpp/any_executable.hpp:25[m[K,
[2.164s]                  from [01m[K/opt/ros/humble/include/rclcpp/rclcpp/memory_strategy.hpp:25[m[K,
[2.164s]                  from [01m[K/opt/ros/humble/include/rclcpp/rclcpp/memory_strategies.hpp:18[m[K,
[2.164s]                  from [01m[K/opt/ros/humble/include/rclcpp/rclcpp/executor_options.hpp:20[m[K,
[2.164s]                  from [01m[K/opt/ros/humble/include/rclcpp/rclcpp/executor.hpp:37[m[K,
[2.164s]                  from [01m[K/opt/ros/humble/include/rclcpp/rclcpp/executors/multi_threaded_executor.hpp:25[m[K,
[2.164s]                  from [01m[K/opt/ros/humble/include/rclcpp/rclcpp/executors.hpp:21[m[K,
[2.164s]                  from [01m[K/opt/ros/humble/include/rclcpp/rclcpp/rclcpp.hpp:155[m[K,
[2.164s]                  from [01m[K/home/alves/ros2_ws/src/robot_ras_decision/src/decision_node.cpp:8[m[K:
[2.164s] [01m[K/opt/ros/humble/include/rclcpp/rclcpp/publisher.hpp:367:3:[m[K [01;36m[Knote: [m[Kcandidate: ‘[01m[Ktemplate<class T> std::enable_if_t<(typename rclcpp::TypeAdapter<MessageT>::is_specialized::value && std::is_same<T, typename rclcpp::TypeAdapter<MessageT>::custom_type>::value)> rclcpp::Publisher<MessageT, AllocatorT>::publish(const T&) [with T = T; MessageT = std_msgs::msg::String_<std::allocator<void> >; AllocatorT = std::allocator<void>][m[K’
[2.164s]   367 |   [01;36m[Kpublish[m[K(const T & msg)
[2.164s]       |   [01;36m[K^~~~~~~[m[K
[2.164s] [01m[K/opt/ros/humble/include/rclcpp/rclcpp/publisher.hpp:367:3:[m[K [01;36m[Knote: [m[K  template argument deduction/substitution failed:
[2.164s] [01m[K/opt/ros/humble/include/rclcpp/rclcpp/publisher.hpp:386:3:[m[K [01;36m[Knote: [m[Kcandidate: ‘[01m[Kvoid rclcpp::Publisher<MessageT, AllocatorT>::publish(const rcl_serialized_message_t&) [with MessageT = std_msgs::msg::String_<std::allocator<void> >; AllocatorT = std::allocator<void>; rcl_serialized_message_t = rcutils_uint8_array_s][m[K’
[2.164s]   386 |   [01;36m[Kpublish[m[K(const rcl_serialized_message_t & serialized_msg)
[2.164s]       |   [01;36m[K^~~~~~~[m[K
[2.164s] [01m[K/opt/ros/humble/include/rclcpp/rclcpp/publisher.hpp:386:44:[m[K [01;36m[Knote: [m[K  no known conversion for argument 1 from ‘[01m[Krobot_ras_decision::msg::Movement_<std::allocator<void> >[m[K’ to ‘[01m[Kconst rcl_serialized_message_t&[m[K’ {aka ‘[01m[Kconst rcutils_uint8_array_s&[m[K’}
[2.164s]   386 |   publish([01;36m[Kconst rcl_serialized_message_t & serialized_msg[m[K)
[2.164s]       |           [01;36m[K~~~~~~~~~~~~~~~~~~~~~~~~~~~~~~~~~^~~~~~~~~~~~~~[m[K
[2.164s] [01m[K/opt/ros/humble/include/rclcpp/rclcpp/publisher.hpp:392:3:[m[K [01;36m[Knote: [m[Kcandidate: ‘[01m[Kvoid rclcpp::Publisher<MessageT, AllocatorT>::publish(const rclcpp::SerializedMessage&) [with MessageT = std_msgs::msg::String_<std::allocator<void> >; AllocatorT = std::allocator<void>][m[K’
[2.164s]   392 |   [01;36m[Kpublish[m[K(const SerializedMessage & serialized_msg)
[2.164s]       |   [01;36m[K^~~~~~~[m[K
[2.164s] [01m[K/opt/ros/humble/include/rclcpp/rclcpp/publisher.hpp:392:37:[m[K [01;36m[Knote: [m[K  no known conversion for argument 1 from ‘[01m[Krobot_ras_decision::msg::Movement_<std::allocator<void> >[m[K’ to ‘[01m[Kconst rclcpp::SerializedMessage&[m[K’
[2.164s]   392 |   publish([01;36m[Kconst SerializedMessage & serialized_msg[m[K)
[2.164s]       |           [01;36m[K~~~~~~~~~~~~~~~~~~~~~~~~~~^~~~~~~~~~~~~~[m[K
[2.165s] [01m[K/opt/ros/humble/include/rclcpp/rclcpp/publisher.hpp:406:3:[m[K [01;36m[Knote: [m[Kcandidate: ‘[01m[Kvoid rclcpp::Publisher<MessageT, AllocatorT>::publish(rclcpp::LoanedMessage<typename rclcpp::TypeAdapter<MessageT>::ros_message_type, AllocatorT>&&) [with MessageT = std_msgs::msg::String_<std::allocator<void> >; AllocatorT = std::allocator<void>; typename rclcpp::TypeAdapter<MessageT>::ros_message_type = std_msgs::msg::String_<std::allocator<void> >][m[K’
[2.165s]   406 |   [01;36m[Kpublish[m[K(rclcpp::LoanedMessage<ROSMessageType, AllocatorT> && loaned_msg)
[2.165s]       |   [01;36m[K^~~~~~~[m[K
[2.165s] [01m[K/opt/ros/humble/include/rclcpp/rclcpp/publisher.hpp:406:64:[m[K [01;36m[Knote: [m[K  no known conversion for argument 1 from ‘[01m[Krobot_ras_decision::msg::Movement_<std::allocator<void> >[m[K’ to ‘[01m[Krclcpp::LoanedMessage<std_msgs::msg::String_<std::allocator<void> >, std::allocator<void> >&&[m[K’
[2.165s]   406 |   publish([01;36m[Krclcpp::LoanedMessage<ROSMessageType, AllocatorT> && loaned_msg[m[K)
[2.165s]       |           [01;36m[K~~~~~~~~~~~~~~~~~~~~~~~~~~~~~~~~~~~~~~~~~~~~~~~~~~~~~^~~~~~~~~~[m[K
[2.166s] [01m[K/home/alves/ros2_ws/src/robot_ras_decision/src/motor_controller_node.cpp:[m[K In constructor ‘[01m[KMotorControllerNode::MotorControllerNode()[m[K’:
[2.166s] [01m[K/home/alves/ros2_ws/src/robot_ras_decision/src/motor_controller_node.cpp:16:103:[m[K [01;31m[Kerror: [m[Kno match for ‘[01m[Koperator=[m[K’ (operand types are ‘[01m[Krclcpp::Subscription<std_msgs::msg::String_<std::allocator<void> > >::SharedPtr[m[K’ {aka ‘[01m[Kstd::shared_ptr<rclcpp::Subscription<std_msgs::msg::String_<std::allocator<void> > > >[m[K’} and ‘[01m[Kstd::shared_ptr<rclcpp::Subscription<robot_ras_decision::msg::Movement_<std::allocator<void> >, std::allocator<void>, robot_ras_decision::msg::Movement_<std::allocator<void> >, robot_ras_decision::msg::Movement_<std::allocator<void> >, rclcpp::message_memory_strategy::MessageMemoryStrategy<robot_ras_decision::msg::Movement_<std::allocator<void> >, std::allocator<void> > > >[m[K’)
[2.166s]    16 |       "/movement", 10, std::bind(&MotorControllerNode::movement_callback, this, std::placeholders::_1)[01;31m[K)[m[K;
[2.166s]       |                                                                                                       [01;31m[K^[m[K
[2.166s] In file included from [01m[K/usr/include/c++/11/memory:77[m[K,
[2.166s]                  from [01m[K/home/alves/ros2_ws/src/robot_ras_decision/src/motor_controller_node.cpp:2[m[K:
[2.166s] [01m[K/usr/include/c++/11/bits/shared_ptr.h:363:9:[m[K [01;36m[Knote: [m[Kcandidate: ‘[01m[Ktemplate<class _Yp> std::shared_ptr<_Tp>::_Assignable<const std::shared_ptr<_Yp>&> std::shared_ptr<_Tp>::operator=(const std::shared_ptr<_Yp>&) [with _Yp = _Yp; _Tp = rclcpp::Subscription<std_msgs::msg::String_<std::allocator<void> > >][m[K’
[2.166s]   363 |         [01;36m[Koperator[m[K=(const shared_ptr<_Yp>& __r) noexcept
[2.166s]       |         [01;36m[K^~~~~~~~[m[K
[2.166s] [01m[K/usr/include/c++/11/bits/shared_ptr.h:363:9:[m[K [01;36m[Knote: [m[K  template argument deduction/substitution failed:
[2.166s] /usr/include/c++/11/bits/shared_ptr.h: In substitution of ‘[01m[Ktemplate<class _Tp> template<class _Arg> using _Assignable = typename std::enable_if<std::is_assignable<std::__shared_ptr<_Tp>&, _Arg>::value, std::shared_ptr<_Tp>&>::type [with _Arg = const std::shared_ptr<rclcpp::Subscription<robot_ras_decision::msg::Movement_<std::allocator<void> >, std::allocator<void>, robot_ras_decision::msg::Movement_<std::allocator<void> >, robot_ras_decision::msg::Movement_<std::allocator<void> >, rclcpp::message_memory_strategy::MessageMemoryStrategy<robot_ras_decision::msg::Movement_<std::allocator<void> >, std::allocator<void> > > >&; _Tp = rclcpp::Subscription<std_msgs::msg::String_<std::allocator<void> > >][m[K’:
[2.166s] [01m[K/usr/include/c++/11/bits/shared_ptr.h:363:2:[m[K   required by substitution of ‘[01m[Ktemplate<class _Yp> std::shared_ptr<rclcpp::Subscription<std_msgs::msg::String_<std::allocator<void> > > >::_Assignable<const std::shared_ptr<_Tp>&> std::shared_ptr<rclcpp::Subscription<std_msgs::msg::String_<std::allocator<void> > > >::operator=<_Yp>(const std::shared_ptr<_Tp>&) [with _Yp = rclcpp::Subscription<robot_ras_decision::msg::Movement_<std::allocator<void> >, std::allocator<void>, robot_ras_decision::msg::Movement_<std::allocator<void> >, robot_ras_decision::msg::Movement_<std::allocator<void> >, rclcpp::message_memory_strategy::MessageMemoryStrategy<robot_ras_decision::msg::Movement_<std::allocator<void> >, std::allocator<void> > >][m[K’
[2.166s] [01m[K/home/alves/ros2_ws/src/robot_ras_decision/src/motor_controller_node.cpp:16:103:[m[K   required from here
[2.166s] [01m[K/usr/include/c++/11/bits/shared_ptr.h:130:15:[m[K [01;31m[Kerror: [m[Kno type named ‘[01m[Ktype[m[K’ in ‘[01m[Kstruct std::enable_if<false, std::shared_ptr<rclcpp::Subscription<std_msgs::msg::String_<std::allocator<void> > > >&>[m[K’
[2.166s]   130 |         using [01;31m[K_Assignable[m[K = typename enable_if<
[2.166s]       |               [01;31m[K^~~~~~~~~~~[m[K
[2.166s] [01m[K/usr/include/c++/11/bits/shared_ptr.h:374:9:[m[K [01;36m[Knote: [m[Kcandidate: ‘[01m[Ktemplate<class _Yp> std::shared_ptr<_Tp>::_Assignable<std::auto_ptr<_Up> > std::shared_ptr<_Tp>::operator=(std::auto_ptr<_Up>&&) [with _Yp = _Yp; _Tp = rclcpp::Subscription<std_msgs::msg::String_<std::allocator<void> > >][m[K’
[2.166s]   374 |         [01;36m[Koperator[m[K=(auto_ptr<_Yp>&& __r)
[2.166s]       |         [01;36m[K^~~~~~~~[m[K
[2.167s] [01m[K/usr/include/c++/11/bits/shared_ptr.h:374:9:[m[K [01;36m[Knote: [m[K  template argument deduction/substitution failed:
[2.167s] [01m[K/home/alves/ros2_ws/src/robot_ras_decision/src/motor_controller_node.cpp:16:103:[m[K [01;36m[Knote: [m[K  ‘[01m[Kstd::shared_ptr<rclcpp::Subscription<robot_ras_decision::msg::Movement_<std::allocator<void> >, std::allocator<void>, robot_ras_decision::msg::Movement_<std::allocator<void> >, robot_ras_decision::msg::Movement_<std::allocator<void> >, rclcpp::message_memory_strategy::MessageMemoryStrategy<robot_ras_decision::msg::Movement_<std::allocator<void> >, std::allocator<void> > > >[m[K’ is not derived from ‘[01m[Kstd::auto_ptr<_Up>[m[K’
[2.167s]    16 |       "/movement", 10, std::bind(&MotorControllerNode::movement_callback, this, std::placeholders::_1)[01;36m[K)[m[K;
[2.167s]       |                                                                                                       [01;36m[K^[m[K
[2.167s] In file included from [01m[K/usr/include/c++/11/memory:77[m[K,
[2.167s]                  from [01m[K/home/alves/ros2_ws/src/robot_ras_decision/src/motor_controller_node.cpp:2[m[K:
[2.167s] [01m[K/usr/include/c++/11/bits/shared_ptr.h:391:9:[m[K [01;36m[Knote: [m[Kcandidate: ‘[01m[Ktemplate<class _Yp> std::shared_ptr<_Tp>::_Assignable<std::shared_ptr<_Yp> > std::shared_ptr<_Tp>::operator=(std::shared_ptr<_Yp>&&) [with _Yp = _Yp; _Tp = rclcpp::Subscription<std_msgs::msg::String_<std::allocator<void> > >][m[K’
[2.167s]   391 |         [01;36m[Koperator[m[K=(shared_ptr<_Yp>&& __r) noexcept
[2.167s]       |         [01;36m[K^~~~~~~~[m[K
[2.167s] [01m[K/usr/include/c++/11/bits/shared_ptr.h:391:9:[m[K [01;36m[Knote: [m[K  template argument deduction/substitution failed:
[2.167s] /usr/include/c++/11/bits/shared_ptr.h: In substitution of ‘[01m[Ktemplate<class _Tp> template<class _Arg> using _Assignable = typename std::enable_if<std::is_assignable<std::__shared_ptr<_Tp>&, _Arg>::value, std::shared_ptr<_Tp>&>::type [with _Arg = std::shared_ptr<rclcpp::Subscription<robot_ras_decision::msg::Movement_<std::allocator<void> >, std::allocator<void>, robot_ras_decision::msg::Movement_<std::allocator<void> >, robot_ras_decision::msg::Movement_<std::allocator<void> >, rclcpp::message_memory_strategy::MessageMemoryStrategy<robot_ras_decision::msg::Movement_<std::allocator<void> >, std::allocator<void> > > >; _Tp = rclcpp::Subscription<std_msgs::msg::String_<std::allocator<void> > >][m[K’:
[2.167s] [01m[K/usr/include/c++/11/bits/shared_ptr.h:391:2:[m[K   required by substitution of ‘[01m[Ktemplate<class _Yp> std::shared_ptr<rclcpp::Subscription<std_msgs::msg::String_<std::allocator<void> > > >::_Assignable<std::shared_ptr<_Tp> > std::shared_ptr<rclcpp::Subscription<std_msgs::msg::String_<std::allocator<void> > > >::operator=<_Yp>(std::shared_ptr<_Tp>&&) [with _Yp = rclcpp::Subscription<robot_ras_decision::msg::Movement_<std::allocator<void> >, std::allocator<void>, robot_ras_decision::msg::Movement_<std::allocator<void> >, robot_ras_decision::msg::Movement_<std::allocator<void> >, rclcpp::message_memory_strategy::MessageMemoryStrategy<robot_ras_decision::msg::Movement_<std::allocator<void> >, std::allocator<void> > >][m[K’
[2.167s] [01m[K/home/alves/ros2_ws/src/robot_ras_decision/src/motor_controller_node.cpp:16:103:[m[K   required from here
[2.167s] [01m[K/usr/include/c++/11/bits/shared_ptr.h:130:15:[m[K [01;31m[Kerror: [m[Kno type named ‘[01m[Ktype[m[K’ in ‘[01m[Kstruct std::enable_if<false, std::shared_ptr<rclcpp::Subscription<std_msgs::msg::String_<std::allocator<void> > > >&>[m[K’
[2.167s]   130 |         using [01;31m[K_Assignable[m[K = typename enable_if<
[2.167s]       |               [01;31m[K^~~~~~~~~~~[m[K
[2.167s] [01m[K/usr/include/c++/11/bits/shared_ptr.h:399:9:[m[K [01;36m[Knote: [m[Kcandidate: ‘[01m[Ktemplate<class _Yp, class _Del> std::shared_ptr<_Tp>::_Assignable<std::unique_ptr<_Up, _Ep> > std::shared_ptr<_Tp>::operator=(std::unique_ptr<_Up, _Ep>&&) [with _Yp = _Yp; _Del = _Del; _Tp = rclcpp::Subscription<std_msgs::msg::String_<std::allocator<void> > >][m[K’
[2.167s]   399 |         [01;36m[Koperator[m[K=(unique_ptr<_Yp, _Del>&& __r)
[2.167s]       |         [01;36m[K^~~~~~~~[m[K
[2.167s] [01m[K/usr/include/c++/11/bits/shared_ptr.h:399:9:[m[K [01;36m[Knote: [m[K  template argument deduction/substitution failed:
[2.167s] [01m[K/home/alves/ros2_ws/src/robot_ras_decision/src/motor_controller_node.cpp:16:103:[m[K [01;36m[Knote: [m[K  ‘[01m[Kstd::shared_ptr<rclcpp::Subscription<robot_ras_decision::msg::Movement_<std::allocator<void> >, std::allocator<void>, robot_ras_decision::msg::Movement_<std::allocator<void> >, robot_ras_decision::msg::Movement_<std::allocator<void> >, rclcpp::message_memory_strategy::MessageMemoryStrategy<robot_ras_decision::msg::Movement_<std::allocator<void> >, std::allocator<void> > > >[m[K’ is not derived from ‘[01m[Kstd::unique_ptr<_Tp, _Dp>[m[K’
[2.167s]    16 |       "/movement", 10, std::bind(&MotorControllerNode::movement_callback, this, std::placeholders::_1)[01;36m[K)[m[K;
[2.167s]       |                                                                                                       [01;36m[K^[m[K
[2.167s] In file included from [01m[K/usr/include/c++/11/memory:77[m[K,
[2.167s]                  from [01m[K/home/alves/ros2_ws/src/robot_ras_decision/src/motor_controller_node.cpp:2[m[K:
[2.167s] [01m[K/usr/include/c++/11/bits/shared_ptr.h:359:19:[m[K [01;36m[Knote: [m[Kcandidate: ‘[01m[Kstd::shared_ptr<_Tp>& std::shared_ptr<_Tp>::operator=(const std::shared_ptr<_Tp>&) [with _Tp = rclcpp::Subscription<std_msgs::msg::String_<std::allocator<void> > >][m[K’
[2.167s]   359 |       shared_ptr& [01;36m[Koperator[m[K=(const shared_ptr&) noexcept = default;
[2.167s]       |                   [01;36m[K^~~~~~~~[m[K
[2.167s] [01m[K/usr/include/c++/11/bits/shared_ptr.h:359:29:[m[K [01;36m[Knote: [m[K  no known conversion for argument 1 from ‘[01m[Kstd::shared_ptr<rclcpp::Subscription<robot_ras_decision::msg::Movement_<std::allocator<void> >, std::allocator<void>, robot_ras_decision::msg::Movement_<std::allocator<void> >, robot_ras_decision::msg::Movement_<std::allocator<void> >, rclcpp::message_memory_strategy::MessageMemoryStrategy<robot_ras_decision::msg::Movement_<std::allocator<void> >, std::allocator<void> > > >[m[K’ to ‘[01m[Kconst std::shared_ptr<rclcpp::Subscription<std_msgs::msg::String_<std::allocator<void> > > >&[m[K’
[2.167s]   359 |       shared_ptr& operator=([01;36m[Kconst shared_ptr&[m[K) noexcept = default;
[2.167s]       |                             [01;36m[K^~~~~~~~~~~~~~~~~[m[K
[2.167s] [01m[K/usr/include/c++/11/bits/shared_ptr.h:383:7:[m[K [01;36m[Knote: [m[Kcandidate: ‘[01m[Kstd::shared_ptr<_Tp>& std::shared_ptr<_Tp>::operator=(std::shared_ptr<_Tp>&&) [with _Tp = rclcpp::Subscription<std_msgs::msg::String_<std::allocator<void> > >][m[K’
[2.167s]   383 |       [01;36m[Koperator[m[K=(shared_ptr&& __r) noexcept
[2.167s]       |       [01;36m[K^~~~~~~~[m[K
[2.168s] [01m[K/usr/include/c++/11/bits/shared_ptr.h:383:30:[m[K [01;36m[Knote: [m[K  no known conversion for argument 1 from ‘[01m[Kstd::shared_ptr<rclcpp::Subscription<robot_ras_decision::msg::Movement_<std::allocator<void> >, std::allocator<void>, robot_ras_decision::msg::Movement_<std::allocator<void> >, robot_ras_decision::msg::Movement_<std::allocator<void> >, rclcpp::message_memory_strategy::MessageMemoryStrategy<robot_ras_decision::msg::Movement_<std::allocator<void> >, std::allocator<void> > > >[m[K’ to ‘[01m[Kstd::shared_ptr<rclcpp::Subscription<std_msgs::msg::String_<std::allocator<void> > > >&&[m[K’
[2.168s]   383 |       operator=([01;36m[Kshared_ptr&& __r[m[K) noexcept
[2.168s]       |                 [01;36m[K~~~~~~~~~~~~~^~~[m[K
[2.695s] In file included from [01m[K/usr/include/x86_64-linux-gnu/c++/11/bits/c++allocator.h:33[m[K,
[2.695s]                  from [01m[K/usr/include/c++/11/bits/allocator.h:46[m[K,
[2.695s]                  from [01m[K/usr/include/c++/11/memory:64[m[K,
[2.695s]                  from [01m[K/home/alves/ros2_ws/src/robot_ras_decision/src/decision_node.cpp:3[m[K:
[2.695s] /usr/include/c++/11/ext/new_allocator.h: In instantiation of ‘[01m[Kvoid __gnu_cxx::new_allocator<_Tp>::construct(_Up*, _Args&& ...) [with _Up = DecisionNode; _Args = {}; _Tp = DecisionNode][m[K’:
[2.696s] [01m[K/usr/include/c++/11/bits/alloc_traits.h:516:17:[m[K   required from ‘[01m[Kstatic void std::allocator_traits<std::allocator<_Tp1> >::construct(std::allocator_traits<std::allocator<_Tp1> >::allocator_type&, _Up*, _Args&& ...) [with _Up = DecisionNode; _Args = {}; _Tp = DecisionNode; std::allocator_traits<std::allocator<_Tp1> >::allocator_type = std::allocator<DecisionNode>][m[K’
[2.696s] [01m[K/usr/include/c++/11/bits/shared_ptr_base.h:519:39:[m[K   required from ‘[01m[Kstd::_Sp_counted_ptr_inplace<_Tp, _Alloc, _Lp>::_Sp_counted_ptr_inplace(_Alloc, _Args&& ...) [with _Args = {}; _Tp = DecisionNode; _Alloc = std::allocator<DecisionNode>; __gnu_cxx::_Lock_policy _Lp = __gnu_cxx::_S_atomic][m[K’
[2.696s] [01m[K/usr/include/c++/11/bits/shared_ptr_base.h:650:16:[m[K   required from ‘[01m[Kstd::__shared_count<_Lp>::__shared_count(_Tp*&, std::_Sp_alloc_shared_tag<_Alloc>, _Args&& ...) [with _Tp = DecisionNode; _Alloc = std::allocator<DecisionNode>; _Args = {}; __gnu_cxx::_Lock_policy _Lp = __gnu_cxx::_S_atomic][m[K’
[2.696s] [01m[K/usr/include/c++/11/bits/shared_ptr_base.h:1342:14:[m[K   required from ‘[01m[Kstd::__shared_ptr<_Tp, _Lp>::__shared_ptr(std::_Sp_alloc_shared_tag<_Tp>, _Args&& ...) [with _Alloc = std::allocator<DecisionNode>; _Args = {}; _Tp = DecisionNode; __gnu_cxx::_Lock_policy _Lp = __gnu_cxx::_S_atomic][m[K’
[2.696s] [01m[K/usr/include/c++/11/bits/shared_ptr.h:409:59:[m[K   required from ‘[01m[Kstd::shared_ptr<_Tp>::shared_ptr(std::_Sp_alloc_shared_tag<_Tp>, _Args&& ...) [with _Alloc = std::allocator<DecisionNode>; _Args = {}; _Tp = DecisionNode][m[K’
[2.696s] [01m[K/usr/include/c++/11/bits/shared_ptr.h:862:14:[m[K   required from ‘[01m[Kstd::shared_ptr<_Tp> std::allocate_shared(const _Alloc&, _Args&& ...) [with _Tp = DecisionNode; _Alloc = std::allocator<DecisionNode>; _Args = {}][m[K’
[2.696s] [01m[K/usr/include/c++/11/bits/shared_ptr.h:878:39:[m[K   required from ‘[01m[Kstd::shared_ptr<_Tp> std::make_shared(_Args&& ...) [with _Tp = DecisionNode; _Args = {}][m[K’
[2.696s] [01m[K/home/alves/ros2_ws/src/robot_ras_decision/src/decision_node.cpp:107:48:[m[K   required from here
[2.696s] [01m[K/usr/include/c++/11/ext/new_allocator.h:162:11:[m[K [01;31m[Kerror: [m[Kuse of deleted function ‘[01m[KDecisionNode::DecisionNode()[m[K’
[2.696s]   162 |         { [01;31m[K::new((void *)__p) _Up(std::forward<_Args>(__args)...)[m[K; }
[2.696s]       |           [01;31m[K^~~~~~~~~~~~~~~~~~~~~~~~~~~~~~~~~~~~~~~~~~~~~~~~~~~~~~[m[K
[2.696s] [01m[K/home/alves/ros2_ws/src/robot_ras_decision/src/decision_node.cpp:16:7:[m[K [01;36m[Knote: [m[K‘[01m[KDecisionNode::DecisionNode()[m[K’ is implicitly deleted because the default definition would be ill-formed:
[2.696s]    16 | class [01;36m[KDecisionNode[m[K : public rclcpp::Node
[2.696s]       |       [01;36m[K^~~~~~~~~~~~[m[K
[2.696s] [01m[K/home/alves/ros2_ws/src/robot_ras_decision/src/decision_node.cpp:16:7:[m[K [01;31m[Kerror: [m[Kno matching function for call to ‘[01m[Krclcpp::Node::Node()[m[K’
[2.696s] In file included from [01m[K/opt/ros/humble/include/rclcpp/rclcpp/executors/single_threaded_executor.hpp:28[m[K,
[2.696s]                  from [01m[K/opt/ros/humble/include/rclcpp/rclcpp/executors.hpp:22[m[K,
[2.696s]                  from [01m[K/opt/ros/humble/include/rclcpp/rclcpp/rclcpp.hpp:155[m[K,
[2.696s]                  from [01m[K/home/alves/ros2_ws/src/robot_ras_decision/src/decision_node.cpp:8[m[K:
[2.696s] [01m[K/opt/ros/humble/include/rclcpp/rclcpp/node.hpp:1294:3:[m[K [01;36m[Knote: [m[Kcandidate: ‘[01m[Krclcpp::Node::Node(const rclcpp::Node&, const string&)[m[K’
[2.696s]  1294 |   [01;36m[KNode[m[K(
[2.696s]       |   [01;36m[K^~~~[m[K
[2.696s] [01m[K/opt/ros/humble/include/rclcpp/rclcpp/node.hpp:1294:3:[m[K [01;36m[Knote: [m[K  candidate expects 2 arguments, 0 provided
[2.696s] [01m[K/opt/ros/humble/include/rclcpp/rclcpp/node.hpp:101:12:[m[K [01;36m[Knote: [m[Kcandidate: ‘[01m[Krclcpp::Node::Node(const string&, const string&, const rclcpp::NodeOptions&)[m[K’
[2.696s]   101 |   explicit [01;36m[KNode[m[K(
[2.696s]       |            [01;36m[K^~~~[m[K
[2.696s] [01m[K/opt/ros/humble/include/rclcpp/rclcpp/node.hpp:101:12:[m[K [01;36m[Knote: [m[K  candidate expects 3 arguments, 0 provided
[2.697s] [01m[K/opt/ros/humble/include/rclcpp/rclcpp/node.hpp:89:12:[m[K [01;36m[Knote: [m[Kcandidate: ‘[01m[Krclcpp::Node::Node(const string&, const rclcpp::NodeOptions&)[m[K’
[2.697s]    89 |   explicit [01;36m[KNode[m[K(
[2.697s]       |            [01;36m[K^~~~[m[K
[2.697s] [01m[K/opt/ros/humble/include/rclcpp/rclcpp/node.hpp:89:12:[m[K [01;36m[Knote: [m[K  candidate expects 2 arguments, 0 provided
[4.046s] gmake[2]: *** [CMakeFiles/DecisionNode.dir/build.make:76: CMakeFiles/DecisionNode.dir/src/decision_node.cpp.o] Erro 1
[4.046s] gmake[1]: *** [CMakeFiles/Makefile2:624: CMakeFiles/DecisionNode.dir/all] Erro 2
[4.046s] gmake[1]: ** Esperando que outros processos terminem.
[4.102s] gmake[2]: *** [CMakeFiles/MotorControllerNode.dir/build.make:76: CMakeFiles/MotorControllerNode.dir/src/motor_controller_node.cpp.o] Erro 1
[4.102s] gmake[1]: *** [CMakeFiles/Makefile2:596: CMakeFiles/MotorControllerNode.dir/all] Erro 2
[4.102s] gmake: *** [Makefile:146: all] Erro 2
[4.104s] Invoked command in '/home/alves/ros2_ws/build/robot_ras_decision' returned '2': CMAKE_PREFIX_PATH=/opt/ros/humble /usr/bin/cmake --build /home/alves/ros2_ws/build/robot_ras_decision -- -j16 -l16
