[0.009s] Invoking command in '/home/alves/ros2_ws/build/robot_ras_decision': CMAKE_PREFIX_PATH=/opt/ros/humble /usr/bin/cmake --build /home/alves/ros2_ws/build/robot_ras_decision -- -j16 -l16
[0.045s] [35m[1mConsolidate compiler generated dependencies of target manager[0m
[0.053s] [100%] Built target manager
[0.062s] Invoked command in '/home/alves/ros2_ws/build/robot_ras_decision' returned '0': CMAKE_PREFIX_PATH=/opt/ros/humble /usr/bin/cmake --build /home/alves/ros2_ws/build/robot_ras_decision -- -j16 -l16
[0.065s] Invoking command in '/home/alves/ros2_ws/build/robot_ras_decision': CMAKE_PREFIX_PATH=/opt/ros/humble /usr/bin/cmake --install /home/alves/ros2_ws/build/robot_ras_decision
[0.069s] -- Install configuration: ""
[0.069s] -- Up-to-date: /home/alves/ros2_ws/install/robot_ras_decision/lib/robot_ras_decision/manager
[0.069s] -- Up-to-date: /home/alves/ros2_ws/install/robot_ras_decision/share/ament_index/resource_index/package_run_dependencies/robot_ras_decision
[0.069s] -- Up-to-date: /home/alves/ros2_ws/install/robot_ras_decision/share/ament_index/resource_index/parent_prefix_path/robot_ras_decision
[0.070s] -- Up-to-date: /home/alves/ros2_ws/install/robot_ras_decision/share/robot_ras_decision/environment/ament_prefix_path.sh
[0.070s] -- Up-to-date: /home/alves/ros2_ws/install/robot_ras_decision/share/robot_ras_decision/environment/ament_prefix_path.dsv
[0.070s] -- Up-to-date: /home/alves/ros2_ws/install/robot_ras_decision/share/robot_ras_decision/environment/path.sh
[0.070s] -- Up-to-date: /home/alves/ros2_ws/install/robot_ras_decision/share/robot_ras_decision/environment/path.dsv
[0.070s] -- Up-to-date: /home/alves/ros2_ws/install/robot_ras_decision/share/robot_ras_decision/local_setup.bash
[0.070s] -- Up-to-date: /home/alves/ros2_ws/install/robot_ras_decision/share/robot_ras_decision/local_setup.sh
[0.070s] -- Up-to-date: /home/alves/ros2_ws/install/robot_ras_decision/share/robot_ras_decision/local_setup.zsh
[0.070s] -- Up-to-date: /home/alves/ros2_ws/install/robot_ras_decision/share/robot_ras_decision/local_setup.dsv
[0.070s] -- Up-to-date: /home/alves/ros2_ws/install/robot_ras_decision/share/robot_ras_decision/package.dsv
[0.070s] -- Up-to-date: /home/alves/ros2_ws/install/robot_ras_decision/share/ament_index/resource_index/packages/robot_ras_decision
[0.070s] -- Up-to-date: /home/alves/ros2_ws/install/robot_ras_decision/share/robot_ras_decision/cmake/robot_ras_decisionConfig.cmake
[0.070s] -- Up-to-date: /home/alves/ros2_ws/install/robot_ras_decision/share/robot_ras_decision/cmake/robot_ras_decisionConfig-version.cmake
[0.070s] -- Up-to-date: /home/alves/ros2_ws/install/robot_ras_decision/share/robot_ras_decision/package.xml
[0.079s] Invoked command in '/home/alves/ros2_ws/build/robot_ras_decision' returned '0': CMAKE_PREFIX_PATH=/opt/ros/humble /usr/bin/cmake --install /home/alves/ros2_ws/build/robot_ras_decision
