[0.014s] Invoking command in '/home/alves/ros2_ws/build/count_interfaces': CMAKE_PREFIX_PATH=${CMAKE_PREFIX_PATH}:/opt/ros/humble /usr/bin/cmake --build /home/alves/ros2_ws/build/count_interfaces -- -j16 -l16
[0.034s] -- Found ament_cmake: 1.3.11 (/opt/ros/humble/share/ament_cmake/cmake)
[0.139s] -- Found rclcpp: 16.0.12 (/opt/ros/humble/share/rclcpp/cmake)
[0.164s] -- Found rosidl_generator_c: 3.1.6 (/opt/ros/humble/share/rosidl_generator_c/cmake)
[0.165s] -- Found rosidl_adapter: 3.1.6 (/opt/ros/humble/share/rosidl_adapter/cmake)
[0.169s] -- Found rosidl_generator_cpp: 3.1.6 (/opt/ros/humble/share/rosidl_generator_cpp/cmake)
[0.175s] -- Using all available rosidl_typesupport_c: rosidl_typesupport_fastrtps_c;rosidl_typesupport_introspection_c
[0.184s] -- Using all available rosidl_typesupport_cpp: rosidl_typesupport_fastrtps_cpp;rosidl_typesupport_introspection_cpp
[0.205s] -- Found rmw_implementation_cmake: 6.1.2 (/opt/ros/humble/share/rmw_implementation_cmake/cmake)
[0.206s] -- Found rmw_fastrtps_cpp: 6.2.7 (/opt/ros/humble/share/rmw_fastrtps_cpp/cmake)
[0.286s] -- Using RMW implementation 'rmw_fastrtps_cpp' as default
[0.322s] -- Found rosidl_default_generators: 1.2.0 (/opt/ros/humble/share/rosidl_default_generators/cmake)
[0.573s] -- Found ament_cmake_ros: 0.10.0 (/opt/ros/humble/share/ament_cmake_ros/cmake)
[0.867s] -- Using all available rosidl_typesupport_c: rosidl_typesupport_fastrtps_c;rosidl_typesupport_introspection_c
[0.960s] -- Using all available rosidl_typesupport_cpp: rosidl_typesupport_fastrtps_cpp;rosidl_typesupport_introspection_cpp
[0.977s] -- Found python_cmake_module: 0.10.0 (/opt/ros/humble/share/python_cmake_module/cmake)
[0.994s] -- Using PYTHON_EXECUTABLE: /usr/bin/python3
[0.994s] -- Using PYTHON_INCLUDE_DIRS: /usr/include/python3.10
[0.994s] -- Using PYTHON_LIBRARIES: /usr/lib/x86_64-linux-gnu/libpython3.10.so
[1.009s] -- Found ament_lint_auto: 0.12.12 (/opt/ros/humble/share/ament_lint_auto/cmake)
[1.021s] -- Added test 'lint_cmake' to check CMake code style
[1.022s] -- Added test 'xmllint' to check XML markup files
[1.026s] -- Configuring done
[1.047s] -- Generating done
[1.054s] -- Build files have been written to: /home/alves/ros2_ws/build/count_interfaces
[1.075s] [  3%] [34m[1mGenerating C code for ROS interfaces[0m
[1.087s] [  6%] [34m[1mGenerating C++ code for ROS interfaces[0m
[1.089s] [  6%] Built target ament_cmake_python_copy_count_interfaces
[1.256s] running egg_info
[1.257s] writing count_interfaces.egg-info/PKG-INFO
[1.257s] writing dependency_links to count_interfaces.egg-info/dependency_links.txt
[1.257s] writing top-level names to count_interfaces.egg-info/top_level.txt
[1.259s] reading manifest file 'count_interfaces.egg-info/SOURCES.txt'
[1.259s] writing manifest file 'count_interfaces.egg-info/SOURCES.txt'
[1.277s] [  6%] Built target ament_cmake_python_build_count_interfaces_egg
[1.362s] [35m[1mConsolidate compiler generated dependencies of target count_interfaces__rosidl_generator_c[0m
[1.368s] [  6%] Built target count_interfaces__cpp
[1.372s] [  9%] [32mBuilding C object CMakeFiles/count_interfaces__rosidl_generator_c.dir/rosidl_generator_c/count_interfaces/action/detail/count__functions.c.o[0m
[1.375s] [ 16%] [34m[1mGenerating C++ type support for eProsima Fast-RTPS[0m
[1.375s] [ 16%] [34m[1mGenerating C++ introspection for ROS interfaces[0m
[1.375s] [ 19%] [34m[1mGenerating C++ type support dispatch for ROS interfaces[0m
[1.473s] [ 22%] [32m[1mLinking C shared library libcount_interfaces__rosidl_generator_c.so[0m
[1.504s] [ 22%] Built target count_interfaces__rosidl_generator_c
[1.513s] [ 25%] [34m[1mGenerating C introspection for ROS interfaces[0m
[1.514s] [ 29%] [34m[1mGenerating C type support for eProsima Fast-RTPS[0m
[1.516s] [ 32%] [34m[1mGenerating C type support dispatch for ROS interfaces[0m
[1.560s] [35m[1mConsolidate compiler generated dependencies of target count_interfaces__rosidl_typesupport_cpp[0m
[1.570s] [ 35%] [32mBuilding CXX object CMakeFiles/count_interfaces__rosidl_typesupport_cpp.dir/rosidl_typesupport_cpp/count_interfaces/action/count__type_support.cpp.o[0m
[1.616s] [35m[1mConsolidate compiler generated dependencies of target count_interfaces__rosidl_typesupport_introspection_cpp[0m
[1.626s] [35m[1mConsolidate compiler generated dependencies of target count_interfaces__rosidl_typesupport_fastrtps_cpp[0m
[1.628s] [ 38%] [32mBuilding CXX object CMakeFiles/count_interfaces__rosidl_typesupport_introspection_cpp.dir/rosidl_typesupport_introspection_cpp/count_interfaces/action/detail/count__type_support.cpp.o[0m
[1.635s] [ 41%] [32mBuilding CXX object CMakeFiles/count_interfaces__rosidl_typesupport_fastrtps_cpp.dir/rosidl_typesupport_fastrtps_cpp/count_interfaces/action/detail/dds_fastrtps/count__type_support.cpp.o[0m
[1.690s] [35m[1mConsolidate compiler generated dependencies of target count_interfaces__rosidl_typesupport_c[0m
[1.698s] [ 45%] [32mBuilding CXX object CMakeFiles/count_interfaces__rosidl_typesupport_c.dir/rosidl_typesupport_c/count_interfaces/action/count__type_support.cpp.o[0m
[1.736s] [ 48%] [32m[1mLinking CXX shared library libcount_interfaces__rosidl_typesupport_c.so[0m
[1.771s] [35m[1mConsolidate compiler generated dependencies of target count_interfaces__rosidl_typesupport_introspection_c[0m
[1.771s] [ 48%] Built target count_interfaces__rosidl_typesupport_c
[1.784s] [ 51%] [32mBuilding C object CMakeFiles/count_interfaces__rosidl_typesupport_introspection_c.dir/rosidl_typesupport_introspection_c/count_interfaces/action/detail/count__type_support.c.o[0m
[1.784s] [35m[1mConsolidate compiler generated dependencies of target count_interfaces__rosidl_typesupport_fastrtps_c[0m
[1.799s] [ 54%] [32mBuilding CXX object CMakeFiles/count_interfaces__rosidl_typesupport_fastrtps_c.dir/rosidl_typesupport_fastrtps_c/count_interfaces/action/detail/count__type_support_c.cpp.o[0m
[1.817s] [ 58%] [32m[1mLinking C shared library libcount_interfaces__rosidl_typesupport_introspection_c.so[0m
[1.851s] [ 58%] Built target count_interfaces__rosidl_typesupport_introspection_c
[1.863s] [ 61%] [32m[1mLinking CXX shared library libcount_interfaces__rosidl_typesupport_cpp.so[0m
[1.905s] [ 61%] Built target count_interfaces__rosidl_typesupport_cpp
[2.013s] [ 64%] [32m[1mLinking CXX shared library libcount_interfaces__rosidl_typesupport_introspection_cpp.so[0m
[2.049s] [ 67%] [32m[1mLinking CXX shared library libcount_interfaces__rosidl_typesupport_fastrtps_cpp.so[0m
[2.068s] [ 67%] Built target count_interfaces__rosidl_typesupport_introspection_cpp
[2.069s] [ 70%] [32m[1mLinking CXX shared library libcount_interfaces__rosidl_typesupport_fastrtps_c.so[0m
[2.106s] [ 70%] Built target count_interfaces__rosidl_typesupport_fastrtps_cpp
[2.131s] [ 70%] Built target count_interfaces__rosidl_typesupport_fastrtps_c
[2.152s] [ 70%] Built target count_interfaces
[2.183s] [ 74%] [34m[1mGenerating Python code for ROS interfaces[0m
[2.625s] [ 74%] Built target count_interfaces__py
[2.634s] [35m[1mConsolidate compiler generated dependencies of target count_interfaces__rosidl_generator_py[0m
[2.643s] [ 77%] [32mBuilding C object CMakeFiles/count_interfaces__rosidl_generator_py.dir/rosidl_generator_py/count_interfaces/action/_count_s.c.o[0m
[2.738s] [ 80%] [32m[1mLinking C shared library rosidl_generator_py/count_interfaces/libcount_interfaces__rosidl_generator_py.so[0m
[2.785s] [ 80%] Built target count_interfaces__rosidl_generator_py
[2.793s] [35m[1mConsolidate compiler generated dependencies of target count_interfaces__rosidl_typesupport_c__pyext[0m
[2.793s] [35m[1mConsolidate compiler generated dependencies of target count_interfaces__rosidl_typesupport_fastrtps_c__pyext[0m
[2.793s] [35m[1mConsolidate compiler generated dependencies of target count_interfaces__rosidl_typesupport_introspection_c__pyext[0m
[2.802s] [ 83%] [32mBuilding C object CMakeFiles/count_interfaces__rosidl_typesupport_introspection_c__pyext.dir/rosidl_generator_py/count_interfaces/_count_interfaces_s.ep.rosidl_typesupport_introspection_c.c.o[0m
[2.802s] [ 87%] [32mBuilding C object CMakeFiles/count_interfaces__rosidl_typesupport_c__pyext.dir/rosidl_generator_py/count_interfaces/_count_interfaces_s.ep.rosidl_typesupport_c.c.o[0m
[2.804s] [ 90%] [32mBuilding C object CMakeFiles/count_interfaces__rosidl_typesupport_fastrtps_c__pyext.dir/rosidl_generator_py/count_interfaces/_count_interfaces_s.ep.rosidl_typesupport_fastrtps_c.c.o[0m
[2.881s] [ 93%] [32m[1mLinking C shared library rosidl_generator_py/count_interfaces/count_interfaces_s__rosidl_typesupport_fastrtps_c.cpython-310-x86_64-linux-gnu.so[0m
[2.882s] [ 96%] [32m[1mLinking C shared library rosidl_generator_py/count_interfaces/count_interfaces_s__rosidl_typesupport_introspection_c.cpython-310-x86_64-linux-gnu.so[0m
[2.884s] [100%] [32m[1mLinking C shared library rosidl_generator_py/count_interfaces/count_interfaces_s__rosidl_typesupport_c.cpython-310-x86_64-linux-gnu.so[0m
[2.909s] [100%] Built target count_interfaces__rosidl_typesupport_introspection_c__pyext
[2.914s] [100%] Built target count_interfaces__rosidl_typesupport_fastrtps_c__pyext
[2.914s] [100%] Built target count_interfaces__rosidl_typesupport_c__pyext
[2.925s] Invoked command in '/home/alves/ros2_ws/build/count_interfaces' returned '0': CMAKE_PREFIX_PATH=${CMAKE_PREFIX_PATH}:/opt/ros/humble /usr/bin/cmake --build /home/alves/ros2_ws/build/count_interfaces -- -j16 -l16
[2.926s] Invoking command in '/home/alves/ros2_ws/build/count_interfaces': CMAKE_PREFIX_PATH=${CMAKE_PREFIX_PATH}:/opt/ros/humble /usr/bin/cmake --install /home/alves/ros2_ws/build/count_interfaces
[2.933s] -- Install configuration: ""
[2.933s] -- Up-to-date: /home/alves/ros2_ws/install/count_interfaces/share/ament_index/resource_index/rosidl_interfaces/count_interfaces
[2.933s] -- Up-to-date: /home/alves/ros2_ws/install/count_interfaces/include/count_interfaces/count_interfaces
[2.933s] -- Up-to-date: /home/alves/ros2_ws/install/count_interfaces/include/count_interfaces/count_interfaces/msg
[2.933s] -- Up-to-date: /home/alves/ros2_ws/install/count_interfaces/include/count_interfaces/count_interfaces/msg/rosidl_generator_c__visibility_control.h
[2.933s] -- Up-to-date: /home/alves/ros2_ws/install/count_interfaces/include/count_interfaces/count_interfaces/action
[2.933s] -- Installing: /home/alves/ros2_ws/install/count_interfaces/include/count_interfaces/count_interfaces/action/count.h
[2.933s] -- Up-to-date: /home/alves/ros2_ws/install/count_interfaces/include/count_interfaces/count_interfaces/action/detail
[2.933s] -- Installing: /home/alves/ros2_ws/install/count_interfaces/include/count_interfaces/count_interfaces/action/detail/count__type_support.h
[2.933s] -- Installing: /home/alves/ros2_ws/install/count_interfaces/include/count_interfaces/count_interfaces/action/detail/count__struct.h
[2.933s] -- Installing: /home/alves/ros2_ws/install/count_interfaces/include/count_interfaces/count_interfaces/action/detail/count__functions.c
[2.933s] -- Installing: /home/alves/ros2_ws/install/count_interfaces/include/count_interfaces/count_interfaces/action/detail/count__functions.h
[2.933s] -- Up-to-date: /home/alves/ros2_ws/install/count_interfaces/share/count_interfaces/environment/library_path.sh
[2.933s] -- Installing: /home/alves/ros2_ws/install/count_interfaces/share/count_interfaces/environment/library_path.dsv
[2.934s] -- Installing: /home/alves/ros2_ws/install/count_interfaces/lib/libcount_interfaces__rosidl_generator_c.so
[2.934s] -- Set runtime path of "/home/alves/ros2_ws/install/count_interfaces/lib/libcount_interfaces__rosidl_generator_c.so" to ""
[2.934s] -- Up-to-date: /home/alves/ros2_ws/install/count_interfaces/include/count_interfaces/count_interfaces
[2.934s] -- Up-to-date: /home/alves/ros2_ws/install/count_interfaces/include/count_interfaces/count_interfaces/msg
[2.934s] -- Up-to-date: /home/alves/ros2_ws/install/count_interfaces/include/count_interfaces/count_interfaces/msg/rosidl_typesupport_fastrtps_c__visibility_control.h
[2.934s] -- Up-to-date: /home/alves/ros2_ws/install/count_interfaces/include/count_interfaces/count_interfaces/action
[2.934s] -- Up-to-date: /home/alves/ros2_ws/install/count_interfaces/include/count_interfaces/count_interfaces/action/detail
[2.934s] -- Installing: /home/alves/ros2_ws/install/count_interfaces/include/count_interfaces/count_interfaces/action/detail/count__rosidl_typesupport_fastrtps_c.h
[2.934s] -- Installing: /home/alves/ros2_ws/install/count_interfaces/lib/libcount_interfaces__rosidl_typesupport_fastrtps_c.so
[2.935s] -- Set runtime path of "/home/alves/ros2_ws/install/count_interfaces/lib/libcount_interfaces__rosidl_typesupport_fastrtps_c.so" to ""
[2.935s] -- Up-to-date: /home/alves/ros2_ws/install/count_interfaces/include/count_interfaces/count_interfaces
[2.935s] -- Up-to-date: /home/alves/ros2_ws/install/count_interfaces/include/count_interfaces/count_interfaces/msg
[2.935s] -- Up-to-date: /home/alves/ros2_ws/install/count_interfaces/include/count_interfaces/count_interfaces/msg/rosidl_generator_cpp__visibility_control.hpp
[2.935s] -- Up-to-date: /home/alves/ros2_ws/install/count_interfaces/include/count_interfaces/count_interfaces/action
[2.935s] -- Installing: /home/alves/ros2_ws/install/count_interfaces/include/count_interfaces/count_interfaces/action/count.hpp
[2.935s] -- Up-to-date: /home/alves/ros2_ws/install/count_interfaces/include/count_interfaces/count_interfaces/action/detail
[2.935s] -- Installing: /home/alves/ros2_ws/install/count_interfaces/include/count_interfaces/count_interfaces/action/detail/count__struct.hpp
[2.935s] -- Installing: /home/alves/ros2_ws/install/count_interfaces/include/count_interfaces/count_interfaces/action/detail/count__builder.hpp
[2.935s] -- Installing: /home/alves/ros2_ws/install/count_interfaces/include/count_interfaces/count_interfaces/action/detail/count__type_support.hpp
[2.935s] -- Installing: /home/alves/ros2_ws/install/count_interfaces/include/count_interfaces/count_interfaces/action/detail/count__traits.hpp
[2.935s] -- Up-to-date: /home/alves/ros2_ws/install/count_interfaces/include/count_interfaces/count_interfaces
[2.935s] -- Up-to-date: /home/alves/ros2_ws/install/count_interfaces/include/count_interfaces/count_interfaces/msg
[2.935s] -- Up-to-date: /home/alves/ros2_ws/install/count_interfaces/include/count_interfaces/count_interfaces/msg/rosidl_typesupport_fastrtps_cpp__visibility_control.h
[2.935s] -- Up-to-date: /home/alves/ros2_ws/install/count_interfaces/include/count_interfaces/count_interfaces/action
[2.936s] -- Up-to-date: /home/alves/ros2_ws/install/count_interfaces/include/count_interfaces/count_interfaces/action/detail
[2.936s] -- Up-to-date: /home/alves/ros2_ws/install/count_interfaces/include/count_interfaces/count_interfaces/action/detail/dds_fastrtps
[2.936s] -- Installing: /home/alves/ros2_ws/install/count_interfaces/include/count_interfaces/count_interfaces/action/detail/count__rosidl_typesupport_fastrtps_cpp.hpp
[2.936s] -- Installing: /home/alves/ros2_ws/install/count_interfaces/lib/libcount_interfaces__rosidl_typesupport_fastrtps_cpp.so
[2.936s] -- Set runtime path of "/home/alves/ros2_ws/install/count_interfaces/lib/libcount_interfaces__rosidl_typesupport_fastrtps_cpp.so" to ""
[2.936s] -- Up-to-date: /home/alves/ros2_ws/install/count_interfaces/include/count_interfaces/count_interfaces
[2.936s] -- Up-to-date: /home/alves/ros2_ws/install/count_interfaces/include/count_interfaces/count_interfaces/msg
[2.936s] -- Up-to-date: /home/alves/ros2_ws/install/count_interfaces/include/count_interfaces/count_interfaces/msg/rosidl_typesupport_introspection_c__visibility_control.h
[2.936s] -- Up-to-date: /home/alves/ros2_ws/install/count_interfaces/include/count_interfaces/count_interfaces/action
[2.936s] -- Up-to-date: /home/alves/ros2_ws/install/count_interfaces/include/count_interfaces/count_interfaces/action/detail
[2.936s] -- Installing: /home/alves/ros2_ws/install/count_interfaces/include/count_interfaces/count_interfaces/action/detail/count__type_support.c
[2.936s] -- Installing: /home/alves/ros2_ws/install/count_interfaces/include/count_interfaces/count_interfaces/action/detail/count__rosidl_typesupport_introspection_c.h
[2.936s] -- Installing: /home/alves/ros2_ws/install/count_interfaces/lib/libcount_interfaces__rosidl_typesupport_introspection_c.so
[2.936s] -- Set runtime path of "/home/alves/ros2_ws/install/count_interfaces/lib/libcount_interfaces__rosidl_typesupport_introspection_c.so" to ""
[2.937s] -- Installing: /home/alves/ros2_ws/install/count_interfaces/lib/libcount_interfaces__rosidl_typesupport_c.so
[2.937s] -- Set runtime path of "/home/alves/ros2_ws/install/count_interfaces/lib/libcount_interfaces__rosidl_typesupport_c.so" to ""
[2.937s] -- Up-to-date: /home/alves/ros2_ws/install/count_interfaces/include/count_interfaces/count_interfaces
[2.937s] -- Up-to-date: /home/alves/ros2_ws/install/count_interfaces/include/count_interfaces/count_interfaces/action
[2.937s] -- Up-to-date: /home/alves/ros2_ws/install/count_interfaces/include/count_interfaces/count_interfaces/action/detail
[2.937s] -- Installing: /home/alves/ros2_ws/install/count_interfaces/include/count_interfaces/count_interfaces/action/detail/count__rosidl_typesupport_introspection_cpp.hpp
[2.937s] -- Installing: /home/alves/ros2_ws/install/count_interfaces/include/count_interfaces/count_interfaces/action/detail/count__type_support.cpp
[2.937s] -- Installing: /home/alves/ros2_ws/install/count_interfaces/lib/libcount_interfaces__rosidl_typesupport_introspection_cpp.so
[2.937s] -- Set runtime path of "/home/alves/ros2_ws/install/count_interfaces/lib/libcount_interfaces__rosidl_typesupport_introspection_cpp.so" to ""
[2.937s] -- Installing: /home/alves/ros2_ws/install/count_interfaces/lib/libcount_interfaces__rosidl_typesupport_cpp.so
[2.937s] -- Set runtime path of "/home/alves/ros2_ws/install/count_interfaces/lib/libcount_interfaces__rosidl_typesupport_cpp.so" to ""
[2.938s] -- Up-to-date: /home/alves/ros2_ws/install/count_interfaces/share/count_interfaces/environment/pythonpath.sh
[2.938s] -- Installing: /home/alves/ros2_ws/install/count_interfaces/share/count_interfaces/environment/pythonpath.dsv
[2.938s] -- Up-to-date: /home/alves/ros2_ws/install/count_interfaces/local/lib/python3.10/dist-packages/count_interfaces-0.0.0-py3.10.egg-info
[2.938s] -- Installing: /home/alves/ros2_ws/install/count_interfaces/local/lib/python3.10/dist-packages/count_interfaces-0.0.0-py3.10.egg-info/PKG-INFO
[2.938s] -- Installing: /home/alves/ros2_ws/install/count_interfaces/local/lib/python3.10/dist-packages/count_interfaces-0.0.0-py3.10.egg-info/dependency_links.txt
[2.938s] -- Installing: /home/alves/ros2_ws/install/count_interfaces/local/lib/python3.10/dist-packages/count_interfaces-0.0.0-py3.10.egg-info/SOURCES.txt
[2.938s] -- Installing: /home/alves/ros2_ws/install/count_interfaces/local/lib/python3.10/dist-packages/count_interfaces-0.0.0-py3.10.egg-info/top_level.txt
[2.938s] -- Up-to-date: /home/alves/ros2_ws/install/count_interfaces/local/lib/python3.10/dist-packages/count_interfaces
[2.938s] -- Installing: /home/alves/ros2_ws/install/count_interfaces/local/lib/python3.10/dist-packages/count_interfaces/count_interfaces_s__rosidl_typesupport_introspection_c.cpython-310-x86_64-linux-gnu.so
[2.938s] -- Installing: /home/alves/ros2_ws/install/count_interfaces/local/lib/python3.10/dist-packages/count_interfaces/_count_interfaces_s.ep.rosidl_typesupport_introspection_c.c
[2.938s] -- Installing: /home/alves/ros2_ws/install/count_interfaces/local/lib/python3.10/dist-packages/count_interfaces/count_interfaces_s__rosidl_typesupport_fastrtps_c.cpython-310-x86_64-linux-gnu.so
[2.938s] -- Installing: /home/alves/ros2_ws/install/count_interfaces/local/lib/python3.10/dist-packages/count_interfaces/__init__.py
[2.938s] -- Installing: /home/alves/ros2_ws/install/count_interfaces/local/lib/python3.10/dist-packages/count_interfaces/_count_interfaces_s.ep.rosidl_typesupport_fastrtps_c.c
[2.938s] -- Up-to-date: /home/alves/ros2_ws/install/count_interfaces/local/lib/python3.10/dist-packages/count_interfaces/action
[2.938s] -- Installing: /home/alves/ros2_ws/install/count_interfaces/local/lib/python3.10/dist-packages/count_interfaces/action/_count_s.c
[2.938s] -- Installing: /home/alves/ros2_ws/install/count_interfaces/local/lib/python3.10/dist-packages/count_interfaces/action/__init__.py
[2.938s] -- Installing: /home/alves/ros2_ws/install/count_interfaces/local/lib/python3.10/dist-packages/count_interfaces/action/_count.py
[2.938s] -- Installing: /home/alves/ros2_ws/install/count_interfaces/local/lib/python3.10/dist-packages/count_interfaces/libcount_interfaces__rosidl_generator_py.so
[2.939s] -- Installing: /home/alves/ros2_ws/install/count_interfaces/local/lib/python3.10/dist-packages/count_interfaces/count_interfaces_s__rosidl_typesupport_c.cpython-310-x86_64-linux-gnu.so
[2.939s] -- Installing: /home/alves/ros2_ws/install/count_interfaces/local/lib/python3.10/dist-packages/count_interfaces/_count_interfaces_s.ep.rosidl_typesupport_c.c
[2.966s] Listing '/home/alves/ros2_ws/install/count_interfaces/local/lib/python3.10/dist-packages/count_interfaces'...
[2.966s] Compiling '/home/alves/ros2_ws/install/count_interfaces/local/lib/python3.10/dist-packages/count_interfaces/__init__.py'...
[2.966s] Listing '/home/alves/ros2_ws/install/count_interfaces/local/lib/python3.10/dist-packages/count_interfaces/action'...
[2.966s] Compiling '/home/alves/ros2_ws/install/count_interfaces/local/lib/python3.10/dist-packages/count_interfaces/action/__init__.py'...
[2.967s] Compiling '/home/alves/ros2_ws/install/count_interfaces/local/lib/python3.10/dist-packages/count_interfaces/action/_count.py'...
[2.969s] -- Installing: /home/alves/ros2_ws/install/count_interfaces/local/lib/python3.10/dist-packages/count_interfaces/count_interfaces_s__rosidl_typesupport_fastrtps_c.cpython-310-x86_64-linux-gnu.so
[2.969s] -- Set runtime path of "/home/alves/ros2_ws/install/count_interfaces/local/lib/python3.10/dist-packages/count_interfaces/count_interfaces_s__rosidl_typesupport_fastrtps_c.cpython-310-x86_64-linux-gnu.so" to ""
[2.970s] -- Installing: /home/alves/ros2_ws/install/count_interfaces/local/lib/python3.10/dist-packages/count_interfaces/count_interfaces_s__rosidl_typesupport_introspection_c.cpython-310-x86_64-linux-gnu.so
[2.970s] -- Set runtime path of "/home/alves/ros2_ws/install/count_interfaces/local/lib/python3.10/dist-packages/count_interfaces/count_interfaces_s__rosidl_typesupport_introspection_c.cpython-310-x86_64-linux-gnu.so" to ""
[2.970s] -- Installing: /home/alves/ros2_ws/install/count_interfaces/local/lib/python3.10/dist-packages/count_interfaces/count_interfaces_s__rosidl_typesupport_c.cpython-310-x86_64-linux-gnu.so
[2.970s] -- Set runtime path of "/home/alves/ros2_ws/install/count_interfaces/local/lib/python3.10/dist-packages/count_interfaces/count_interfaces_s__rosidl_typesupport_c.cpython-310-x86_64-linux-gnu.so" to ""
[2.970s] -- Installing: /home/alves/ros2_ws/install/count_interfaces/lib/libcount_interfaces__rosidl_generator_py.so
[2.970s] -- Set runtime path of "/home/alves/ros2_ws/install/count_interfaces/lib/libcount_interfaces__rosidl_generator_py.so" to ""
[2.970s] -- Installing: /home/alves/ros2_ws/install/count_interfaces/share/count_interfaces/action/Count.idl
[2.970s] -- Installing: /home/alves/ros2_ws/install/count_interfaces/share/count_interfaces/action/Count.action
[2.971s] -- Up-to-date: /home/alves/ros2_ws/install/count_interfaces/share/ament_index/resource_index/package_run_dependencies/count_interfaces
[2.971s] -- Up-to-date: /home/alves/ros2_ws/install/count_interfaces/share/ament_index/resource_index/parent_prefix_path/count_interfaces
[2.971s] -- Up-to-date: /home/alves/ros2_ws/install/count_interfaces/share/count_interfaces/environment/ament_prefix_path.sh
[2.971s] -- Installing: /home/alves/ros2_ws/install/count_interfaces/share/count_interfaces/environment/ament_prefix_path.dsv
[2.971s] -- Up-to-date: /home/alves/ros2_ws/install/count_interfaces/share/count_interfaces/environment/path.sh
[2.971s] -- Installing: /home/alves/ros2_ws/install/count_interfaces/share/count_interfaces/environment/path.dsv
[2.971s] -- Up-to-date: /home/alves/ros2_ws/install/count_interfaces/share/count_interfaces/local_setup.bash
[2.971s] -- Up-to-date: /home/alves/ros2_ws/install/count_interfaces/share/count_interfaces/local_setup.sh
[2.971s] -- Up-to-date: /home/alves/ros2_ws/install/count_interfaces/share/count_interfaces/local_setup.zsh
[2.971s] -- Installing: /home/alves/ros2_ws/install/count_interfaces/share/count_interfaces/local_setup.dsv
[2.971s] -- Installing: /home/alves/ros2_ws/install/count_interfaces/share/count_interfaces/package.dsv
[2.972s] -- Up-to-date: /home/alves/ros2_ws/install/count_interfaces/share/ament_index/resource_index/packages/count_interfaces
[2.972s] -- Up-to-date: /home/alves/ros2_ws/install/count_interfaces/share/count_interfaces/cmake/export_count_interfaces__rosidl_generator_cExport.cmake
[2.972s] -- Up-to-date: /home/alves/ros2_ws/install/count_interfaces/share/count_interfaces/cmake/export_count_interfaces__rosidl_generator_cExport-noconfig.cmake
[2.972s] -- Up-to-date: /home/alves/ros2_ws/install/count_interfaces/share/count_interfaces/cmake/export_count_interfaces__rosidl_typesupport_fastrtps_cExport.cmake
[2.972s] -- Up-to-date: /home/alves/ros2_ws/install/count_interfaces/share/count_interfaces/cmake/export_count_interfaces__rosidl_typesupport_fastrtps_cExport-noconfig.cmake
[2.972s] -- Up-to-date: /home/alves/ros2_ws/install/count_interfaces/share/count_interfaces/cmake/export_count_interfaces__rosidl_generator_cppExport.cmake
[2.972s] -- Up-to-date: /home/alves/ros2_ws/install/count_interfaces/share/count_interfaces/cmake/export_count_interfaces__rosidl_typesupport_fastrtps_cppExport.cmake
[2.972s] -- Up-to-date: /home/alves/ros2_ws/install/count_interfaces/share/count_interfaces/cmake/export_count_interfaces__rosidl_typesupport_fastrtps_cppExport-noconfig.cmake
[2.972s] -- Up-to-date: /home/alves/ros2_ws/install/count_interfaces/share/count_interfaces/cmake/count_interfaces__rosidl_typesupport_introspection_cExport.cmake
[2.972s] -- Up-to-date: /home/alves/ros2_ws/install/count_interfaces/share/count_interfaces/cmake/count_interfaces__rosidl_typesupport_introspection_cExport-noconfig.cmake
[2.972s] -- Up-to-date: /home/alves/ros2_ws/install/count_interfaces/share/count_interfaces/cmake/count_interfaces__rosidl_typesupport_cExport.cmake
[2.972s] -- Up-to-date: /home/alves/ros2_ws/install/count_interfaces/share/count_interfaces/cmake/count_interfaces__rosidl_typesupport_cExport-noconfig.cmake
[2.972s] -- Up-to-date: /home/alves/ros2_ws/install/count_interfaces/share/count_interfaces/cmake/count_interfaces__rosidl_typesupport_introspection_cppExport.cmake
[2.972s] -- Up-to-date: /home/alves/ros2_ws/install/count_interfaces/share/count_interfaces/cmake/count_interfaces__rosidl_typesupport_introspection_cppExport-noconfig.cmake
[2.972s] -- Up-to-date: /home/alves/ros2_ws/install/count_interfaces/share/count_interfaces/cmake/count_interfaces__rosidl_typesupport_cppExport.cmake
[2.972s] -- Up-to-date: /home/alves/ros2_ws/install/count_interfaces/share/count_interfaces/cmake/count_interfaces__rosidl_typesupport_cppExport-noconfig.cmake
[2.972s] -- Up-to-date: /home/alves/ros2_ws/install/count_interfaces/share/count_interfaces/cmake/export_count_interfaces__rosidl_generator_pyExport.cmake
[2.972s] -- Up-to-date: /home/alves/ros2_ws/install/count_interfaces/share/count_interfaces/cmake/export_count_interfaces__rosidl_generator_pyExport-noconfig.cmake
[2.972s] -- Up-to-date: /home/alves/ros2_ws/install/count_interfaces/share/count_interfaces/cmake/rosidl_cmake-extras.cmake
[2.972s] -- Up-to-date: /home/alves/ros2_ws/install/count_interfaces/share/count_interfaces/cmake/ament_cmake_export_dependencies-extras.cmake
[2.972s] -- Up-to-date: /home/alves/ros2_ws/install/count_interfaces/share/count_interfaces/cmake/ament_cmake_export_include_directories-extras.cmake
[2.972s] -- Up-to-date: /home/alves/ros2_ws/install/count_interfaces/share/count_interfaces/cmake/ament_cmake_export_libraries-extras.cmake
[2.972s] -- Up-to-date: /home/alves/ros2_ws/install/count_interfaces/share/count_interfaces/cmake/ament_cmake_export_targets-extras.cmake
[2.972s] -- Up-to-date: /home/alves/ros2_ws/install/count_interfaces/share/count_interfaces/cmake/rosidl_cmake_export_typesupport_targets-extras.cmake
[2.972s] -- Up-to-date: /home/alves/ros2_ws/install/count_interfaces/share/count_interfaces/cmake/rosidl_cmake_export_typesupport_libraries-extras.cmake
[2.973s] -- Up-to-date: /home/alves/ros2_ws/install/count_interfaces/share/count_interfaces/cmake/count_interfacesConfig.cmake
[2.973s] -- Up-to-date: /home/alves/ros2_ws/install/count_interfaces/share/count_interfaces/cmake/count_interfacesConfig-version.cmake
[2.973s] -- Up-to-date: /home/alves/ros2_ws/install/count_interfaces/share/count_interfaces/package.xml
[2.973s] Invoked command in '/home/alves/ros2_ws/build/count_interfaces' returned '0': CMAKE_PREFIX_PATH=${CMAKE_PREFIX_PATH}:/opt/ros/humble /usr/bin/cmake --install /home/alves/ros2_ws/build/count_interfaces
