[0.009s] Invoking command in '/home/alves/ros2_ws/build/robot_ras_decision': CMAKE_PREFIX_PATH=/opt/ros/humble /usr/bin/cmake --build /home/alves/ros2_ws/build/robot_ras_decision -- -j16 -l16
[0.088s] [  9%] Built target robot_ras_decision__rosidl_generator_c
[0.091s] [ 11%] Built target robot_ras_decision__cpp
[0.109s] [ 11%] Built target ament_cmake_python_symlink_robot_ras_decision
[0.126s] [ 20%] Built target robot_ras_decision__rosidl_typesupport_c
[0.129s] [ 39%] Built target robot_ras_decision__rosidl_typesupport_cpp
[0.129s] [ 39%] Built target robot_ras_decision__rosidl_typesupport_introspection_c
[0.130s] [ 48%] Built target robot_ras_decision__rosidl_typesupport_fastrtps_cpp
[0.134s] [ 58%] Built target robot_ras_decision__rosidl_typesupport_fastrtps_c
[0.134s] [ 67%] Built target robot_ras_decision__rosidl_typesupport_introspection_cpp
[0.151s] [ 67%] Built target robot_ras_decision
[0.169s] [35m[1mConsolidate compiler generated dependencies of target MotorControllerNode[0m
[0.179s] [ 69%] Built target robot_ras_decision__py
[0.184s] [ 74%] Built target DecisionNode
[0.190s] [ 76%] [32mBuilding CXX object CMakeFiles/MotorControllerNode.dir/src/motor_controller_node.cpp.o[0m
[0.199s] [ 83%] Built target robot_ras_decision__rosidl_generator_py
[0.216s] [ 90%] Built target robot_ras_decision__rosidl_typesupport_fastrtps_c__pyext
[0.216s] [ 93%] Built target robot_ras_decision__rosidl_typesupport_c__pyext
[0.218s] [ 97%] Built target robot_ras_decision__rosidl_typesupport_introspection_c__pyext
[0.308s] running egg_info
[0.308s] writing robot_ras_decision.egg-info/PKG-INFO
[0.308s] writing dependency_links to robot_ras_decision.egg-info/dependency_links.txt
[0.308s] writing top-level names to robot_ras_decision.egg-info/top_level.txt
[0.310s] reading manifest file 'robot_ras_decision.egg-info/SOURCES.txt'
[0.310s] writing manifest file 'robot_ras_decision.egg-info/SOURCES.txt'
[0.336s] [ 97%] Built target ament_cmake_python_build_robot_ras_decision_egg
[1.854s] [01m[K/home/alves/ros2_ws/src/robot_ras_decision/src/motor_controller_node.cpp:[m[K In member function ‘[01m[Kvoid MotorControllerNode::movement_callback(const Movement&) const[m[K’:
[1.854s] [01m[K/home/alves/ros2_ws/src/robot_ras_decision/src/motor_controller_node.cpp:32:7:[m[K [01;31m[Kerror: [m[K‘[01m[Kfloat32[m[K’ was not declared in this scope; did you mean ‘[01m[Kfloat_t[m[K’?
[1.854s]    32 |       [01;31m[Kfloat32[m[K angulo = movimento.angulo;
[1.854s]       |       [01;31m[K^~~~~~~[m[K
[1.854s]       |       [32m[Kfloat_t[m[K
[1.854s] [01m[K/home/alves/ros2_ws/src/robot_ras_decision/src/motor_controller_node.cpp:33:15:[m[K [01;31m[Kerror: [m[Kexpected ‘[01m[K;[m[K’ before ‘[01m[Kdistancia[m[K’
[1.854s]    33 |       float32 [01;31m[Kdistancia[m[K = movimento.distancia;
[1.854s]       |               [01;31m[K^~~~~~~~~[m[K
[1.854s] [01m[K/home/alves/ros2_ws/src/robot_ras_decision/src/motor_controller_node.cpp:35:45:[m[K [01;31m[Kerror: [m[Kcannot convert ‘[01m[Krclcpp::Time[m[K’ to ‘[01m[Kfloat[m[K’ in initialization
[1.854s]    35 |       float tempoAtual = [01;31m[Krclcpp::Clock().now()[m[K;
[1.854s]       |                          [01;31m[K~~~~~~~~~~~~~~~~~~~^~[m[K
[1.854s]       |                                             [01;31m[K|[m[K
[1.854s]       |                                             [01;31m[Krclcpp::Time[m[K
[1.857s] [01m[K/home/alves/ros2_ws/src/robot_ras_decision/src/motor_controller_node.cpp:38:32:[m[K [01;31m[Kerror: [m[K‘[01m[Kvelocidade_linear[m[K’ was not declared in this scope; did you mean ‘[01m[Kvelocidade_linear_[m[K’?
[1.857s]    38 |       velocidade_angular = 2 * [01;31m[Kvelocidade_linear[m[K;
[1.857s]       |                                [01;31m[K^~~~~~~~~~~~~~~~~[m[K
[1.857s]       |                                [32m[Kvelocidade_linear_[m[K
[1.857s] [01m[K/home/alves/ros2_ws/src/robot_ras_decision/src/motor_controller_node.cpp:41:19:[m[K [01;31m[Kerror: [m[Kbase operand of ‘[01m[K->[m[K’ has non-pointer type ‘[01m[Kconst Movement[m[K’ {aka ‘[01m[Kconst robot_ras_decision::msg::Movement_<std::allocator<void> >[m[K’}
[1.857s]    41 |       if(movimento[01;31m[K->[m[Kdirecao = "front") {
[1.857s]       |                   [01;31m[K^~[m[K
[1.862s] [01m[K/home/alves/ros2_ws/src/robot_ras_decision/src/motor_controller_node.cpp:42:21:[m[K [01;31m[Kerror: [m[K‘[01m[Kdistancia[m[K’ was not declared in this scope
[1.862s]    42 |         tempoExec = [01;31m[Kdistancia[m[K/velocidade_linear_;
[1.862s]       |                     [01;31m[K^~~~~~~~~[m[K
[1.862s] [01m[K/home/alves/ros2_ws/src/robot_ras_decision/src/motor_controller_node.cpp:47:26:[m[K [01;31m[Kerror: [m[Kbase operand of ‘[01m[K->[m[K’ has non-pointer type ‘[01m[Kconst Movement[m[K’ {aka ‘[01m[Kconst robot_ras_decision::msg::Movement_<std::allocator<void> >[m[K’}
[1.862s]    47 |       } else if(movimento[01;31m[K->[m[Kdirecao = "rear") {
[1.862s]       |                          [01;31m[K^~[m[K
[1.866s] [01m[K/home/alves/ros2_ws/src/robot_ras_decision/src/motor_controller_node.cpp:48:21:[m[K [01;31m[Kerror: [m[K‘[01m[Kdistancia[m[K’ was not declared in this scope
[1.866s]    48 |         tempoExec = [01;31m[Kdistancia[m[K/velocidade_linear_;
[1.866s]       |                     [01;31m[K^~~~~~~~~[m[K
[1.867s] [01m[K/home/alves/ros2_ws/src/robot_ras_decision/src/motor_controller_node.cpp:53:26:[m[K [01;31m[Kerror: [m[Kbase operand of ‘[01m[K->[m[K’ has non-pointer type ‘[01m[Kconst Movement[m[K’ {aka ‘[01m[Kconst robot_ras_decision::msg::Movement_<std::allocator<void> >[m[K’}
[1.867s]    53 |       } else if(movimento[01;31m[K->[m[Kdirecao = "left") {
[1.867s]       |                          [01;31m[K^~[m[K
[1.867s] [01m[K/home/alves/ros2_ws/src/robot_ras_decision/src/motor_controller_node.cpp:54:32:[m[K [01;31m[Kerror: [m[Kbase operand of ‘[01m[K->[m[K’ has non-pointer type ‘[01m[Kconst Movement[m[K’ {aka ‘[01m[Kconst robot_ras_decision::msg::Movement_<std::allocator<void> >[m[K’}
[1.867s]    54 |         tempoExec = -(movimento[01;31m[K->[m[Kangulo/velocidade_angular);
[1.867s]       |                                [01;31m[K^~[m[K
[1.867s] [01m[K/home/alves/ros2_ws/src/robot_ras_decision/src/motor_controller_node.cpp:59:21:[m[K [01;31m[Kerror: [m[Kbase operand of ‘[01m[K->[m[K’ has non-pointer type ‘[01m[Kconst Movement[m[K’ {aka ‘[01m[Kconst robot_ras_decision::msg::Movement_<std::allocator<void> >[m[K’}
[1.867s]    59 |       } if(movimento[01;31m[K->[m[Kdirecao = "left") {
[1.867s]       |                     [01;31m[K^~[m[K
[1.867s] [01m[K/home/alves/ros2_ws/src/robot_ras_decision/src/motor_controller_node.cpp:60:32:[m[K [01;31m[Kerror: [m[Kbase operand of ‘[01m[K->[m[K’ has non-pointer type ‘[01m[Kconst Movement[m[K’ {aka ‘[01m[Kconst robot_ras_decision::msg::Movement_<std::allocator<void> >[m[K’}
[1.867s]    60 |         tempoExec = -(movimento[01;31m[K->[m[Kangulo/velocidade_angular);
[1.867s]       |                                [01;31m[K^~[m[K
[1.872s] [01m[K/home/alves/ros2_ws/src/robot_ras_decision/src/motor_controller_node.cpp:[m[K In member function ‘[01m[Kvoid MotorControllerNode::setVelocity(const std::shared_ptr<robot_ras_decision::srv::SetVelocity_Request_<std::allocator<void> > >&, std::shared_ptr<robot_ras_decision::srv::SetVelocity_Response_<std::allocator<void> > >)[m[K’:
[1.872s] [01m[K/home/alves/ros2_ws/src/robot_ras_decision/src/motor_controller_node.cpp:81:80:[m[K [01;35m[Kwarning: [m[Kunused parameter ‘[01m[Kresponse[m[K’ [[01;35m[K]8;;https://gcc.gnu.org/onlinedocs/gcc/Warning-Options.html#index-Wunused-parameter-Wunused-parameter]8;;[m[K]
[1.872s]    81 |           [01;35m[Kstd::shared_ptr<robot_ras_decision::srv::SetVelocity::Response>      response[m[K) {
[1.872s]       |           [01;35m[K~~~~~~~~~~~~~~~~~~~~~~~~~~~~~~~~~~~~~~~~~~~~~~~~~~~~~~~~~~~~~~~~~~~~~^~~~~~~~[m[K
[1.886s] [01m[K/home/alves/ros2_ws/src/robot_ras_decision/src/motor_controller_node.cpp:[m[K In function ‘[01m[Kint main(int, char**)[m[K’:
[1.886s] [01m[K/home/alves/ros2_ws/src/robot_ras_decision/src/motor_controller_node.cpp:102:3:[m[K [01;31m[Kerror: [m[K‘[01m[Knode[m[K’ was not declared in this scope
[1.886s]   102 |   [01;31m[Knode[m[K->create_service<robot_ras_decision::srv::SetVelocity>("mudar_velocidade", &setVelocity);
[1.886s]       |   [01;31m[K^~~~[m[K
[1.886s] [01m[K/home/alves/ros2_ws/src/robot_ras_decision/src/motor_controller_node.cpp:102:60:[m[K [01;31m[Kerror: [m[Kexpected primary-expression before ‘[01m[K>[m[K’ token
[1.886s]   102 |   node->create_service<robot_ras_decision::srv::SetVelocity[01;31m[K>[m[K("mudar_velocidade", &setVelocity);
[1.886s]       |                                                            [01;31m[K^[m[K
[1.886s] [01m[K/home/alves/ros2_ws/src/robot_ras_decision/src/motor_controller_node.cpp:102:62:[m[K [01;35m[Kwarning: [m[Kleft operand of comma operator has no effect [[01;35m[K]8;;https://gcc.gnu.org/onlinedocs/gcc/Warning-Options.html#index-Wunused-value-Wunused-value]8;;[m[K]
[1.886s]   102 |   node->create_service<robot_ras_decision::srv::SetVelocity>([01;35m[K"mudar_velocidade"[m[K, &setVelocity);
[1.886s]       |                                                              [01;35m[K^~~~~~~~~~~~~~~~~~[m[K
[3.869s] gmake[2]: *** [CMakeFiles/MotorControllerNode.dir/build.make:76: CMakeFiles/MotorControllerNode.dir/src/motor_controller_node.cpp.o] Erro 1
[3.869s] gmake[1]: *** [CMakeFiles/Makefile2:596: CMakeFiles/MotorControllerNode.dir/all] Erro 2
[3.869s] gmake: *** [Makefile:146: all] Erro 2
[3.871s] Invoked command in '/home/alves/ros2_ws/build/robot_ras_decision' returned '2': CMAKE_PREFIX_PATH=/opt/ros/humble /usr/bin/cmake --build /home/alves/ros2_ws/build/robot_ras_decision -- -j16 -l16
