/usr/bin/ld: /usr/lib/gcc/x86_64-linux-gnu/11/../../../x86_64-linux-gnu/Scrt1.o: na função "_start":
(.text+0x1b): referência não definida para "main"
collect2: error: ld returned 1 exit status
gmake[2]: *** [CMakeFiles/CountClient.dir/build.make:177: CountClient] Erro 1
gmake[1]: *** [CMakeFiles/Makefile2:221: CMakeFiles/CountClient.dir/all] Erro 2
gmake[1]: ** Esperando que outros processos terminem.
[01m[K/home/alves/ros2_ws/src/count_action_cpp/src/count_server.cpp:8:10:[m[K [01;31m[Kfatal error: [m[Krclcpp_components/register_node_macro.hpp: Arquivo ou diretório inexistente
    8 | #include [01;31m[K"rclcpp_components/register_node_macro.hpp"[m[K
      |          [01;31m[K^~~~~~~~~~~~~~~~~~~~~~~~~~~~~~~~~~~~~~~~~~~[m[K
compilation terminated.
gmake[2]: *** [CMakeFiles/CountServer.dir/build.make:76: CMakeFiles/CountServer.dir/src/count_server.cpp.o] Erro 1
gmake[1]: *** [CMakeFiles/Makefile2:195: CMakeFiles/CountServer.dir/all] Erro 2
[01m[K/home/alves/ros2_ws/src/count_action_cpp/src/count_server.cpp:[m[K In member function ‘[01m[Kvoid count_action_cpp::CountActionServer::execute(std::shared_ptr<rclcpp_action::ServerGoalHandle<count_interfaces::action::Count> >)[m[K’:
[01m[K/home/alves/ros2_ws/src/count_action_cpp/src/count_server.cpp:72:17:[m[K [01;31m[Kerror: [m[K‘[01m[Kusing element_type = struct count_interfaces::action::Count_Result_<std::allocator<void> >[m[K’ {aka ‘[01m[Kstruct count_interfaces::action::Count_Result_<std::allocator<void> >[m[K’} has no member named ‘[01m[Ksequence[m[K’
   72 |         result->[01;31m[Ksequence[m[K = sequence;
      |                 [01;31m[K^~~~~~~~[m[K
[01m[K/home/alves/ros2_ws/src/count_action_cpp/src/count_server.cpp:88:15:[m[K [01;31m[Kerror: [m[K‘[01m[Kusing element_type = struct count_interfaces::action::Count_Result_<std::allocator<void> >[m[K’ {aka ‘[01m[Kstruct count_interfaces::action::Count_Result_<std::allocator<void> >[m[K’} has no member named ‘[01m[Ksequence[m[K’
   88 |       result->[01;31m[Ksequence[m[K = sequence;
      |               [01;31m[K^~~~~~~~[m[K
gmake[2]: *** [CMakeFiles/action_server.dir/build.make:76: CMakeFiles/action_server.dir/src/count_server.cpp.o] Erro 1
gmake[1]: *** [CMakeFiles/Makefile2:143: CMakeFiles/action_server.dir/all] Erro 2
gmake: *** [Makefile:146: all] Erro 2
